     diagonalizing the dynamical matrix ...

 q =       0.0000      0.0000      0.0000
 **************************************************************************
     omega( 1) =       0.000000 [THz] =      -0.000005 [cm-1]
 ( -0.310527   0.000000    -0.606051   0.000000     0.190459   0.000000   )
 ( -0.310527   0.000000    -0.606051   0.000000     0.190459   0.000000   )
     omega( 2) =       0.000000 [THz] =       0.000000 [cm-1]
 ( -0.120078   0.000000    -0.152178   0.000000    -0.680017   0.000000   )
 ( -0.120078   0.000000    -0.152178   0.000000    -0.680017   0.000000   )
     omega( 3) =       0.000000 [THz] =       0.000005 [cm-1]
 (  0.623822   0.000000    -0.330974   0.000000    -0.036088   0.000000   )
 (  0.623822   0.000000    -0.330974   0.000000    -0.036088   0.000000   )
     omega( 4) =      10.714445 [THz] =     357.395424 [cm-1]
 (  0.000000   0.000000    -0.940852   0.000000     0.000000   0.000000   )
 (  0.000000   0.000000     0.338817   0.000000     0.000000   0.000000   )
     omega( 5) =      10.714445 [THz] =     357.395424 [cm-1]
 (  0.000000   0.000000     0.000000   0.000000     0.940852   0.000000   )
 (  0.000000   0.000000     0.000000   0.000000    -0.338817   0.000000   )
     omega( 6) =      11.853560 [THz] =     395.392190 [cm-1]
 (  0.940852   0.000000     0.000000   0.000000     0.000000   0.000000   )
 ( -0.338817   0.000000     0.000000   0.000000     0.000000   0.000000   )
 **************************************************************************
