 
  number of atoms in the primitive cell:          16
 
 
  CHI_0 Matrix 
 
  -0.1991   0.0051   0.0051   0.0051   0.0012   0.0012   0.0012   0.0274
   0.0144   0.0003   0.0145   0.0145   0.0145   0.0145   0.0003   0.0145
   0.0000
   0.0051  -0.1991   0.0051   0.0051   0.0012   0.0012   0.0274   0.0012
   0.0144   0.0145   0.0145   0.0003   0.0145   0.0003   0.0145   0.0145
   0.0000
   0.0051   0.0051  -0.1991   0.0051   0.0012   0.0274   0.0012   0.0012
   0.0144   0.0145   0.0003   0.0145   0.0003   0.0145   0.0145   0.0145
   0.0000
   0.0051   0.0051   0.0051  -0.1991   0.0274   0.0012   0.0012   0.0012
   0.0003   0.0145   0.0145   0.0145   0.0145   0.0145   0.0145   0.0003
   0.0000
   0.0012   0.0012   0.0012   0.0274  -0.1991   0.0051   0.0051   0.0051
   0.0003   0.0145   0.0145   0.0145   0.0145   0.0145   0.0145   0.0003
   0.0000
   0.0012   0.0012   0.0274   0.0012   0.0051  -0.1991   0.0051   0.0051
   0.0145   0.0145   0.0003   0.0145   0.0003   0.0145   0.0145   0.0145
   0.0000
   0.0012   0.0274   0.0012   0.0012   0.0051   0.0051  -0.1991   0.0051
   0.0145   0.0145   0.0145   0.0003   0.0145   0.0003   0.0145   0.0145
   0.0000
   0.0274   0.0012   0.0012   0.0012   0.0051   0.0051   0.0051  -0.1991
   0.0145   0.0003   0.0145   0.0145   0.0145   0.0145   0.0003   0.0145
   0.0000
   0.0144   0.0144   0.0144   0.0003   0.0003   0.0145   0.0145   0.0145
  -0.0877   0.0001   0.0001   0.0001  -0.0001  -0.0001  -0.0001   0.0089
   0.0000
   0.0003   0.0145   0.0145   0.0145   0.0145   0.0145   0.0145   0.0003
   0.0001  -0.0877  -0.0001  -0.0001  -0.0001  -0.0001   0.0089  -0.0001
   0.0000
   0.0145   0.0145   0.0003   0.0145   0.0145   0.0003   0.0145   0.0145
   0.0001  -0.0001  -0.0877  -0.0001   0.0089  -0.0001  -0.0001  -0.0001
   0.0000
   0.0145   0.0003   0.0145   0.0145   0.0145   0.0145   0.0003   0.0145
   0.0001  -0.0001  -0.0001  -0.0877  -0.0001   0.0089  -0.0001  -0.0001
   0.0000
   0.0145   0.0145   0.0003   0.0145   0.0145   0.0003   0.0145   0.0145
  -0.0001  -0.0001   0.0089  -0.0001  -0.0877  -0.0001  -0.0001  -0.0001
   0.0000
   0.0145   0.0003   0.0145   0.0145   0.0145   0.0145   0.0003   0.0145
  -0.0001  -0.0001  -0.0001   0.0089  -0.0001  -0.0877  -0.0001  -0.0001
   0.0000
   0.0003   0.0145   0.0145   0.0145   0.0145   0.0145   0.0145   0.0003
  -0.0001   0.0089  -0.0001  -0.0001  -0.0001  -0.0001  -0.0877  -0.0001
   0.0000
   0.0145   0.0145   0.0145   0.0003   0.0003   0.0145   0.0145   0.0145
   0.0089  -0.0001  -0.0001  -0.0001  -0.0001  -0.0001  -0.0001  -0.0877
   0.0000
   0.0000   0.0000   0.0000   0.0000   0.0000   0.0000   0.0000   0.0000
   0.0000   0.0000   0.0000   0.0000   0.0000   0.0000   0.0000   0.0000
   1.0000
 
 
  CHI Matrix 
 
  -0.1054   0.0013   0.0013   0.0013   0.0012   0.0012   0.0012  -0.0051
   0.0067  -0.0001   0.0067   0.0067   0.0067   0.0067  -0.0001   0.0067
   0.0000
   0.0013  -0.1054   0.0013   0.0013   0.0012   0.0012  -0.0051   0.0012
   0.0067   0.0067   0.0067  -0.0001   0.0067  -0.0001   0.0067   0.0067
   0.0000
   0.0013   0.0013  -0.1054   0.0013   0.0012  -0.0051   0.0012   0.0012
   0.0067   0.0067  -0.0001   0.0067  -0.0001   0.0067   0.0067   0.0067
   0.0000
   0.0013   0.0013   0.0013  -0.1054  -0.0051   0.0012   0.0012   0.0012
  -0.0001   0.0067   0.0067   0.0067   0.0067   0.0067   0.0067  -0.0001
   0.0000
   0.0012   0.0012   0.0012  -0.0051  -0.1054   0.0013   0.0013   0.0013
  -0.0001   0.0067   0.0067   0.0067   0.0067   0.0067   0.0067  -0.0001
   0.0000
   0.0012   0.0012  -0.0051   0.0012   0.0013  -0.1054   0.0013   0.0013
   0.0067   0.0067  -0.0001   0.0067  -0.0001   0.0067   0.0067   0.0067
   0.0000
   0.0012  -0.0051   0.0012   0.0012   0.0013   0.0013  -0.1054   0.0013
   0.0067   0.0067   0.0067  -0.0001   0.0067  -0.0001   0.0067   0.0067
   0.0000
  -0.0051   0.0012   0.0012   0.0012   0.0013   0.0013   0.0013  -0.1054
   0.0067  -0.0001   0.0067   0.0067   0.0067   0.0067  -0.0001   0.0067
   0.0000
   0.0067   0.0067   0.0067  -0.0001  -0.0001   0.0067   0.0067   0.0067
  -0.0347   0.0004   0.0004   0.0004   0.0004   0.0004   0.0004  -0.0001
   0.0000
  -0.0001   0.0067   0.0067   0.0067   0.0067   0.0067   0.0067  -0.0001
   0.0004  -0.0347   0.0004   0.0004   0.0004   0.0004  -0.0001   0.0004
   0.0000
   0.0067   0.0067  -0.0001   0.0067   0.0067  -0.0001   0.0067   0.0067
   0.0004   0.0004  -0.0347   0.0004  -0.0001   0.0004   0.0004   0.0004
   0.0000
   0.0067  -0.0001   0.0067   0.0067   0.0067   0.0067  -0.0001   0.0067
   0.0004   0.0004   0.0004  -0.0347   0.0004  -0.0001   0.0004   0.0004
   0.0000
   0.0067   0.0067  -0.0001   0.0067   0.0067  -0.0001   0.0067   0.0067
   0.0004   0.0004  -0.0001   0.0004  -0.0347   0.0004   0.0004   0.0004
   0.0000
   0.0067  -0.0001   0.0067   0.0067   0.0067   0.0067  -0.0001   0.0067
   0.0004   0.0004   0.0004  -0.0001   0.0004  -0.0347   0.0004   0.0004
   0.0000
  -0.0001   0.0067   0.0067   0.0067   0.0067   0.0067   0.0067  -0.0001
   0.0004  -0.0001   0.0004   0.0004   0.0004   0.0004  -0.0347   0.0004
   0.0000
   0.0067   0.0067   0.0067  -0.0001  -0.0001   0.0067   0.0067   0.0067
  -0.0001   0.0004   0.0004   0.0004   0.0004   0.0004   0.0004  -0.0347
   0.0000
   0.0000   0.0000   0.0000   0.0000   0.0000   0.0000   0.0000   0.0000
   0.0000   0.0000   0.0000   0.0000   0.0000   0.0000   0.0000   0.0000
   1.0000
 
 
  CHI0^-1 - CHI^-1 Matrix 
 
    4.1236   -0.3398   -0.3398   -0.3390   -0.2749   -0.2757   -0.2757   -1.4336
    0.5687   -0.1039    0.5767    0.5767    0.5807    0.5807   -0.0999    0.5794
    0.0000
   -0.3398    4.1236   -0.3398   -0.3390   -0.2749   -0.2757   -1.4336   -0.2757
    0.5687    0.5767    0.5767   -0.1039    0.5807   -0.0999    0.5807    0.5794
    0.0000
   -0.3398   -0.3398    4.1236   -0.3390   -0.2749   -1.4336   -0.2757   -0.2757
    0.5687    0.5767   -0.1039    0.5767   -0.0999    0.5807    0.5807    0.5794
    0.0000
   -0.3390   -0.3390   -0.3390    4.1255   -1.4316   -0.2749   -0.2749   -0.2749
   -0.1127    0.5793    0.5793    0.5793    0.5819    0.5819    0.5819   -0.1006
    0.0000
   -0.2749   -0.2749   -0.2749   -1.4316    4.1255   -0.3390   -0.3390   -0.3390
   -0.1127    0.5793    0.5793    0.5793    0.5819    0.5819    0.5819   -0.1006
    0.0000
   -0.2757   -0.2757   -1.4336   -0.2749   -0.3390    4.1236   -0.3398   -0.3398
    0.5687    0.5767   -0.1039    0.5767   -0.0999    0.5807    0.5807    0.5794
    0.0000
   -0.2757   -1.4336   -0.2757   -0.2749   -0.3390   -0.3398    4.1236   -0.3398
    0.5687    0.5767    0.5767   -0.1039    0.5807   -0.0999    0.5807    0.5794
    0.0000
   -1.4336   -0.2757   -0.2757   -0.2749   -0.3390   -0.3398   -0.3398    4.1236
    0.5687   -0.1039    0.5767    0.5767    0.5807    0.5807   -0.0999    0.5794
    0.0000
    0.5687    0.5687    0.5687   -0.1127   -0.1127    0.5687    0.5687    0.5687
   18.2938    1.0752    1.0752    1.0752    1.0894    1.0894    1.0894   -0.2522
    0.0000
   -0.1039    0.5767    0.5767    0.5793    0.5793    0.5767    0.5767   -0.1039
    1.0752   18.3113    1.0981    1.0981    1.1017    1.1017   -0.2420    1.0965
    0.0000
    0.5767    0.5767   -0.1039    0.5793    0.5793   -0.1039    0.5767    0.5767
    1.0752    1.0981   18.3113    1.0981   -0.2420    1.1017    1.1017    1.0965
    0.0000
    0.5767   -0.1039    0.5767    0.5793    0.5793    0.5767   -0.1039    0.5767
    1.0752    1.0981    1.0981   18.3113    1.1017   -0.2420    1.1017    1.0965
    0.0000
    0.5807    0.5807   -0.0999    0.5819    0.5819   -0.0999    0.5807    0.5807
    1.0894    1.1017   -0.2420    1.1017   18.3185    1.1053    1.1053    1.1032
    0.0000
    0.5807   -0.0999    0.5807    0.5819    0.5819    0.5807   -0.0999    0.5807
    1.0894    1.1017    1.1017   -0.2420    1.1053   18.3185    1.1053    1.1032
    0.0000
   -0.0999    0.5807    0.5807    0.5819    0.5819    0.5807    0.5807   -0.0999
    1.0894   -0.2420    1.1017    1.1017    1.1053    1.1053   18.3185    1.1032
    0.0000
    0.5794    0.5794    0.5794   -0.1006   -0.1006    0.5794    0.5794    0.5794
   -0.2522    1.0965    1.0965    1.0965    1.1032    1.1032    1.1032   18.3153
    0.0000
    0.0000    0.0000    0.0000    0.0000    0.0000    0.0000    0.0000    0.0000
    0.0000    0.0000    0.0000    0.0000    0.0000    0.0000    0.0000    0.0000
    0.0000
  type:            1  U0 =    4.12361087694826     
  type:            2  U0 =    18.2938176294677     
 
 
 
  Extrapolation to a supercell            2           2           2
 
  number of atoms in the supercell:         128
 
 
  type1:            1  type2:            1
 
  number of shells:           11
 
  shell  #n: pc, sc, spinp   dist       chi_pc     chi_sc 
 
    1        1   1   1        0.0000    -0.1991    -0.1991
    2        0  12   1       12.2474     0.0000     0.0000
    3        3   6  -1        7.0711     0.0012     0.0006
    4        0   2  -1       17.3205     0.0000     0.0000
    5        0   6   1       14.1421     0.0000     0.0000
    6        3   6   1        7.0711     0.0051     0.0025
    7        0  12  -1       12.2474     0.0000     0.0000
    8        1   6  -1       10.0000     0.0274     0.0046
    9        0   6   1       15.8114     0.0000     0.0000
   10        0   6  -1       15.8114     0.0000     0.0000
   11        0   1   1       20.0000     0.0000     0.0000
 
  type1:            1  type2:            2
 
  number of shells:            5
 
  shell  #n: pc, sc, spinp   dist       chi_pc     chi_sc 
 
    1        6   6   0        5.0000     0.0144     0.0144
    2        2   8   0        8.6603     0.0003     0.0001
    3        0  24   0       11.1803     0.0000     0.0000
    4        0  18   0       15.0000     0.0000     0.0000
    5        0   8   0       16.5831     0.0000     0.0000
 
  type1:            2  type2:            2
 
  number of shells:            8
 
  shell  #n: pc, sc, spinp   dist       chi_pc     chi_sc 
 
    1        1   1   0        0.0000    -0.0877    -0.0877
    2        6  12   0        7.0711     0.0001     0.0001
    3        0  24   0       12.2474     0.0000     0.0000
    4        0   2   0       17.3205     0.0000     0.0000
    5        0   6   0       14.1421     0.0000     0.0000
    6        1   6   0       10.0000     0.0089     0.0015
    7        0  12   0       15.8114     0.0000     0.0000
    8        0   1   0       20.0000     0.0000     0.0000
 
  CHI0 Matrix 
 
  1   1   1   1     1     1     0.000000    -0.199067
  1   1   1   1     1     2    12.247449     0.000000
  1   1   1   1     1     3    12.247449     0.000000
  1   1   1   1     1     4    12.247449     0.000000
  1   1   1  -1     1     5     7.071068     0.000617
  1   1   1  -1     1     6     7.071068     0.000617
  1   1   1  -1     1     7     7.071068     0.000617
  1   1   1  -1     1     8    17.320508     0.000000
  1   2   1   0     1     9     5.000000     0.014450
  1   2   1   0     1    10     8.660254     0.000075
  1   2   1   0     1    11    11.180340     0.000000
  1   2   1   0     1    12    11.180340     0.000000
  1   2   1   0     1    13    15.000000     0.000000
  1   2   1   0     1    14    15.000000     0.000000
  1   2   1   0     1    15    16.583124     0.000000
  1   2   1   0     1    16    15.000000     0.000000
  1   1   1   1     1    17    14.142136     0.000000
  1   1   1   1     1    18    12.247449     0.000000
  1   1   1   1     1    19     7.071068     0.002533
  1   1   1   1     1    20     7.071068     0.002533
  1   1   1  -1     1    21    12.247449     0.000000
  1   1   1  -1     1    22    12.247449     0.000000
  1   1   1  -1     1    23     7.071068     0.000617
  1   1   1  -1     1    24    10.000000     0.004567
  1   2   1   0     1    25    11.180340     0.000000
  1   2   1   0     1    26     8.660254     0.000075
  1   2   1   0     1    27     5.000000     0.014450
  1   2   1   0     1    28    11.180340     0.000000
  1   2   1   0     1    29    11.180340     0.000000
  1   2   1   0     1    30     5.000000     0.014450
  1   2   1   0     1    31     8.660254     0.000075
  1   2   1   0     1    32    11.180340     0.000000
  1   1   1   1     1    33    14.142136     0.000000
  1   1   1   1     1    34     7.071068     0.002533
  1   1   1   1     1    35    12.247449     0.000000
  1   1   1   1     1    36     7.071068     0.002533
  1   1   1  -1     1    37    12.247449     0.000000
  1   1   1  -1     1    38     7.071068     0.000617
  1   1   1  -1     1    39    12.247449     0.000000
  1   1   1  -1     1    40    10.000000     0.004567
  1   2   1   0     1    41    11.180340     0.000000
  1   2   1   0     1    42     8.660254     0.000075
  1   2   1   0     1    43    11.180340     0.000000
  1   2   1   0     1    44     5.000000     0.014450
  1   2   1   0     1    45     5.000000     0.014450
  1   2   1   0     1    46    11.180340     0.000000
  1   2   1   0     1    47     8.660254     0.000075
  1   2   1   0     1    48    11.180340     0.000000
  1   1   1   1     1    49    14.142136     0.000000
  1   1   1   1     1    50    15.811388     0.000000
  1   1   1   1     1    51    15.811388     0.000000
  1   1   1   1     1    52    12.247449     0.000000
  1   1   1  -1     1    53    15.811388     0.000000
  1   1   1  -1     1    54    12.247449     0.000000
  1   1   1  -1     1    55    12.247449     0.000000
  1   1   1  -1     1    56    10.000000     0.004567
  1   2   1   0     1    57    15.000000     0.000000
  1   2   1   0     1    58    16.583124     0.000000
  1   2   1   0     1    59    15.000000     0.000000
  1   2   1   0     1    60    15.000000     0.000000
  1   2   1   0     1    61    11.180340     0.000000
  1   2   1   0     1    62    11.180340     0.000000
  1   2   1   0     1    63     8.660254     0.000075
  1   2   1   0     1    64     5.000000     0.014450
  1   1   1   1     1    65    14.142136     0.000000
  1   1   1   1     1    66     7.071068     0.002533
  1   1   1   1     1    67     7.071068     0.002533
  1   1   1   1     1    68    12.247449     0.000000
  1   1   1  -1     1    69     7.071068     0.000617
  1   1   1  -1     1    70    12.247449     0.000000
  1   1   1  -1     1    71    12.247449     0.000000
  1   1   1  -1     1    72    10.000000     0.004567
  1   2   1   0     1    73    15.000000     0.000000
  1   2   1   0     1    74     8.660254     0.000075
  1   2   1   0     1    75    15.000000     0.000000
  1   2   1   0     1    76    15.000000     0.000000
  1   2   1   0     1    77    11.180340     0.000000
  1   2   1   0     1    78    11.180340     0.000000
  1   2   1   0     1    79    16.583124     0.000000
  1   2   1   0     1    80    15.000000     0.000000
  1   1   1   1     1    81    14.142136     0.000000
  1   1   1   1     1    82    15.811388     0.000000
  1   1   1   1     1    83    12.247449     0.000000
  1   1   1   1     1    84    15.811388     0.000000
  1   1   1  -1     1    85    12.247449     0.000000
  1   1   1  -1     1    86    15.811388     0.000000
  1   1   1  -1     1    87    12.247449     0.000000
  1   1   1  -1     1    88    10.000000     0.004567
  1   2   1   0     1    89    11.180340     0.000000
  1   2   1   0     1    90    16.583124     0.000000
  1   2   1   0     1    91    11.180340     0.000000
  1   2   1   0     1    92    15.000000     0.000000
  1   2   1   0     1    93    15.000000     0.000000
  1   2   1   0     1    94    11.180340     0.000000
  1   2   1   0     1    95    16.583124     0.000000
  1   2   1   0     1    96    11.180340     0.000000
  1   1   1   1     1    97    14.142136     0.000000
  1   1   1   1     1    98    12.247449     0.000000
  1   1   1   1     1    99    15.811388     0.000000
  1   1   1   1     1   100    15.811388     0.000000
  1   1   1  -1     1   101    12.247449     0.000000
  1   1   1  -1     1   102    12.247449     0.000000
  1   1   1  -1     1   103    15.811388     0.000000
  1   1   1  -1     1   104    10.000000     0.004567
  1   2   1   0     1   105    11.180340     0.000000
  1   2   1   0     1   106    16.583124     0.000000
  1   2   1   0     1   107    15.000000     0.000000
  1   2   1   0     1   108    11.180340     0.000000
  1   2   1   0     1   109    11.180340     0.000000
  1   2   1   0     1   110    15.000000     0.000000
  1   2   1   0     1   111    16.583124     0.000000
  1   2   1   0     1   112    11.180340     0.000000
  1   1   1   1     1   113    20.000000     0.000000
  1   1   1   1     1   114    12.247449     0.000000
  1   1   1   1     1   115    12.247449     0.000000
  1   1   1   1     1   116    12.247449     0.000000
  1   1   1  -1     1   117    15.811388     0.000000
  1   1   1  -1     1   118    15.811388     0.000000
  1   1   1  -1     1   119    15.811388     0.000000
  1   1   1  -1     1   120    17.320508     0.000000
  1   2   1   0     1   121    15.000000     0.000000
  1   2   1   0     1   122    16.583124     0.000000
  1   2   1   0     1   123    11.180340     0.000000
  1   2   1   0     1   124    11.180340     0.000000
  1   2   1   0     1   125    15.000000     0.000000
  1   2   1   0     1   126    15.000000     0.000000
  1   2   1   0     1   127     8.660254     0.000075
  1   2   1   0     1   128    15.000000     0.000000
  2   1   0   1     9     1     5.000000     0.014450
  2   1   0   1     9     2    11.180340     0.000000
  2   1   0   1     9     3    11.180340     0.000000
  2   1   0   1     9     4     8.660254     0.000075
  2   1   0  -1     9     5     8.660254     0.000075
  2   1   0  -1     9     6     5.000000     0.014450
  2   1   0  -1     9     7     5.000000     0.014450
  2   1   0  -1     9     8    15.000000     0.000000
  2   2   0   0     9     9     0.000000    -0.087733
  2   2   0   0     9    10     7.071068     0.000050
  2   2   0   0     9    11     7.071068     0.000050
  2   2   0   0     9    12     7.071068     0.000050
  2   2   0   0     9    13    12.247449     0.000000
  2   2   0   0     9    14    12.247449     0.000000
  2   2   0   0     9    15    12.247449     0.000000
  2   2   0   0     9    16    17.320508     0.000000
  2   1   0   1     9    17    11.180340     0.000000
  2   1   0   1     9    18    15.000000     0.000000
  2   1   0   1     9    19    11.180340     0.000000
  2   1   0   1     9    20     8.660254     0.000075
  2   1   0  -1     9    21    16.583124     0.000000
  2   1   0  -1     9    22    15.000000     0.000000
  2   1   0  -1     9    23    11.180340     0.000000
  2   1   0  -1     9    24    11.180340     0.000000
  2   2   0   0     9    25    14.142136     0.000000
  2   2   0   0     9    26    12.247449     0.000000
  2   2   0   0     9    27     7.071068     0.000050
  2   2   0   0     9    28    12.247449     0.000000
  2   2   0   0     9    29    12.247449     0.000000
  2   2   0   0     9    30     7.071068     0.000050
  2   2   0   0     9    31     7.071068     0.000050
  2   2   0   0     9    32    10.000000     0.001489
  2   1   0   1     9    33    11.180340     0.000000
  2   1   0   1     9    34    11.180340     0.000000
  2   1   0   1     9    35    15.000000     0.000000
  2   1   0   1     9    36     8.660254     0.000075
  2   1   0  -1     9    37    16.583124     0.000000
  2   1   0  -1     9    38    11.180340     0.000000
  2   1   0  -1     9    39    15.000000     0.000000
  2   1   0  -1     9    40    11.180340     0.000000
  2   2   0   0     9    41    14.142136     0.000000
  2   2   0   0     9    42    12.247449     0.000000
  2   2   0   0     9    43    12.247449     0.000000
  2   2   0   0     9    44     7.071068     0.000050
  2   2   0   0     9    45     7.071068     0.000050
  2   2   0   0     9    46    12.247449     0.000000
  2   2   0   0     9    47     7.071068     0.000050
  2   2   0   0     9    48    10.000000     0.001489
  2   1   0   1     9    49    15.000000     0.000000
  2   1   0   1     9    50    15.000000     0.000000
  2   1   0   1     9    51    15.000000     0.000000
  2   1   0   1     9    52    16.583124     0.000000
  2   1   0  -1     9    53    16.583124     0.000000
  2   1   0  -1     9    54    11.180340     0.000000
  2   1   0  -1     9    55    11.180340     0.000000
  2   1   0  -1     9    56    15.000000     0.000000
  2   2   0   0     9    57    14.142136     0.000000
  2   2   0   0     9    58    15.811388     0.000000
  2   2   0   0     9    59    12.247449     0.000000
  2   2   0   0     9    60    12.247449     0.000000
  2   2   0   0     9    61    15.811388     0.000000
  2   2   0   0     9    62    15.811388     0.000000
  2   2   0   0     9    63    12.247449     0.000000
  2   2   0   0     9    64    10.000000     0.001489
  2   1   0   1     9    65    15.000000     0.000000
  2   1   0   1     9    66     5.000000     0.014450
  2   1   0   1     9    67     5.000000     0.014450
  2   1   0   1     9    68     8.660254     0.000075
  2   1   0  -1     9    69     8.660254     0.000075
  2   1   0  -1     9    70    11.180340     0.000000
  2   1   0  -1     9    71    11.180340     0.000000
  2   1   0  -1     9    72     5.000000     0.014450
  2   2   0   0     9    73    14.142136     0.000000
  2   2   0   0     9    74     7.071068     0.000050
  2   2   0   0     9    75    12.247449     0.000000
  2   2   0   0     9    76    12.247449     0.000000
  2   2   0   0     9    77     7.071068     0.000050
  2   2   0   0     9    78     7.071068     0.000050
  2   2   0   0     9    79    12.247449     0.000000
  2   2   0   0     9    80    10.000000     0.001489
  2   1   0   1     9    81    11.180340     0.000000
  2   1   0   1     9    82    11.180340     0.000000
  2   1   0   1     9    83    15.000000     0.000000
  2   1   0   1     9    84    16.583124     0.000000
  2   1   0  -1     9    85     8.660254     0.000075
  2   1   0  -1     9    86    11.180340     0.000000
  2   1   0  -1     9    87    15.000000     0.000000
  2   1   0  -1     9    88    11.180340     0.000000
  2   2   0   0     9    89    14.142136     0.000000
  2   2   0   0     9    90    12.247449     0.000000
  2   2   0   0     9    91    12.247449     0.000000
  2   2   0   0     9    92    15.811388     0.000000
  2   2   0   0     9    93    15.811388     0.000000
  2   2   0   0     9    94    12.247449     0.000000
  2   2   0   0     9    95    15.811388     0.000000
  2   2   0   0     9    96    10.000000     0.001489
  2   1   0   1     9    97    11.180340     0.000000
  2   1   0   1     9    98    15.000000     0.000000
  2   1   0   1     9    99    11.180340     0.000000
  2   1   0   1     9   100    16.583124     0.000000
  2   1   0  -1     9   101     8.660254     0.000075
  2   1   0  -1     9   102    15.000000     0.000000
  2   1   0  -1     9   103    11.180340     0.000000
  2   1   0  -1     9   104    11.180340     0.000000
  2   2   0   0     9   105    14.142136     0.000000
  2   2   0   0     9   106    12.247449     0.000000
  2   2   0   0     9   107    15.811388     0.000000
  2   2   0   0     9   108    12.247449     0.000000
  2   2   0   0     9   109    12.247449     0.000000
  2   2   0   0     9   110    15.811388     0.000000
  2   2   0   0     9   111    15.811388     0.000000
  2   2   0   0     9   112    10.000000     0.001489
  2   1   0   1     9   113    15.000000     0.000000
  2   1   0   1     9   114    11.180340     0.000000
  2   1   0   1     9   115    11.180340     0.000000
  2   1   0   1     9   116    16.583124     0.000000
  2   1   0  -1     9   117    16.583124     0.000000
  2   1   0  -1     9   118    15.000000     0.000000
  2   1   0  -1     9   119    15.000000     0.000000
  2   1   0  -1     9   120    15.000000     0.000000
  2   2   0   0     9   121    20.000000     0.000000
  2   2   0   0     9   122    15.811388     0.000000
  2   2   0   0     9   123    15.811388     0.000000
  2   2   0   0     9   124    15.811388     0.000000
  2   2   0   0     9   125    12.247449     0.000000
  2   2   0   0     9   126    12.247449     0.000000
  2   2   0   0     9   127    12.247449     0.000000
  2   2   0   0     9   128    17.320508     0.000000
 
  CHI Matrix 
 
  1   1   1   1     1     1     0.000000    -0.105367
  1   1   1   1     1     2    12.247449     0.000000
  1   1   1   1     1     3    12.247449     0.000000
  1   1   1   1     1     4    12.247449     0.000000
  1   1   1  -1     1     5     7.071068     0.000600
  1   1   1  -1     1     6     7.071068     0.000600
  1   1   1  -1     1     7     7.071068     0.000600
  1   1   1  -1     1     8    17.320508     0.000000
  1   2   1   0     1     9     5.000000     0.006667
  1   2   1   0     1    10     8.660254    -0.000021
  1   2   1   0     1    11    11.180340     0.000000
  1   2   1   0     1    12    11.180340     0.000000
  1   2   1   0     1    13    15.000000     0.000000
  1   2   1   0     1    14    15.000000     0.000000
  1   2   1   0     1    15    16.583124     0.000000
  1   2   1   0     1    16    15.000000     0.000000
  1   1   1   1     1    17    14.142136     0.000000
  1   1   1   1     1    18    12.247449     0.000000
  1   1   1   1     1    19     7.071068     0.000667
  1   1   1   1     1    20     7.071068     0.000667
  1   1   1  -1     1    21    12.247449     0.000000
  1   1   1  -1     1    22    12.247449     0.000000
  1   1   1  -1     1    23     7.071068     0.000600
  1   1   1  -1     1    24    10.000000    -0.000856
  1   2   1   0     1    25    11.180340     0.000000
  1   2   1   0     1    26     8.660254    -0.000021
  1   2   1   0     1    27     5.000000     0.006667
  1   2   1   0     1    28    11.180340     0.000000
  1   2   1   0     1    29    11.180340     0.000000
  1   2   1   0     1    30     5.000000     0.006667
  1   2   1   0     1    31     8.660254    -0.000021
  1   2   1   0     1    32    11.180340     0.000000
  1   1   1   1     1    33    14.142136     0.000000
  1   1   1   1     1    34     7.071068     0.000667
  1   1   1   1     1    35    12.247449     0.000000
  1   1   1   1     1    36     7.071068     0.000667
  1   1   1  -1     1    37    12.247449     0.000000
  1   1   1  -1     1    38     7.071068     0.000600
  1   1   1  -1     1    39    12.247449     0.000000
  1   1   1  -1     1    40    10.000000    -0.000856
  1   2   1   0     1    41    11.180340     0.000000
  1   2   1   0     1    42     8.660254    -0.000021
  1   2   1   0     1    43    11.180340     0.000000
  1   2   1   0     1    44     5.000000     0.006667
  1   2   1   0     1    45     5.000000     0.006667
  1   2   1   0     1    46    11.180340     0.000000
  1   2   1   0     1    47     8.660254    -0.000021
  1   2   1   0     1    48    11.180340     0.000000
  1   1   1   1     1    49    14.142136     0.000000
  1   1   1   1     1    50    15.811388     0.000000
  1   1   1   1     1    51    15.811388     0.000000
  1   1   1   1     1    52    12.247449     0.000000
  1   1   1  -1     1    53    15.811388     0.000000
  1   1   1  -1     1    54    12.247449     0.000000
  1   1   1  -1     1    55    12.247449     0.000000
  1   1   1  -1     1    56    10.000000    -0.000856
  1   2   1   0     1    57    15.000000     0.000000
  1   2   1   0     1    58    16.583124     0.000000
  1   2   1   0     1    59    15.000000     0.000000
  1   2   1   0     1    60    15.000000     0.000000
  1   2   1   0     1    61    11.180340     0.000000
  1   2   1   0     1    62    11.180340     0.000000
  1   2   1   0     1    63     8.660254    -0.000021
  1   2   1   0     1    64     5.000000     0.006667
  1   1   1   1     1    65    14.142136     0.000000
  1   1   1   1     1    66     7.071068     0.000667
  1   1   1   1     1    67     7.071068     0.000667
  1   1   1   1     1    68    12.247449     0.000000
  1   1   1  -1     1    69     7.071068     0.000600
  1   1   1  -1     1    70    12.247449     0.000000
  1   1   1  -1     1    71    12.247449     0.000000
  1   1   1  -1     1    72    10.000000    -0.000856
  1   2   1   0     1    73    15.000000     0.000000
  1   2   1   0     1    74     8.660254    -0.000021
  1   2   1   0     1    75    15.000000     0.000000
  1   2   1   0     1    76    15.000000     0.000000
  1   2   1   0     1    77    11.180340     0.000000
  1   2   1   0     1    78    11.180340     0.000000
  1   2   1   0     1    79    16.583124     0.000000
  1   2   1   0     1    80    15.000000     0.000000
  1   1   1   1     1    81    14.142136     0.000000
  1   1   1   1     1    82    15.811388     0.000000
  1   1   1   1     1    83    12.247449     0.000000
  1   1   1   1     1    84    15.811388     0.000000
  1   1   1  -1     1    85    12.247449     0.000000
  1   1   1  -1     1    86    15.811388     0.000000
  1   1   1  -1     1    87    12.247449     0.000000
  1   1   1  -1     1    88    10.000000    -0.000856
  1   2   1   0     1    89    11.180340     0.000000
  1   2   1   0     1    90    16.583124     0.000000
  1   2   1   0     1    91    11.180340     0.000000
  1   2   1   0     1    92    15.000000     0.000000
  1   2   1   0     1    93    15.000000     0.000000
  1   2   1   0     1    94    11.180340     0.000000
  1   2   1   0     1    95    16.583124     0.000000
  1   2   1   0     1    96    11.180340     0.000000
  1   1   1   1     1    97    14.142136     0.000000
  1   1   1   1     1    98    12.247449     0.000000
  1   1   1   1     1    99    15.811388     0.000000
  1   1   1   1     1   100    15.811388     0.000000
  1   1   1  -1     1   101    12.247449     0.000000
  1   1   1  -1     1   102    12.247449     0.000000
  1   1   1  -1     1   103    15.811388     0.000000
  1   1   1  -1     1   104    10.000000    -0.000856
  1   2   1   0     1   105    11.180340     0.000000
  1   2   1   0     1   106    16.583124     0.000000
  1   2   1   0     1   107    15.000000     0.000000
  1   2   1   0     1   108    11.180340     0.000000
  1   2   1   0     1   109    11.180340     0.000000
  1   2   1   0     1   110    15.000000     0.000000
  1   2   1   0     1   111    16.583124     0.000000
  1   2   1   0     1   112    11.180340     0.000000
  1   1   1   1     1   113    20.000000     0.000000
  1   1   1   1     1   114    12.247449     0.000000
  1   1   1   1     1   115    12.247449     0.000000
  1   1   1   1     1   116    12.247449     0.000000
  1   1   1  -1     1   117    15.811388     0.000000
  1   1   1  -1     1   118    15.811388     0.000000
  1   1   1  -1     1   119    15.811388     0.000000
  1   1   1  -1     1   120    17.320508     0.000000
  1   2   1   0     1   121    15.000000     0.000000
  1   2   1   0     1   122    16.583124     0.000000
  1   2   1   0     1   123    11.180340     0.000000
  1   2   1   0     1   124    11.180340     0.000000
  1   2   1   0     1   125    15.000000     0.000000
  1   2   1   0     1   126    15.000000     0.000000
  1   2   1   0     1   127     8.660254    -0.000021
  1   2   1   0     1   128    15.000000     0.000000
  2   1   0   1     9     1     5.000000     0.006667
  2   1   0   1     9     2    11.180340     0.000000
  2   1   0   1     9     3    11.180340     0.000000
  2   1   0   1     9     4     8.660254    -0.000021
  2   1   0  -1     9     5     8.660254    -0.000021
  2   1   0  -1     9     6     5.000000     0.006667
  2   1   0  -1     9     7     5.000000     0.006667
  2   1   0  -1     9     8    15.000000     0.000000
  2   2   0   0     9     9     0.000000    -0.034733
  2   2   0   0     9    10     7.071068     0.000208
  2   2   0   0     9    11     7.071068     0.000208
  2   2   0   0     9    12     7.071068     0.000208
  2   2   0   0     9    13    12.247449     0.000000
  2   2   0   0     9    14    12.247449     0.000000
  2   2   0   0     9    15    12.247449     0.000000
  2   2   0   0     9    16    17.320508     0.000000
  2   1   0   1     9    17    11.180340     0.000000
  2   1   0   1     9    18    15.000000     0.000000
  2   1   0   1     9    19    11.180340     0.000000
  2   1   0   1     9    20     8.660254    -0.000021
  2   1   0  -1     9    21    16.583124     0.000000
  2   1   0  -1     9    22    15.000000     0.000000
  2   1   0  -1     9    23    11.180340     0.000000
  2   1   0  -1     9    24    11.180340     0.000000
  2   2   0   0     9    25    14.142136     0.000000
  2   2   0   0     9    26    12.247449     0.000000
  2   2   0   0     9    27     7.071068     0.000208
  2   2   0   0     9    28    12.247449     0.000000
  2   2   0   0     9    29    12.247449     0.000000
  2   2   0   0     9    30     7.071068     0.000208
  2   2   0   0     9    31     7.071068     0.000208
  2   2   0   0     9    32    10.000000    -0.000022
  2   1   0   1     9    33    11.180340     0.000000
  2   1   0   1     9    34    11.180340     0.000000
  2   1   0   1     9    35    15.000000     0.000000
  2   1   0   1     9    36     8.660254    -0.000021
  2   1   0  -1     9    37    16.583124     0.000000
  2   1   0  -1     9    38    11.180340     0.000000
  2   1   0  -1     9    39    15.000000     0.000000
  2   1   0  -1     9    40    11.180340     0.000000
  2   2   0   0     9    41    14.142136     0.000000
  2   2   0   0     9    42    12.247449     0.000000
  2   2   0   0     9    43    12.247449     0.000000
  2   2   0   0     9    44     7.071068     0.000208
  2   2   0   0     9    45     7.071068     0.000208
  2   2   0   0     9    46    12.247449     0.000000
  2   2   0   0     9    47     7.071068     0.000208
  2   2   0   0     9    48    10.000000    -0.000022
  2   1   0   1     9    49    15.000000     0.000000
  2   1   0   1     9    50    15.000000     0.000000
  2   1   0   1     9    51    15.000000     0.000000
  2   1   0   1     9    52    16.583124     0.000000
  2   1   0  -1     9    53    16.583124     0.000000
  2   1   0  -1     9    54    11.180340     0.000000
  2   1   0  -1     9    55    11.180340     0.000000
  2   1   0  -1     9    56    15.000000     0.000000
  2   2   0   0     9    57    14.142136     0.000000
  2   2   0   0     9    58    15.811388     0.000000
  2   2   0   0     9    59    12.247449     0.000000
  2   2   0   0     9    60    12.247449     0.000000
  2   2   0   0     9    61    15.811388     0.000000
  2   2   0   0     9    62    15.811388     0.000000
  2   2   0   0     9    63    12.247449     0.000000
  2   2   0   0     9    64    10.000000    -0.000022
  2   1   0   1     9    65    15.000000     0.000000
  2   1   0   1     9    66     5.000000     0.006667
  2   1   0   1     9    67     5.000000     0.006667
  2   1   0   1     9    68     8.660254    -0.000021
  2   1   0  -1     9    69     8.660254    -0.000021
  2   1   0  -1     9    70    11.180340     0.000000
  2   1   0  -1     9    71    11.180340     0.000000
  2   1   0  -1     9    72     5.000000     0.006667
  2   2   0   0     9    73    14.142136     0.000000
  2   2   0   0     9    74     7.071068     0.000208
  2   2   0   0     9    75    12.247449     0.000000
  2   2   0   0     9    76    12.247449     0.000000
  2   2   0   0     9    77     7.071068     0.000208
  2   2   0   0     9    78     7.071068     0.000208
  2   2   0   0     9    79    12.247449     0.000000
  2   2   0   0     9    80    10.000000    -0.000022
  2   1   0   1     9    81    11.180340     0.000000
  2   1   0   1     9    82    11.180340     0.000000
  2   1   0   1     9    83    15.000000     0.000000
  2   1   0   1     9    84    16.583124     0.000000
  2   1   0  -1     9    85     8.660254    -0.000021
  2   1   0  -1     9    86    11.180340     0.000000
  2   1   0  -1     9    87    15.000000     0.000000
  2   1   0  -1     9    88    11.180340     0.000000
  2   2   0   0     9    89    14.142136     0.000000
  2   2   0   0     9    90    12.247449     0.000000
  2   2   0   0     9    91    12.247449     0.000000
  2   2   0   0     9    92    15.811388     0.000000
  2   2   0   0     9    93    15.811388     0.000000
  2   2   0   0     9    94    12.247449     0.000000
  2   2   0   0     9    95    15.811388     0.000000
  2   2   0   0     9    96    10.000000    -0.000022
  2   1   0   1     9    97    11.180340     0.000000
  2   1   0   1     9    98    15.000000     0.000000
  2   1   0   1     9    99    11.180340     0.000000
  2   1   0   1     9   100    16.583124     0.000000
  2   1   0  -1     9   101     8.660254    -0.000021
  2   1   0  -1     9   102    15.000000     0.000000
  2   1   0  -1     9   103    11.180340     0.000000
  2   1   0  -1     9   104    11.180340     0.000000
  2   2   0   0     9   105    14.142136     0.000000
  2   2   0   0     9   106    12.247449     0.000000
  2   2   0   0     9   107    15.811388     0.000000
  2   2   0   0     9   108    12.247449     0.000000
  2   2   0   0     9   109    12.247449     0.000000
  2   2   0   0     9   110    15.811388     0.000000
  2   2   0   0     9   111    15.811388     0.000000
  2   2   0   0     9   112    10.000000    -0.000022
  2   1   0   1     9   113    15.000000     0.000000
  2   1   0   1     9   114    11.180340     0.000000
  2   1   0   1     9   115    11.180340     0.000000
  2   1   0   1     9   116    16.583124     0.000000
  2   1   0  -1     9   117    16.583124     0.000000
  2   1   0  -1     9   118    15.000000     0.000000
  2   1   0  -1     9   119    15.000000     0.000000
  2   1   0  -1     9   120    15.000000     0.000000
  2   2   0   0     9   121    20.000000     0.000000
  2   2   0   0     9   122    15.811388     0.000000
  2   2   0   0     9   123    15.811388     0.000000
  2   2   0   0     9   124    15.811388     0.000000
  2   2   0   0     9   125    12.247449     0.000000
  2   2   0   0     9   126    12.247449     0.000000
  2   2   0   0     9   127    12.247449     0.000000
  2   2   0   0     9   128    17.320508     0.000000
 
  CHI0^-1 - CHI^-1 Matrix 
 
  1   1   1   1     1     1     0.000000     4.775855
  1   1   1   1     1     2    12.247449    -0.069508
  1   1   1   1     1     3    12.247449    -0.069508
  1   1   1   1     1     4    12.247449    -0.069508
  1   1   1  -1     1     5     7.071068     0.101660
  1   1   1  -1     1     6     7.071068     0.101660
  1   1   1  -1     1     7     7.071068     0.101660
  1   1   1  -1     1     8    17.320508    -0.072979
  1   2   1   0     1     9     5.000000     1.156533
  1   2   1   0     1    10     8.660254     0.067917
  1   2   1   0     1    11    11.180340    -0.075022
  1   2   1   0     1    12    11.180340    -0.075022
  1   2   1   0     1    13    15.000000    -0.082003
  1   2   1   0     1    14    15.000000    -0.082003
  1   2   1   0     1    15    16.583124    -0.098495
  1   2   1   0     1    16    15.000000    -0.086562
  1   1   1   1     1    17    14.142136    -0.088508
  1   1   1   1     1    18    12.247449    -0.078756
  1   1   1   1     1    19     7.071068     0.056666
  1   1   1   1     1    20     7.071068     0.056666
  1   1   1  -1     1    21    12.247449    -0.076505
  1   1   1  -1     1    22    12.247449    -0.076505
  1   1   1  -1     1    23     7.071068     0.101660
  1   1   1  -1     1    24    10.000000    -0.222088
  1   2   1   0     1    25    11.180340    -0.075022
  1   2   1   0     1    26     8.660254     0.049985
  1   2   1   0     1    27     5.000000     1.156533
  1   2   1   0     1    28    11.180340    -0.086560
  1   2   1   0     1    29    11.180340    -0.086560
  1   2   1   0     1    30     5.000000     1.156533
  1   2   1   0     1    31     8.660254     0.049985
  1   2   1   0     1    32    11.180340    -0.075022
  1   1   1   1     1    33    14.142136    -0.088508
  1   1   1   1     1    34     7.071068     0.056666
  1   1   1   1     1    35    12.247449    -0.078756
  1   1   1   1     1    36     7.071068     0.056666
  1   1   1  -1     1    37    12.247449    -0.076505
  1   1   1  -1     1    38     7.071068     0.101660
  1   1   1  -1     1    39    12.247449    -0.076505
  1   1   1  -1     1    40    10.000000    -0.222088
  1   2   1   0     1    41    11.180340    -0.075022
  1   2   1   0     1    42     8.660254     0.049985
  1   2   1   0     1    43    11.180340    -0.086560
  1   2   1   0     1    44     5.000000     1.156533
  1   2   1   0     1    45     5.000000     1.156533
  1   2   1   0     1    46    11.180340    -0.086560
  1   2   1   0     1    47     8.660254     0.049985
  1   2   1   0     1    48    11.180340    -0.075022
  1   1   1   1     1    49    14.142136    -0.097756
  1   1   1   1     1    50    15.811388    -0.101121
  1   1   1   1     1    51    15.811388    -0.101121
  1   1   1   1     1    52    12.247449    -0.069508
  1   1   1  -1     1    53    15.811388    -0.109306
  1   1   1  -1     1    54    12.247449    -0.076505
  1   1   1  -1     1    55    12.247449    -0.076505
  1   1   1  -1     1    56    10.000000    -0.222088
  1   2   1   0     1    57    15.000000    -0.086562
  1   2   1   0     1    58    16.583124    -0.098495
  1   2   1   0     1    59    15.000000    -0.082003
  1   2   1   0     1    60    15.000000    -0.082003
  1   2   1   0     1    61    11.180340    -0.075022
  1   2   1   0     1    62    11.180340    -0.075022
  1   2   1   0     1    63     8.660254     0.067917
  1   2   1   0     1    64     5.000000     1.156533
  1   1   1   1     1    65    14.142136    -0.088508
  1   1   1   1     1    66     7.071068     0.056666
  1   1   1   1     1    67     7.071068     0.056666
  1   1   1   1     1    68    12.247449    -0.078756
  1   1   1  -1     1    69     7.071068     0.101660
  1   1   1  -1     1    70    12.247449    -0.076505
  1   1   1  -1     1    71    12.247449    -0.076505
  1   1   1  -1     1    72    10.000000    -0.222088
  1   2   1   0     1    73    15.000000    -0.082003
  1   2   1   0     1    74     8.660254     0.049985
  1   2   1   0     1    75    15.000000    -0.086562
  1   2   1   0     1    76    15.000000    -0.086562
  1   2   1   0     1    77    11.180340    -0.086560
  1   2   1   0     1    78    11.180340    -0.086560
  1   2   1   0     1    79    16.583124    -0.103640
  1   2   1   0     1    80    15.000000    -0.161437
  1   1   1   1     1    81    14.142136    -0.097756
  1   1   1   1     1    82    15.811388    -0.101121
  1   1   1   1     1    83    12.247449    -0.069508
  1   1   1   1     1    84    15.811388    -0.101121
  1   1   1  -1     1    85    12.247449    -0.076505
  1   1   1  -1     1    86    15.811388    -0.109306
  1   1   1  -1     1    87    12.247449    -0.076505
  1   1   1  -1     1    88    10.000000    -0.222088
  1   2   1   0     1    89    11.180340    -0.086560
  1   2   1   0     1    90    16.583124    -0.098495
  1   2   1   0     1    91    11.180340    -0.075022
  1   2   1   0     1    92    15.000000    -0.161437
  1   2   1   0     1    93    15.000000    -0.161437
  1   2   1   0     1    94    11.180340    -0.075022
  1   2   1   0     1    95    16.583124    -0.098495
  1   2   1   0     1    96    11.180340    -0.086560
  1   1   1   1     1    97    14.142136    -0.097756
  1   1   1   1     1    98    12.247449    -0.069508
  1   1   1   1     1    99    15.811388    -0.101121
  1   1   1   1     1   100    15.811388    -0.101121
  1   1   1  -1     1   101    12.247449    -0.076505
  1   1   1  -1     1   102    12.247449    -0.076505
  1   1   1  -1     1   103    15.811388    -0.109306
  1   1   1  -1     1   104    10.000000    -0.222088
  1   2   1   0     1   105    11.180340    -0.086560
  1   2   1   0     1   106    16.583124    -0.098495
  1   2   1   0     1   107    15.000000    -0.161437
  1   2   1   0     1   108    11.180340    -0.075022
  1   2   1   0     1   109    11.180340    -0.075022
  1   2   1   0     1   110    15.000000    -0.161437
  1   2   1   0     1   111    16.583124    -0.098495
  1   2   1   0     1   112    11.180340    -0.086560
  1   1   1   1     1   113    20.000000    -0.138367
  1   1   1   1     1   114    12.247449    -0.078756
  1   1   1   1     1   115    12.247449    -0.078756
  1   1   1   1     1   116    12.247449    -0.078756
  1   1   1  -1     1   117    15.811388    -0.109306
  1   1   1  -1     1   118    15.811388    -0.109306
  1   1   1  -1     1   119    15.811388    -0.109306
  1   1   1  -1     1   120    17.320508    -0.072979
  1   2   1   0     1   121    15.000000    -0.161437
  1   2   1   0     1   122    16.583124    -0.103640
  1   2   1   0     1   123    11.180340    -0.086560
  1   2   1   0     1   124    11.180340    -0.086560
  1   2   1   0     1   125    15.000000    -0.086562
  1   2   1   0     1   126    15.000000    -0.086562
  1   2   1   0     1   127     8.660254     0.049985
  1   2   1   0     1   128    15.000000    -0.082003
  2   1   0   1     9     1     5.000000     1.156533
  2   1   0   1     9     2    11.180340    -0.075022
  2   1   0   1     9     3    11.180340    -0.075022
  2   1   0   1     9     4     8.660254     0.067917
  2   1   0  -1     9     5     8.660254     0.049985
  2   1   0  -1     9     6     5.000000     1.156533
  2   1   0  -1     9     7     5.000000     1.156533
  2   1   0  -1     9     8    15.000000    -0.082003
  2   2   0   0     9     9     0.000000    18.953352
  2   2   0   0     9    10     7.071068     0.713223
  2   2   0   0     9    11     7.071068     0.713223
  2   2   0   0     9    12     7.071068     0.713223
  2   2   0   0     9    13    12.247449    -0.044359
  2   2   0   0     9    14    12.247449    -0.044359
  2   2   0   0     9    15    12.247449    -0.044359
  2   2   0   0     9    16    17.320508    -0.090506
  2   1   0   1     9    17    11.180340    -0.075022
  2   1   0   1     9    18    15.000000    -0.086562
  2   1   0   1     9    19    11.180340    -0.086560
  2   1   0   1     9    20     8.660254     0.049985
  2   1   0  -1     9    21    16.583124    -0.098495
  2   1   0  -1     9    22    15.000000    -0.082003
  2   1   0  -1     9    23    11.180340    -0.075022
  2   1   0  -1     9    24    11.180340    -0.086560
  2   2   0   0     9    25    14.142136    -0.084403
  2   2   0   0     9    26    12.247449    -0.049769
  2   2   0   0     9    27     7.071068     0.713223
  2   2   0   0     9    28    12.247449    -0.049769
  2   2   0   0     9    29    12.247449    -0.053228
  2   2   0   0     9    30     7.071068     0.706710
  2   2   0   0     9    31     7.071068     0.706710
  2   2   0   0     9    32    10.000000    -0.028189
  2   1   0   1     9    33    11.180340    -0.075022
  2   1   0   1     9    34    11.180340    -0.086560
  2   1   0   1     9    35    15.000000    -0.086562
  2   1   0   1     9    36     8.660254     0.049985
  2   1   0  -1     9    37    16.583124    -0.098495
  2   1   0  -1     9    38    11.180340    -0.075022
  2   1   0  -1     9    39    15.000000    -0.082003
  2   1   0  -1     9    40    11.180340    -0.086560
  2   2   0   0     9    41    14.142136    -0.084403
  2   2   0   0     9    42    12.247449    -0.049769
  2   2   0   0     9    43    12.247449    -0.049769
  2   2   0   0     9    44     7.071068     0.713223
  2   2   0   0     9    45     7.071068     0.706710
  2   2   0   0     9    46    12.247449    -0.053228
  2   2   0   0     9    47     7.071068     0.706710
  2   2   0   0     9    48    10.000000    -0.028189
  2   1   0   1     9    49    15.000000    -0.086562
  2   1   0   1     9    50    15.000000    -0.161437
  2   1   0   1     9    51    15.000000    -0.161437
  2   1   0   1     9    52    16.583124    -0.098495
  2   1   0  -1     9    53    16.583124    -0.103640
  2   1   0  -1     9    54    11.180340    -0.086560
  2   1   0  -1     9    55    11.180340    -0.086560
  2   1   0  -1     9    56    15.000000    -0.161437
  2   2   0   0     9    57    14.142136    -0.093272
  2   2   0   0     9    58    15.811388    -0.127852
  2   2   0   0     9    59    12.247449    -0.049769
  2   2   0   0     9    60    12.247449    -0.049769
  2   2   0   0     9    61    15.811388    -0.123290
  2   2   0   0     9    62    15.811388    -0.123290
  2   2   0   0     9    63    12.247449    -0.044359
  2   2   0   0     9    64    10.000000    -0.028189
  2   1   0   1     9    65    15.000000    -0.082003
  2   1   0   1     9    66     5.000000     1.156533
  2   1   0   1     9    67     5.000000     1.156533
  2   1   0   1     9    68     8.660254     0.049985
  2   1   0  -1     9    69     8.660254     0.067917
  2   1   0  -1     9    70    11.180340    -0.075022
  2   1   0  -1     9    71    11.180340    -0.075022
  2   1   0  -1     9    72     5.000000     1.156533
  2   2   0   0     9    73    14.142136    -0.084403
  2   2   0   0     9    74     7.071068     0.713223
  2   2   0   0     9    75    12.247449    -0.049769
  2   2   0   0     9    76    12.247449    -0.049769
  2   2   0   0     9    77     7.071068     0.706710
  2   2   0   0     9    78     7.071068     0.706710
  2   2   0   0     9    79    12.247449    -0.053228
  2   2   0   0     9    80    10.000000    -0.028189
  2   1   0   1     9    81    11.180340    -0.086560
  2   1   0   1     9    82    11.180340    -0.075022
  2   1   0   1     9    83    15.000000    -0.082003
  2   1   0   1     9    84    16.583124    -0.098495
  2   1   0  -1     9    85     8.660254     0.049985
  2   1   0  -1     9    86    11.180340    -0.086560
  2   1   0  -1     9    87    15.000000    -0.086562
  2   1   0  -1     9    88    11.180340    -0.075022
  2   2   0   0     9    89    14.142136    -0.093272
  2   2   0   0     9    90    12.247449    -0.049769
  2   2   0   0     9    91    12.247449    -0.049769
  2   2   0   0     9    92    15.811388    -0.127852
  2   2   0   0     9    93    15.811388    -0.123290
  2   2   0   0     9    94    12.247449    -0.044359
  2   2   0   0     9    95    15.811388    -0.123290
  2   2   0   0     9    96    10.000000    -0.028189
  2   1   0   1     9    97    11.180340    -0.086560
  2   1   0   1     9    98    15.000000    -0.082003
  2   1   0   1     9    99    11.180340    -0.075022
  2   1   0   1     9   100    16.583124    -0.098495
  2   1   0  -1     9   101     8.660254     0.049985
  2   1   0  -1     9   102    15.000000    -0.086562
  2   1   0  -1     9   103    11.180340    -0.086560
  2   1   0  -1     9   104    11.180340    -0.075022
  2   2   0   0     9   105    14.142136    -0.093272
  2   2   0   0     9   106    12.247449    -0.049769
  2   2   0   0     9   107    15.811388    -0.127852
  2   2   0   0     9   108    12.247449    -0.049769
  2   2   0   0     9   109    12.247449    -0.044359
  2   2   0   0     9   110    15.811388    -0.123290
  2   2   0   0     9   111    15.811388    -0.123290
  2   2   0   0     9   112    10.000000    -0.028189
  2   1   0   1     9   113    15.000000    -0.161437
  2   1   0   1     9   114    11.180340    -0.086560
  2   1   0   1     9   115    11.180340    -0.086560
  2   1   0   1     9   116    16.583124    -0.103640
  2   1   0  -1     9   117    16.583124    -0.098495
  2   1   0  -1     9   118    15.000000    -0.161437
  2   1   0  -1     9   119    15.000000    -0.161437
  2   1   0  -1     9   120    15.000000    -0.086562
  2   2   0   0     9   121    20.000000    -0.213567
  2   2   0   0     9   122    15.811388    -0.127852
  2   2   0   0     9   123    15.811388    -0.127852
  2   2   0   0     9   124    15.811388    -0.127852
  2   2   0   0     9   125    12.247449    -0.053228
  2   2   0   0     9   126    12.247449    -0.053228
  2   2   0   0     9   127    12.247449    -0.053228
  2   2   0   0     9   128    17.320508    -0.090506
  type:            1  U1 =    4.77585513557480     
  type:            2  U1 =    18.9533524768798     
