 
  number of atoms in the primitive cell:          16
 
 
  CHI_0 Matrix 
 
  -0.1991   0.0051   0.0051   0.0051   0.0012   0.0012   0.0012   0.0274
   0.0144   0.0003   0.0145   0.0145   0.0145   0.0145   0.0003   0.0145
   0.0000
   0.0051  -0.1991   0.0051   0.0051   0.0012   0.0012   0.0274   0.0012
   0.0144   0.0145   0.0145   0.0003   0.0145   0.0003   0.0145   0.0145
   0.0000
   0.0051   0.0051  -0.1991   0.0051   0.0012   0.0274   0.0012   0.0012
   0.0144   0.0145   0.0003   0.0145   0.0003   0.0145   0.0145   0.0145
   0.0000
   0.0051   0.0051   0.0051  -0.1991   0.0274   0.0012   0.0012   0.0012
   0.0003   0.0145   0.0145   0.0145   0.0145   0.0145   0.0145   0.0003
   0.0000
   0.0012   0.0012   0.0012   0.0274  -0.1991   0.0051   0.0051   0.0051
   0.0003   0.0145   0.0145   0.0145   0.0145   0.0145   0.0145   0.0003
   0.0000
   0.0012   0.0012   0.0274   0.0012   0.0051  -0.1991   0.0051   0.0051
   0.0145   0.0145   0.0003   0.0145   0.0003   0.0145   0.0145   0.0145
   0.0000
   0.0012   0.0274   0.0012   0.0012   0.0051   0.0051  -0.1991   0.0051
   0.0145   0.0145   0.0145   0.0003   0.0145   0.0003   0.0145   0.0145
   0.0000
   0.0274   0.0012   0.0012   0.0012   0.0051   0.0051   0.0051  -0.1991
   0.0145   0.0003   0.0145   0.0145   0.0145   0.0145   0.0003   0.0145
   0.0000
   0.0144   0.0144   0.0144   0.0003   0.0003   0.0145   0.0145   0.0145
  -0.0877   0.0001   0.0001   0.0001  -0.0001  -0.0001  -0.0001   0.0089
   0.0000
   0.0003   0.0145   0.0145   0.0145   0.0145   0.0145   0.0145   0.0003
   0.0001  -0.0877  -0.0001  -0.0001  -0.0001  -0.0001   0.0089  -0.0001
   0.0000
   0.0145   0.0145   0.0003   0.0145   0.0145   0.0003   0.0145   0.0145
   0.0001  -0.0001  -0.0877  -0.0001   0.0089  -0.0001  -0.0001  -0.0001
   0.0000
   0.0145   0.0003   0.0145   0.0145   0.0145   0.0145   0.0003   0.0145
   0.0001  -0.0001  -0.0001  -0.0877  -0.0001   0.0089  -0.0001  -0.0001
   0.0000
   0.0145   0.0145   0.0003   0.0145   0.0145   0.0003   0.0145   0.0145
  -0.0001  -0.0001   0.0089  -0.0001  -0.0877  -0.0001  -0.0001  -0.0001
   0.0000
   0.0145   0.0003   0.0145   0.0145   0.0145   0.0145   0.0003   0.0145
  -0.0001  -0.0001  -0.0001   0.0089  -0.0001  -0.0877  -0.0001  -0.0001
   0.0000
   0.0003   0.0145   0.0145   0.0145   0.0145   0.0145   0.0145   0.0003
  -0.0001   0.0089  -0.0001  -0.0001  -0.0001  -0.0001  -0.0877  -0.0001
   0.0000
   0.0145   0.0145   0.0145   0.0003   0.0003   0.0145   0.0145   0.0145
   0.0089  -0.0001  -0.0001  -0.0001  -0.0001  -0.0001  -0.0001  -0.0877
   0.0000
   0.0000   0.0000   0.0000   0.0000   0.0000   0.0000   0.0000   0.0000
   0.0000   0.0000   0.0000   0.0000   0.0000   0.0000   0.0000   0.0000
   1.0000
 
 
  CHI Matrix 
 
  -0.1054   0.0013   0.0013   0.0013   0.0012   0.0012   0.0012  -0.0051
   0.0067  -0.0001   0.0067   0.0067   0.0067   0.0067  -0.0001   0.0067
   0.0000
   0.0013  -0.1054   0.0013   0.0013   0.0012   0.0012  -0.0051   0.0012
   0.0067   0.0067   0.0067  -0.0001   0.0067  -0.0001   0.0067   0.0067
   0.0000
   0.0013   0.0013  -0.1054   0.0013   0.0012  -0.0051   0.0012   0.0012
   0.0067   0.0067  -0.0001   0.0067  -0.0001   0.0067   0.0067   0.0067
   0.0000
   0.0013   0.0013   0.0013  -0.1054  -0.0051   0.0012   0.0012   0.0012
  -0.0001   0.0067   0.0067   0.0067   0.0067   0.0067   0.0067  -0.0001
   0.0000
   0.0012   0.0012   0.0012  -0.0051  -0.1054   0.0013   0.0013   0.0013
  -0.0001   0.0067   0.0067   0.0067   0.0067   0.0067   0.0067  -0.0001
   0.0000
   0.0012   0.0012  -0.0051   0.0012   0.0013  -0.1054   0.0013   0.0013
   0.0067   0.0067  -0.0001   0.0067  -0.0001   0.0067   0.0067   0.0067
   0.0000
   0.0012  -0.0051   0.0012   0.0012   0.0013   0.0013  -0.1054   0.0013
   0.0067   0.0067   0.0067  -0.0001   0.0067  -0.0001   0.0067   0.0067
   0.0000
  -0.0051   0.0012   0.0012   0.0012   0.0013   0.0013   0.0013  -0.1054
   0.0067  -0.0001   0.0067   0.0067   0.0067   0.0067  -0.0001   0.0067
   0.0000
   0.0067   0.0067   0.0067  -0.0001  -0.0001   0.0067   0.0067   0.0067
  -0.0347   0.0004   0.0004   0.0004   0.0004   0.0004   0.0004  -0.0001
   0.0000
  -0.0001   0.0067   0.0067   0.0067   0.0067   0.0067   0.0067  -0.0001
   0.0004  -0.0347   0.0004   0.0004   0.0004   0.0004  -0.0001   0.0004
   0.0000
   0.0067   0.0067  -0.0001   0.0067   0.0067  -0.0001   0.0067   0.0067
   0.0004   0.0004  -0.0347   0.0004  -0.0001   0.0004   0.0004   0.0004
   0.0000
   0.0067  -0.0001   0.0067   0.0067   0.0067   0.0067  -0.0001   0.0067
   0.0004   0.0004   0.0004  -0.0347   0.0004  -0.0001   0.0004   0.0004
   0.0000
   0.0067   0.0067  -0.0001   0.0067   0.0067  -0.0001   0.0067   0.0067
   0.0004   0.0004  -0.0001   0.0004  -0.0347   0.0004   0.0004   0.0004
   0.0000
   0.0067  -0.0001   0.0067   0.0067   0.0067   0.0067  -0.0001   0.0067
   0.0004   0.0004   0.0004  -0.0001   0.0004  -0.0347   0.0004   0.0004
   0.0000
  -0.0001   0.0067   0.0067   0.0067   0.0067   0.0067   0.0067  -0.0001
   0.0004  -0.0001   0.0004   0.0004   0.0004   0.0004  -0.0347   0.0004
   0.0000
   0.0067   0.0067   0.0067  -0.0001  -0.0001   0.0067   0.0067   0.0067
  -0.0001   0.0004   0.0004   0.0004   0.0004   0.0004   0.0004  -0.0347
   0.0000
   0.0000   0.0000   0.0000   0.0000   0.0000   0.0000   0.0000   0.0000
   0.0000   0.0000   0.0000   0.0000   0.0000   0.0000   0.0000   0.0000
   1.0000
 
 
  CHI0^-1 - CHI^-1 Matrix 
 
    4.1236   -0.3398   -0.3398   -0.3390   -0.2749   -0.2757   -0.2757   -1.4336
    0.5687   -0.1039    0.5767    0.5767    0.5807    0.5807   -0.0999    0.5794
    0.0000
   -0.3398    4.1236   -0.3398   -0.3390   -0.2749   -0.2757   -1.4336   -0.2757
    0.5687    0.5767    0.5767   -0.1039    0.5807   -0.0999    0.5807    0.5794
    0.0000
   -0.3398   -0.3398    4.1236   -0.3390   -0.2749   -1.4336   -0.2757   -0.2757
    0.5687    0.5767   -0.1039    0.5767   -0.0999    0.5807    0.5807    0.5794
    0.0000
   -0.3390   -0.3390   -0.3390    4.1255   -1.4316   -0.2749   -0.2749   -0.2749
   -0.1127    0.5793    0.5793    0.5793    0.5819    0.5819    0.5819   -0.1006
    0.0000
   -0.2749   -0.2749   -0.2749   -1.4316    4.1255   -0.3390   -0.3390   -0.3390
   -0.1127    0.5793    0.5793    0.5793    0.5819    0.5819    0.5819   -0.1006
    0.0000
   -0.2757   -0.2757   -1.4336   -0.2749   -0.3390    4.1236   -0.3398   -0.3398
    0.5687    0.5767   -0.1039    0.5767   -0.0999    0.5807    0.5807    0.5794
    0.0000
   -0.2757   -1.4336   -0.2757   -0.2749   -0.3390   -0.3398    4.1236   -0.3398
    0.5687    0.5767    0.5767   -0.1039    0.5807   -0.0999    0.5807    0.5794
    0.0000
   -1.4336   -0.2757   -0.2757   -0.2749   -0.3390   -0.3398   -0.3398    4.1236
    0.5687   -0.1039    0.5767    0.5767    0.5807    0.5807   -0.0999    0.5794
    0.0000
    0.5687    0.5687    0.5687   -0.1127   -0.1127    0.5687    0.5687    0.5687
   18.2938    1.0752    1.0752    1.0752    1.0894    1.0894    1.0894   -0.2522
    0.0000
   -0.1039    0.5767    0.5767    0.5793    0.5793    0.5767    0.5767   -0.1039
    1.0752   18.3113    1.0981    1.0981    1.1017    1.1017   -0.2420    1.0965
    0.0000
    0.5767    0.5767   -0.1039    0.5793    0.5793   -0.1039    0.5767    0.5767
    1.0752    1.0981   18.3113    1.0981   -0.2420    1.1017    1.1017    1.0965
    0.0000
    0.5767   -0.1039    0.5767    0.5793    0.5793    0.5767   -0.1039    0.5767
    1.0752    1.0981    1.0981   18.3113    1.1017   -0.2420    1.1017    1.0965
    0.0000
    0.5807    0.5807   -0.0999    0.5819    0.5819   -0.0999    0.5807    0.5807
    1.0894    1.1017   -0.2420    1.1017   18.3185    1.1053    1.1053    1.1032
    0.0000
    0.5807   -0.0999    0.5807    0.5819    0.5819    0.5807   -0.0999    0.5807
    1.0894    1.1017    1.1017   -0.2420    1.1053   18.3185    1.1053    1.1032
    0.0000
   -0.0999    0.5807    0.5807    0.5819    0.5819    0.5807    0.5807   -0.0999
    1.0894   -0.2420    1.1017    1.1017    1.1053    1.1053   18.3185    1.1032
    0.0000
    0.5794    0.5794    0.5794   -0.1006   -0.1006    0.5794    0.5794    0.5794
   -0.2522    1.0965    1.0965    1.0965    1.1032    1.1032    1.1032   18.3153
    0.0000
    0.0000    0.0000    0.0000    0.0000    0.0000    0.0000    0.0000    0.0000
    0.0000    0.0000    0.0000    0.0000    0.0000    0.0000    0.0000    0.0000
    0.0000
  type:            1  U0 =    4.12361087694826     
  type:            2  U0 =    18.2938176294677     
 
 
 
  Extrapolation to a supercell            1           1           1
 
  number of atoms in the supercell:          16
 
 
  type1:            1  type2:            1
 
  number of shells:            4
 
  shell  #n: pc, sc, spinp   dist       chi_pc     chi_sc 
 
    1        1   1   1        0.0000    -0.1991    -0.1991
    2        3   3   1        7.0711     0.0051     0.0051
    3        3   3  -1        7.0711     0.0012     0.0012
    4        1   1  -1       10.0000     0.0274     0.0274
 
  type1:            1  type2:            2
 
  number of shells:            2
 
  shell  #n: pc, sc, spinp   dist       chi_pc     chi_sc 
 
    1        6   6   0        5.0000     0.0144     0.0144
    2        2   2   0        8.6603     0.0003     0.0003
 
  type1:            2  type2:            2
 
  number of shells:            3
 
  shell  #n: pc, sc, spinp   dist       chi_pc     chi_sc 
 
    1        1   1   0        0.0000    -0.0877    -0.0877
    2        6   6   0        7.0711     0.0001     0.0001
    3        1   1   0       10.0000     0.0089     0.0089
 
  CHI_0 Matrix 
 
  -0.1991   0.0051   0.0051   0.0051   0.0012   0.0012   0.0012   0.0274
   0.0144   0.0003   0.0144   0.0144   0.0144   0.0144   0.0003   0.0144
   0.0000
   0.0051  -0.1991   0.0051   0.0051   0.0012   0.0012   0.0274   0.0012
   0.0144   0.0144   0.0144   0.0003   0.0144   0.0003   0.0144   0.0144
   0.0000
   0.0051   0.0051  -0.1991   0.0051   0.0012   0.0274   0.0012   0.0012
   0.0144   0.0144   0.0003   0.0144   0.0003   0.0144   0.0144   0.0144
   0.0000
   0.0051   0.0051   0.0051  -0.1991   0.0274   0.0012   0.0012   0.0012
   0.0003   0.0144   0.0144   0.0144   0.0144   0.0144   0.0144   0.0003
   0.0000
   0.0012   0.0012   0.0012   0.0274  -0.1991   0.0051   0.0051   0.0051
   0.0003   0.0144   0.0144   0.0144   0.0144   0.0144   0.0144   0.0003
   0.0000
   0.0012   0.0012   0.0274   0.0012   0.0051  -0.1991   0.0051   0.0051
   0.0144   0.0144   0.0003   0.0144   0.0003   0.0144   0.0144   0.0144
   0.0000
   0.0012   0.0274   0.0012   0.0012   0.0051   0.0051  -0.1991   0.0051
   0.0144   0.0144   0.0144   0.0003   0.0144   0.0003   0.0144   0.0144
   0.0000
   0.0274   0.0012   0.0012   0.0012   0.0051   0.0051   0.0051  -0.1991
   0.0144   0.0003   0.0144   0.0144   0.0144   0.0144   0.0003   0.0144
   0.0000
   0.0144   0.0144   0.0144   0.0003   0.0003   0.0144   0.0144   0.0144
  -0.0877   0.0001   0.0001   0.0001   0.0001   0.0001   0.0001   0.0089
   0.0000
   0.0003   0.0144   0.0144   0.0144   0.0144   0.0144   0.0144   0.0003
   0.0001  -0.0877   0.0001   0.0001   0.0001   0.0001   0.0089   0.0001
   0.0000
   0.0144   0.0144   0.0003   0.0144   0.0144   0.0003   0.0144   0.0144
   0.0001   0.0001  -0.0877   0.0001   0.0089   0.0001   0.0001   0.0001
   0.0000
   0.0144   0.0003   0.0144   0.0144   0.0144   0.0144   0.0003   0.0144
   0.0001   0.0001   0.0001  -0.0877   0.0001   0.0089   0.0001   0.0001
   0.0000
   0.0144   0.0144   0.0003   0.0144   0.0144   0.0003   0.0144   0.0144
   0.0001   0.0001   0.0089   0.0001  -0.0877   0.0001   0.0001   0.0001
   0.0000
   0.0144   0.0003   0.0144   0.0144   0.0144   0.0144   0.0003   0.0144
   0.0001   0.0001   0.0001   0.0089   0.0001  -0.0877   0.0001   0.0001
   0.0000
   0.0003   0.0144   0.0144   0.0144   0.0144   0.0144   0.0144   0.0003
   0.0001   0.0089   0.0001   0.0001   0.0001   0.0001  -0.0877   0.0001
   0.0000
   0.0144   0.0144   0.0144   0.0003   0.0003   0.0144   0.0144   0.0144
   0.0089   0.0001   0.0001   0.0001   0.0001   0.0001   0.0001  -0.0877
   0.0000
   0.0000   0.0000   0.0000   0.0000   0.0000   0.0000   0.0000   0.0000
   0.0000   0.0000   0.0000   0.0000   0.0000   0.0000   0.0000   0.0000
   1.0000
 
 
  CHI Matrix 
 
  -0.1054   0.0013   0.0013   0.0013   0.0012   0.0012   0.0012  -0.0051
   0.0067  -0.0001   0.0067   0.0067   0.0067   0.0067  -0.0001   0.0067
   0.0000
   0.0013  -0.1054   0.0013   0.0013   0.0012   0.0012  -0.0051   0.0012
   0.0067   0.0067   0.0067  -0.0001   0.0067  -0.0001   0.0067   0.0067
   0.0000
   0.0013   0.0013  -0.1054   0.0013   0.0012  -0.0051   0.0012   0.0012
   0.0067   0.0067  -0.0001   0.0067  -0.0001   0.0067   0.0067   0.0067
   0.0000
   0.0013   0.0013   0.0013  -0.1054  -0.0051   0.0012   0.0012   0.0012
  -0.0001   0.0067   0.0067   0.0067   0.0067   0.0067   0.0067  -0.0001
   0.0000
   0.0012   0.0012   0.0012  -0.0051  -0.1054   0.0013   0.0013   0.0013
  -0.0001   0.0067   0.0067   0.0067   0.0067   0.0067   0.0067  -0.0001
   0.0000
   0.0012   0.0012  -0.0051   0.0012   0.0013  -0.1054   0.0013   0.0013
   0.0067   0.0067  -0.0001   0.0067  -0.0001   0.0067   0.0067   0.0067
   0.0000
   0.0012  -0.0051   0.0012   0.0012   0.0013   0.0013  -0.1054   0.0013
   0.0067   0.0067   0.0067  -0.0001   0.0067  -0.0001   0.0067   0.0067
   0.0000
  -0.0051   0.0012   0.0012   0.0012   0.0013   0.0013   0.0013  -0.1054
   0.0067  -0.0001   0.0067   0.0067   0.0067   0.0067  -0.0001   0.0067
   0.0000
   0.0067   0.0067   0.0067  -0.0001  -0.0001   0.0067   0.0067   0.0067
  -0.0347   0.0004   0.0004   0.0004   0.0004   0.0004   0.0004  -0.0001
   0.0000
  -0.0001   0.0067   0.0067   0.0067   0.0067   0.0067   0.0067  -0.0001
   0.0004  -0.0347   0.0004   0.0004   0.0004   0.0004  -0.0001   0.0004
   0.0000
   0.0067   0.0067  -0.0001   0.0067   0.0067  -0.0001   0.0067   0.0067
   0.0004   0.0004  -0.0347   0.0004  -0.0001   0.0004   0.0004   0.0004
   0.0000
   0.0067  -0.0001   0.0067   0.0067   0.0067   0.0067  -0.0001   0.0067
   0.0004   0.0004   0.0004  -0.0347   0.0004  -0.0001   0.0004   0.0004
   0.0000
   0.0067   0.0067  -0.0001   0.0067   0.0067  -0.0001   0.0067   0.0067
   0.0004   0.0004  -0.0001   0.0004  -0.0347   0.0004   0.0004   0.0004
   0.0000
   0.0067  -0.0001   0.0067   0.0067   0.0067   0.0067  -0.0001   0.0067
   0.0004   0.0004   0.0004  -0.0001   0.0004  -0.0347   0.0004   0.0004
   0.0000
  -0.0001   0.0067   0.0067   0.0067   0.0067   0.0067   0.0067  -0.0001
   0.0004  -0.0001   0.0004   0.0004   0.0004   0.0004  -0.0347   0.0004
   0.0000
   0.0067   0.0067   0.0067  -0.0001  -0.0001   0.0067   0.0067   0.0067
  -0.0001   0.0004   0.0004   0.0004   0.0004   0.0004   0.0004  -0.0347
   0.0000
   0.0000   0.0000   0.0000   0.0000   0.0000   0.0000   0.0000   0.0000
   0.0000   0.0000   0.0000   0.0000   0.0000   0.0000   0.0000   0.0000
   1.0000
 
 
  CHI0^-1 - CHI^-1 Matrix 
 
    4.0787   -0.3854   -0.3854   -0.3854   -0.3213   -0.3213   -0.3213   -1.4785
    0.5034   -0.1813    0.5034    0.5034    0.5034    0.5034   -0.1813    0.5034
    0.0000
   -0.3854    4.0787   -0.3854   -0.3854   -0.3213   -0.3213   -1.4785   -0.3213
    0.5034    0.5034    0.5034   -0.1813    0.5034   -0.1813    0.5034    0.5034
    0.0000
   -0.3854   -0.3854    4.0787   -0.3854   -0.3213   -1.4785   -0.3213   -0.3213
    0.5034    0.5034   -0.1813    0.5034   -0.1813    0.5034    0.5034    0.5034
    0.0000
   -0.3854   -0.3854   -0.3854    4.0787   -1.4785   -0.3213   -0.3213   -0.3213
   -0.1813    0.5034    0.5034    0.5034    0.5034    0.5034    0.5034   -0.1813
    0.0000
   -0.3213   -0.3213   -0.3213   -1.4785    4.0787   -0.3854   -0.3854   -0.3854
   -0.1813    0.5034    0.5034    0.5034    0.5034    0.5034    0.5034   -0.1813
    0.0000
   -0.3213   -0.3213   -1.4785   -0.3213   -0.3854    4.0787   -0.3854   -0.3854
    0.5034    0.5034   -0.1813    0.5034   -0.1813    0.5034    0.5034    0.5034
    0.0000
   -0.3213   -1.4785   -0.3213   -0.3213   -0.3854   -0.3854    4.0787   -0.3854
    0.5034    0.5034    0.5034   -0.1813    0.5034   -0.1813    0.5034    0.5034
    0.0000
   -1.4785   -0.3213   -0.3213   -0.3213   -0.3854   -0.3854   -0.3854    4.0787
    0.5034   -0.1813    0.5034    0.5034    0.5034    0.5034   -0.1813    0.5034
    0.0000
    0.5034    0.5034    0.5034   -0.1813   -0.1813    0.5034    0.5034    0.5034
   18.2068    0.9717    0.9717    0.9717    0.9717    0.9717    0.9717   -0.3501
    0.0000
   -0.1813    0.5034    0.5034    0.5034    0.5034    0.5034    0.5034   -0.1813
    0.9717   18.2068    0.9717    0.9717    0.9717    0.9717   -0.3501    0.9717
    0.0000
    0.5034    0.5034   -0.1813    0.5034    0.5034   -0.1813    0.5034    0.5034
    0.9717    0.9717   18.2068    0.9717   -0.3501    0.9717    0.9717    0.9717
    0.0000
    0.5034   -0.1813    0.5034    0.5034    0.5034    0.5034   -0.1813    0.5034
    0.9717    0.9717    0.9717   18.2068    0.9717   -0.3501    0.9717    0.9717
    0.0000
    0.5034    0.5034   -0.1813    0.5034    0.5034   -0.1813    0.5034    0.5034
    0.9717    0.9717   -0.3501    0.9717   18.2068    0.9717    0.9717    0.9717
    0.0000
    0.5034   -0.1813    0.5034    0.5034    0.5034    0.5034   -0.1813    0.5034
    0.9717    0.9717    0.9717   -0.3501    0.9717   18.2068    0.9717    0.9717
    0.0000
   -0.1813    0.5034    0.5034    0.5034    0.5034    0.5034    0.5034   -0.1813
    0.9717   -0.3501    0.9717    0.9717    0.9717    0.9717   18.2068    0.9717
    0.0000
    0.5034    0.5034    0.5034   -0.1813   -0.1813    0.5034    0.5034    0.5034
   -0.3501    0.9717    0.9717    0.9717    0.9717    0.9717    0.9717   18.2068
    0.0000
    0.0000    0.0000    0.0000    0.0000    0.0000    0.0000    0.0000    0.0000
    0.0000    0.0000    0.0000    0.0000    0.0000    0.0000    0.0000    0.0000
    0.0000
  type:            1  U1 =    4.07869507114729     
  type:            2  U1 =    18.2067600029958     
