 
  number of atoms in the primitive cell:          16
 
 
  CHI_0 Matrix 
 
  -0.9786   0.0360   0.0360   0.0360   0.0428   0.0428   0.0428   0.0318
   0.0318   0.0318   0.0318   0.0318   0.0318   0.0318   0.0318   0.0318
   0.4555
   0.0360  -0.9786   0.0428   0.0428   0.0318   0.0360   0.0360   0.0428
   0.0318   0.0318   0.0318   0.0318   0.0318   0.0318   0.0318   0.0318
   0.4555
   0.0360   0.0428  -0.9786   0.0428   0.0360   0.0360   0.0318   0.0428
   0.0318   0.0318   0.0318   0.0318   0.0318   0.0318   0.0318   0.0318
   0.4555
   0.0360   0.0428   0.0428  -0.9786   0.0360   0.0318   0.0360   0.0428
   0.0318   0.0318   0.0318   0.0318   0.0318   0.0318   0.0318   0.0318
   0.4555
   0.0428   0.0318   0.0360   0.0360  -0.9786   0.0428   0.0428   0.0360
   0.0318   0.0318   0.0318   0.0318   0.0318   0.0318   0.0318   0.0318
   0.4555
   0.0428   0.0360   0.0360   0.0318   0.0428  -0.9786   0.0428   0.0360
   0.0318   0.0318   0.0318   0.0318   0.0318   0.0318   0.0318   0.0318
   0.4555
   0.0428   0.0360   0.0318   0.0360   0.0428   0.0428  -0.9786   0.0360
   0.0318   0.0318   0.0318   0.0318   0.0318   0.0318   0.0318   0.0318
   0.4555
   0.0318   0.0428   0.0428   0.0428   0.0360   0.0360   0.0360  -0.9786
   0.0318   0.0318   0.0318   0.0318   0.0318   0.0318   0.0318   0.0318
   0.4555
   0.0318   0.0318   0.0318   0.0318   0.0318   0.0318   0.0318   0.0318
  -0.9786   0.0360   0.0360   0.0360   0.0428   0.0428   0.0428   0.0318
   0.4555
   0.0318   0.0318   0.0318   0.0318   0.0318   0.0318   0.0318   0.0318
   0.0360  -0.9786   0.0428   0.0428   0.0318   0.0360   0.0360   0.0428
   0.4555
   0.0318   0.0318   0.0318   0.0318   0.0318   0.0318   0.0318   0.0318
   0.0360   0.0428  -0.9786   0.0428   0.0360   0.0360   0.0318   0.0428
   0.4555
   0.0318   0.0318   0.0318   0.0318   0.0318   0.0318   0.0318   0.0318
   0.0360   0.0428   0.0428  -0.9786   0.0360   0.0318   0.0360   0.0428
   0.4555
   0.0318   0.0318   0.0318   0.0318   0.0318   0.0318   0.0318   0.0318
   0.0428   0.0318   0.0360   0.0360  -0.9786   0.0428   0.0428   0.0360
   0.4555
   0.0318   0.0318   0.0318   0.0318   0.0318   0.0318   0.0318   0.0318
   0.0428   0.0360   0.0360   0.0318   0.0428  -0.9786   0.0428   0.0360
   0.4555
   0.0318   0.0318   0.0318   0.0318   0.0318   0.0318   0.0318   0.0318
   0.0428   0.0360   0.0318   0.0360   0.0428   0.0428  -0.9786   0.0360
   0.4555
   0.0318   0.0318   0.0318   0.0318   0.0318   0.0318   0.0318   0.0318
   0.0318   0.0428   0.0428   0.0428   0.0360   0.0360   0.0360  -0.9786
   0.4555
   0.4555   0.4555   0.4555   0.4555   0.4555   0.4555   0.4555   0.4555
   0.4555   0.4555   0.4555   0.4555   0.4555   0.4555   0.4555   0.4555
  -7.2872
 
 
  CHI Matrix 
 
  -0.2953   0.0118   0.0118   0.0118  -0.0011  -0.0011  -0.0011  -0.0048
  -0.0048  -0.0048  -0.0048  -0.0048  -0.0048  -0.0048  -0.0048  -0.0048
   0.3061
   0.0118  -0.2953  -0.0011  -0.0011  -0.0048   0.0118   0.0118  -0.0011
  -0.0048  -0.0048  -0.0048  -0.0048  -0.0048  -0.0048  -0.0048  -0.0048
   0.3061
   0.0118  -0.0011  -0.2953  -0.0011   0.0118   0.0118  -0.0048  -0.0011
  -0.0048  -0.0048  -0.0048  -0.0048  -0.0048  -0.0048  -0.0048  -0.0048
   0.3061
   0.0118  -0.0011  -0.0011  -0.2953   0.0118  -0.0048   0.0118  -0.0011
  -0.0048  -0.0048  -0.0048  -0.0048  -0.0048  -0.0048  -0.0048  -0.0048
   0.3061
  -0.0011  -0.0048   0.0118   0.0118  -0.2953  -0.0011  -0.0011   0.0118
  -0.0048  -0.0048  -0.0048  -0.0048  -0.0048  -0.0048  -0.0048  -0.0048
   0.3061
  -0.0011   0.0118   0.0118  -0.0048  -0.0011  -0.2953  -0.0011   0.0118
  -0.0048  -0.0048  -0.0048  -0.0048  -0.0048  -0.0048  -0.0048  -0.0048
   0.3061
  -0.0011   0.0118  -0.0048   0.0118  -0.0011  -0.0011  -0.2953   0.0118
  -0.0048  -0.0048  -0.0048  -0.0048  -0.0048  -0.0048  -0.0048  -0.0048
   0.3061
  -0.0048  -0.0011  -0.0011  -0.0011   0.0118   0.0118   0.0118  -0.2953
  -0.0048  -0.0048  -0.0048  -0.0048  -0.0048  -0.0048  -0.0048  -0.0048
   0.3061
  -0.0048  -0.0048  -0.0048  -0.0048  -0.0048  -0.0048  -0.0048  -0.0048
  -0.2953   0.0118   0.0118   0.0118  -0.0011  -0.0011  -0.0011  -0.0048
   0.3061
  -0.0048  -0.0048  -0.0048  -0.0048  -0.0048  -0.0048  -0.0048  -0.0048
   0.0118  -0.2953  -0.0011  -0.0011  -0.0048   0.0118   0.0118  -0.0011
   0.3061
  -0.0048  -0.0048  -0.0048  -0.0048  -0.0048  -0.0048  -0.0048  -0.0048
   0.0118  -0.0011  -0.2953  -0.0011   0.0118   0.0118  -0.0048  -0.0011
   0.3061
  -0.0048  -0.0048  -0.0048  -0.0048  -0.0048  -0.0048  -0.0048  -0.0048
   0.0118  -0.0011  -0.0011  -0.2953   0.0118  -0.0048   0.0118  -0.0011
   0.3061
  -0.0048  -0.0048  -0.0048  -0.0048  -0.0048  -0.0048  -0.0048  -0.0048
  -0.0011  -0.0048   0.0118   0.0118  -0.2953  -0.0011  -0.0011   0.0118
   0.3061
  -0.0048  -0.0048  -0.0048  -0.0048  -0.0048  -0.0048  -0.0048  -0.0048
  -0.0011   0.0118   0.0118  -0.0048  -0.0011  -0.2953  -0.0011   0.0118
   0.3061
  -0.0048  -0.0048  -0.0048  -0.0048  -0.0048  -0.0048  -0.0048  -0.0048
  -0.0011   0.0118  -0.0048   0.0118  -0.0011  -0.0011  -0.2953   0.0118
   0.3061
  -0.0048  -0.0048  -0.0048  -0.0048  -0.0048  -0.0048  -0.0048  -0.0048
  -0.0048  -0.0011  -0.0011  -0.0011   0.0118   0.0118   0.0118  -0.2953
   0.3061
   0.3061   0.3061   0.3061   0.3061   0.3061   0.3061   0.3061   0.3061
   0.3061   0.3061   0.3061   0.3061   0.3061   0.3061   0.3061   0.3061
  -4.8975
 
 
  CHI0^-1 - CHI^-1 Matrix 
 
    2.2842    0.0011    0.0011    0.0011   -0.1475   -0.1475   -0.1475   -0.1871
   -0.2068   -0.2068   -0.2068   -0.2068   -0.2068   -0.2068   -0.2068   -0.2068
   -0.0037
    0.0011    2.2842   -0.1475   -0.1475   -0.1871    0.0011    0.0011   -0.1475
   -0.2068   -0.2068   -0.2068   -0.2068   -0.2068   -0.2068   -0.2068   -0.2068
   -0.0037
    0.0011   -0.1475    2.2842   -0.1475    0.0011    0.0011   -0.1871   -0.1475
   -0.2068   -0.2068   -0.2068   -0.2068   -0.2068   -0.2068   -0.2068   -0.2068
   -0.0037
    0.0011   -0.1475   -0.1475    2.2842    0.0011   -0.1871    0.0011   -0.1475
   -0.2068   -0.2068   -0.2068   -0.2068   -0.2068   -0.2068   -0.2068   -0.2068
   -0.0037
   -0.1475   -0.1871    0.0011    0.0011    2.2842   -0.1475   -0.1475    0.0011
   -0.2068   -0.2068   -0.2068   -0.2068   -0.2068   -0.2068   -0.2068   -0.2068
   -0.0037
   -0.1475    0.0011    0.0011   -0.1871   -0.1475    2.2842   -0.1475    0.0011
   -0.2068   -0.2068   -0.2068   -0.2068   -0.2068   -0.2068   -0.2068   -0.2068
   -0.0037
   -0.1475    0.0011   -0.1871    0.0011   -0.1475   -0.1475    2.2842    0.0011
   -0.2068   -0.2068   -0.2068   -0.2068   -0.2068   -0.2068   -0.2068   -0.2068
   -0.0037
   -0.1871   -0.1475   -0.1475   -0.1475    0.0011    0.0011    0.0011    2.2842
   -0.2068   -0.2068   -0.2068   -0.2068   -0.2068   -0.2068   -0.2068   -0.2068
   -0.0037
   -0.2068   -0.2068   -0.2068   -0.2068   -0.2068   -0.2068   -0.2068   -0.2068
    2.2842    0.0011    0.0011    0.0011   -0.1475   -0.1475   -0.1475   -0.1871
   -0.0037
   -0.2068   -0.2068   -0.2068   -0.2068   -0.2068   -0.2068   -0.2068   -0.2068
    0.0011    2.2842   -0.1475   -0.1475   -0.1871    0.0011    0.0011   -0.1475
   -0.0037
   -0.2068   -0.2068   -0.2068   -0.2068   -0.2068   -0.2068   -0.2068   -0.2068
    0.0011   -0.1475    2.2842   -0.1475    0.0011    0.0011   -0.1871   -0.1475
   -0.0037
   -0.2068   -0.2068   -0.2068   -0.2068   -0.2068   -0.2068   -0.2068   -0.2068
    0.0011   -0.1475   -0.1475    2.2842    0.0011   -0.1871    0.0011   -0.1475
   -0.0037
   -0.2068   -0.2068   -0.2068   -0.2068   -0.2068   -0.2068   -0.2068   -0.2068
   -0.1475   -0.1871    0.0011    0.0011    2.2842   -0.1475   -0.1475    0.0011
   -0.0037
   -0.2068   -0.2068   -0.2068   -0.2068   -0.2068   -0.2068   -0.2068   -0.2068
   -0.1475    0.0011    0.0011   -0.1871   -0.1475    2.2842   -0.1475    0.0011
   -0.0037
   -0.2068   -0.2068   -0.2068   -0.2068   -0.2068   -0.2068   -0.2068   -0.2068
   -0.1475    0.0011   -0.1871    0.0011   -0.1475   -0.1475    2.2842    0.0011
   -0.0037
   -0.2068   -0.2068   -0.2068   -0.2068   -0.2068   -0.2068   -0.2068   -0.2068
   -0.1871   -0.1475   -0.1475   -0.1475    0.0011    0.0011    0.0011    2.2842
   -0.0037
   -0.0037   -0.0037   -0.0037   -0.0037   -0.0037   -0.0037   -0.0037   -0.0037
   -0.0037   -0.0037   -0.0037   -0.0037   -0.0037   -0.0037   -0.0037   -0.0037
    0.0593
  type:            1  U0 =    2.28417593831141     
 
 
 
  Extrapolation to a supercell            3           3           3
 
  number of atoms in the supercell:         432
 
 
  type1:            1  type2:            1
 
  number of shells:           28
 
  shell  #n: pc, sc, spinp   dist       chi_pc     chi_sc 
 
    1        1   1   0        0.0000    -0.9786    -0.9786
    2        3   6   0        5.0000     0.0360     0.0180
    3        3  12   0        7.0711     0.0428     0.0107
    4        1   8   0        8.6603     0.0318     0.0040
    5        8   8   0        4.3301     0.0318     0.0318
    6        0  24   0        8.2916     0.0000     0.0000
    7        0  24   0       10.8972     0.0000     0.0000
    8        0  32   0       12.9904     0.0000     0.0000
    9        0   6   0       10.0000     0.0000     0.0000
   10        0  24   0       11.1803     0.0000     0.0000
   11        0  27   0       15.0000     0.0000     0.0000
   12        0  12   0       15.8114     0.0000     0.0000
   13        0  24   0       12.2474     0.0000     0.0000
   14        0  12   0       16.5831     0.0000     0.0000
   15        0  48   0       14.7902     0.0000     0.0000
   16        0  24   0       16.3936     0.0000     0.0000
   17        0  12   0       14.1421     0.0000     0.0000
   18        0  12   0       18.0278     0.0000     0.0000
   19        0   3   0       21.2132     0.0000     0.0000
   20        0  24   0       18.7083     0.0000     0.0000
   21        0   6   0       21.7945     0.0000     0.0000
   22        0  24   0       17.8536     0.0000     0.0000
   23        0  24   0       19.2029     0.0000     0.0000
   24        0   8   0       17.3205     0.0000     0.0000
   25        0  12   0       20.6155     0.0000     0.0000
   26        0   6   0       23.4521     0.0000     0.0000
   27        0   1   0       25.9808     0.0000     0.0000
   28        0   8   0       21.6506     0.0000     0.0000
 
  CHI0 Matrix 
 
  1   1   0   0     1     1     0.000000    -0.978619
  1   1   0   0     1     2     5.000000     0.018011
  1   1   0   0     1     3     5.000000     0.018011
  1   1   0   0     1     4     5.000000     0.018011
  1   1   0   0     1     5     7.071068     0.010712
  1   1   0   0     1     6     7.071068     0.010712
  1   1   0   0     1     7     7.071068     0.010712
  1   1   0   0     1     8     8.660254     0.003980
  1   1   0   0     1     9     4.330127     0.031839
  1   1   0   0     1    10     8.291562     0.000000
  1   1   0   0     1    11     8.291562     0.000000
  1   1   0   0     1    12     8.291562     0.000000
  1   1   0   0     1    13    10.897247     0.000000
  1   1   0   0     1    14    10.897247     0.000000
  1   1   0   0     1    15    10.897247     0.000000
  1   1   0   0     1    16    12.990381     0.000000
  1   1   0   0     1    17    10.000000     0.000000
  1   1   0   0     1    18    11.180340     0.000000
  1   1   0   0     1    19    11.180340     0.000000
  1   1   0   0     1    20    15.000000     0.000000
  1   1   0   0     1    21    15.811388     0.000000
  1   1   0   0     1    22    12.247449     0.000000
  1   1   0   0     1    23    15.811388     0.000000
  1   1   0   0     1    24    16.583124     0.000000
  1   1   0   0     1    25    12.990381     0.000000
  1   1   0   0     1    26    14.790199     0.000000
  1   1   0   0     1    27    14.790199     0.000000
  1   1   0   0     1    28    12.990381     0.000000
  1   1   0   0     1    29    14.790199     0.000000
  1   1   0   0     1    30    16.393596     0.000000
  1   1   0   0     1    31    14.790199     0.000000
  1   1   0   0     1    32    16.393596     0.000000
  1   1   0   0     1    33    10.000000     0.000000
  1   1   0   0     1    34    11.180340     0.000000
  1   1   0   0     1    35    11.180340     0.000000
  1   1   0   0     1    36     5.000000     0.018011
  1   1   0   0     1    37     7.071068     0.010712
  1   1   0   0     1    38    12.247449     0.000000
  1   1   0   0     1    39     7.071068     0.010712
  1   1   0   0     1    40     8.660254     0.003980
  1   1   0   0     1    41     8.291562     0.000000
  1   1   0   0     1    42    10.897247     0.000000
  1   1   0   0     1    43    10.897247     0.000000
  1   1   0   0     1    44     4.330127     0.031839
  1   1   0   0     1    45     8.291562     0.000000
  1   1   0   0     1    46    12.990381     0.000000
  1   1   0   0     1    47     8.291562     0.000000
  1   1   0   0     1    48    10.897247     0.000000
  1   1   0   0     1    49    10.000000     0.000000
  1   1   0   0     1    50    11.180340     0.000000
  1   1   0   0     1    51    15.000000     0.000000
  1   1   0   0     1    52    11.180340     0.000000
  1   1   0   0     1    53    15.811388     0.000000
  1   1   0   0     1    54    15.811388     0.000000
  1   1   0   0     1    55    12.247449     0.000000
  1   1   0   0     1    56    16.583124     0.000000
  1   1   0   0     1    57    12.990381     0.000000
  1   1   0   0     1    58    14.790199     0.000000
  1   1   0   0     1    59    12.990381     0.000000
  1   1   0   0     1    60    14.790199     0.000000
  1   1   0   0     1    61    14.790199     0.000000
  1   1   0   0     1    62    14.790199     0.000000
  1   1   0   0     1    63    16.393596     0.000000
  1   1   0   0     1    64    16.393596     0.000000
  1   1   0   0     1    65    14.142136     0.000000
  1   1   0   0     1    66    15.000000     0.000000
  1   1   0   0     1    67    18.027756     0.000000
  1   1   0   0     1    68    18.027756     0.000000
  1   1   0   0     1    69    21.213203     0.000000
  1   1   0   0     1    70    18.708287     0.000000
  1   1   0   0     1    71    18.708287     0.000000
  1   1   0   0     1    72    21.794495     0.000000
  1   1   0   0     1    73    17.853571     0.000000
  1   1   0   0     1    74    19.202864     0.000000
  1   1   0   0     1    75    17.853571     0.000000
  1   1   0   0     1    76    17.853571     0.000000
  1   1   0   0     1    77    17.853571     0.000000
  1   1   0   0     1    78    19.202864     0.000000
  1   1   0   0     1    79    19.202864     0.000000
  1   1   0   0     1    80    19.202864     0.000000
  1   1   0   0     1    81    14.142136     0.000000
  1   1   0   0     1    82    15.000000     0.000000
  1   1   0   0     1    83    18.027756     0.000000
  1   1   0   0     1    84    11.180340     0.000000
  1   1   0   0     1    85    15.811388     0.000000
  1   1   0   0     1    86    18.708287     0.000000
  1   1   0   0     1    87    12.247449     0.000000
  1   1   0   0     1    88    16.583124     0.000000
  1   1   0   0     1    89    14.790199     0.000000
  1   1   0   0     1    90    16.393596     0.000000
  1   1   0   0     1    91    14.790199     0.000000
  1   1   0   0     1    92    12.990381     0.000000
  1   1   0   0     1    93    12.990381     0.000000
  1   1   0   0     1    94    16.393596     0.000000
  1   1   0   0     1    95    14.790199     0.000000
  1   1   0   0     1    96    14.790199     0.000000
  1   1   0   0     1    97    10.000000     0.000000
  1   1   0   0     1    98    11.180340     0.000000
  1   1   0   0     1    99     5.000000     0.018011
  1   1   0   0     1   100    11.180340     0.000000
  1   1   0   0     1   101     7.071068     0.010712
  1   1   0   0     1   102     7.071068     0.010712
  1   1   0   0     1   103    12.247449     0.000000
  1   1   0   0     1   104     8.660254     0.003980
  1   1   0   0     1   105     8.291562     0.000000
  1   1   0   0     1   106    10.897247     0.000000
  1   1   0   0     1   107     4.330127     0.031839
  1   1   0   0     1   108    10.897247     0.000000
  1   1   0   0     1   109     8.291562     0.000000
  1   1   0   0     1   110     8.291562     0.000000
  1   1   0   0     1   111    12.990381     0.000000
  1   1   0   0     1   112    10.897247     0.000000
  1   1   0   0     1   113    14.142136     0.000000
  1   1   0   0     1   114    15.000000     0.000000
  1   1   0   0     1   115    11.180340     0.000000
  1   1   0   0     1   116    18.027756     0.000000
  1   1   0   0     1   117    15.811388     0.000000
  1   1   0   0     1   118    12.247449     0.000000
  1   1   0   0     1   119    18.708287     0.000000
  1   1   0   0     1   120    16.583124     0.000000
  1   1   0   0     1   121    14.790199     0.000000
  1   1   0   0     1   122    16.393596     0.000000
  1   1   0   0     1   123    12.990381     0.000000
  1   1   0   0     1   124    14.790199     0.000000
  1   1   0   0     1   125    12.990381     0.000000
  1   1   0   0     1   126    14.790199     0.000000
  1   1   0   0     1   127    16.393596     0.000000
  1   1   0   0     1   128    14.790199     0.000000
  1   1   0   0     1   129    14.142136     0.000000
  1   1   0   0     1   130    15.000000     0.000000
  1   1   0   0     1   131    11.180340     0.000000
  1   1   0   0     1   132    11.180340     0.000000
  1   1   0   0     1   133     7.071068     0.010712
  1   1   0   0     1   134    12.247449     0.000000
  1   1   0   0     1   135    12.247449     0.000000
  1   1   0   0     1   136     8.660254     0.003980
  1   1   0   0     1   137    10.897247     0.000000
  1   1   0   0     1   138    12.990381     0.000000
  1   1   0   0     1   139     8.291562     0.000000
  1   1   0   0     1   140     8.291562     0.000000
  1   1   0   0     1   141     4.330127     0.031839
  1   1   0   0     1   142    10.897247     0.000000
  1   1   0   0     1   143    10.897247     0.000000
  1   1   0   0     1   144     8.291562     0.000000
  1   1   0   0     1   145    10.000000     0.000000
  1   1   0   0     1   146    15.000000     0.000000
  1   1   0   0     1   147    11.180340     0.000000
  1   1   0   0     1   148    11.180340     0.000000
  1   1   0   0     1   149    12.247449     0.000000
  1   1   0   0     1   150    15.811388     0.000000
  1   1   0   0     1   151    15.811388     0.000000
  1   1   0   0     1   152    16.583124     0.000000
  1   1   0   0     1   153    12.990381     0.000000
  1   1   0   0     1   154    12.990381     0.000000
  1   1   0   0     1   155    14.790199     0.000000
  1   1   0   0     1   156    14.790199     0.000000
  1   1   0   0     1   157    16.393596     0.000000
  1   1   0   0     1   158    14.790199     0.000000
  1   1   0   0     1   159    14.790199     0.000000
  1   1   0   0     1   160    16.393596     0.000000
  1   1   0   0     1   161    14.142136     0.000000
  1   1   0   0     1   162    18.027756     0.000000
  1   1   0   0     1   163    15.000000     0.000000
  1   1   0   0     1   164    18.027756     0.000000
  1   1   0   0     1   165    18.708287     0.000000
  1   1   0   0     1   166    18.708287     0.000000
  1   1   0   0     1   167    21.213203     0.000000
  1   1   0   0     1   168    21.794495     0.000000
  1   1   0   0     1   169    17.853571     0.000000
  1   1   0   0     1   170    17.853571     0.000000
  1   1   0   0     1   171    19.202864     0.000000
  1   1   0   0     1   172    17.853571     0.000000
  1   1   0   0     1   173    19.202864     0.000000
  1   1   0   0     1   174    19.202864     0.000000
  1   1   0   0     1   175    17.853571     0.000000
  1   1   0   0     1   176    19.202864     0.000000
  1   1   0   0     1   177    14.142136     0.000000
  1   1   0   0     1   178    18.027756     0.000000
  1   1   0   0     1   179    15.000000     0.000000
  1   1   0   0     1   180    11.180340     0.000000
  1   1   0   0     1   181    12.247449     0.000000
  1   1   0   0     1   182    18.708287     0.000000
  1   1   0   0     1   183    15.811388     0.000000
  1   1   0   0     1   184    16.583124     0.000000
  1   1   0   0     1   185    14.790199     0.000000
  1   1   0   0     1   186    14.790199     0.000000
  1   1   0   0     1   187    16.393596     0.000000
  1   1   0   0     1   188    12.990381     0.000000
  1   1   0   0     1   189    14.790199     0.000000
  1   1   0   0     1   190    16.393596     0.000000
  1   1   0   0     1   191    12.990381     0.000000
  1   1   0   0     1   192    14.790199     0.000000
  1   1   0   0     1   193    14.142136     0.000000
  1   1   0   0     1   194    18.027756     0.000000
  1   1   0   0     1   195    18.027756     0.000000
  1   1   0   0     1   196    15.000000     0.000000
  1   1   0   0     1   197    18.708287     0.000000
  1   1   0   0     1   198    21.213203     0.000000
  1   1   0   0     1   199    18.708287     0.000000
  1   1   0   0     1   200    21.794495     0.000000
  1   1   0   0     1   201    17.853571     0.000000
  1   1   0   0     1   202    17.853571     0.000000
  1   1   0   0     1   203    17.853571     0.000000
  1   1   0   0     1   204    19.202864     0.000000
  1   1   0   0     1   205    19.202864     0.000000
  1   1   0   0     1   206    17.853571     0.000000
  1   1   0   0     1   207    19.202864     0.000000
  1   1   0   0     1   208    19.202864     0.000000
  1   1   0   0     1   209    17.320508     0.000000
  1   1   0   0     1   210    20.615528     0.000000
  1   1   0   0     1   211    20.615528     0.000000
  1   1   0   0     1   212    20.615528     0.000000
  1   1   0   0     1   213    23.452079     0.000000
  1   1   0   0     1   214    23.452079     0.000000
  1   1   0   0     1   215    23.452079     0.000000
  1   1   0   0     1   216    25.980762     0.000000
  1   1   0   0     1   217    21.650635     0.000000
  1   1   0   0     1   218    21.650635     0.000000
  1   1   0   0     1   219    21.650635     0.000000
  1   1   0   0     1   220    21.650635     0.000000
  1   1   0   0     1   221    21.650635     0.000000
  1   1   0   0     1   222    21.650635     0.000000
  1   1   0   0     1   223    21.650635     0.000000
  1   1   0   0     1   224    21.650635     0.000000
  1   1   0   0     1   225    17.320508     0.000000
  1   1   0   0     1   226    20.615528     0.000000
  1   1   0   0     1   227    20.615528     0.000000
  1   1   0   0     1   228    15.000000     0.000000
  1   1   0   0     1   229    18.708287     0.000000
  1   1   0   0     1   230    23.452079     0.000000
  1   1   0   0     1   231    18.708287     0.000000
  1   1   0   0     1   232    21.794495     0.000000
  1   1   0   0     1   233    19.202864     0.000000
  1   1   0   0     1   234    19.202864     0.000000
  1   1   0   0     1   235    19.202864     0.000000
  1   1   0   0     1   236    17.853571     0.000000
  1   1   0   0     1   237    17.853571     0.000000
  1   1   0   0     1   238    19.202864     0.000000
  1   1   0   0     1   239    17.853571     0.000000
  1   1   0   0     1   240    17.853571     0.000000
  1   1   0   0     1   241    14.142136     0.000000
  1   1   0   0     1   242    18.027756     0.000000
  1   1   0   0     1   243    11.180340     0.000000
  1   1   0   0     1   244    15.000000     0.000000
  1   1   0   0     1   245    12.247449     0.000000
  1   1   0   0     1   246    15.811388     0.000000
  1   1   0   0     1   247    18.708287     0.000000
  1   1   0   0     1   248    16.583124     0.000000
  1   1   0   0     1   249    14.790199     0.000000
  1   1   0   0     1   250    14.790199     0.000000
  1   1   0   0     1   251    12.990381     0.000000
  1   1   0   0     1   252    16.393596     0.000000
  1   1   0   0     1   253    14.790199     0.000000
  1   1   0   0     1   254    12.990381     0.000000
  1   1   0   0     1   255    16.393596     0.000000
  1   1   0   0     1   256    14.790199     0.000000
  1   1   0   0     1   257    17.320508     0.000000
  1   1   0   0     1   258    20.615528     0.000000
  1   1   0   0     1   259    15.000000     0.000000
  1   1   0   0     1   260    20.615528     0.000000
  1   1   0   0     1   261    18.708287     0.000000
  1   1   0   0     1   262    18.708287     0.000000
  1   1   0   0     1   263    23.452079     0.000000
  1   1   0   0     1   264    21.794495     0.000000
  1   1   0   0     1   265    19.202864     0.000000
  1   1   0   0     1   266    19.202864     0.000000
  1   1   0   0     1   267    17.853571     0.000000
  1   1   0   0     1   268    19.202864     0.000000
  1   1   0   0     1   269    17.853571     0.000000
  1   1   0   0     1   270    17.853571     0.000000
  1   1   0   0     1   271    19.202864     0.000000
  1   1   0   0     1   272    17.853571     0.000000
  1   1   0   0     1   273    17.320508     0.000000
  1   1   0   0     1   274    20.615528     0.000000
  1   1   0   0     1   275    15.000000     0.000000
  1   1   0   0     1   276    15.000000     0.000000
  1   1   0   0     1   277    12.247449     0.000000
  1   1   0   0     1   278    18.708287     0.000000
  1   1   0   0     1   279    18.708287     0.000000
  1   1   0   0     1   280    16.583124     0.000000
  1   1   0   0     1   281    16.393596     0.000000
  1   1   0   0     1   282    16.393596     0.000000
  1   1   0   0     1   283    14.790199     0.000000
  1   1   0   0     1   284    14.790199     0.000000
  1   1   0   0     1   285    12.990381     0.000000
  1   1   0   0     1   286    14.790199     0.000000
  1   1   0   0     1   287    14.790199     0.000000
  1   1   0   0     1   288    12.990381     0.000000
  1   1   0   0     1   289    10.000000     0.000000
  1   1   0   0     1   290     5.000000     0.018011
  1   1   0   0     1   291    11.180340     0.000000
  1   1   0   0     1   292    11.180340     0.000000
  1   1   0   0     1   293    12.247449     0.000000
  1   1   0   0     1   294     7.071068     0.010712
  1   1   0   0     1   295     7.071068     0.010712
  1   1   0   0     1   296     8.660254     0.003980
  1   1   0   0     1   297     8.291562     0.000000
  1   1   0   0     1   298     4.330127     0.031839
  1   1   0   0     1   299    10.897247     0.000000
  1   1   0   0     1   300    10.897247     0.000000
  1   1   0   0     1   301    12.990381     0.000000
  1   1   0   0     1   302     8.291562     0.000000
  1   1   0   0     1   303     8.291562     0.000000
  1   1   0   0     1   304    10.897247     0.000000
  1   1   0   0     1   305    14.142136     0.000000
  1   1   0   0     1   306    11.180340     0.000000
  1   1   0   0     1   307    15.000000     0.000000
  1   1   0   0     1   308    18.027756     0.000000
  1   1   0   0     1   309    18.708287     0.000000
  1   1   0   0     1   310    12.247449     0.000000
  1   1   0   0     1   311    15.811388     0.000000
  1   1   0   0     1   312    16.583124     0.000000
  1   1   0   0     1   313    14.790199     0.000000
  1   1   0   0     1   314    12.990381     0.000000
  1   1   0   0     1   315    16.393596     0.000000
  1   1   0   0     1   316    14.790199     0.000000
  1   1   0   0     1   317    16.393596     0.000000
  1   1   0   0     1   318    14.790199     0.000000
  1   1   0   0     1   319    12.990381     0.000000
  1   1   0   0     1   320    14.790199     0.000000
  1   1   0   0     1   321    14.142136     0.000000
  1   1   0   0     1   322    11.180340     0.000000
  1   1   0   0     1   323    15.000000     0.000000
  1   1   0   0     1   324    11.180340     0.000000
  1   1   0   0     1   325    12.247449     0.000000
  1   1   0   0     1   326    12.247449     0.000000
  1   1   0   0     1   327     7.071068     0.010712
  1   1   0   0     1   328     8.660254     0.003980
  1   1   0   0     1   329    10.897247     0.000000
  1   1   0   0     1   330     8.291562     0.000000
  1   1   0   0     1   331    12.990381     0.000000
  1   1   0   0     1   332     8.291562     0.000000
  1   1   0   0     1   333    10.897247     0.000000
  1   1   0   0     1   334    10.897247     0.000000
  1   1   0   0     1   335     4.330127     0.031839
  1   1   0   0     1   336     8.291562     0.000000
  1   1   0   0     1   337    14.142136     0.000000
  1   1   0   0     1   338    11.180340     0.000000
  1   1   0   0     1   339    18.027756     0.000000
  1   1   0   0     1   340    15.000000     0.000000
  1   1   0   0     1   341    18.708287     0.000000
  1   1   0   0     1   342    15.811388     0.000000
  1   1   0   0     1   343    12.247449     0.000000
  1   1   0   0     1   344    16.583124     0.000000
  1   1   0   0     1   345    14.790199     0.000000
  1   1   0   0     1   346    12.990381     0.000000
  1   1   0   0     1   347    14.790199     0.000000
  1   1   0   0     1   348    16.393596     0.000000
  1   1   0   0     1   349    16.393596     0.000000
  1   1   0   0     1   350    12.990381     0.000000
  1   1   0   0     1   351    14.790199     0.000000
  1   1   0   0     1   352    14.790199     0.000000
  1   1   0   0     1   353    17.320508     0.000000
  1   1   0   0     1   354    15.000000     0.000000
  1   1   0   0     1   355    20.615528     0.000000
  1   1   0   0     1   356    20.615528     0.000000
  1   1   0   0     1   357    23.452079     0.000000
  1   1   0   0     1   358    18.708287     0.000000
  1   1   0   0     1   359    18.708287     0.000000
  1   1   0   0     1   360    21.794495     0.000000
  1   1   0   0     1   361    19.202864     0.000000
  1   1   0   0     1   362    17.853571     0.000000
  1   1   0   0     1   363    19.202864     0.000000
  1   1   0   0     1   364    19.202864     0.000000
  1   1   0   0     1   365    19.202864     0.000000
  1   1   0   0     1   366    17.853571     0.000000
  1   1   0   0     1   367    17.853571     0.000000
  1   1   0   0     1   368    17.853571     0.000000
  1   1   0   0     1   369    17.320508     0.000000
  1   1   0   0     1   370    15.000000     0.000000
  1   1   0   0     1   371    20.615528     0.000000
  1   1   0   0     1   372    15.000000     0.000000
  1   1   0   0     1   373    18.708287     0.000000
  1   1   0   0     1   374    18.708287     0.000000
  1   1   0   0     1   375    12.247449     0.000000
  1   1   0   0     1   376    16.583124     0.000000
  1   1   0   0     1   377    16.393596     0.000000
  1   1   0   0     1   378    14.790199     0.000000
  1   1   0   0     1   379    16.393596     0.000000
  1   1   0   0     1   380    14.790199     0.000000
  1   1   0   0     1   381    14.790199     0.000000
  1   1   0   0     1   382    14.790199     0.000000
  1   1   0   0     1   383    12.990381     0.000000
  1   1   0   0     1   384    12.990381     0.000000
  1   1   0   0     1   385    14.142136     0.000000
  1   1   0   0     1   386    11.180340     0.000000
  1   1   0   0     1   387    11.180340     0.000000
  1   1   0   0     1   388    15.000000     0.000000
  1   1   0   0     1   389    12.247449     0.000000
  1   1   0   0     1   390     7.071068     0.010712
  1   1   0   0     1   391    12.247449     0.000000
  1   1   0   0     1   392     8.660254     0.003980
  1   1   0   0     1   393    10.897247     0.000000
  1   1   0   0     1   394     8.291562     0.000000
  1   1   0   0     1   395     8.291562     0.000000
  1   1   0   0     1   396    12.990381     0.000000
  1   1   0   0     1   397    10.897247     0.000000
  1   1   0   0     1   398     4.330127     0.031839
  1   1   0   0     1   399    10.897247     0.000000
  1   1   0   0     1   400     8.291562     0.000000
  1   1   0   0     1   401    17.320508     0.000000
  1   1   0   0     1   402    15.000000     0.000000
  1   1   0   0     1   403    15.000000     0.000000
  1   1   0   0     1   404    20.615528     0.000000
  1   1   0   0     1   405    18.708287     0.000000
  1   1   0   0     1   406    12.247449     0.000000
  1   1   0   0     1   407    18.708287     0.000000
  1   1   0   0     1   408    16.583124     0.000000
  1   1   0   0     1   409    16.393596     0.000000
  1   1   0   0     1   410    14.790199     0.000000
  1   1   0   0     1   411    14.790199     0.000000
  1   1   0   0     1   412    16.393596     0.000000
  1   1   0   0     1   413    14.790199     0.000000
  1   1   0   0     1   414    12.990381     0.000000
  1   1   0   0     1   415    14.790199     0.000000
  1   1   0   0     1   416    12.990381     0.000000
  1   1   0   0     1   417    17.320508     0.000000
  1   1   0   0     1   418    15.000000     0.000000
  1   1   0   0     1   419    15.000000     0.000000
  1   1   0   0     1   420    15.000000     0.000000
  1   1   0   0     1   421    12.247449     0.000000
  1   1   0   0     1   422    12.247449     0.000000
  1   1   0   0     1   423    12.247449     0.000000
  1   1   0   0     1   424     8.660254     0.003980
  1   1   0   0     1   425    12.990381     0.000000
  1   1   0   0     1   426    10.897247     0.000000
  1   1   0   0     1   427    10.897247     0.000000
  1   1   0   0     1   428    10.897247     0.000000
  1   1   0   0     1   429     8.291562     0.000000
  1   1   0   0     1   430     8.291562     0.000000
  1   1   0   0     1   431     8.291562     0.000000
  1   1   0   0     1   432     4.330127     0.031839
 
  CHI Matrix 
 
  1   1   0   0     1     1     0.000000    -0.295280
  1   1   0   0     1     2     5.000000     0.005908
  1   1   0   0     1     3     5.000000     0.005908
  1   1   0   0     1     4     5.000000     0.005908
  1   1   0   0     1     5     7.071068    -0.000286
  1   1   0   0     1     6     7.071068    -0.000286
  1   1   0   0     1     7     7.071068    -0.000286
  1   1   0   0     1     8     8.660254    -0.000595
  1   1   0   0     1     9     4.330127    -0.004758
  1   1   0   0     1    10     8.291562     0.000000
  1   1   0   0     1    11     8.291562     0.000000
  1   1   0   0     1    12     8.291562     0.000000
  1   1   0   0     1    13    10.897247     0.000000
  1   1   0   0     1    14    10.897247     0.000000
  1   1   0   0     1    15    10.897247     0.000000
  1   1   0   0     1    16    12.990381     0.000000
  1   1   0   0     1    17    10.000000     0.000000
  1   1   0   0     1    18    11.180340     0.000000
  1   1   0   0     1    19    11.180340     0.000000
  1   1   0   0     1    20    15.000000     0.000000
  1   1   0   0     1    21    15.811388     0.000000
  1   1   0   0     1    22    12.247449     0.000000
  1   1   0   0     1    23    15.811388     0.000000
  1   1   0   0     1    24    16.583124     0.000000
  1   1   0   0     1    25    12.990381     0.000000
  1   1   0   0     1    26    14.790199     0.000000
  1   1   0   0     1    27    14.790199     0.000000
  1   1   0   0     1    28    12.990381     0.000000
  1   1   0   0     1    29    14.790199     0.000000
  1   1   0   0     1    30    16.393596     0.000000
  1   1   0   0     1    31    14.790199     0.000000
  1   1   0   0     1    32    16.393596     0.000000
  1   1   0   0     1    33    10.000000     0.000000
  1   1   0   0     1    34    11.180340     0.000000
  1   1   0   0     1    35    11.180340     0.000000
  1   1   0   0     1    36     5.000000     0.005908
  1   1   0   0     1    37     7.071068    -0.000286
  1   1   0   0     1    38    12.247449     0.000000
  1   1   0   0     1    39     7.071068    -0.000286
  1   1   0   0     1    40     8.660254    -0.000595
  1   1   0   0     1    41     8.291562     0.000000
  1   1   0   0     1    42    10.897247     0.000000
  1   1   0   0     1    43    10.897247     0.000000
  1   1   0   0     1    44     4.330127    -0.004758
  1   1   0   0     1    45     8.291562     0.000000
  1   1   0   0     1    46    12.990381     0.000000
  1   1   0   0     1    47     8.291562     0.000000
  1   1   0   0     1    48    10.897247     0.000000
  1   1   0   0     1    49    10.000000     0.000000
  1   1   0   0     1    50    11.180340     0.000000
  1   1   0   0     1    51    15.000000     0.000000
  1   1   0   0     1    52    11.180340     0.000000
  1   1   0   0     1    53    15.811388     0.000000
  1   1   0   0     1    54    15.811388     0.000000
  1   1   0   0     1    55    12.247449     0.000000
  1   1   0   0     1    56    16.583124     0.000000
  1   1   0   0     1    57    12.990381     0.000000
  1   1   0   0     1    58    14.790199     0.000000
  1   1   0   0     1    59    12.990381     0.000000
  1   1   0   0     1    60    14.790199     0.000000
  1   1   0   0     1    61    14.790199     0.000000
  1   1   0   0     1    62    14.790199     0.000000
  1   1   0   0     1    63    16.393596     0.000000
  1   1   0   0     1    64    16.393596     0.000000
  1   1   0   0     1    65    14.142136     0.000000
  1   1   0   0     1    66    15.000000     0.000000
  1   1   0   0     1    67    18.027756     0.000000
  1   1   0   0     1    68    18.027756     0.000000
  1   1   0   0     1    69    21.213203     0.000000
  1   1   0   0     1    70    18.708287     0.000000
  1   1   0   0     1    71    18.708287     0.000000
  1   1   0   0     1    72    21.794495     0.000000
  1   1   0   0     1    73    17.853571     0.000000
  1   1   0   0     1    74    19.202864     0.000000
  1   1   0   0     1    75    17.853571     0.000000
  1   1   0   0     1    76    17.853571     0.000000
  1   1   0   0     1    77    17.853571     0.000000
  1   1   0   0     1    78    19.202864     0.000000
  1   1   0   0     1    79    19.202864     0.000000
  1   1   0   0     1    80    19.202864     0.000000
  1   1   0   0     1    81    14.142136     0.000000
  1   1   0   0     1    82    15.000000     0.000000
  1   1   0   0     1    83    18.027756     0.000000
  1   1   0   0     1    84    11.180340     0.000000
  1   1   0   0     1    85    15.811388     0.000000
  1   1   0   0     1    86    18.708287     0.000000
  1   1   0   0     1    87    12.247449     0.000000
  1   1   0   0     1    88    16.583124     0.000000
  1   1   0   0     1    89    14.790199     0.000000
  1   1   0   0     1    90    16.393596     0.000000
  1   1   0   0     1    91    14.790199     0.000000
  1   1   0   0     1    92    12.990381     0.000000
  1   1   0   0     1    93    12.990381     0.000000
  1   1   0   0     1    94    16.393596     0.000000
  1   1   0   0     1    95    14.790199     0.000000
  1   1   0   0     1    96    14.790199     0.000000
  1   1   0   0     1    97    10.000000     0.000000
  1   1   0   0     1    98    11.180340     0.000000
  1   1   0   0     1    99     5.000000     0.005908
  1   1   0   0     1   100    11.180340     0.000000
  1   1   0   0     1   101     7.071068    -0.000286
  1   1   0   0     1   102     7.071068    -0.000286
  1   1   0   0     1   103    12.247449     0.000000
  1   1   0   0     1   104     8.660254    -0.000595
  1   1   0   0     1   105     8.291562     0.000000
  1   1   0   0     1   106    10.897247     0.000000
  1   1   0   0     1   107     4.330127    -0.004758
  1   1   0   0     1   108    10.897247     0.000000
  1   1   0   0     1   109     8.291562     0.000000
  1   1   0   0     1   110     8.291562     0.000000
  1   1   0   0     1   111    12.990381     0.000000
  1   1   0   0     1   112    10.897247     0.000000
  1   1   0   0     1   113    14.142136     0.000000
  1   1   0   0     1   114    15.000000     0.000000
  1   1   0   0     1   115    11.180340     0.000000
  1   1   0   0     1   116    18.027756     0.000000
  1   1   0   0     1   117    15.811388     0.000000
  1   1   0   0     1   118    12.247449     0.000000
  1   1   0   0     1   119    18.708287     0.000000
  1   1   0   0     1   120    16.583124     0.000000
  1   1   0   0     1   121    14.790199     0.000000
  1   1   0   0     1   122    16.393596     0.000000
  1   1   0   0     1   123    12.990381     0.000000
  1   1   0   0     1   124    14.790199     0.000000
  1   1   0   0     1   125    12.990381     0.000000
  1   1   0   0     1   126    14.790199     0.000000
  1   1   0   0     1   127    16.393596     0.000000
  1   1   0   0     1   128    14.790199     0.000000
  1   1   0   0     1   129    14.142136     0.000000
  1   1   0   0     1   130    15.000000     0.000000
  1   1   0   0     1   131    11.180340     0.000000
  1   1   0   0     1   132    11.180340     0.000000
  1   1   0   0     1   133     7.071068    -0.000286
  1   1   0   0     1   134    12.247449     0.000000
  1   1   0   0     1   135    12.247449     0.000000
  1   1   0   0     1   136     8.660254    -0.000595
  1   1   0   0     1   137    10.897247     0.000000
  1   1   0   0     1   138    12.990381     0.000000
  1   1   0   0     1   139     8.291562     0.000000
  1   1   0   0     1   140     8.291562     0.000000
  1   1   0   0     1   141     4.330127    -0.004758
  1   1   0   0     1   142    10.897247     0.000000
  1   1   0   0     1   143    10.897247     0.000000
  1   1   0   0     1   144     8.291562     0.000000
  1   1   0   0     1   145    10.000000     0.000000
  1   1   0   0     1   146    15.000000     0.000000
  1   1   0   0     1   147    11.180340     0.000000
  1   1   0   0     1   148    11.180340     0.000000
  1   1   0   0     1   149    12.247449     0.000000
  1   1   0   0     1   150    15.811388     0.000000
  1   1   0   0     1   151    15.811388     0.000000
  1   1   0   0     1   152    16.583124     0.000000
  1   1   0   0     1   153    12.990381     0.000000
  1   1   0   0     1   154    12.990381     0.000000
  1   1   0   0     1   155    14.790199     0.000000
  1   1   0   0     1   156    14.790199     0.000000
  1   1   0   0     1   157    16.393596     0.000000
  1   1   0   0     1   158    14.790199     0.000000
  1   1   0   0     1   159    14.790199     0.000000
  1   1   0   0     1   160    16.393596     0.000000
  1   1   0   0     1   161    14.142136     0.000000
  1   1   0   0     1   162    18.027756     0.000000
  1   1   0   0     1   163    15.000000     0.000000
  1   1   0   0     1   164    18.027756     0.000000
  1   1   0   0     1   165    18.708287     0.000000
  1   1   0   0     1   166    18.708287     0.000000
  1   1   0   0     1   167    21.213203     0.000000
  1   1   0   0     1   168    21.794495     0.000000
  1   1   0   0     1   169    17.853571     0.000000
  1   1   0   0     1   170    17.853571     0.000000
  1   1   0   0     1   171    19.202864     0.000000
  1   1   0   0     1   172    17.853571     0.000000
  1   1   0   0     1   173    19.202864     0.000000
  1   1   0   0     1   174    19.202864     0.000000
  1   1   0   0     1   175    17.853571     0.000000
  1   1   0   0     1   176    19.202864     0.000000
  1   1   0   0     1   177    14.142136     0.000000
  1   1   0   0     1   178    18.027756     0.000000
  1   1   0   0     1   179    15.000000     0.000000
  1   1   0   0     1   180    11.180340     0.000000
  1   1   0   0     1   181    12.247449     0.000000
  1   1   0   0     1   182    18.708287     0.000000
  1   1   0   0     1   183    15.811388     0.000000
  1   1   0   0     1   184    16.583124     0.000000
  1   1   0   0     1   185    14.790199     0.000000
  1   1   0   0     1   186    14.790199     0.000000
  1   1   0   0     1   187    16.393596     0.000000
  1   1   0   0     1   188    12.990381     0.000000
  1   1   0   0     1   189    14.790199     0.000000
  1   1   0   0     1   190    16.393596     0.000000
  1   1   0   0     1   191    12.990381     0.000000
  1   1   0   0     1   192    14.790199     0.000000
  1   1   0   0     1   193    14.142136     0.000000
  1   1   0   0     1   194    18.027756     0.000000
  1   1   0   0     1   195    18.027756     0.000000
  1   1   0   0     1   196    15.000000     0.000000
  1   1   0   0     1   197    18.708287     0.000000
  1   1   0   0     1   198    21.213203     0.000000
  1   1   0   0     1   199    18.708287     0.000000
  1   1   0   0     1   200    21.794495     0.000000
  1   1   0   0     1   201    17.853571     0.000000
  1   1   0   0     1   202    17.853571     0.000000
  1   1   0   0     1   203    17.853571     0.000000
  1   1   0   0     1   204    19.202864     0.000000
  1   1   0   0     1   205    19.202864     0.000000
  1   1   0   0     1   206    17.853571     0.000000
  1   1   0   0     1   207    19.202864     0.000000
  1   1   0   0     1   208    19.202864     0.000000
  1   1   0   0     1   209    17.320508     0.000000
  1   1   0   0     1   210    20.615528     0.000000
  1   1   0   0     1   211    20.615528     0.000000
  1   1   0   0     1   212    20.615528     0.000000
  1   1   0   0     1   213    23.452079     0.000000
  1   1   0   0     1   214    23.452079     0.000000
  1   1   0   0     1   215    23.452079     0.000000
  1   1   0   0     1   216    25.980762     0.000000
  1   1   0   0     1   217    21.650635     0.000000
  1   1   0   0     1   218    21.650635     0.000000
  1   1   0   0     1   219    21.650635     0.000000
  1   1   0   0     1   220    21.650635     0.000000
  1   1   0   0     1   221    21.650635     0.000000
  1   1   0   0     1   222    21.650635     0.000000
  1   1   0   0     1   223    21.650635     0.000000
  1   1   0   0     1   224    21.650635     0.000000
  1   1   0   0     1   225    17.320508     0.000000
  1   1   0   0     1   226    20.615528     0.000000
  1   1   0   0     1   227    20.615528     0.000000
  1   1   0   0     1   228    15.000000     0.000000
  1   1   0   0     1   229    18.708287     0.000000
  1   1   0   0     1   230    23.452079     0.000000
  1   1   0   0     1   231    18.708287     0.000000
  1   1   0   0     1   232    21.794495     0.000000
  1   1   0   0     1   233    19.202864     0.000000
  1   1   0   0     1   234    19.202864     0.000000
  1   1   0   0     1   235    19.202864     0.000000
  1   1   0   0     1   236    17.853571     0.000000
  1   1   0   0     1   237    17.853571     0.000000
  1   1   0   0     1   238    19.202864     0.000000
  1   1   0   0     1   239    17.853571     0.000000
  1   1   0   0     1   240    17.853571     0.000000
  1   1   0   0     1   241    14.142136     0.000000
  1   1   0   0     1   242    18.027756     0.000000
  1   1   0   0     1   243    11.180340     0.000000
  1   1   0   0     1   244    15.000000     0.000000
  1   1   0   0     1   245    12.247449     0.000000
  1   1   0   0     1   246    15.811388     0.000000
  1   1   0   0     1   247    18.708287     0.000000
  1   1   0   0     1   248    16.583124     0.000000
  1   1   0   0     1   249    14.790199     0.000000
  1   1   0   0     1   250    14.790199     0.000000
  1   1   0   0     1   251    12.990381     0.000000
  1   1   0   0     1   252    16.393596     0.000000
  1   1   0   0     1   253    14.790199     0.000000
  1   1   0   0     1   254    12.990381     0.000000
  1   1   0   0     1   255    16.393596     0.000000
  1   1   0   0     1   256    14.790199     0.000000
  1   1   0   0     1   257    17.320508     0.000000
  1   1   0   0     1   258    20.615528     0.000000
  1   1   0   0     1   259    15.000000     0.000000
  1   1   0   0     1   260    20.615528     0.000000
  1   1   0   0     1   261    18.708287     0.000000
  1   1   0   0     1   262    18.708287     0.000000
  1   1   0   0     1   263    23.452079     0.000000
  1   1   0   0     1   264    21.794495     0.000000
  1   1   0   0     1   265    19.202864     0.000000
  1   1   0   0     1   266    19.202864     0.000000
  1   1   0   0     1   267    17.853571     0.000000
  1   1   0   0     1   268    19.202864     0.000000
  1   1   0   0     1   269    17.853571     0.000000
  1   1   0   0     1   270    17.853571     0.000000
  1   1   0   0     1   271    19.202864     0.000000
  1   1   0   0     1   272    17.853571     0.000000
  1   1   0   0     1   273    17.320508     0.000000
  1   1   0   0     1   274    20.615528     0.000000
  1   1   0   0     1   275    15.000000     0.000000
  1   1   0   0     1   276    15.000000     0.000000
  1   1   0   0     1   277    12.247449     0.000000
  1   1   0   0     1   278    18.708287     0.000000
  1   1   0   0     1   279    18.708287     0.000000
  1   1   0   0     1   280    16.583124     0.000000
  1   1   0   0     1   281    16.393596     0.000000
  1   1   0   0     1   282    16.393596     0.000000
  1   1   0   0     1   283    14.790199     0.000000
  1   1   0   0     1   284    14.790199     0.000000
  1   1   0   0     1   285    12.990381     0.000000
  1   1   0   0     1   286    14.790199     0.000000
  1   1   0   0     1   287    14.790199     0.000000
  1   1   0   0     1   288    12.990381     0.000000
  1   1   0   0     1   289    10.000000     0.000000
  1   1   0   0     1   290     5.000000     0.005908
  1   1   0   0     1   291    11.180340     0.000000
  1   1   0   0     1   292    11.180340     0.000000
  1   1   0   0     1   293    12.247449     0.000000
  1   1   0   0     1   294     7.071068    -0.000286
  1   1   0   0     1   295     7.071068    -0.000286
  1   1   0   0     1   296     8.660254    -0.000595
  1   1   0   0     1   297     8.291562     0.000000
  1   1   0   0     1   298     4.330127    -0.004758
  1   1   0   0     1   299    10.897247     0.000000
  1   1   0   0     1   300    10.897247     0.000000
  1   1   0   0     1   301    12.990381     0.000000
  1   1   0   0     1   302     8.291562     0.000000
  1   1   0   0     1   303     8.291562     0.000000
  1   1   0   0     1   304    10.897247     0.000000
  1   1   0   0     1   305    14.142136     0.000000
  1   1   0   0     1   306    11.180340     0.000000
  1   1   0   0     1   307    15.000000     0.000000
  1   1   0   0     1   308    18.027756     0.000000
  1   1   0   0     1   309    18.708287     0.000000
  1   1   0   0     1   310    12.247449     0.000000
  1   1   0   0     1   311    15.811388     0.000000
  1   1   0   0     1   312    16.583124     0.000000
  1   1   0   0     1   313    14.790199     0.000000
  1   1   0   0     1   314    12.990381     0.000000
  1   1   0   0     1   315    16.393596     0.000000
  1   1   0   0     1   316    14.790199     0.000000
  1   1   0   0     1   317    16.393596     0.000000
  1   1   0   0     1   318    14.790199     0.000000
  1   1   0   0     1   319    12.990381     0.000000
  1   1   0   0     1   320    14.790199     0.000000
  1   1   0   0     1   321    14.142136     0.000000
  1   1   0   0     1   322    11.180340     0.000000
  1   1   0   0     1   323    15.000000     0.000000
  1   1   0   0     1   324    11.180340     0.000000
  1   1   0   0     1   325    12.247449     0.000000
  1   1   0   0     1   326    12.247449     0.000000
  1   1   0   0     1   327     7.071068    -0.000286
  1   1   0   0     1   328     8.660254    -0.000595
  1   1   0   0     1   329    10.897247     0.000000
  1   1   0   0     1   330     8.291562     0.000000
  1   1   0   0     1   331    12.990381     0.000000
  1   1   0   0     1   332     8.291562     0.000000
  1   1   0   0     1   333    10.897247     0.000000
  1   1   0   0     1   334    10.897247     0.000000
  1   1   0   0     1   335     4.330127    -0.004758
  1   1   0   0     1   336     8.291562     0.000000
  1   1   0   0     1   337    14.142136     0.000000
  1   1   0   0     1   338    11.180340     0.000000
  1   1   0   0     1   339    18.027756     0.000000
  1   1   0   0     1   340    15.000000     0.000000
  1   1   0   0     1   341    18.708287     0.000000
  1   1   0   0     1   342    15.811388     0.000000
  1   1   0   0     1   343    12.247449     0.000000
  1   1   0   0     1   344    16.583124     0.000000
  1   1   0   0     1   345    14.790199     0.000000
  1   1   0   0     1   346    12.990381     0.000000
  1   1   0   0     1   347    14.790199     0.000000
  1   1   0   0     1   348    16.393596     0.000000
  1   1   0   0     1   349    16.393596     0.000000
  1   1   0   0     1   350    12.990381     0.000000
  1   1   0   0     1   351    14.790199     0.000000
  1   1   0   0     1   352    14.790199     0.000000
  1   1   0   0     1   353    17.320508     0.000000
  1   1   0   0     1   354    15.000000     0.000000
  1   1   0   0     1   355    20.615528     0.000000
  1   1   0   0     1   356    20.615528     0.000000
  1   1   0   0     1   357    23.452079     0.000000
  1   1   0   0     1   358    18.708287     0.000000
  1   1   0   0     1   359    18.708287     0.000000
  1   1   0   0     1   360    21.794495     0.000000
  1   1   0   0     1   361    19.202864     0.000000
  1   1   0   0     1   362    17.853571     0.000000
  1   1   0   0     1   363    19.202864     0.000000
  1   1   0   0     1   364    19.202864     0.000000
  1   1   0   0     1   365    19.202864     0.000000
  1   1   0   0     1   366    17.853571     0.000000
  1   1   0   0     1   367    17.853571     0.000000
  1   1   0   0     1   368    17.853571     0.000000
  1   1   0   0     1   369    17.320508     0.000000
  1   1   0   0     1   370    15.000000     0.000000
  1   1   0   0     1   371    20.615528     0.000000
  1   1   0   0     1   372    15.000000     0.000000
  1   1   0   0     1   373    18.708287     0.000000
  1   1   0   0     1   374    18.708287     0.000000
  1   1   0   0     1   375    12.247449     0.000000
  1   1   0   0     1   376    16.583124     0.000000
  1   1   0   0     1   377    16.393596     0.000000
  1   1   0   0     1   378    14.790199     0.000000
  1   1   0   0     1   379    16.393596     0.000000
  1   1   0   0     1   380    14.790199     0.000000
  1   1   0   0     1   381    14.790199     0.000000
  1   1   0   0     1   382    14.790199     0.000000
  1   1   0   0     1   383    12.990381     0.000000
  1   1   0   0     1   384    12.990381     0.000000
  1   1   0   0     1   385    14.142136     0.000000
  1   1   0   0     1   386    11.180340     0.000000
  1   1   0   0     1   387    11.180340     0.000000
  1   1   0   0     1   388    15.000000     0.000000
  1   1   0   0     1   389    12.247449     0.000000
  1   1   0   0     1   390     7.071068    -0.000286
  1   1   0   0     1   391    12.247449     0.000000
  1   1   0   0     1   392     8.660254    -0.000595
  1   1   0   0     1   393    10.897247     0.000000
  1   1   0   0     1   394     8.291562     0.000000
  1   1   0   0     1   395     8.291562     0.000000
  1   1   0   0     1   396    12.990381     0.000000
  1   1   0   0     1   397    10.897247     0.000000
  1   1   0   0     1   398     4.330127    -0.004758
  1   1   0   0     1   399    10.897247     0.000000
  1   1   0   0     1   400     8.291562     0.000000
  1   1   0   0     1   401    17.320508     0.000000
  1   1   0   0     1   402    15.000000     0.000000
  1   1   0   0     1   403    15.000000     0.000000
  1   1   0   0     1   404    20.615528     0.000000
  1   1   0   0     1   405    18.708287     0.000000
  1   1   0   0     1   406    12.247449     0.000000
  1   1   0   0     1   407    18.708287     0.000000
  1   1   0   0     1   408    16.583124     0.000000
  1   1   0   0     1   409    16.393596     0.000000
  1   1   0   0     1   410    14.790199     0.000000
  1   1   0   0     1   411    14.790199     0.000000
  1   1   0   0     1   412    16.393596     0.000000
  1   1   0   0     1   413    14.790199     0.000000
  1   1   0   0     1   414    12.990381     0.000000
  1   1   0   0     1   415    14.790199     0.000000
  1   1   0   0     1   416    12.990381     0.000000
  1   1   0   0     1   417    17.320508     0.000000
  1   1   0   0     1   418    15.000000     0.000000
  1   1   0   0     1   419    15.000000     0.000000
  1   1   0   0     1   420    15.000000     0.000000
  1   1   0   0     1   421    12.247449     0.000000
  1   1   0   0     1   422    12.247449     0.000000
  1   1   0   0     1   423    12.247449     0.000000
  1   1   0   0     1   424     8.660254    -0.000595
  1   1   0   0     1   425    12.990381     0.000000
  1   1   0   0     1   426    10.897247     0.000000
  1   1   0   0     1   427    10.897247     0.000000
  1   1   0   0     1   428    10.897247     0.000000
  1   1   0   0     1   429     8.291562     0.000000
  1   1   0   0     1   430     8.291562     0.000000
  1   1   0   0     1   431     8.291562     0.000000
  1   1   0   0     1   432     4.330127    -0.004758
 
  CHI0^-1 - CHI^-1 Matrix 
 
  1   1   0   0     1     1     0.000000     2.361931
  1   1   0   0     1     2     5.000000     0.040813
  1   1   0   0     1     3     5.000000     0.040813
  1   1   0   0     1     4     5.000000     0.040813
  1   1   0   0     1     5     7.071068    -0.018894
  1   1   0   0     1     6     7.071068    -0.018894
  1   1   0   0     1     7     7.071068    -0.018894
  1   1   0   0     1     8     8.660254    -0.016945
  1   1   0   0     1     9     4.330127    -0.107669
  1   1   0   0     1    10     8.291562    -0.009771
  1   1   0   0     1    11     8.291562    -0.009771
  1   1   0   0     1    12     8.291562    -0.009771
  1   1   0   0     1    13    10.897247    -0.004496
  1   1   0   0     1    14    10.897247    -0.004496
  1   1   0   0     1    15    10.897247    -0.004496
  1   1   0   0     1    16    12.990381    -0.003200
  1   1   0   0     1    17    10.000000    -0.003248
  1   1   0   0     1    18    11.180340    -0.004151
  1   1   0   0     1    19    11.180340    -0.004151
  1   1   0   0     1    20    15.000000    -0.002903
  1   1   0   0     1    21    15.811388    -0.002875
  1   1   0   0     1    22    12.247449    -0.003967
  1   1   0   0     1    23    15.811388    -0.002875
  1   1   0   0     1    24    16.583124    -0.002814
  1   1   0   0     1    25    12.990381    -0.003228
  1   1   0   0     1    26    14.790199    -0.002876
  1   1   0   0     1    27    14.790199    -0.002876
  1   1   0   0     1    28    12.990381    -0.003228
  1   1   0   0     1    29    14.790199    -0.002876
  1   1   0   0     1    30    16.393596    -0.002714
  1   1   0   0     1    31    14.790199    -0.002876
  1   1   0   0     1    32    16.393596    -0.002714
  1   1   0   0     1    33    10.000000    -0.003248
  1   1   0   0     1    34    11.180340    -0.004151
  1   1   0   0     1    35    11.180340    -0.004151
  1   1   0   0     1    36     5.000000     0.040813
  1   1   0   0     1    37     7.071068    -0.018894
  1   1   0   0     1    38    12.247449    -0.003967
  1   1   0   0     1    39     7.071068    -0.018894
  1   1   0   0     1    40     8.660254    -0.016945
  1   1   0   0     1    41     8.291562    -0.009771
  1   1   0   0     1    42    10.897247    -0.004496
  1   1   0   0     1    43    10.897247    -0.004496
  1   1   0   0     1    44     4.330127    -0.107669
  1   1   0   0     1    45     8.291562    -0.009771
  1   1   0   0     1    46    12.990381    -0.003200
  1   1   0   0     1    47     8.291562    -0.009771
  1   1   0   0     1    48    10.897247    -0.004496
  1   1   0   0     1    49    10.000000    -0.003248
  1   1   0   0     1    50    11.180340    -0.004151
  1   1   0   0     1    51    15.000000    -0.002903
  1   1   0   0     1    52    11.180340    -0.004151
  1   1   0   0     1    53    15.811388    -0.002875
  1   1   0   0     1    54    15.811388    -0.002875
  1   1   0   0     1    55    12.247449    -0.003967
  1   1   0   0     1    56    16.583124    -0.002814
  1   1   0   0     1    57    12.990381    -0.003228
  1   1   0   0     1    58    14.790199    -0.002876
  1   1   0   0     1    59    12.990381    -0.003228
  1   1   0   0     1    60    14.790199    -0.002876
  1   1   0   0     1    61    14.790199    -0.002876
  1   1   0   0     1    62    14.790199    -0.002876
  1   1   0   0     1    63    16.393596    -0.002714
  1   1   0   0     1    64    16.393596    -0.002714
  1   1   0   0     1    65    14.142136    -0.003098
  1   1   0   0     1    66    15.000000    -0.002954
  1   1   0   0     1    67    18.027756    -0.002687
  1   1   0   0     1    68    18.027756    -0.002687
  1   1   0   0     1    69    21.213203    -0.002600
  1   1   0   0     1    70    18.708287    -0.002650
  1   1   0   0     1    71    18.708287    -0.002650
  1   1   0   0     1    72    21.794495    -0.002579
  1   1   0   0     1    73    17.853571    -0.002650
  1   1   0   0     1    74    19.202864    -0.002590
  1   1   0   0     1    75    17.853571    -0.002650
  1   1   0   0     1    76    17.853571    -0.002650
  1   1   0   0     1    77    17.853571    -0.002650
  1   1   0   0     1    78    19.202864    -0.002590
  1   1   0   0     1    79    19.202864    -0.002590
  1   1   0   0     1    80    19.202864    -0.002590
  1   1   0   0     1    81    14.142136    -0.003098
  1   1   0   0     1    82    15.000000    -0.002954
  1   1   0   0     1    83    18.027756    -0.002687
  1   1   0   0     1    84    11.180340    -0.004151
  1   1   0   0     1    85    15.811388    -0.002875
  1   1   0   0     1    86    18.708287    -0.002650
  1   1   0   0     1    87    12.247449    -0.003967
  1   1   0   0     1    88    16.583124    -0.002814
  1   1   0   0     1    89    14.790199    -0.002876
  1   1   0   0     1    90    16.393596    -0.002714
  1   1   0   0     1    91    14.790199    -0.002876
  1   1   0   0     1    92    12.990381    -0.003228
  1   1   0   0     1    93    12.990381    -0.003228
  1   1   0   0     1    94    16.393596    -0.002714
  1   1   0   0     1    95    14.790199    -0.002876
  1   1   0   0     1    96    14.790199    -0.002876
  1   1   0   0     1    97    10.000000    -0.003248
  1   1   0   0     1    98    11.180340    -0.004151
  1   1   0   0     1    99     5.000000     0.040813
  1   1   0   0     1   100    11.180340    -0.004151
  1   1   0   0     1   101     7.071068    -0.018894
  1   1   0   0     1   102     7.071068    -0.018894
  1   1   0   0     1   103    12.247449    -0.003967
  1   1   0   0     1   104     8.660254    -0.016945
  1   1   0   0     1   105     8.291562    -0.009771
  1   1   0   0     1   106    10.897247    -0.004496
  1   1   0   0     1   107     4.330127    -0.107669
  1   1   0   0     1   108    10.897247    -0.004496
  1   1   0   0     1   109     8.291562    -0.009771
  1   1   0   0     1   110     8.291562    -0.009771
  1   1   0   0     1   111    12.990381    -0.003200
  1   1   0   0     1   112    10.897247    -0.004496
  1   1   0   0     1   113    14.142136    -0.003098
  1   1   0   0     1   114    15.000000    -0.002954
  1   1   0   0     1   115    11.180340    -0.004151
  1   1   0   0     1   116    18.027756    -0.002687
  1   1   0   0     1   117    15.811388    -0.002875
  1   1   0   0     1   118    12.247449    -0.003967
  1   1   0   0     1   119    18.708287    -0.002650
  1   1   0   0     1   120    16.583124    -0.002814
  1   1   0   0     1   121    14.790199    -0.002876
  1   1   0   0     1   122    16.393596    -0.002714
  1   1   0   0     1   123    12.990381    -0.003228
  1   1   0   0     1   124    14.790199    -0.002876
  1   1   0   0     1   125    12.990381    -0.003228
  1   1   0   0     1   126    14.790199    -0.002876
  1   1   0   0     1   127    16.393596    -0.002714
  1   1   0   0     1   128    14.790199    -0.002876
  1   1   0   0     1   129    14.142136    -0.003098
  1   1   0   0     1   130    15.000000    -0.002954
  1   1   0   0     1   131    11.180340    -0.004151
  1   1   0   0     1   132    11.180340    -0.004151
  1   1   0   0     1   133     7.071068    -0.018894
  1   1   0   0     1   134    12.247449    -0.003967
  1   1   0   0     1   135    12.247449    -0.003967
  1   1   0   0     1   136     8.660254    -0.016945
  1   1   0   0     1   137    10.897247    -0.004496
  1   1   0   0     1   138    12.990381    -0.003200
  1   1   0   0     1   139     8.291562    -0.009771
  1   1   0   0     1   140     8.291562    -0.009771
  1   1   0   0     1   141     4.330127    -0.107669
  1   1   0   0     1   142    10.897247    -0.004496
  1   1   0   0     1   143    10.897247    -0.004496
  1   1   0   0     1   144     8.291562    -0.009771
  1   1   0   0     1   145    10.000000    -0.003248
  1   1   0   0     1   146    15.000000    -0.002903
  1   1   0   0     1   147    11.180340    -0.004151
  1   1   0   0     1   148    11.180340    -0.004151
  1   1   0   0     1   149    12.247449    -0.003967
  1   1   0   0     1   150    15.811388    -0.002875
  1   1   0   0     1   151    15.811388    -0.002875
  1   1   0   0     1   152    16.583124    -0.002814
  1   1   0   0     1   153    12.990381    -0.003228
  1   1   0   0     1   154    12.990381    -0.003228
  1   1   0   0     1   155    14.790199    -0.002876
  1   1   0   0     1   156    14.790199    -0.002876
  1   1   0   0     1   157    16.393596    -0.002714
  1   1   0   0     1   158    14.790199    -0.002876
  1   1   0   0     1   159    14.790199    -0.002876
  1   1   0   0     1   160    16.393596    -0.002714
  1   1   0   0     1   161    14.142136    -0.003098
  1   1   0   0     1   162    18.027756    -0.002687
  1   1   0   0     1   163    15.000000    -0.002954
  1   1   0   0     1   164    18.027756    -0.002687
  1   1   0   0     1   165    18.708287    -0.002650
  1   1   0   0     1   166    18.708287    -0.002650
  1   1   0   0     1   167    21.213203    -0.002600
  1   1   0   0     1   168    21.794495    -0.002579
  1   1   0   0     1   169    17.853571    -0.002650
  1   1   0   0     1   170    17.853571    -0.002650
  1   1   0   0     1   171    19.202864    -0.002590
  1   1   0   0     1   172    17.853571    -0.002650
  1   1   0   0     1   173    19.202864    -0.002590
  1   1   0   0     1   174    19.202864    -0.002590
  1   1   0   0     1   175    17.853571    -0.002650
  1   1   0   0     1   176    19.202864    -0.002590
  1   1   0   0     1   177    14.142136    -0.003098
  1   1   0   0     1   178    18.027756    -0.002687
  1   1   0   0     1   179    15.000000    -0.002954
  1   1   0   0     1   180    11.180340    -0.004151
  1   1   0   0     1   181    12.247449    -0.003967
  1   1   0   0     1   182    18.708287    -0.002650
  1   1   0   0     1   183    15.811388    -0.002875
  1   1   0   0     1   184    16.583124    -0.002814
  1   1   0   0     1   185    14.790199    -0.002876
  1   1   0   0     1   186    14.790199    -0.002876
  1   1   0   0     1   187    16.393596    -0.002714
  1   1   0   0     1   188    12.990381    -0.003228
  1   1   0   0     1   189    14.790199    -0.002876
  1   1   0   0     1   190    16.393596    -0.002714
  1   1   0   0     1   191    12.990381    -0.003228
  1   1   0   0     1   192    14.790199    -0.002876
  1   1   0   0     1   193    14.142136    -0.003098
  1   1   0   0     1   194    18.027756    -0.002687
  1   1   0   0     1   195    18.027756    -0.002687
  1   1   0   0     1   196    15.000000    -0.002954
  1   1   0   0     1   197    18.708287    -0.002650
  1   1   0   0     1   198    21.213203    -0.002600
  1   1   0   0     1   199    18.708287    -0.002650
  1   1   0   0     1   200    21.794495    -0.002579
  1   1   0   0     1   201    17.853571    -0.002650
  1   1   0   0     1   202    17.853571    -0.002650
  1   1   0   0     1   203    17.853571    -0.002650
  1   1   0   0     1   204    19.202864    -0.002590
  1   1   0   0     1   205    19.202864    -0.002590
  1   1   0   0     1   206    17.853571    -0.002650
  1   1   0   0     1   207    19.202864    -0.002590
  1   1   0   0     1   208    19.202864    -0.002590
  1   1   0   0     1   209    17.320508    -0.002666
  1   1   0   0     1   210    20.615528    -0.002572
  1   1   0   0     1   211    20.615528    -0.002572
  1   1   0   0     1   212    20.615528    -0.002572
  1   1   0   0     1   213    23.452079    -0.002538
  1   1   0   0     1   214    23.452079    -0.002538
  1   1   0   0     1   215    23.452079    -0.002538
  1   1   0   0     1   216    25.980762    -0.002520
  1   1   0   0     1   217    21.650635    -0.002538
  1   1   0   0     1   218    21.650635    -0.002538
  1   1   0   0     1   219    21.650635    -0.002538
  1   1   0   0     1   220    21.650635    -0.002538
  1   1   0   0     1   221    21.650635    -0.002538
  1   1   0   0     1   222    21.650635    -0.002538
  1   1   0   0     1   223    21.650635    -0.002538
  1   1   0   0     1   224    21.650635    -0.002538
  1   1   0   0     1   225    17.320508    -0.002666
  1   1   0   0     1   226    20.615528    -0.002572
  1   1   0   0     1   227    20.615528    -0.002572
  1   1   0   0     1   228    15.000000    -0.002954
  1   1   0   0     1   229    18.708287    -0.002650
  1   1   0   0     1   230    23.452079    -0.002538
  1   1   0   0     1   231    18.708287    -0.002650
  1   1   0   0     1   232    21.794495    -0.002579
  1   1   0   0     1   233    19.202864    -0.002590
  1   1   0   0     1   234    19.202864    -0.002590
  1   1   0   0     1   235    19.202864    -0.002590
  1   1   0   0     1   236    17.853571    -0.002650
  1   1   0   0     1   237    17.853571    -0.002650
  1   1   0   0     1   238    19.202864    -0.002590
  1   1   0   0     1   239    17.853571    -0.002650
  1   1   0   0     1   240    17.853571    -0.002650
  1   1   0   0     1   241    14.142136    -0.003098
  1   1   0   0     1   242    18.027756    -0.002687
  1   1   0   0     1   243    11.180340    -0.004151
  1   1   0   0     1   244    15.000000    -0.002954
  1   1   0   0     1   245    12.247449    -0.003967
  1   1   0   0     1   246    15.811388    -0.002875
  1   1   0   0     1   247    18.708287    -0.002650
  1   1   0   0     1   248    16.583124    -0.002814
  1   1   0   0     1   249    14.790199    -0.002876
  1   1   0   0     1   250    14.790199    -0.002876
  1   1   0   0     1   251    12.990381    -0.003228
  1   1   0   0     1   252    16.393596    -0.002714
  1   1   0   0     1   253    14.790199    -0.002876
  1   1   0   0     1   254    12.990381    -0.003228
  1   1   0   0     1   255    16.393596    -0.002714
  1   1   0   0     1   256    14.790199    -0.002876
  1   1   0   0     1   257    17.320508    -0.002666
  1   1   0   0     1   258    20.615528    -0.002572
  1   1   0   0     1   259    15.000000    -0.002954
  1   1   0   0     1   260    20.615528    -0.002572
  1   1   0   0     1   261    18.708287    -0.002650
  1   1   0   0     1   262    18.708287    -0.002650
  1   1   0   0     1   263    23.452079    -0.002538
  1   1   0   0     1   264    21.794495    -0.002579
  1   1   0   0     1   265    19.202864    -0.002590
  1   1   0   0     1   266    19.202864    -0.002590
  1   1   0   0     1   267    17.853571    -0.002650
  1   1   0   0     1   268    19.202864    -0.002590
  1   1   0   0     1   269    17.853571    -0.002650
  1   1   0   0     1   270    17.853571    -0.002650
  1   1   0   0     1   271    19.202864    -0.002590
  1   1   0   0     1   272    17.853571    -0.002650
  1   1   0   0     1   273    17.320508    -0.002666
  1   1   0   0     1   274    20.615528    -0.002572
  1   1   0   0     1   275    15.000000    -0.002954
  1   1   0   0     1   276    15.000000    -0.002954
  1   1   0   0     1   277    12.247449    -0.003967
  1   1   0   0     1   278    18.708287    -0.002650
  1   1   0   0     1   279    18.708287    -0.002650
  1   1   0   0     1   280    16.583124    -0.002814
  1   1   0   0     1   281    16.393596    -0.002714
  1   1   0   0     1   282    16.393596    -0.002714
  1   1   0   0     1   283    14.790199    -0.002876
  1   1   0   0     1   284    14.790199    -0.002876
  1   1   0   0     1   285    12.990381    -0.003228
  1   1   0   0     1   286    14.790199    -0.002876
  1   1   0   0     1   287    14.790199    -0.002876
  1   1   0   0     1   288    12.990381    -0.003228
  1   1   0   0     1   289    10.000000    -0.003248
  1   1   0   0     1   290     5.000000     0.040813
  1   1   0   0     1   291    11.180340    -0.004151
  1   1   0   0     1   292    11.180340    -0.004151
  1   1   0   0     1   293    12.247449    -0.003967
  1   1   0   0     1   294     7.071068    -0.018894
  1   1   0   0     1   295     7.071068    -0.018894
  1   1   0   0     1   296     8.660254    -0.016945
  1   1   0   0     1   297     8.291562    -0.009771
  1   1   0   0     1   298     4.330127    -0.107669
  1   1   0   0     1   299    10.897247    -0.004496
  1   1   0   0     1   300    10.897247    -0.004496
  1   1   0   0     1   301    12.990381    -0.003200
  1   1   0   0     1   302     8.291562    -0.009771
  1   1   0   0     1   303     8.291562    -0.009771
  1   1   0   0     1   304    10.897247    -0.004496
  1   1   0   0     1   305    14.142136    -0.003098
  1   1   0   0     1   306    11.180340    -0.004151
  1   1   0   0     1   307    15.000000    -0.002954
  1   1   0   0     1   308    18.027756    -0.002687
  1   1   0   0     1   309    18.708287    -0.002650
  1   1   0   0     1   310    12.247449    -0.003967
  1   1   0   0     1   311    15.811388    -0.002875
  1   1   0   0     1   312    16.583124    -0.002814
  1   1   0   0     1   313    14.790199    -0.002876
  1   1   0   0     1   314    12.990381    -0.003228
  1   1   0   0     1   315    16.393596    -0.002714
  1   1   0   0     1   316    14.790199    -0.002876
  1   1   0   0     1   317    16.393596    -0.002714
  1   1   0   0     1   318    14.790199    -0.002876
  1   1   0   0     1   319    12.990381    -0.003228
  1   1   0   0     1   320    14.790199    -0.002876
  1   1   0   0     1   321    14.142136    -0.003098
  1   1   0   0     1   322    11.180340    -0.004151
  1   1   0   0     1   323    15.000000    -0.002954
  1   1   0   0     1   324    11.180340    -0.004151
  1   1   0   0     1   325    12.247449    -0.003967
  1   1   0   0     1   326    12.247449    -0.003967
  1   1   0   0     1   327     7.071068    -0.018894
  1   1   0   0     1   328     8.660254    -0.016945
  1   1   0   0     1   329    10.897247    -0.004496
  1   1   0   0     1   330     8.291562    -0.009771
  1   1   0   0     1   331    12.990381    -0.003200
  1   1   0   0     1   332     8.291562    -0.009771
  1   1   0   0     1   333    10.897247    -0.004496
  1   1   0   0     1   334    10.897247    -0.004496
  1   1   0   0     1   335     4.330127    -0.107669
  1   1   0   0     1   336     8.291562    -0.009771
  1   1   0   0     1   337    14.142136    -0.003098
  1   1   0   0     1   338    11.180340    -0.004151
  1   1   0   0     1   339    18.027756    -0.002687
  1   1   0   0     1   340    15.000000    -0.002954
  1   1   0   0     1   341    18.708287    -0.002650
  1   1   0   0     1   342    15.811388    -0.002875
  1   1   0   0     1   343    12.247449    -0.003967
  1   1   0   0     1   344    16.583124    -0.002814
  1   1   0   0     1   345    14.790199    -0.002876
  1   1   0   0     1   346    12.990381    -0.003228
  1   1   0   0     1   347    14.790199    -0.002876
  1   1   0   0     1   348    16.393596    -0.002714
  1   1   0   0     1   349    16.393596    -0.002714
  1   1   0   0     1   350    12.990381    -0.003228
  1   1   0   0     1   351    14.790199    -0.002876
  1   1   0   0     1   352    14.790199    -0.002876
  1   1   0   0     1   353    17.320508    -0.002666
  1   1   0   0     1   354    15.000000    -0.002954
  1   1   0   0     1   355    20.615528    -0.002572
  1   1   0   0     1   356    20.615528    -0.002572
  1   1   0   0     1   357    23.452079    -0.002538
  1   1   0   0     1   358    18.708287    -0.002650
  1   1   0   0     1   359    18.708287    -0.002650
  1   1   0   0     1   360    21.794495    -0.002579
  1   1   0   0     1   361    19.202864    -0.002590
  1   1   0   0     1   362    17.853571    -0.002650
  1   1   0   0     1   363    19.202864    -0.002590
  1   1   0   0     1   364    19.202864    -0.002590
  1   1   0   0     1   365    19.202864    -0.002590
  1   1   0   0     1   366    17.853571    -0.002650
  1   1   0   0     1   367    17.853571    -0.002650
  1   1   0   0     1   368    17.853571    -0.002650
  1   1   0   0     1   369    17.320508    -0.002666
  1   1   0   0     1   370    15.000000    -0.002954
  1   1   0   0     1   371    20.615528    -0.002572
  1   1   0   0     1   372    15.000000    -0.002954
  1   1   0   0     1   373    18.708287    -0.002650
  1   1   0   0     1   374    18.708287    -0.002650
  1   1   0   0     1   375    12.247449    -0.003967
  1   1   0   0     1   376    16.583124    -0.002814
  1   1   0   0     1   377    16.393596    -0.002714
  1   1   0   0     1   378    14.790199    -0.002876
  1   1   0   0     1   379    16.393596    -0.002714
  1   1   0   0     1   380    14.790199    -0.002876
  1   1   0   0     1   381    14.790199    -0.002876
  1   1   0   0     1   382    14.790199    -0.002876
  1   1   0   0     1   383    12.990381    -0.003228
  1   1   0   0     1   384    12.990381    -0.003228
  1   1   0   0     1   385    14.142136    -0.003098
  1   1   0   0     1   386    11.180340    -0.004151
  1   1   0   0     1   387    11.180340    -0.004151
  1   1   0   0     1   388    15.000000    -0.002954
  1   1   0   0     1   389    12.247449    -0.003967
  1   1   0   0     1   390     7.071068    -0.018894
  1   1   0   0     1   391    12.247449    -0.003967
  1   1   0   0     1   392     8.660254    -0.016945
  1   1   0   0     1   393    10.897247    -0.004496
  1   1   0   0     1   394     8.291562    -0.009771
  1   1   0   0     1   395     8.291562    -0.009771
  1   1   0   0     1   396    12.990381    -0.003200
  1   1   0   0     1   397    10.897247    -0.004496
  1   1   0   0     1   398     4.330127    -0.107669
  1   1   0   0     1   399    10.897247    -0.004496
  1   1   0   0     1   400     8.291562    -0.009771
  1   1   0   0     1   401    17.320508    -0.002666
  1   1   0   0     1   402    15.000000    -0.002954
  1   1   0   0     1   403    15.000000    -0.002954
  1   1   0   0     1   404    20.615528    -0.002572
  1   1   0   0     1   405    18.708287    -0.002650
  1   1   0   0     1   406    12.247449    -0.003967
  1   1   0   0     1   407    18.708287    -0.002650
  1   1   0   0     1   408    16.583124    -0.002814
  1   1   0   0     1   409    16.393596    -0.002714
  1   1   0   0     1   410    14.790199    -0.002876
  1   1   0   0     1   411    14.790199    -0.002876
  1   1   0   0     1   412    16.393596    -0.002714
  1   1   0   0     1   413    14.790199    -0.002876
  1   1   0   0     1   414    12.990381    -0.003228
  1   1   0   0     1   415    14.790199    -0.002876
  1   1   0   0     1   416    12.990381    -0.003228
  1   1   0   0     1   417    17.320508    -0.002666
  1   1   0   0     1   418    15.000000    -0.002954
  1   1   0   0     1   419    15.000000    -0.002954
  1   1   0   0     1   420    15.000000    -0.002954
  1   1   0   0     1   421    12.247449    -0.003967
  1   1   0   0     1   422    12.247449    -0.003967
  1   1   0   0     1   423    12.247449    -0.003967
  1   1   0   0     1   424     8.660254    -0.016945
  1   1   0   0     1   425    12.990381    -0.003200
  1   1   0   0     1   426    10.897247    -0.004496
  1   1   0   0     1   427    10.897247    -0.004496
  1   1   0   0     1   428    10.897247    -0.004496
  1   1   0   0     1   429     8.291562    -0.009771
  1   1   0   0     1   430     8.291562    -0.009771
  1   1   0   0     1   431     8.291562    -0.009771
  1   1   0   0     1   432     4.330127    -0.107669
  type:            1  U1 =    2.36193118157264     
