 
  number of atoms in the primitive cell:          16
 
 
  CHI_0 Matrix 
 
  -0.2322   0.0062   0.0062   0.0062   0.0017   0.0017   0.0017   0.0456
   0.0155   0.0003   0.0155   0.0155   0.0155   0.0155   0.0003   0.0155
   0.0000
   0.0062  -0.2322   0.0062   0.0062   0.0017   0.0017   0.0456   0.0017
   0.0155   0.0155   0.0155   0.0003   0.0155   0.0003   0.0155   0.0155
   0.0000
   0.0062   0.0062  -0.2322   0.0062   0.0017   0.0456   0.0017   0.0017
   0.0155   0.0155   0.0003   0.0155   0.0003   0.0155   0.0155   0.0155
   0.0000
   0.0062   0.0062   0.0062  -0.2322   0.0456   0.0017   0.0017   0.0017
   0.0003   0.0155   0.0155   0.0155   0.0155   0.0155   0.0155   0.0003
   0.0000
   0.0017   0.0017   0.0017   0.0456  -0.2322   0.0062   0.0062   0.0062
   0.0003   0.0155   0.0155   0.0155   0.0155   0.0155   0.0155   0.0003
   0.0000
   0.0017   0.0017   0.0456   0.0017   0.0062  -0.2322   0.0062   0.0062
   0.0155   0.0155   0.0003   0.0155   0.0003   0.0155   0.0155   0.0155
   0.0000
   0.0017   0.0456   0.0017   0.0017   0.0062   0.0062  -0.2322   0.0062
   0.0155   0.0155   0.0155   0.0003   0.0155   0.0003   0.0155   0.0155
   0.0000
   0.0456   0.0017   0.0017   0.0017   0.0062   0.0062   0.0062  -0.2322
   0.0155   0.0003   0.0155   0.0155   0.0155   0.0155   0.0003   0.0155
   0.0000
   0.0155   0.0155   0.0155   0.0003   0.0003   0.0155   0.0155   0.0155
  -0.0897   0.0001   0.0001   0.0001  -0.0001  -0.0001  -0.0001   0.0076
   0.0000
   0.0003   0.0155   0.0155   0.0155   0.0155   0.0155   0.0155   0.0003
   0.0001  -0.0897  -0.0001  -0.0001  -0.0001  -0.0001   0.0076  -0.0001
   0.0000
   0.0155   0.0155   0.0003   0.0155   0.0155   0.0003   0.0155   0.0155
   0.0001  -0.0001  -0.0897  -0.0001   0.0076  -0.0001  -0.0001  -0.0001
   0.0000
   0.0155   0.0003   0.0155   0.0155   0.0155   0.0155   0.0003   0.0155
   0.0001  -0.0001  -0.0001  -0.0897  -0.0001   0.0076  -0.0001  -0.0001
   0.0000
   0.0155   0.0155   0.0003   0.0155   0.0155   0.0003   0.0155   0.0155
  -0.0001  -0.0001   0.0076  -0.0001  -0.0897  -0.0001  -0.0001  -0.0001
   0.0000
   0.0155   0.0003   0.0155   0.0155   0.0155   0.0155   0.0003   0.0155
  -0.0001  -0.0001  -0.0001   0.0076  -0.0001  -0.0897  -0.0001  -0.0001
   0.0000
   0.0003   0.0155   0.0155   0.0155   0.0155   0.0155   0.0155   0.0003
  -0.0001   0.0076  -0.0001  -0.0001  -0.0001  -0.0001  -0.0897  -0.0001
   0.0000
   0.0155   0.0155   0.0155   0.0003   0.0003   0.0155   0.0155   0.0155
   0.0076  -0.0001  -0.0001  -0.0001  -0.0001  -0.0001  -0.0001  -0.0897
   0.0000
   0.0000   0.0000   0.0000   0.0000   0.0000   0.0000   0.0000   0.0000
   0.0000   0.0000   0.0000   0.0000   0.0000   0.0000   0.0000   0.0000
   1.0000
 
 
  CHI Matrix 
 
  -0.1117   0.0015   0.0015   0.0015   0.0015   0.0015   0.0015  -0.0072
   0.0071  -0.0001   0.0071   0.0071   0.0071   0.0071  -0.0001   0.0071
   0.0000
   0.0015  -0.1117   0.0015   0.0015   0.0015   0.0015  -0.0072   0.0015
   0.0071   0.0071   0.0071  -0.0001   0.0071  -0.0001   0.0071   0.0071
   0.0000
   0.0015   0.0015  -0.1117   0.0015   0.0015  -0.0072   0.0015   0.0015
   0.0071   0.0071  -0.0001   0.0071  -0.0001   0.0071   0.0071   0.0071
   0.0000
   0.0015   0.0015   0.0015  -0.1117  -0.0072   0.0015   0.0015   0.0015
  -0.0001   0.0071   0.0071   0.0071   0.0071   0.0071   0.0071  -0.0001
   0.0000
   0.0015   0.0015   0.0015  -0.0072  -0.1117   0.0015   0.0015   0.0015
  -0.0001   0.0071   0.0071   0.0071   0.0071   0.0071   0.0071  -0.0001
   0.0000
   0.0015   0.0015  -0.0072   0.0015   0.0015  -0.1117   0.0015   0.0015
   0.0071   0.0071  -0.0001   0.0071  -0.0001   0.0071   0.0071   0.0071
   0.0000
   0.0015  -0.0072   0.0015   0.0015   0.0015   0.0015  -0.1117   0.0015
   0.0071   0.0071   0.0071  -0.0001   0.0071  -0.0001   0.0071   0.0071
   0.0000
  -0.0072   0.0015   0.0015   0.0015   0.0015   0.0015   0.0015  -0.1117
   0.0071  -0.0001   0.0071   0.0071   0.0071   0.0071  -0.0001   0.0071
   0.0000
   0.0071   0.0071   0.0071  -0.0001  -0.0001   0.0071   0.0071   0.0071
  -0.0353   0.0004   0.0004   0.0004   0.0004   0.0004   0.0004  -0.0004
   0.0000
  -0.0001   0.0071   0.0071   0.0071   0.0071   0.0071   0.0071  -0.0001
   0.0004  -0.0353   0.0004   0.0004   0.0004   0.0004  -0.0004   0.0004
   0.0000
   0.0071   0.0071  -0.0001   0.0071   0.0071  -0.0001   0.0071   0.0071
   0.0004   0.0004  -0.0353   0.0004  -0.0004   0.0004   0.0004   0.0004
   0.0000
   0.0071  -0.0001   0.0071   0.0071   0.0071   0.0071  -0.0001   0.0071
   0.0004   0.0004   0.0004  -0.0353   0.0004  -0.0004   0.0004   0.0004
   0.0000
   0.0071   0.0071  -0.0001   0.0071   0.0071  -0.0001   0.0071   0.0071
   0.0004   0.0004  -0.0004   0.0004  -0.0353   0.0004   0.0004   0.0004
   0.0000
   0.0071  -0.0001   0.0071   0.0071   0.0071   0.0071  -0.0001   0.0071
   0.0004   0.0004   0.0004  -0.0004   0.0004  -0.0353   0.0004   0.0004
   0.0000
  -0.0001   0.0071   0.0071   0.0071   0.0071   0.0071   0.0071  -0.0001
   0.0004  -0.0004   0.0004   0.0004   0.0004   0.0004  -0.0353   0.0004
   0.0000
   0.0071   0.0071   0.0071  -0.0001  -0.0001   0.0071   0.0071   0.0071
  -0.0004   0.0004   0.0004   0.0004   0.0004   0.0004   0.0004  -0.0353
   0.0000
   0.0000   0.0000   0.0000   0.0000   0.0000   0.0000   0.0000   0.0000
   0.0000   0.0000   0.0000   0.0000   0.0000   0.0000   0.0000   0.0000
   1.0000
 
 
  CHI0^-1 - CHI^-1 Matrix 
 
    4.1846   -0.4007   -0.4007   -0.3998   -0.3426   -0.3431   -0.3431   -1.7757
    0.4910   -0.1917    0.4973    0.4973    0.5020    0.5020   -0.1870    0.5012
    0.0000
   -0.4007    4.1846   -0.4007   -0.3998   -0.3426   -0.3431   -1.7757   -0.3431
    0.4910    0.4973    0.4973   -0.1917    0.5020   -0.1870    0.5020    0.5012
    0.0000
   -0.4007   -0.4007    4.1846   -0.3998   -0.3426   -1.7757   -0.3431   -0.3431
    0.4910    0.4973   -0.1917    0.4973   -0.1870    0.5020    0.5020    0.5012
    0.0000
   -0.3998   -0.3998   -0.3998    4.1863   -1.7741   -0.3422   -0.3422   -0.3422
   -0.1955    0.5004    0.5004    0.5004    0.5033    0.5033    0.5033   -0.1871
    0.0000
   -0.3426   -0.3426   -0.3426   -1.7741    4.1858   -0.4005   -0.4005   -0.4005
   -0.2007    0.4998    0.4998    0.4998    0.5027    0.5027    0.5027   -0.1877
    0.0000
   -0.3431   -0.3431   -1.7757   -0.3422   -0.4005    4.1843   -0.4010   -0.4010
    0.4901    0.4972   -0.1919    0.4972   -0.1872    0.5019    0.5019    0.5010
    0.0000
   -0.3431   -1.7757   -0.3431   -0.3422   -0.4005   -0.4010    4.1843   -0.4010
    0.4901    0.4972    0.4972   -0.1919    0.5019   -0.1872    0.5019    0.5010
    0.0000
   -1.7757   -0.3431   -0.3431   -0.3422   -0.4005   -0.4010   -0.4010    4.1843
    0.4901   -0.1919    0.4972    0.4972    0.5019    0.5019   -0.1872    0.5010
    0.0000
    0.4910    0.4910    0.4910   -0.1955   -0.2007    0.4901    0.4901    0.4901
   18.0774    0.9897    0.9897    0.9897    1.0143    1.0143    1.0143   -0.2830
    0.0000
   -0.1917    0.4973    0.4973    0.5004    0.4998    0.4972    0.4972   -0.1919
    0.9897   18.0939    1.0197    1.0197    1.0244    1.0244   -0.2737    1.0207
    0.0000
    0.4973    0.4973   -0.1917    0.5004    0.4998   -0.1919    0.4972    0.4972
    0.9897    1.0197   18.0939    1.0197   -0.2737    1.0244    1.0244    1.0207
    0.0000
    0.4973   -0.1917    0.4973    0.5004    0.4998    0.4972   -0.1919    0.4972
    0.9897    1.0197    1.0197   18.0939    1.0244   -0.2737    1.0244    1.0207
    0.0000
    0.5020    0.5020   -0.1870    0.5033    0.5027   -0.1872    0.5019    0.5019
    1.0143    1.0244   -0.2737    1.0244   18.1032    1.0291    1.0291    1.0277
    0.0000
    0.5020   -0.1870    0.5020    0.5033    0.5027    0.5019   -0.1872    0.5019
    1.0143    1.0244    1.0244   -0.2737    1.0291   18.1032    1.0291    1.0277
    0.0000
   -0.1870    0.5020    0.5020    0.5033    0.5027    0.5019    0.5019   -0.1872
    1.0143   -0.2737    1.0244    1.0244    1.0291    1.0291   18.1032    1.0277
    0.0000
    0.5012    0.5012    0.5012   -0.1871   -0.1877    0.5010    0.5010    0.5010
   -0.2830    1.0207    1.0207    1.0207    1.0277    1.0277    1.0277   18.1011
    0.0000
    0.0000    0.0000    0.0000    0.0000    0.0000    0.0000    0.0000    0.0000
    0.0000    0.0000    0.0000    0.0000    0.0000    0.0000    0.0000    0.0000
    0.0000
  type:            1  U0 =    4.18459950793024     
  type:            2  U0 =    18.0773965612525     
 
 
 
  Extrapolation to a supercell            1           1           1
 
  number of atoms in the supercell:          16
 
 
  type1:            1  type2:            1
 
  number of shells:            4
 
  shell  #n: pc, sc, spinp   dist       chi_pc     chi_sc 
 
    1        1   1   1        0.0000    -0.2322    -0.2322
    2        3   3   1        7.0711     0.0062     0.0062
    3        3   3  -1        7.0711     0.0017     0.0017
    4        1   1  -1       10.0000     0.0456     0.0456
 
  type1:            1  type2:            2
 
  number of shells:            2
 
  shell  #n: pc, sc, spinp   dist       chi_pc     chi_sc 
 
    1        6   6   0        5.0000     0.0155     0.0155
    2        2   2   0        8.6603     0.0003     0.0003
 
  type1:            2  type2:            2
 
  number of shells:            3
 
  shell  #n: pc, sc, spinp   dist       chi_pc     chi_sc 
 
    1        1   1   0        0.0000    -0.0897    -0.0897
    2        6   6   0        7.0711     0.0001     0.0001
    3        1   1   0       10.0000     0.0076     0.0076
 
  CHI_0 Matrix 
 
  -0.2322   0.0062   0.0062   0.0062   0.0017   0.0017   0.0017   0.0456
   0.0155   0.0003   0.0155   0.0155   0.0155   0.0155   0.0003   0.0155
   0.0000
   0.0062  -0.2322   0.0062   0.0062   0.0017   0.0017   0.0456   0.0017
   0.0155   0.0155   0.0155   0.0003   0.0155   0.0003   0.0155   0.0155
   0.0000
   0.0062   0.0062  -0.2322   0.0062   0.0017   0.0456   0.0017   0.0017
   0.0155   0.0155   0.0003   0.0155   0.0003   0.0155   0.0155   0.0155
   0.0000
   0.0062   0.0062   0.0062  -0.2322   0.0456   0.0017   0.0017   0.0017
   0.0003   0.0155   0.0155   0.0155   0.0155   0.0155   0.0155   0.0003
   0.0000
   0.0017   0.0017   0.0017   0.0456  -0.2322   0.0062   0.0062   0.0062
   0.0003   0.0155   0.0155   0.0155   0.0155   0.0155   0.0155   0.0003
   0.0000
   0.0017   0.0017   0.0456   0.0017   0.0062  -0.2322   0.0062   0.0062
   0.0155   0.0155   0.0003   0.0155   0.0003   0.0155   0.0155   0.0155
   0.0000
   0.0017   0.0456   0.0017   0.0017   0.0062   0.0062  -0.2322   0.0062
   0.0155   0.0155   0.0155   0.0003   0.0155   0.0003   0.0155   0.0155
   0.0000
   0.0456   0.0017   0.0017   0.0017   0.0062   0.0062   0.0062  -0.2322
   0.0155   0.0003   0.0155   0.0155   0.0155   0.0155   0.0003   0.0155
   0.0000
   0.0155   0.0155   0.0155   0.0003   0.0003   0.0155   0.0155   0.0155
  -0.0897   0.0001   0.0001   0.0001   0.0001   0.0001   0.0001   0.0076
   0.0000
   0.0003   0.0155   0.0155   0.0155   0.0155   0.0155   0.0155   0.0003
   0.0001  -0.0897   0.0001   0.0001   0.0001   0.0001   0.0076   0.0001
   0.0000
   0.0155   0.0155   0.0003   0.0155   0.0155   0.0003   0.0155   0.0155
   0.0001   0.0001  -0.0897   0.0001   0.0076   0.0001   0.0001   0.0001
   0.0000
   0.0155   0.0003   0.0155   0.0155   0.0155   0.0155   0.0003   0.0155
   0.0001   0.0001   0.0001  -0.0897   0.0001   0.0076   0.0001   0.0001
   0.0000
   0.0155   0.0155   0.0003   0.0155   0.0155   0.0003   0.0155   0.0155
   0.0001   0.0001   0.0076   0.0001  -0.0897   0.0001   0.0001   0.0001
   0.0000
   0.0155   0.0003   0.0155   0.0155   0.0155   0.0155   0.0003   0.0155
   0.0001   0.0001   0.0001   0.0076   0.0001  -0.0897   0.0001   0.0001
   0.0000
   0.0003   0.0155   0.0155   0.0155   0.0155   0.0155   0.0155   0.0003
   0.0001   0.0076   0.0001   0.0001   0.0001   0.0001  -0.0897   0.0001
   0.0000
   0.0155   0.0155   0.0155   0.0003   0.0003   0.0155   0.0155   0.0155
   0.0076   0.0001   0.0001   0.0001   0.0001   0.0001   0.0001  -0.0897
   0.0000
   0.0000   0.0000   0.0000   0.0000   0.0000   0.0000   0.0000   0.0000
   0.0000   0.0000   0.0000   0.0000   0.0000   0.0000   0.0000   0.0000
   1.0000
 
 
  CHI Matrix 
 
  -0.1117   0.0015   0.0015   0.0015   0.0015   0.0015   0.0015  -0.0072
   0.0071  -0.0001   0.0071   0.0071   0.0071   0.0071  -0.0001   0.0071
   0.0000
   0.0015  -0.1117   0.0015   0.0015   0.0015   0.0015  -0.0072   0.0015
   0.0071   0.0071   0.0071  -0.0001   0.0071  -0.0001   0.0071   0.0071
   0.0000
   0.0015   0.0015  -0.1117   0.0015   0.0015  -0.0072   0.0015   0.0015
   0.0071   0.0071  -0.0001   0.0071  -0.0001   0.0071   0.0071   0.0071
   0.0000
   0.0015   0.0015   0.0015  -0.1117  -0.0072   0.0015   0.0015   0.0015
  -0.0001   0.0071   0.0071   0.0071   0.0071   0.0071   0.0071  -0.0001
   0.0000
   0.0015   0.0015   0.0015  -0.0072  -0.1117   0.0015   0.0015   0.0015
  -0.0001   0.0071   0.0071   0.0071   0.0071   0.0071   0.0071  -0.0001
   0.0000
   0.0015   0.0015  -0.0072   0.0015   0.0015  -0.1117   0.0015   0.0015
   0.0071   0.0071  -0.0001   0.0071  -0.0001   0.0071   0.0071   0.0071
   0.0000
   0.0015  -0.0072   0.0015   0.0015   0.0015   0.0015  -0.1117   0.0015
   0.0071   0.0071   0.0071  -0.0001   0.0071  -0.0001   0.0071   0.0071
   0.0000
  -0.0072   0.0015   0.0015   0.0015   0.0015   0.0015   0.0015  -0.1117
   0.0071  -0.0001   0.0071   0.0071   0.0071   0.0071  -0.0001   0.0071
   0.0000
   0.0071   0.0071   0.0071  -0.0001  -0.0001   0.0071   0.0071   0.0071
  -0.0353   0.0004   0.0004   0.0004   0.0004   0.0004   0.0004  -0.0004
   0.0000
  -0.0001   0.0071   0.0071   0.0071   0.0071   0.0071   0.0071  -0.0001
   0.0004  -0.0353   0.0004   0.0004   0.0004   0.0004  -0.0004   0.0004
   0.0000
   0.0071   0.0071  -0.0001   0.0071   0.0071  -0.0001   0.0071   0.0071
   0.0004   0.0004  -0.0353   0.0004  -0.0004   0.0004   0.0004   0.0004
   0.0000
   0.0071  -0.0001   0.0071   0.0071   0.0071   0.0071  -0.0001   0.0071
   0.0004   0.0004   0.0004  -0.0353   0.0004  -0.0004   0.0004   0.0004
   0.0000
   0.0071   0.0071  -0.0001   0.0071   0.0071  -0.0001   0.0071   0.0071
   0.0004   0.0004  -0.0004   0.0004  -0.0353   0.0004   0.0004   0.0004
   0.0000
   0.0071  -0.0001   0.0071   0.0071   0.0071   0.0071  -0.0001   0.0071
   0.0004   0.0004   0.0004  -0.0004   0.0004  -0.0353   0.0004   0.0004
   0.0000
  -0.0001   0.0071   0.0071   0.0071   0.0071   0.0071   0.0071  -0.0001
   0.0004  -0.0004   0.0004   0.0004   0.0004   0.0004  -0.0353   0.0004
   0.0000
   0.0071   0.0071   0.0071  -0.0001  -0.0001   0.0071   0.0071   0.0071
  -0.0004   0.0004   0.0004   0.0004   0.0004   0.0004   0.0004  -0.0353
   0.0000
   0.0000   0.0000   0.0000   0.0000   0.0000   0.0000   0.0000   0.0000
   0.0000   0.0000   0.0000   0.0000   0.0000   0.0000   0.0000   0.0000
   1.0000
 
 
  CHI0^-1 - CHI^-1 Matrix 
 
    4.1494   -0.4369   -0.4369   -0.4369   -0.3792   -0.3792   -0.3792   -1.8107
    0.4349   -0.2598    0.4349    0.4349    0.4349    0.4349   -0.2598    0.4349
    0.0000
   -0.4369    4.1494   -0.4369   -0.4369   -0.3792   -0.3792   -1.8107   -0.3792
    0.4349    0.4349    0.4349   -0.2598    0.4349   -0.2598    0.4349    0.4349
    0.0000
   -0.4369   -0.4369    4.1494   -0.4369   -0.3792   -1.8107   -0.3792   -0.3792
    0.4349    0.4349   -0.2598    0.4349   -0.2598    0.4349    0.4349    0.4349
    0.0000
   -0.4369   -0.4369   -0.4369    4.1494   -1.8107   -0.3792   -0.3792   -0.3792
   -0.2598    0.4349    0.4349    0.4349    0.4349    0.4349    0.4349   -0.2598
    0.0000
   -0.3792   -0.3792   -0.3792   -1.8107    4.1494   -0.4369   -0.4369   -0.4369
   -0.2598    0.4349    0.4349    0.4349    0.4349    0.4349    0.4349   -0.2598
    0.0000
   -0.3792   -0.3792   -1.8107   -0.3792   -0.4369    4.1494   -0.4369   -0.4369
    0.4349    0.4349   -0.2598    0.4349   -0.2598    0.4349    0.4349    0.4349
    0.0000
   -0.3792   -1.8107   -0.3792   -0.3792   -0.4369   -0.4369    4.1494   -0.4369
    0.4349    0.4349    0.4349   -0.2598    0.4349   -0.2598    0.4349    0.4349
    0.0000
   -1.8107   -0.3792   -0.3792   -0.3792   -0.4369   -0.4369   -0.4369    4.1494
    0.4349   -0.2598    0.4349    0.4349    0.4349    0.4349   -0.2598    0.4349
    0.0000
    0.4349    0.4349    0.4349   -0.2598   -0.2598    0.4349    0.4349    0.4349
   17.9967    0.8937    0.8937    0.8937    0.8937    0.8937    0.8937   -0.3756
    0.0000
   -0.2598    0.4349    0.4349    0.4349    0.4349    0.4349    0.4349   -0.2598
    0.8937   17.9967    0.8937    0.8937    0.8937    0.8937   -0.3756    0.8937
    0.0000
    0.4349    0.4349   -0.2598    0.4349    0.4349   -0.2598    0.4349    0.4349
    0.8937    0.8937   17.9967    0.8937   -0.3756    0.8937    0.8937    0.8937
    0.0000
    0.4349   -0.2598    0.4349    0.4349    0.4349    0.4349   -0.2598    0.4349
    0.8937    0.8937    0.8937   17.9967    0.8937   -0.3756    0.8937    0.8937
    0.0000
    0.4349    0.4349   -0.2598    0.4349    0.4349   -0.2598    0.4349    0.4349
    0.8937    0.8937   -0.3756    0.8937   17.9967    0.8937    0.8937    0.8937
    0.0000
    0.4349   -0.2598    0.4349    0.4349    0.4349    0.4349   -0.2598    0.4349
    0.8937    0.8937    0.8937   -0.3756    0.8937   17.9967    0.8937    0.8937
    0.0000
   -0.2598    0.4349    0.4349    0.4349    0.4349    0.4349    0.4349   -0.2598
    0.8937   -0.3756    0.8937    0.8937    0.8937    0.8937   17.9967    0.8937
    0.0000
    0.4349    0.4349    0.4349   -0.2598   -0.2598    0.4349    0.4349    0.4349
   -0.3756    0.8937    0.8937    0.8937    0.8937    0.8937    0.8937   17.9967
    0.0000
    0.0000    0.0000    0.0000    0.0000    0.0000    0.0000    0.0000    0.0000
    0.0000    0.0000    0.0000    0.0000    0.0000    0.0000    0.0000    0.0000
    0.0000
  type:            1  U1 =    4.14944511025800     
  type:            2  U1 =    17.9966821837078     
