 
  DISTANCES 
 
   0.0000   0.7071   0.7071   0.7071   0.7071   0.7071   1.0000   0.7071
   0.7071   0.7071   0.7071   1.0000   0.7071   1.0000   0.7071   0.7071
   0.4330   0.4330   0.8292   0.8292   0.8292   0.8292   0.8292   0.8292
   0.0000
   0.7071   0.0000   0.7071   1.0000   1.0000   0.7071   0.7071   0.7071
   0.7071   0.7071   0.7071   0.7071   0.7071   0.7071   0.7071   1.0000
   0.4330   0.8292   0.4330   0.8292   0.8292   0.8292   0.8292   0.8292
   0.0000
   0.7071   0.7071   0.0000   0.7071   0.7071   1.0000   0.7071   0.7071
   0.7071   0.7071   0.7071   0.7071   1.0000   0.7071   1.0000   0.7071
   0.4330   0.8292   0.8292   0.4330   0.8292   0.8292   0.8292   0.8292
   0.0000
   0.7071   1.0000   0.7071   0.0000   1.0000   0.7071   0.7071   0.7071
   0.7071   0.7071   0.7071   0.7071   0.7071   0.7071   0.7071   1.0000
   0.8292   0.4330   0.8292   0.8292   0.4330   0.8292   0.8292   0.8292
   0.0000
   0.7071   1.0000   0.7071   1.0000   0.0000   0.7071   0.7071   0.7071
   0.7071   0.7071   0.7071   0.7071   0.7071   0.7071   0.7071   1.0000
   0.8292   0.8292   0.8292   0.4330   0.8292   0.8292   0.4330   0.8292
   0.0000
   0.7071   0.7071   1.0000   0.7071   0.7071   0.0000   0.7071   0.7071
   0.7071   0.7071   0.7071   0.7071   1.0000   0.7071   1.0000   0.7071
   0.8292   0.8292   0.4330   0.8292   0.8292   0.8292   0.4330   0.8292
   0.0000
   1.0000   0.7071   0.7071   0.7071   0.7071   0.7071   0.0000   0.7071
   0.7071   0.7071   0.7071   1.0000   0.7071   1.0000   0.7071   0.7071
   0.8292   0.8292   0.4330   0.8292   0.4330   0.8292   0.8292   0.8292
   0.0000
   0.7071   0.7071   0.7071   0.7071   0.7071   0.7071   0.7071   0.0000
   1.0000   1.0000   1.0000   0.7071   0.7071   0.7071   0.7071   0.7071
   0.8292   0.8292   0.4330   0.8292   0.8292   0.4330   0.8292   0.8292
   0.0000
   0.7071   0.7071   0.7071   0.7071   0.7071   0.7071   0.7071   1.0000
   0.0000   1.0000   1.0000   0.7071   0.7071   0.7071   0.7071   0.7071
   0.4330   0.8292   0.8292   0.8292   0.8292   0.8292   0.8292   0.4330
   0.0000
   0.7071   0.7071   0.7071   0.7071   0.7071   0.7071   0.7071   1.0000
   1.0000   0.0000   1.0000   0.7071   0.7071   0.7071   0.7071   0.7071
   0.8292   0.8292   0.8292   0.4330   0.4330   0.8292   0.8292   0.8292
   0.0000
   0.7071   0.7071   0.7071   0.7071   0.7071   0.7071   0.7071   1.0000
   1.0000   1.0000   0.0000   0.7071   0.7071   0.7071   0.7071   0.7071
   0.8292   0.4330   0.8292   0.8292   0.8292   0.8292   0.4330   0.8292
   0.0000
   1.0000   0.7071   0.7071   0.7071   0.7071   0.7071   1.0000   0.7071
   0.7071   0.7071   0.7071   0.0000   0.7071   1.0000   0.7071   0.7071
   0.8292   0.8292   0.8292   0.8292   0.8292   0.8292   0.4330   0.4330
   0.0000
   0.7071   0.7071   1.0000   0.7071   0.7071   1.0000   0.7071   0.7071
   0.7071   0.7071   0.7071   0.7071   0.0000   0.7071   1.0000   0.7071
   0.8292   0.8292   0.8292   0.8292   0.4330   0.8292   0.8292   0.4330
   0.0000
   1.0000   0.7071   0.7071   0.7071   0.7071   0.7071   1.0000   0.7071
   0.7071   0.7071   0.7071   1.0000   0.7071   0.0000   0.7071   0.7071
   0.8292   0.8292   0.8292   0.4330   0.8292   0.4330   0.8292   0.8292
   0.0000
   0.7071   0.7071   1.0000   0.7071   0.7071   1.0000   0.7071   0.7071
   0.7071   0.7071   0.7071   0.7071   1.0000   0.7071   0.0000   0.7071
   0.8292   0.4330   0.8292   0.8292   0.8292   0.4330   0.8292   0.8292
   0.0000
   0.7071   1.0000   0.7071   1.0000   1.0000   0.7071   0.7071   0.7071
   0.7071   0.7071   0.7071   0.7071   0.7071   0.7071   0.7071   0.0000
   0.8292   0.8292   0.8292   0.8292   0.8292   0.4330   0.8292   0.4330
   0.0000
   0.4330   0.4330   0.4330   0.8292   0.8292   0.8292   0.8292   0.8292
   0.4330   0.8292   0.8292   0.8292   0.8292   0.8292   0.8292   0.8292
   0.0000   0.8660   0.8660   0.8660   1.0000   1.0000   1.0000   0.8660
   0.0000
   0.4330   0.8292   0.8292   0.4330   0.8292   0.8292   0.8292   0.8292
   0.8292   0.8292   0.4330   0.8292   0.8292   0.8292   0.4330   0.8292
   0.8660   0.0000   1.0000   1.0000   0.8660   0.8660   0.8660   1.0000
   0.0000
   0.8292   0.4330   0.8292   0.8292   0.8292   0.4330   0.4330   0.4330
   0.8292   0.8292   0.8292   0.8292   0.8292   0.8292   0.8292   0.8292
   0.8660   1.0000   0.0000   1.0000   0.8660   0.8660   0.8660   1.0000
   0.0000
   0.8292   0.8292   0.4330   0.8292   0.4330   0.8292   0.8292   0.8292
   0.8292   0.4330   0.8292   0.8292   0.8292   0.4330   0.8292   0.8292
   0.8660   1.0000   1.0000   0.0000   0.8660   0.8660   0.8660   1.0000
   0.0000
   0.8292   0.8292   0.8292   0.4330   0.8292   0.8292   0.4330   0.8292
   0.8292   0.4330   0.8292   0.8292   0.4330   0.8292   0.8292   0.8292
   1.0000   0.8660   0.8660   0.8660   0.0000   1.0000   1.0000   0.8660
   0.0000
   0.8292   0.8292   0.8292   0.8292   0.8292   0.8292   0.8292   0.4330
   0.8292   0.8292   0.8292   0.8292   0.8292   0.4330   0.4330   0.4330
   1.0000   0.8660   0.8660   0.8660   1.0000   0.0000   1.0000   0.8660
   0.0000
   0.8292   0.8292   0.8292   0.8292   0.4330   0.4330   0.8292   0.8292
   0.8292   0.8292   0.4330   0.4330   0.8292   0.8292   0.8292   0.8292
   1.0000   0.8660   0.8660   0.8660   1.0000   1.0000   0.0000   0.8660
   0.0000
   0.8292   0.8292   0.8292   0.8292   0.8292   0.8292   0.8292   0.8292
   0.4330   0.8292   0.8292   0.4330   0.4330   0.8292   0.8292   0.4330
   0.8660   1.0000   1.0000   1.0000   0.8660   0.8660   0.8660   0.0000
   0.0000
   0.7071   0.7071   0.7071   0.7071   0.7071   1.0000   0.7071   0.7071
   0.7071   0.7071   1.0000   0.7071   1.0000   0.7071   0.7071   0.4330
   0.4330   0.8292   0.8292   0.8292   0.8292   0.8292   0.8292   0.0000
   0.0000
 
 
  number of atoms in the primitive cell:          24        1536
 
 
  CHI_0 Matrix 
 
  -0.0907   0.0024   0.0024   0.0024   0.0024   0.0024  -0.0005   0.0024
   0.0024   0.0024   0.0024  -0.0005   0.0024  -0.0005   0.0024   0.0024
   0.0005   0.0005   0.0010   0.0010   0.0010   0.0010   0.0010   0.0010
   0.0567
   0.0024  -0.0907   0.0024  -0.0005  -0.0005   0.0024   0.0024   0.0024
   0.0024   0.0024   0.0024   0.0024   0.0024   0.0024   0.0024  -0.0005
   0.0005   0.0010   0.0005   0.0010   0.0010   0.0010   0.0010   0.0010
   0.0567
   0.0024   0.0024  -0.0907   0.0024   0.0024  -0.0005   0.0024   0.0024
   0.0024   0.0024   0.0024   0.0024  -0.0005   0.0024  -0.0005   0.0024
   0.0005   0.0010   0.0010   0.0005   0.0010   0.0010   0.0010   0.0010
   0.0567
   0.0024  -0.0005   0.0024  -0.0907  -0.0005   0.0024   0.0024   0.0024
   0.0024   0.0024   0.0024   0.0024   0.0024   0.0024   0.0024  -0.0005
   0.0010   0.0005   0.0010   0.0010   0.0005   0.0010   0.0010   0.0010
   0.0567
   0.0024  -0.0005   0.0024  -0.0005  -0.0907   0.0024   0.0024   0.0024
   0.0024   0.0024   0.0024   0.0024   0.0024   0.0024   0.0024  -0.0005
   0.0010   0.0010   0.0010   0.0005   0.0010   0.0010   0.0005   0.0010
   0.0567
   0.0024   0.0024  -0.0005   0.0024   0.0024  -0.0907   0.0024   0.0024
   0.0024   0.0024   0.0024   0.0024  -0.0005   0.0024  -0.0005   0.0024
   0.0010   0.0010   0.0005   0.0010   0.0010   0.0010   0.0005   0.0010
   0.0567
  -0.0005   0.0024   0.0024   0.0024   0.0024   0.0024  -0.0907   0.0024
   0.0024   0.0024   0.0024  -0.0005   0.0024  -0.0005   0.0024   0.0024
   0.0010   0.0010   0.0005   0.0010   0.0005   0.0010   0.0010   0.0010
   0.0567
   0.0024   0.0024   0.0024   0.0024   0.0024   0.0024   0.0024  -0.0907
  -0.0005  -0.0005  -0.0005   0.0024   0.0024   0.0024   0.0024   0.0024
   0.0010   0.0010   0.0005   0.0010   0.0010   0.0005   0.0010   0.0010
   0.0567
   0.0024   0.0024   0.0024   0.0024   0.0024   0.0024   0.0024  -0.0005
  -0.0907  -0.0005  -0.0005   0.0024   0.0024   0.0024   0.0024   0.0024
   0.0005   0.0010   0.0010   0.0010   0.0010   0.0010   0.0010   0.0005
   0.0567
   0.0024   0.0024   0.0024   0.0024   0.0024   0.0024   0.0024  -0.0005
  -0.0005  -0.0907  -0.0005   0.0024   0.0024   0.0024   0.0024   0.0024
   0.0010   0.0010   0.0010   0.0005   0.0005   0.0010   0.0010   0.0010
   0.0567
   0.0024   0.0024   0.0024   0.0024   0.0024   0.0024   0.0024  -0.0005
  -0.0005  -0.0005  -0.0907   0.0024   0.0024   0.0024   0.0024   0.0024
   0.0010   0.0005   0.0010   0.0010   0.0010   0.0010   0.0005   0.0010
   0.0567
  -0.0005   0.0024   0.0024   0.0024   0.0024   0.0024  -0.0005   0.0024
   0.0024   0.0024   0.0024  -0.0907   0.0024  -0.0005   0.0024   0.0024
   0.0010   0.0010   0.0010   0.0010   0.0010   0.0010   0.0005   0.0005
   0.0567
   0.0024   0.0024  -0.0005   0.0024   0.0024  -0.0005   0.0024   0.0024
   0.0024   0.0024   0.0024   0.0024  -0.0907   0.0024  -0.0005   0.0024
   0.0010   0.0010   0.0010   0.0010   0.0005   0.0010   0.0010   0.0005
   0.0567
  -0.0005   0.0024   0.0024   0.0024   0.0024   0.0024  -0.0005   0.0024
   0.0024   0.0024   0.0024  -0.0005   0.0024  -0.0907   0.0024   0.0024
   0.0010   0.0010   0.0010   0.0005   0.0010   0.0005   0.0010   0.0010
   0.0567
   0.0024   0.0024  -0.0005   0.0024   0.0024  -0.0005   0.0024   0.0024
   0.0024   0.0024   0.0024   0.0024  -0.0005   0.0024  -0.0907   0.0024
   0.0010   0.0005   0.0010   0.0010   0.0010   0.0005   0.0010   0.0010
   0.0567
   0.0024  -0.0005   0.0024  -0.0005  -0.0005   0.0024   0.0024   0.0024
   0.0024   0.0024   0.0024   0.0024   0.0024   0.0024   0.0024  -0.0907
   0.0010   0.0010   0.0010   0.0010   0.0010   0.0005   0.0010   0.0005
   0.0567
   0.0005   0.0005   0.0005   0.0010   0.0010   0.0010   0.0010   0.0010
   0.0005   0.0010   0.0010   0.0010   0.0010   0.0010   0.0010   0.0010
  -0.0613   0.0010   0.0010   0.0010   0.0008   0.0008   0.0008   0.0010
   0.0410
   0.0005   0.0010   0.0010   0.0005   0.0010   0.0010   0.0010   0.0010
   0.0010   0.0010   0.0005   0.0010   0.0010   0.0010   0.0005   0.0010
   0.0010  -0.0613   0.0008   0.0008   0.0010   0.0010   0.0010   0.0008
   0.0410
   0.0010   0.0005   0.0010   0.0010   0.0010   0.0005   0.0005   0.0005
   0.0010   0.0010   0.0010   0.0010   0.0010   0.0010   0.0010   0.0010
   0.0010   0.0008  -0.0613   0.0008   0.0010   0.0010   0.0010   0.0008
   0.0410
   0.0010   0.0010   0.0005   0.0010   0.0005   0.0010   0.0010   0.0010
   0.0010   0.0005   0.0010   0.0010   0.0010   0.0005   0.0010   0.0010
   0.0010   0.0008   0.0008  -0.0613   0.0010   0.0010   0.0010   0.0008
   0.0410
   0.0010   0.0010   0.0010   0.0005   0.0010   0.0010   0.0005   0.0010
   0.0010   0.0005   0.0010   0.0010   0.0005   0.0010   0.0010   0.0010
   0.0008   0.0010   0.0010   0.0010  -0.0613   0.0008   0.0008   0.0010
   0.0410
   0.0010   0.0010   0.0010   0.0010   0.0010   0.0010   0.0010   0.0005
   0.0010   0.0010   0.0010   0.0010   0.0010   0.0005   0.0005   0.0005
   0.0008   0.0010   0.0010   0.0010   0.0008  -0.0613   0.0008   0.0010
   0.0410
   0.0010   0.0010   0.0010   0.0010   0.0005   0.0005   0.0010   0.0010
   0.0010   0.0010   0.0005   0.0005   0.0010   0.0010   0.0010   0.0010
   0.0008   0.0010   0.0010   0.0010   0.0008   0.0008  -0.0613   0.0010
   0.0410
   0.0010   0.0010   0.0010   0.0010   0.0010   0.0010   0.0010   0.0010
   0.0005   0.0010   0.0010   0.0005   0.0005   0.0010   0.0010   0.0005
   0.0010   0.0008   0.0008   0.0008   0.0010   0.0010   0.0010  -0.0613
   0.0410
   0.0567   0.0567   0.0567   0.0567   0.0567   0.0567   0.0567   0.0567
   0.0567   0.0567   0.0567   0.0567   0.0567   0.0567   0.0567   0.0567
   0.0410   0.0410   0.0410   0.0410   0.0410   0.0410   0.0410   0.0410
  -1.2360
 
 
  CHI Matrix 
 
  -0.0463   0.0002   0.0002   0.0002   0.0002   0.0002  -0.0002   0.0002
   0.0002   0.0002   0.0002  -0.0002   0.0002  -0.0002   0.0002   0.0002
   0.0019   0.0019  -0.0002  -0.0002  -0.0002  -0.0002  -0.0002  -0.0002
   0.0418
   0.0002  -0.0463   0.0002  -0.0002  -0.0002   0.0002   0.0002   0.0002
   0.0002   0.0002   0.0002   0.0002   0.0002   0.0002   0.0002  -0.0002
   0.0019  -0.0002   0.0019  -0.0002  -0.0002  -0.0002  -0.0002  -0.0002
   0.0418
   0.0002   0.0002  -0.0463   0.0002   0.0002  -0.0002   0.0002   0.0002
   0.0002   0.0002   0.0002   0.0002  -0.0002   0.0002  -0.0002   0.0002
   0.0019  -0.0002  -0.0002   0.0019  -0.0002  -0.0002  -0.0002  -0.0002
   0.0418
   0.0002  -0.0002   0.0002  -0.0463  -0.0002   0.0002   0.0002   0.0002
   0.0002   0.0002   0.0002   0.0002   0.0002   0.0002   0.0002  -0.0002
  -0.0002   0.0019  -0.0002  -0.0002   0.0019  -0.0002  -0.0002  -0.0002
   0.0418
   0.0002  -0.0002   0.0002  -0.0002  -0.0463   0.0002   0.0002   0.0002
   0.0002   0.0002   0.0002   0.0002   0.0002   0.0002   0.0002  -0.0002
  -0.0002  -0.0002  -0.0002   0.0019  -0.0002  -0.0002   0.0019  -0.0002
   0.0418
   0.0002   0.0002  -0.0002   0.0002   0.0002  -0.0463   0.0002   0.0002
   0.0002   0.0002   0.0002   0.0002  -0.0002   0.0002  -0.0002   0.0002
  -0.0002  -0.0002   0.0019  -0.0002  -0.0002  -0.0002   0.0019  -0.0002
   0.0418
  -0.0002   0.0002   0.0002   0.0002   0.0002   0.0002  -0.0463   0.0002
   0.0002   0.0002   0.0002  -0.0002   0.0002  -0.0002   0.0002   0.0002
  -0.0002  -0.0002   0.0019  -0.0002   0.0019  -0.0002  -0.0002  -0.0002
   0.0418
   0.0002   0.0002   0.0002   0.0002   0.0002   0.0002   0.0002  -0.0463
  -0.0002  -0.0002  -0.0002   0.0002   0.0002   0.0002   0.0002   0.0002
  -0.0002  -0.0002   0.0019  -0.0002  -0.0002   0.0019  -0.0002  -0.0002
   0.0418
   0.0002   0.0002   0.0002   0.0002   0.0002   0.0002   0.0002  -0.0002
  -0.0463  -0.0002  -0.0002   0.0002   0.0002   0.0002   0.0002   0.0002
   0.0019  -0.0002  -0.0002  -0.0002  -0.0002  -0.0002  -0.0002   0.0019
   0.0418
   0.0002   0.0002   0.0002   0.0002   0.0002   0.0002   0.0002  -0.0002
  -0.0002  -0.0463  -0.0002   0.0002   0.0002   0.0002   0.0002   0.0002
  -0.0002  -0.0002  -0.0002   0.0019   0.0019  -0.0002  -0.0002  -0.0002
   0.0418
   0.0002   0.0002   0.0002   0.0002   0.0002   0.0002   0.0002  -0.0002
  -0.0002  -0.0002  -0.0463   0.0002   0.0002   0.0002   0.0002   0.0002
  -0.0002   0.0019  -0.0002  -0.0002  -0.0002  -0.0002   0.0019  -0.0002
   0.0418
  -0.0002   0.0002   0.0002   0.0002   0.0002   0.0002  -0.0002   0.0002
   0.0002   0.0002   0.0002  -0.0463   0.0002  -0.0002   0.0002   0.0002
  -0.0002  -0.0002  -0.0002  -0.0002  -0.0002  -0.0002   0.0019   0.0019
   0.0418
   0.0002   0.0002  -0.0002   0.0002   0.0002  -0.0002   0.0002   0.0002
   0.0002   0.0002   0.0002   0.0002  -0.0463   0.0002  -0.0002   0.0002
  -0.0002  -0.0002  -0.0002  -0.0002   0.0019  -0.0002  -0.0002   0.0019
   0.0418
  -0.0002   0.0002   0.0002   0.0002   0.0002   0.0002  -0.0002   0.0002
   0.0002   0.0002   0.0002  -0.0002   0.0002  -0.0463   0.0002   0.0002
  -0.0002  -0.0002  -0.0002   0.0019  -0.0002   0.0019  -0.0002  -0.0002
   0.0418
   0.0002   0.0002  -0.0002   0.0002   0.0002  -0.0002   0.0002   0.0002
   0.0002   0.0002   0.0002   0.0002  -0.0002   0.0002  -0.0463   0.0002
  -0.0002   0.0019  -0.0002  -0.0002  -0.0002   0.0019  -0.0002  -0.0002
   0.0418
   0.0002  -0.0002   0.0002  -0.0002  -0.0002   0.0002   0.0002   0.0002
   0.0002   0.0002   0.0002   0.0002   0.0002   0.0002   0.0002  -0.0463
  -0.0002  -0.0002  -0.0002  -0.0002  -0.0002   0.0019  -0.0002   0.0019
   0.0418
   0.0019   0.0019   0.0019  -0.0002  -0.0002  -0.0002  -0.0002  -0.0002
   0.0019  -0.0002  -0.0002  -0.0002  -0.0002  -0.0002  -0.0002  -0.0002
  -0.0247  -0.0002  -0.0002  -0.0002  -0.0002  -0.0002  -0.0002  -0.0002
   0.0220
   0.0019  -0.0002  -0.0002   0.0019  -0.0002  -0.0002  -0.0002  -0.0002
  -0.0002  -0.0002   0.0019  -0.0002  -0.0002  -0.0002   0.0019  -0.0002
  -0.0002  -0.0247  -0.0002  -0.0002  -0.0002  -0.0002  -0.0002  -0.0002
   0.0220
  -0.0002   0.0019  -0.0002  -0.0002  -0.0002   0.0019   0.0019   0.0019
  -0.0002  -0.0002  -0.0002  -0.0002  -0.0002  -0.0002  -0.0002  -0.0002
  -0.0002  -0.0002  -0.0247  -0.0002  -0.0002  -0.0002  -0.0002  -0.0002
   0.0220
  -0.0002  -0.0002   0.0019  -0.0002   0.0019  -0.0002  -0.0002  -0.0002
  -0.0002   0.0019  -0.0002  -0.0002  -0.0002   0.0019  -0.0002  -0.0002
  -0.0002  -0.0002  -0.0002  -0.0247  -0.0002  -0.0002  -0.0002  -0.0002
   0.0220
  -0.0002  -0.0002  -0.0002   0.0019  -0.0002  -0.0002   0.0019  -0.0002
  -0.0002   0.0019  -0.0002  -0.0002   0.0019  -0.0002  -0.0002  -0.0002
  -0.0002  -0.0002  -0.0002  -0.0002  -0.0247  -0.0002  -0.0002  -0.0002
   0.0220
  -0.0002  -0.0002  -0.0002  -0.0002  -0.0002  -0.0002  -0.0002   0.0019
  -0.0002  -0.0002  -0.0002  -0.0002  -0.0002   0.0019   0.0019   0.0019
  -0.0002  -0.0002  -0.0002  -0.0002  -0.0002  -0.0247  -0.0002  -0.0002
   0.0220
  -0.0002  -0.0002  -0.0002  -0.0002   0.0019   0.0019  -0.0002  -0.0002
  -0.0002  -0.0002   0.0019   0.0019  -0.0002  -0.0002  -0.0002  -0.0002
  -0.0002  -0.0002  -0.0002  -0.0002  -0.0002  -0.0002  -0.0247  -0.0002
   0.0220
  -0.0002  -0.0002  -0.0002  -0.0002  -0.0002  -0.0002  -0.0002  -0.0002
   0.0019  -0.0002  -0.0002   0.0019   0.0019  -0.0002  -0.0002   0.0019
  -0.0002  -0.0002  -0.0002  -0.0002  -0.0002  -0.0002  -0.0002  -0.0247
   0.0220
   0.0418   0.0418   0.0418   0.0418   0.0418   0.0418   0.0418   0.0418
   0.0418   0.0418   0.0418   0.0418   0.0418   0.0418   0.0418   0.0418
   0.0220   0.0220   0.0220   0.0220   0.0220   0.0220   0.0220   0.0220
  -0.8440
 
 
  CHI0^-1 - CHI^-1 Matrix 
 
   10.4955   -0.3379   -0.3379   -0.3379   -0.4259   -0.4259   -0.3393   -0.4259
   -0.3379   -0.4259   -0.3379   -0.3393   -0.4259   -0.3393   -0.3379   -0.4259
    0.8738    0.8738   -1.1318   -1.1318   -1.1318   -1.1318   -1.1318   -1.1318
    0.1489
   -0.3379   10.4955   -0.3379   -0.3393   -0.3393   -0.3379   -0.3379   -0.3379
   -0.3379   -0.4259   -0.4259   -0.4259   -0.4259   -0.4259   -0.4259   -0.3393
    0.8738   -1.1318    0.8738   -1.1318   -1.1318   -1.1318   -1.1318   -1.1318
    0.1489
   -0.3379   -0.3379   10.4955   -0.4259   -0.3379   -0.3393   -0.4259   -0.4259
   -0.3379   -0.3379   -0.4259   -0.4259   -0.3393   -0.3379   -0.3393   -0.4259
    0.8738   -1.1318   -1.1318    0.8738   -1.1318   -1.1318   -1.1318   -1.1318
    0.1489
   -0.3379   -0.3393   -0.4259   10.4955   -0.3393   -0.4259   -0.3379   -0.4259
   -0.4259   -0.3379   -0.3379   -0.4259   -0.3379   -0.4259   -0.3379   -0.3393
   -1.1318    0.8738   -1.1318   -1.1318    0.8738   -1.1318   -1.1318   -1.1318
    0.1489
   -0.4259   -0.3393   -0.3379   -0.3393   10.4955   -0.3379   -0.4259   -0.4259
   -0.4259   -0.3379   -0.3379   -0.3379   -0.4259   -0.3379   -0.4259   -0.3393
   -1.1318   -1.1318   -1.1318    0.8738   -1.1318   -1.1318    0.8738   -1.1318
    0.1489
   -0.4259   -0.3379   -0.3393   -0.4259   -0.3379   10.4955   -0.3379   -0.3379
   -0.4259   -0.4259   -0.3379   -0.3379   -0.3393   -0.4259   -0.3393   -0.4259
   -1.1318   -1.1318    0.8738   -1.1318   -1.1318   -1.1318    0.8738   -1.1318
    0.1489
   -0.3393   -0.3379   -0.4259   -0.3379   -0.4259   -0.3379   10.4955   -0.3379
   -0.4259   -0.3379   -0.4259   -0.3393   -0.3379   -0.3393   -0.4259   -0.4259
   -1.1318   -1.1318    0.8738   -1.1318    0.8738   -1.1318   -1.1318   -1.1318
    0.1489
   -0.4259   -0.3379   -0.4259   -0.4259   -0.4259   -0.3379   -0.3379   10.4955
   -0.3393   -0.3393   -0.3393   -0.4259   -0.4259   -0.3379   -0.3379   -0.3379
   -1.1318   -1.1318    0.8738   -1.1318   -1.1318    0.8738   -1.1318   -1.1318
    0.1489
   -0.3379   -0.3379   -0.3379   -0.4259   -0.4259   -0.4259   -0.4259   -0.3393
   10.4955   -0.3393   -0.3393   -0.3379   -0.3379   -0.4259   -0.4259   -0.3379
    0.8738   -1.1318   -1.1318   -1.1318   -1.1318   -1.1318   -1.1318    0.8738
    0.1489
   -0.4259   -0.4259   -0.3379   -0.3379   -0.3379   -0.4259   -0.3379   -0.3393
   -0.3393   10.4955   -0.3393   -0.4259   -0.3379   -0.3379   -0.4259   -0.4259
   -1.1318   -1.1318   -1.1318    0.8738    0.8738   -1.1318   -1.1318   -1.1318
    0.1489
   -0.3379   -0.4259   -0.4259   -0.3379   -0.3379   -0.3379   -0.4259   -0.3393
   -0.3393   -0.3393   10.4955   -0.3379   -0.4259   -0.4259   -0.3379   -0.4259
   -1.1318    0.8738   -1.1318   -1.1318   -1.1318   -1.1318    0.8738   -1.1318
    0.1489
   -0.3393   -0.4259   -0.4259   -0.4259   -0.3379   -0.3379   -0.3393   -0.4259
   -0.3379   -0.4259   -0.3379   10.4955   -0.3379   -0.3393   -0.4259   -0.3379
   -1.1318   -1.1318   -1.1318   -1.1318   -1.1318   -1.1318    0.8738    0.8738
    0.1489
   -0.4259   -0.4259   -0.3393   -0.3379   -0.4259   -0.3393   -0.3379   -0.4259
   -0.3379   -0.3379   -0.4259   -0.3379   10.4955   -0.4259   -0.3393   -0.3379
   -1.1318   -1.1318   -1.1318   -1.1318    0.8738   -1.1318   -1.1318    0.8738
    0.1489
   -0.3393   -0.4259   -0.3379   -0.4259   -0.3379   -0.4259   -0.3393   -0.3379
   -0.4259   -0.3379   -0.4259   -0.3393   -0.4259   10.4955   -0.3379   -0.3379
   -1.1318   -1.1318   -1.1318    0.8738   -1.1318    0.8738   -1.1318   -1.1318
    0.1489
   -0.3379   -0.4259   -0.3393   -0.3379   -0.4259   -0.3393   -0.4259   -0.3379
   -0.4259   -0.4259   -0.3379   -0.4259   -0.3393   -0.3379   10.4955   -0.3379
   -1.1318    0.8738   -1.1318   -1.1318   -1.1318    0.8738   -1.1318   -1.1318
    0.1489
   -0.4259   -0.3393   -0.4259   -0.3393   -0.3393   -0.4259   -0.4259   -0.3379
   -0.3379   -0.4259   -0.4259   -0.3379   -0.3379   -0.3379   -0.3379   10.4955
   -1.1318   -1.1318   -1.1318   -1.1318   -1.1318    0.8738   -1.1318    0.8738
    0.1489
    0.8738    0.8738    0.8738   -1.1318   -1.1318   -1.1318   -1.1318   -1.1318
    0.8738   -1.1318   -1.1318   -1.1318   -1.1318   -1.1318   -1.1318   -1.1318
   23.4344   -1.8133   -1.8133   -1.8133   -1.9148   -1.9148   -1.9148   -1.8133
   -0.3498
    0.8738   -1.1318   -1.1318    0.8738   -1.1318   -1.1318   -1.1318   -1.1318
   -1.1318   -1.1318    0.8738   -1.1318   -1.1318   -1.1318    0.8738   -1.1318
   -1.8133   23.4344   -1.9148   -1.9148   -1.8133   -1.8133   -1.8133   -1.9148
   -0.3498
   -1.1318    0.8738   -1.1318   -1.1318   -1.1318    0.8738    0.8738    0.8738
   -1.1318   -1.1318   -1.1318   -1.1318   -1.1318   -1.1318   -1.1318   -1.1318
   -1.8133   -1.9148   23.4344   -1.9148   -1.8133   -1.8133   -1.8133   -1.9148
   -0.3498
   -1.1318   -1.1318    0.8738   -1.1318    0.8738   -1.1318   -1.1318   -1.1318
   -1.1318    0.8738   -1.1318   -1.1318   -1.1318    0.8738   -1.1318   -1.1318
   -1.8133   -1.9148   -1.9148   23.4344   -1.8133   -1.8133   -1.8133   -1.9148
   -0.3498
   -1.1318   -1.1318   -1.1318    0.8738   -1.1318   -1.1318    0.8738   -1.1318
   -1.1318    0.8738   -1.1318   -1.1318    0.8738   -1.1318   -1.1318   -1.1318
   -1.9148   -1.8133   -1.8133   -1.8133   23.4344   -1.9148   -1.9148   -1.8133
   -0.3498
   -1.1318   -1.1318   -1.1318   -1.1318   -1.1318   -1.1318   -1.1318    0.8738
   -1.1318   -1.1318   -1.1318   -1.1318   -1.1318    0.8738    0.8738    0.8738
   -1.9148   -1.8133   -1.8133   -1.8133   -1.9148   23.4344   -1.9148   -1.8133
   -0.3498
   -1.1318   -1.1318   -1.1318   -1.1318    0.8738    0.8738   -1.1318   -1.1318
   -1.1318   -1.1318    0.8738    0.8738   -1.1318   -1.1318   -1.1318   -1.1318
   -1.9148   -1.8133   -1.8133   -1.8133   -1.9148   -1.9148   23.4344   -1.8133
   -0.3498
   -1.1318   -1.1318   -1.1318   -1.1318   -1.1318   -1.1318   -1.1318   -1.1318
    0.8738   -1.1318   -1.1318    0.8738    0.8738   -1.1318   -1.1318    0.8738
   -1.8133   -1.9148   -1.9148   -1.9148   -1.8133   -1.8133   -1.8133   23.4344
   -0.3498
    0.1489    0.1489    0.1489    0.1489    0.1489    0.1489    0.1489    0.1489
    0.1489    0.1489    0.1489    0.1489    0.1489    0.1489    0.1489    0.1489
   -0.3498   -0.3498   -0.3498   -0.3498   -0.3498   -0.3498   -0.3498   -0.3498
    0.4161
  type:            1  U0 =    10.4955487511949     
  type:            2  U0 =    23.4344188543158     
 
 
  Sanity test and writing of response and interaction matrices 
 
  atom1  atom2  typ1  typ2  dist  chi_0  chi  int 
 
   1   1   1   1     0.000000    -0.0907    -0.0463    10.6346
   1  18   1   2     0.433013     0.0005     0.0019     1.5354
   1  17   1   2     0.433013     0.0005     0.0019     1.5354
   1 ***   1   1     0.707107     0.0024     0.0002    -0.1456
   1 370   1   1     0.707107     0.0024     0.0002    -0.2546
   1 304   1   1     0.707107     0.0024     0.0002    -0.2546
   1 301   1   1     0.707107     0.0024     0.0002    -0.2546
   1 299   1   1     0.707107     0.0024     0.0002    -0.1456
   1 290   1   1     0.707107     0.0024     0.0002    -0.1456
   1  87   1   1     0.707107     0.0024     0.0002    -0.1456
   1  78   1   1     0.707107     0.0024     0.0002    -0.2546
   1  77   1   1     0.707107     0.0024     0.0002    -0.2546
   1   8   1   1     0.707107     0.0024     0.0002    -0.2546
   1   4   1   1     0.707107     0.0024     0.0002    -0.1456
   1   3   1   1     0.707107     0.0024     0.0002    -0.1456
   1 312   1   2     0.829156     0.0010    -0.0002    -0.4576
   1 309   1   2     0.829156     0.0010    -0.0002    -0.4576
   1  95   1   2     0.829156     0.0010    -0.0002    -0.4576
   1  92   1   2     0.829156     0.0010    -0.0002    -0.4576
   1  22   1   2     0.829156     0.0010    -0.0002    -0.4576
   1  19   1   2     0.829156     0.0010    -0.0002    -0.4576
   1 ***   1   1     1.000000    -0.0002    -0.0001    -0.0877
   1 ***   1   1     1.000000    -0.0002    -0.0001    -0.0877
   1 300   1   1     1.000000    -0.0002    -0.0001    -0.0877
   1 ***   1  bac     0.000000     0.0567     0.0418     0.0027
 end of test on atom            1
   2   2   1   1     0.000000    -0.0907    -0.0463    10.6346
   2 113   1   2     0.433013     0.0005     0.0019     1.5354
   2  19   1   2     0.433013     0.0005     0.0019     1.5354
   2 ***   1   1     0.707107     0.0024     0.0002    -0.2546
   2 ***   1   1     0.707107     0.0024     0.0002    -0.2546
   2 ***   1   1     0.707107     0.0024     0.0002    -0.1456
   2 ***   1   1     0.707107     0.0024     0.0002    -0.2546
   2 ***   1   1     0.707107     0.0024     0.0002    -0.1456
   2  99   1   1     0.707107     0.0024     0.0002    -0.1456
   2  97   1   1     0.707107     0.0024     0.0002    -0.1456
   2  82   1   1     0.707107     0.0024     0.0002    -0.2546
   2  78   1   1     0.707107     0.0024     0.0002    -0.1456
   2  13   1   1     0.707107     0.0024     0.0002    -0.2546
   2  12   1   1     0.707107     0.0024     0.0002    -0.2546
   2   8   1   1     0.707107     0.0024     0.0002    -0.1456
   2 ***   1   2     0.829156     0.0010    -0.0002    -0.4576
   2 ***   1   2     0.829156     0.0010    -0.0002    -0.4576
   2 188   1   2     0.829156     0.0010    -0.0002    -0.4576
   2  24   1   2     0.829156     0.0010    -0.0002    -0.4576
   2  23   1   2     0.829156     0.0010    -0.0002    -0.4576
   2  21   1   2     0.829156     0.0010    -0.0002    -0.4576
   2 ***   1   1     1.000000    -0.0002    -0.0001    -0.0877
   2 ***   1   1     1.000000    -0.0002    -0.0001    -0.0877
   2 173   1   1     1.000000    -0.0002    -0.0001    -0.0877
   2 ***   1  bac     0.000000     0.0567     0.0418     0.0027
 end of test on atom            2
   3   3   1   1     0.000000    -0.0907    -0.0463    10.6346
   3  20   1   2     0.433013     0.0005     0.0019     1.5354
   3  17   1   2     0.433013     0.0005     0.0019     1.5354
   3 ***   1   1     0.707107     0.0024     0.0002    -0.2546
   3 ***   1   1     0.707107     0.0024     0.0002    -0.1456
   3 ***   1   1     0.707107     0.0024     0.0002    -0.1456
   3 ***   1   1     0.707107     0.0024     0.0002    -0.2546
   3 ***   1   1     0.707107     0.0024     0.0002    -0.2546
   3 304   1   1     0.707107     0.0024     0.0002    -0.2546
   3 300   1   1     0.707107     0.0024     0.0002    -0.2546
   3 298   1   1     0.707107     0.0024     0.0002    -0.1456
   3 290   1   1     0.707107     0.0024     0.0002    -0.1456
   3   8   1   1     0.707107     0.0024     0.0002    -0.2546
   3   5   1   1     0.707107     0.0024     0.0002    -0.1456
   3   1   1   1     0.707107     0.0024     0.0002    -0.1456
   3 ***   1   2     0.829156     0.0010    -0.0002    -0.4576
   3 ***   1   2     0.829156     0.0010    -0.0002    -0.4576
   3 312   1   2     0.829156     0.0010    -0.0002    -0.4576
   3 311   1   2     0.829156     0.0010    -0.0002    -0.4576
   3  22   1   2     0.829156     0.0010    -0.0002    -0.4576
   3  19   1   2     0.829156     0.0010    -0.0002    -0.4576
   3 ***   1   1     1.000000    -0.0002    -0.0001    -0.0877
   3 ***   1   1     1.000000    -0.0002    -0.0001    -0.0877
   3 301   1   1     1.000000    -0.0002    -0.0001    -0.0877
   3 ***   1  bac     0.000000     0.0567     0.0418     0.0027
 end of test on atom            3
   4   4   1   1     0.000000    -0.0907    -0.0463    10.6346
   4  21   1   2     0.433013     0.0005     0.0019     1.5354
   4  18   1   2     0.433013     0.0005     0.0019     1.5354
   4 387   1   1     0.707107     0.0024     0.0002    -0.2546
   4 299   1   1     0.707107     0.0024     0.0002    -0.1456
   4  87   1   1     0.707107     0.0024     0.0002    -0.1456
   4  84   1   1     0.707107     0.0024     0.0002    -0.2546
   4  82   1   1     0.707107     0.0024     0.0002    -0.1456
   4  81   1   1     0.707107     0.0024     0.0002    -0.2546
   4  78   1   1     0.707107     0.0024     0.0002    -0.2546
   4  14   1   1     0.707107     0.0024     0.0002    -0.2546
   4  13   1   1     0.707107     0.0024     0.0002    -0.1456
   4   8   1   1     0.707107     0.0024     0.0002    -0.2546
   4   7   1   1     0.707107     0.0024     0.0002    -0.1456
   4   1   1   1     0.707107     0.0024     0.0002    -0.1456
   4 404   1   2     0.829156     0.0010    -0.0002    -0.4576
   4 401   1   2     0.829156     0.0010    -0.0002    -0.4576
   4  96   1   2     0.829156     0.0010    -0.0002    -0.4576
   4  95   1   2     0.829156     0.0010    -0.0002    -0.4576
   4  22   1   2     0.829156     0.0010    -0.0002    -0.4576
   4  19   1   2     0.829156     0.0010    -0.0002    -0.4576
   4 674   1   1     1.000000    -0.0002    -0.0001    -0.0877
   4 389   1   1     1.000000    -0.0002    -0.0001    -0.0877
   4 304   1   1     1.000000    -0.0002    -0.0001    -0.0877
   4 ***   1  bac     0.000000     0.0567     0.0418     0.0027
 end of test on atom            4
   5   5   1   1     0.000000    -0.0907    -0.0463    10.6346
   5  23   1   2     0.433013     0.0005     0.0019     1.5354
   5  20   1   2     0.433013     0.0005     0.0019     1.5354
   5 ***   1   1     0.707107     0.0024     0.0002    -0.1456
   5 ***   1   1     0.707107     0.0024     0.0002    -0.2546
   5 ***   1   1     0.707107     0.0024     0.0002    -0.1456
   5 ***   1   1     0.707107     0.0024     0.0002    -0.2546
   5 ***   1   1     0.707107     0.0024     0.0002    -0.2546
   5 298   1   1     0.707107     0.0024     0.0002    -0.1456
   5  25   1   1     0.707107     0.0024     0.0002    -0.2546
   5  15   1   1     0.707107     0.0024     0.0002    -0.2546
   5  12   1   1     0.707107     0.0024     0.0002    -0.1456
   5   8   1   1     0.707107     0.0024     0.0002    -0.2546
   5   6   1   1     0.707107     0.0024     0.0002    -0.1456
   5   3   1   1     0.707107     0.0024     0.0002    -0.1456
   5 ***   1   2     0.829156     0.0010    -0.0002    -0.4576
   5 ***   1   2     0.829156     0.0010    -0.0002    -0.4576
   5  42   1   2     0.829156     0.0010    -0.0002    -0.4576
   5  41   1   2     0.829156     0.0010    -0.0002    -0.4576
   5  22   1   2     0.829156     0.0010    -0.0002    -0.4576
   5  19   1   2     0.829156     0.0010    -0.0002    -0.4576
   5 ***   1   1     1.000000    -0.0002    -0.0001    -0.0877
   5 ***   1   1     1.000000    -0.0002    -0.0001    -0.0877
   5 314   1   1     1.000000    -0.0002    -0.0001    -0.0877
   5 ***   1  bac     0.000000     0.0567     0.0418     0.0027
 end of test on atom            5
   6   6   1   1     0.000000    -0.0907    -0.0463    10.6346
   6  43   1   2     0.433013     0.0005     0.0019     1.5354
   6  23   1   2     0.433013     0.0005     0.0019     1.5354
   6 ***   1   1     0.707107     0.0024     0.0002    -0.2546
   6 ***   1   1     0.707107     0.0024     0.0002    -0.1456
   6 ***   1   1     0.707107     0.0024     0.0002    -0.2546
   6 ***   1   1     0.707107     0.0024     0.0002    -0.1456
   6 ***   1   1     0.707107     0.0024     0.0002    -0.2546
   6  32   1   1     0.707107     0.0024     0.0002    -0.1456
   6  28   1   1     0.707107     0.0024     0.0002    -0.2546
   6  26   1   1     0.707107     0.0024     0.0002    -0.1456
   6  25   1   1     0.707107     0.0024     0.0002    -0.2546
   6  12   1   1     0.707107     0.0024     0.0002    -0.1456
   6  10   1   1     0.707107     0.0024     0.0002    -0.2546
   6   5   1   1     0.707107     0.0024     0.0002    -0.1456
   6 ***   1   2     0.829156     0.0010    -0.0002    -0.4576
   6 ***   1   2     0.829156     0.0010    -0.0002    -0.4576
   6 116   1   2     0.829156     0.0010    -0.0002    -0.4576
   6  45   1   2     0.829156     0.0010    -0.0002    -0.4576
   6  42   1   2     0.829156     0.0010    -0.0002    -0.4576
   6  41   1   2     0.829156     0.0010    -0.0002    -0.4576
   6 ***   1   1     1.000000    -0.0002    -0.0001    -0.0877
   6 ***   1   1     1.000000    -0.0002    -0.0001    -0.0877
   6  99   1   1     1.000000    -0.0002    -0.0001    -0.0877
   6 ***   1  bac     0.000000     0.0567     0.0418     0.0027
 end of test on atom            6
   7   7   1   1     0.000000    -0.0907    -0.0463    10.6346
   7 403   1   2     0.433013     0.0005     0.0019     1.5354
   7  21   1   2     0.433013     0.0005     0.0019     1.5354
   7 462   1   1     0.707107     0.0024     0.0002    -0.1456
   7 392   1   1     0.707107     0.0024     0.0002    -0.1456
   7 389   1   1     0.707107     0.0024     0.0002    -0.2546
   7 387   1   1     0.707107     0.0024     0.0002    -0.2546
   7 386   1   1     0.707107     0.0024     0.0002    -0.1456
   7 183   1   1     0.707107     0.0024     0.0002    -0.2546
   7  88   1   1     0.707107     0.0024     0.0002    -0.2546
   7  82   1   1     0.707107     0.0024     0.0002    -0.1456
   7  81   1   1     0.707107     0.0024     0.0002    -0.2546
   7  13   1   1     0.707107     0.0024     0.0002    -0.1456
   7  11   1   1     0.707107     0.0024     0.0002    -0.2546
   7   4   1   1     0.707107     0.0024     0.0002    -0.1456
   7 407   1   2     0.829156     0.0010    -0.0002    -0.4576
   7 404   1   2     0.829156     0.0010    -0.0002    -0.4576
   7 401   1   2     0.829156     0.0010    -0.0002    -0.4576
   7 190   1   2     0.829156     0.0010    -0.0002    -0.4576
   7 114   1   2     0.829156     0.0010    -0.0002    -0.4576
   7  96   1   2     0.829156     0.0010    -0.0002    -0.4576
   7 396   1   1     1.000000    -0.0002    -0.0001    -0.0877
   7 385   1   1     1.000000    -0.0002    -0.0001    -0.0877
   7 182   1   1     1.000000    -0.0002    -0.0001    -0.0877
   7 ***   1  bac     0.000000     0.0567     0.0418     0.0027
 end of test on atom            7
   8   8   1   1     0.000000    -0.0907    -0.0463    10.6346
   8  22   1   2     0.433013     0.0005     0.0019     1.5354
   8  19   1   2     0.433013     0.0005     0.0019     1.5354
   8 ***   1   1     0.707107     0.0024     0.0002    -0.1456
   8 304   1   1     0.707107     0.0024     0.0002    -0.1456
   8  78   1   1     0.707107     0.0024     0.0002    -0.1456
   8  15   1   1     0.707107     0.0024     0.0002    -0.1456
   8  14   1   1     0.707107     0.0024     0.0002    -0.1456
   8  13   1   1     0.707107     0.0024     0.0002    -0.2546
   8  12   1   1     0.707107     0.0024     0.0002    -0.2546
   8   5   1   1     0.707107     0.0024     0.0002    -0.2546
   8   4   1   1     0.707107     0.0024     0.0002    -0.2546
   8   3   1   1     0.707107     0.0024     0.0002    -0.2546
   8   2   1   1     0.707107     0.0024     0.0002    -0.1456
   8   1   1   1     0.707107     0.0024     0.0002    -0.2546
   8  24   1   2     0.829156     0.0010    -0.0002    -0.4576
   8  23   1   2     0.829156     0.0010    -0.0002    -0.4576
   8  21   1   2     0.829156     0.0010    -0.0002    -0.4576
   8  20   1   2     0.829156     0.0010    -0.0002    -0.4576
   8  18   1   2     0.829156     0.0010    -0.0002    -0.4576
   8  17   1   2     0.829156     0.0010    -0.0002    -0.4576
   8 ***   1   1     1.000000    -0.0002    -0.0001    -0.0877
   8 ***   1   1     1.000000    -0.0002    -0.0001    -0.0877
   8 299   1   1     1.000000    -0.0002    -0.0001    -0.0877
   8 ***   1  bac     0.000000     0.0567     0.0418     0.0027
 end of test on atom            8
   9   9   1   1     0.000000    -0.0907    -0.0463    10.6346
   9 425   1   2     0.433013     0.0005     0.0019     1.5354
   9  24   1   2     0.433013     0.0005     0.0019     1.5354
   9 698   1   1     0.707107     0.0024     0.0002    -0.1456
   9 411   1   1     0.707107     0.0024     0.0002    -0.1456
   9 409   1   1     0.707107     0.0024     0.0002    -0.1456
   9 390   1   1     0.707107     0.0024     0.0002    -0.2546
   9 389   1   1     0.707107     0.0024     0.0002    -0.2546
   9  31   1   1     0.707107     0.0024     0.0002    -0.2546
   9  28   1   1     0.707107     0.0024     0.0002    -0.2546
   9  16   1   1     0.707107     0.0024     0.0002    -0.1456
   9  15   1   1     0.707107     0.0024     0.0002    -0.2546
   9  14   1   1     0.707107     0.0024     0.0002    -0.2546
   9  13   1   1     0.707107     0.0024     0.0002    -0.1456
   9  12   1   1     0.707107     0.0024     0.0002    -0.1456
   9 427   1   2     0.829156     0.0010    -0.0002    -0.4576
   9 407   1   2     0.829156     0.0010    -0.0002    -0.4576
   9 404   1   2     0.829156     0.0010    -0.0002    -0.4576
   9  45   1   2     0.829156     0.0010    -0.0002    -0.4576
   9  42   1   2     0.829156     0.0010    -0.0002    -0.4576
   9  22   1   2     0.829156     0.0010    -0.0002    -0.4576
   9 682   1   1     1.000000    -0.0002    -0.0001    -0.0877
   9 416   1   1     1.000000    -0.0002    -0.0001    -0.0877
   9 323   1   1     1.000000    -0.0002    -0.0001    -0.0877
   9 ***   1  bac     0.000000     0.0567     0.0418     0.0027
 end of test on atom            9
  10  10   1   1     0.000000    -0.0907    -0.0463    10.6346
  10 116   1   2     0.433013     0.0005     0.0019     1.5354
  10  45   1   2     0.433013     0.0005     0.0019     1.5354
  10 ***   1   1     0.707107     0.0024     0.0002    -0.1456
  10 121   1   1     0.707107     0.0024     0.0002    -0.2546
  10 111   1   1     0.707107     0.0024     0.0002    -0.2546
  10 101   1   1     0.707107     0.0024     0.0002    -0.1456
  10  99   1   1     0.707107     0.0024     0.0002    -0.1456
  10  37   1   1     0.707107     0.0024     0.0002    -0.1456
  10  31   1   1     0.707107     0.0024     0.0002    -0.1456
  10  28   1   1     0.707107     0.0024     0.0002    -0.1456
  10  26   1   1     0.707107     0.0024     0.0002    -0.2546
  10  16   1   1     0.707107     0.0024     0.0002    -0.2546
  10  12   1   1     0.707107     0.0024     0.0002    -0.2546
  10   6   1   1     0.707107     0.0024     0.0002    -0.2546
  10 138   1   2     0.829156     0.0010    -0.0002    -0.4576
  10 137   1   2     0.829156     0.0010    -0.0002    -0.4576
  10 118   1   2     0.829156     0.0010    -0.0002    -0.4576
  10  43   1   2     0.829156     0.0010    -0.0002    -0.4576
  10  24   1   2     0.829156     0.0010    -0.0002    -0.4576
  10  23   1   2     0.829156     0.0010    -0.0002    -0.4576
  10 ***   1   1     1.000000    -0.0002    -0.0001    -0.0877
  10 ***   1   1     1.000000    -0.0002    -0.0001    -0.0877
  10 104   1   1     1.000000    -0.0002    -0.0001    -0.0877
  10 ***   1  bac     0.000000     0.0567     0.0418     0.0027
 end of test on atom           10
  11  11   1   1     0.000000    -0.0907    -0.0463    10.6346
  11 407   1   2     0.433013     0.0005     0.0019     1.5354
  11 114   1   2     0.433013     0.0005     0.0019     1.5354
  11 483   1   1     0.707107     0.0024     0.0002    -0.2546
  11 396   1   1     0.707107     0.0024     0.0002    -0.1456
  11 390   1   1     0.707107     0.0024     0.0002    -0.1456
  11 389   1   1     0.707107     0.0024     0.0002    -0.1456
  11 386   1   1     0.707107     0.0024     0.0002    -0.2546
  11 183   1   1     0.707107     0.0024     0.0002    -0.1456
  11 110   1   1     0.707107     0.0024     0.0002    -0.2546
  11 100   1   1     0.707107     0.0024     0.0002    -0.1456
  11  97   1   1     0.707107     0.0024     0.0002    -0.1456
  11  16   1   1     0.707107     0.0024     0.0002    -0.2546
  11  13   1   1     0.707107     0.0024     0.0002    -0.2546
  11   7   1   1     0.707107     0.0024     0.0002    -0.2546
  11 500   1   2     0.829156     0.0010    -0.0002    -0.4576
  11 497   1   2     0.829156     0.0010    -0.0002    -0.4576
  11 403   1   2     0.829156     0.0010    -0.0002    -0.4576
  11 118   1   2     0.829156     0.0010    -0.0002    -0.4576
  11  24   1   2     0.829156     0.0010    -0.0002    -0.4576
  11  21   1   2     0.829156     0.0010    -0.0002    -0.4576
  11 394   1   1     1.000000    -0.0002    -0.0001    -0.0877
  11 392   1   1     1.000000    -0.0002    -0.0001    -0.0877
  11 177   1   1     1.000000    -0.0002    -0.0001    -0.0877
  11 ***   1  bac     0.000000     0.0567     0.0418     0.0027
 end of test on atom           11
  12  12   1   1     0.000000    -0.0907    -0.0463    10.6346
  12  24   1   2     0.433013     0.0005     0.0019     1.5354
  12  23   1   2     0.433013     0.0005     0.0019     1.5354
  12 ***   1   1     0.707107     0.0024     0.0002    -0.1456
  12  99   1   1     0.707107     0.0024     0.0002    -0.2546
  12  28   1   1     0.707107     0.0024     0.0002    -0.2546
  12  16   1   1     0.707107     0.0024     0.0002    -0.1456
  12  15   1   1     0.707107     0.0024     0.0002    -0.2546
  12  13   1   1     0.707107     0.0024     0.0002    -0.1456
  12  10   1   1     0.707107     0.0024     0.0002    -0.2546
  12   9   1   1     0.707107     0.0024     0.0002    -0.1456
  12   8   1   1     0.707107     0.0024     0.0002    -0.2546
  12   6   1   1     0.707107     0.0024     0.0002    -0.1456
  12   5   1   1     0.707107     0.0024     0.0002    -0.1456
  12   2   1   1     0.707107     0.0024     0.0002    -0.2546
  12 116   1   2     0.829156     0.0010    -0.0002    -0.4576
  12 113   1   2     0.829156     0.0010    -0.0002    -0.4576
  12  45   1   2     0.829156     0.0010    -0.0002    -0.4576
  12  42   1   2     0.829156     0.0010    -0.0002    -0.4576
  12  22   1   2     0.829156     0.0010    -0.0002    -0.4576
  12  19   1   2     0.829156     0.0010    -0.0002    -0.4576
  12 ***   1   1     1.000000    -0.0002    -0.0001    -0.0877
  12 ***   1   1     1.000000    -0.0002    -0.0001    -0.0877
  12  97   1   1     1.000000    -0.0002    -0.0001    -0.0877
  12 ***   1  bac     0.000000     0.0567     0.0418     0.0027
 end of test on atom           12
  13  13   1   1     0.000000    -0.0907    -0.0463    10.6346
  13  24   1   2     0.433013     0.0005     0.0019     1.5354
  13  21   1   2     0.433013     0.0005     0.0019     1.5354
  13 389   1   1     0.707107     0.0024     0.0002    -0.2546
  13  97   1   1     0.707107     0.0024     0.0002    -0.2546
  13  82   1   1     0.707107     0.0024     0.0002    -0.1456
  13  16   1   1     0.707107     0.0024     0.0002    -0.1456
  13  14   1   1     0.707107     0.0024     0.0002    -0.2546
  13  12   1   1     0.707107     0.0024     0.0002    -0.1456
  13  11   1   1     0.707107     0.0024     0.0002    -0.2546
  13   9   1   1     0.707107     0.0024     0.0002    -0.1456
  13   8   1   1     0.707107     0.0024     0.0002    -0.2546
  13   7   1   1     0.707107     0.0024     0.0002    -0.1456
  13   4   1   1     0.707107     0.0024     0.0002    -0.1456
  13   2   1   1     0.707107     0.0024     0.0002    -0.2546
  13 407   1   2     0.829156     0.0010    -0.0002    -0.4576
  13 404   1   2     0.829156     0.0010    -0.0002    -0.4576
  13 114   1   2     0.829156     0.0010    -0.0002    -0.4576
  13 113   1   2     0.829156     0.0010    -0.0002    -0.4576
  13  22   1   2     0.829156     0.0010    -0.0002    -0.4576
  13  19   1   2     0.829156     0.0010    -0.0002    -0.4576
  13 390   1   1     1.000000    -0.0002    -0.0001    -0.0877
  13 387   1   1     1.000000    -0.0002    -0.0001    -0.0877
  13 183   1   1     1.000000    -0.0002    -0.0001    -0.0877
  13 ***   1  bac     0.000000     0.0567     0.0418     0.0027
 end of test on atom           13
  14  14   1   1     0.000000    -0.0907    -0.0463    10.6346
  14 404   1   2     0.433013     0.0005     0.0019     1.5354
  14  22   1   2     0.433013     0.0005     0.0019     1.5354
  14 698   1   1     0.707107     0.0024     0.0002    -0.2546
  14 682   1   1     0.707107     0.0024     0.0002    -0.1456
  14 678   1   1     0.707107     0.0024     0.0002    -0.2546
  14 389   1   1     0.707107     0.0024     0.0002    -0.1456
  14 387   1   1     0.707107     0.0024     0.0002    -0.1456
  14 304   1   1     0.707107     0.0024     0.0002    -0.1456
  14 299   1   1     0.707107     0.0024     0.0002    -0.2546
  14  15   1   1     0.707107     0.0024     0.0002    -0.1456
  14  13   1   1     0.707107     0.0024     0.0002    -0.2546
  14   9   1   1     0.707107     0.0024     0.0002    -0.2546
  14   8   1   1     0.707107     0.0024     0.0002    -0.1456
  14   4   1   1     0.707107     0.0024     0.0002    -0.2546
  14 715   1   2     0.829156     0.0010    -0.0002    -0.4576
  14 695   1   2     0.829156     0.0010    -0.0002    -0.4576
  14 425   1   2     0.829156     0.0010    -0.0002    -0.4576
  14  24   1   2     0.829156     0.0010    -0.0002    -0.4576
  14  21   1   2     0.829156     0.0010    -0.0002    -0.4576
  14  18   1   2     0.829156     0.0010    -0.0002    -0.4576
  14 684   1   1     1.000000    -0.0002    -0.0001    -0.0877
  14 409   1   1     1.000000    -0.0002    -0.0001    -0.0877
  14 319   1   1     1.000000    -0.0002    -0.0001    -0.0877
  14 ***   1  bac     0.000000     0.0567     0.0418     0.0027
 end of test on atom           14
  15  15   1   1     0.000000    -0.0907    -0.0463    10.6346
  15  42   1   2     0.433013     0.0005     0.0019     1.5354
  15  22   1   2     0.433013     0.0005     0.0019     1.5354
  15 698   1   1     0.707107     0.0024     0.0002    -0.2546
  15 323   1   1     0.707107     0.0024     0.0002    -0.1456
  15 319   1   1     0.707107     0.0024     0.0002    -0.2546
  15 304   1   1     0.707107     0.0024     0.0002    -0.1456
  15 298   1   1     0.707107     0.0024     0.0002    -0.2546
  15  28   1   1     0.707107     0.0024     0.0002    -0.1456
  15  25   1   1     0.707107     0.0024     0.0002    -0.1456
  15  14   1   1     0.707107     0.0024     0.0002    -0.1456
  15  12   1   1     0.707107     0.0024     0.0002    -0.2546
  15   9   1   1     0.707107     0.0024     0.0002    -0.2546
  15   8   1   1     0.707107     0.0024     0.0002    -0.1456
  15   5   1   1     0.707107     0.0024     0.0002    -0.2546
  15 715   1   2     0.829156     0.0010    -0.0002    -0.4576
  15 425   1   2     0.829156     0.0010    -0.0002    -0.4576
  15 333   1   2     0.829156     0.0010    -0.0002    -0.4576
  15  24   1   2     0.829156     0.0010    -0.0002    -0.4576
  15  23   1   2     0.829156     0.0010    -0.0002    -0.4576
  15  20   1   2     0.829156     0.0010    -0.0002    -0.4576
  15 678   1   1     1.000000    -0.0002    -0.0001    -0.0877
  15 411   1   1     1.000000    -0.0002    -0.0001    -0.0877
  15 325   1   1     1.000000    -0.0002    -0.0001    -0.0877
  15 ***   1  bac     0.000000     0.0567     0.0418     0.0027
 end of test on atom           15
  16  16   1   1     0.000000    -0.0907    -0.0463    10.6346
  16 118   1   2     0.433013     0.0005     0.0019     1.5354
  16  24   1   2     0.433013     0.0005     0.0019     1.5354
  16 390   1   1     0.707107     0.0024     0.0002    -0.2546
  16 111   1   1     0.707107     0.0024     0.0002    -0.1456
  16 110   1   1     0.707107     0.0024     0.0002    -0.1456
  16 104   1   1     0.707107     0.0024     0.0002    -0.1456
  16  99   1   1     0.707107     0.0024     0.0002    -0.2546
  16  97   1   1     0.707107     0.0024     0.0002    -0.2546
  16  31   1   1     0.707107     0.0024     0.0002    -0.2546
  16  13   1   1     0.707107     0.0024     0.0002    -0.1456
  16  12   1   1     0.707107     0.0024     0.0002    -0.1456
  16  11   1   1     0.707107     0.0024     0.0002    -0.2546
  16  10   1   1     0.707107     0.0024     0.0002    -0.2546
  16   9   1   1     0.707107     0.0024     0.0002    -0.1456
  16 427   1   2     0.829156     0.0010    -0.0002    -0.4576
  16 407   1   2     0.829156     0.0010    -0.0002    -0.4576
  16 116   1   2     0.829156     0.0010    -0.0002    -0.4576
  16 114   1   2     0.829156     0.0010    -0.0002    -0.4576
  16 113   1   2     0.829156     0.0010    -0.0002    -0.4576
  16  45   1   2     0.829156     0.0010    -0.0002    -0.4576
  16 410   1   1     1.000000    -0.0002    -0.0001    -0.0877
  16 389   1   1     1.000000    -0.0002    -0.0001    -0.0877
  16 101   1   1     1.000000    -0.0002    -0.0001    -0.0877
  16 ***   1  bac     0.000000     0.0567     0.0418     0.0027
 end of test on atom           16
  17  17   2   2     0.000000    -0.0613    -0.0247    24.5548
  17 ***   2   1     0.433013     0.0005     0.0019     1.5354
  17 290   2   1     0.433013     0.0005     0.0019     1.5354
  17   3   2   1     0.433013     0.0005     0.0019     1.5354
  17   1   2   1     0.433013     0.0005     0.0019     1.5354
  17 ***   2   1     0.829156     0.0010    -0.0002    -0.4576
  17 ***   2   1     0.829156     0.0010    -0.0002    -0.4576
  17 ***   2   1     0.829156     0.0010    -0.0002    -0.4576
  17 ***   2   1     0.829156     0.0010    -0.0002    -0.4576
  17 ***   2   1     0.829156     0.0010    -0.0002    -0.4576
  17 370   2   1     0.829156     0.0010    -0.0002    -0.4576
  17 304   2   1     0.829156     0.0010    -0.0002    -0.4576
  17 301   2   1     0.829156     0.0010    -0.0002    -0.4576
  17 300   2   1     0.829156     0.0010    -0.0002    -0.4576
  17  78   2   1     0.829156     0.0010    -0.0002    -0.4576
  17  77   2   1     0.829156     0.0010    -0.0002    -0.4576
  17   8   2   1     0.829156     0.0010    -0.0002    -0.4576
  17 ***   2   2     0.866025     0.0005    -0.0001    -0.2342
  17 ***   2   2     0.866025     0.0005    -0.0001    -0.4811
  17 312   2   2     0.866025     0.0005    -0.0001    -0.4811
  17 307   2   2     0.866025     0.0005    -0.0001    -0.2342
  17  92   2   2     0.866025     0.0005    -0.0001    -0.4811
  17  20   2   2     0.866025     0.0005    -0.0001    -0.2342
  17  19   2   2     0.866025     0.0005    -0.0001    -0.4811
  17 ***   2  bac     0.000000     0.0410     0.0220    -0.0054
 end of test on atom           17
  18  18   2   2     0.000000    -0.0613    -0.0247    24.5548
  18 299   2   1     0.433013     0.0005     0.0019     1.5354
  18  87   2   1     0.433013     0.0005     0.0019     1.5354
  18   4   2   1     0.433013     0.0005     0.0019     1.5354
  18   1   2   1     0.433013     0.0005     0.0019     1.5354
  18 674   2   1     0.829156     0.0010    -0.0002    -0.4576
  18 387   2   1     0.829156     0.0010    -0.0002    -0.4576
  18 370   2   1     0.829156     0.0010    -0.0002    -0.4576
  18 304   2   1     0.829156     0.0010    -0.0002    -0.4576
  18 301   2   1     0.829156     0.0010    -0.0002    -0.4576
  18 295   2   1     0.829156     0.0010    -0.0002    -0.4576
  18  84   2   1     0.829156     0.0010    -0.0002    -0.4576
  18  81   2   1     0.829156     0.0010    -0.0002    -0.4576
  18  78   2   1     0.829156     0.0010    -0.0002    -0.4576
  18  77   2   1     0.829156     0.0010    -0.0002    -0.4576
  18  14   2   1     0.829156     0.0010    -0.0002    -0.4576
  18   8   2   1     0.829156     0.0010    -0.0002    -0.4576
  18 695   2   2     0.866025     0.0005    -0.0001    -0.2342
  18 401   2   2     0.866025     0.0005    -0.0001    -0.4811
  18 309   2   2     0.866025     0.0005    -0.0001    -0.4811
  18  95   2   2     0.866025     0.0005    -0.0001    -0.4811
  18  94   2   2     0.866025     0.0005    -0.0001    -0.2342
  18  22   2   2     0.866025     0.0005    -0.0001    -0.4811
  18  21   2   2     0.866025     0.0005    -0.0001    -0.2342
  18 ***   2  bac     0.000000     0.0410     0.0220    -0.0054
 end of test on atom           18
  19  19   2   2     0.000000    -0.0613    -0.0247    24.5548
  19 ***   2   1     0.433013     0.0005     0.0019     1.5354
  19  78   2   1     0.433013     0.0005     0.0019     1.5354
  19   8   2   1     0.433013     0.0005     0.0019     1.5354
  19   2   2   1     0.433013     0.0005     0.0019     1.5354
  19 ***   2   1     0.829156     0.0010    -0.0002    -0.4576
  19 ***   2   1     0.829156     0.0010    -0.0002    -0.4576
  19 ***   2   1     0.829156     0.0010    -0.0002    -0.4576
  19 ***   2   1     0.829156     0.0010    -0.0002    -0.4576
  19 ***   2   1     0.829156     0.0010    -0.0002    -0.4576
  19  82   2   1     0.829156     0.0010    -0.0002    -0.4576
  19  13   2   1     0.829156     0.0010    -0.0002    -0.4576
  19  12   2   1     0.829156     0.0010    -0.0002    -0.4576
  19   5   2   1     0.829156     0.0010    -0.0002    -0.4576
  19   4   2   1     0.829156     0.0010    -0.0002    -0.4576
  19   3   2   1     0.829156     0.0010    -0.0002    -0.4576
  19   1   2   1     0.829156     0.0010    -0.0002    -0.4576
  19 ***   2   2     0.866025     0.0005    -0.0001    -0.4811
  19 ***   2   2     0.866025     0.0005    -0.0001    -0.2342
  19 113   2   2     0.866025     0.0005    -0.0001    -0.2342
  19  95   2   2     0.866025     0.0005    -0.0001    -0.2342
  19  23   2   2     0.866025     0.0005    -0.0001    -0.4811
  19  22   2   2     0.866025     0.0005    -0.0001    -0.2342
  19  21   2   2     0.866025     0.0005    -0.0001    -0.4811
  19 ***   2  bac     0.000000     0.0410     0.0220    -0.0054
 end of test on atom           19
  20  20   2   2     0.000000    -0.0613    -0.0247    24.5548
  20 ***   2   1     0.433013     0.0005     0.0019     1.5354
  20 298   2   1     0.433013     0.0005     0.0019     1.5354
  20   5   2   1     0.433013     0.0005     0.0019     1.5354
  20   3   2   1     0.433013     0.0005     0.0019     1.5354
  20 ***   2   1     0.829156     0.0010    -0.0002    -0.4576
  20 ***   2   1     0.829156     0.0010    -0.0002    -0.4576
  20 ***   2   1     0.829156     0.0010    -0.0002    -0.4576
  20 ***   2   1     0.829156     0.0010    -0.0002    -0.4576
  20 ***   2   1     0.829156     0.0010    -0.0002    -0.4576
  20 314   2   1     0.829156     0.0010    -0.0002    -0.4576
  20 304   2   1     0.829156     0.0010    -0.0002    -0.4576
  20 300   2   1     0.829156     0.0010    -0.0002    -0.4576
  20 294   2   1     0.829156     0.0010    -0.0002    -0.4576
  20  25   2   1     0.829156     0.0010    -0.0002    -0.4576
  20  15   2   1     0.829156     0.0010    -0.0002    -0.4576
  20   8   2   1     0.829156     0.0010    -0.0002    -0.4576
  20 ***   2   2     0.866025     0.0005    -0.0001    -0.2342
  20 ***   2   2     0.866025     0.0005    -0.0001    -0.4811
  20 333   2   2     0.866025     0.0005    -0.0001    -0.2342
  20 311   2   2     0.866025     0.0005    -0.0001    -0.4811
  20  41   2   2     0.866025     0.0005    -0.0001    -0.4811
  20  23   2   2     0.866025     0.0005    -0.0001    -0.2342
  20  22   2   2     0.866025     0.0005    -0.0001    -0.4811
  20 ***   2  bac     0.000000     0.0410     0.0220    -0.0054
 end of test on atom           20
  21  21   2   2     0.000000    -0.0613    -0.0247    24.5548
  21  82   2   1     0.433013     0.0005     0.0019     1.5354
  21  13   2   1     0.433013     0.0005     0.0019     1.5354
  21   7   2   1     0.433013     0.0005     0.0019     1.5354
  21   4   2   1     0.433013     0.0005     0.0019     1.5354
  21 389   2   1     0.829156     0.0010    -0.0002    -0.4576
  21 387   2   1     0.829156     0.0010    -0.0002    -0.4576
  21 183   2   1     0.829156     0.0010    -0.0002    -0.4576
  21  97   2   1     0.829156     0.0010    -0.0002    -0.4576
  21  88   2   1     0.829156     0.0010    -0.0002    -0.4576
  21  84   2   1     0.829156     0.0010    -0.0002    -0.4576
  21  81   2   1     0.829156     0.0010    -0.0002    -0.4576
  21  78   2   1     0.829156     0.0010    -0.0002    -0.4576
  21  14   2   1     0.829156     0.0010    -0.0002    -0.4576
  21  11   2   1     0.829156     0.0010    -0.0002    -0.4576
  21   8   2   1     0.829156     0.0010    -0.0002    -0.4576
  21   2   2   1     0.829156     0.0010    -0.0002    -0.4576
  21 404   2   2     0.866025     0.0005    -0.0001    -0.4811
  21 403   2   2     0.866025     0.0005    -0.0001    -0.2342
  21 188   2   2     0.866025     0.0005    -0.0001    -0.2342
  21 114   2   2     0.866025     0.0005    -0.0001    -0.4811
  21  96   2   2     0.866025     0.0005    -0.0001    -0.4811
  21  24   2   2     0.866025     0.0005    -0.0001    -0.2342
  21  19   2   2     0.866025     0.0005    -0.0001    -0.4811
  21 ***   2  bac     0.000000     0.0410     0.0220    -0.0054
 end of test on atom           21
  22  22   2   2     0.000000    -0.0613    -0.0247    24.5548
  22 304   2   1     0.433013     0.0005     0.0019     1.5354
  22  15   2   1     0.433013     0.0005     0.0019     1.5354
  22  14   2   1     0.433013     0.0005     0.0019     1.5354
  22   8   2   1     0.433013     0.0005     0.0019     1.5354
  22 698   2   1     0.829156     0.0010    -0.0002    -0.4576
  22 678   2   1     0.829156     0.0010    -0.0002    -0.4576
  22 319   2   1     0.829156     0.0010    -0.0002    -0.4576
  22 299   2   1     0.829156     0.0010    -0.0002    -0.4576
  22 298   2   1     0.829156     0.0010    -0.0002    -0.4576
  22  13   2   1     0.829156     0.0010    -0.0002    -0.4576
  22  12   2   1     0.829156     0.0010    -0.0002    -0.4576
  22   9   2   1     0.829156     0.0010    -0.0002    -0.4576
  22   5   2   1     0.829156     0.0010    -0.0002    -0.4576
  22   4   2   1     0.829156     0.0010    -0.0002    -0.4576
  22   3   2   1     0.829156     0.0010    -0.0002    -0.4576
  22   1   2   1     0.829156     0.0010    -0.0002    -0.4576
  22 715   2   2     0.866025     0.0005    -0.0001    -0.4811
  22 404   2   2     0.866025     0.0005    -0.0001    -0.2342
  22 312   2   2     0.866025     0.0005    -0.0001    -0.2342
  22  42   2   2     0.866025     0.0005    -0.0001    -0.2342
  22  24   2   2     0.866025     0.0005    -0.0001    -0.4811
  22  20   2   2     0.866025     0.0005    -0.0001    -0.4811
  22  19   2   2     0.866025     0.0005    -0.0001    -0.2342
  22 ***   2  bac     0.000000     0.0410     0.0220    -0.0054
 end of test on atom           22
  23  23   2   2     0.000000    -0.0613    -0.0247    24.5548
  23 ***   2   1     0.433013     0.0005     0.0019     1.5354
  23  12   2   1     0.433013     0.0005     0.0019     1.5354
  23   6   2   1     0.433013     0.0005     0.0019     1.5354
  23   5   2   1     0.433013     0.0005     0.0019     1.5354
  23 ***   2   1     0.829156     0.0010    -0.0002    -0.4576
  23 ***   2   1     0.829156     0.0010    -0.0002    -0.4576
  23 ***   2   1     0.829156     0.0010    -0.0002    -0.4576
  23 ***   2   1     0.829156     0.0010    -0.0002    -0.4576
  23 ***   2   1     0.829156     0.0010    -0.0002    -0.4576
  23  99   2   1     0.829156     0.0010    -0.0002    -0.4576
  23  28   2   1     0.829156     0.0010    -0.0002    -0.4576
  23  25   2   1     0.829156     0.0010    -0.0002    -0.4576
  23  15   2   1     0.829156     0.0010    -0.0002    -0.4576
  23  10   2   1     0.829156     0.0010    -0.0002    -0.4576
  23   8   2   1     0.829156     0.0010    -0.0002    -0.4576
  23   2   2   1     0.829156     0.0010    -0.0002    -0.4576
  23 ***   2   2     0.866025     0.0005    -0.0001    -0.2342
  23 ***   2   2     0.866025     0.0005    -0.0001    -0.4811
  23 116   2   2     0.866025     0.0005    -0.0001    -0.4811
  23  43   2   2     0.866025     0.0005    -0.0001    -0.2342
  23  42   2   2     0.866025     0.0005    -0.0001    -0.4811
  23  24   2   2     0.866025     0.0005    -0.0001    -0.2342
  23  20   2   2     0.866025     0.0005    -0.0001    -0.2342
  23 ***   2  bac     0.000000     0.0410     0.0220    -0.0054
 end of test on atom           23
  24  24   2   2     0.000000    -0.0613    -0.0247    24.5548
  24  16   2   1     0.433013     0.0005     0.0019     1.5354
  24  13   2   1     0.433013     0.0005     0.0019     1.5354
  24  12   2   1     0.433013     0.0005     0.0019     1.5354
  24   9   2   1     0.433013     0.0005     0.0019     1.5354
  24 390   2   1     0.829156     0.0010    -0.0002    -0.4576
  24 389   2   1     0.829156     0.0010    -0.0002    -0.4576
  24  99   2   1     0.829156     0.0010    -0.0002    -0.4576
  24  97   2   1     0.829156     0.0010    -0.0002    -0.4576
  24  31   2   1     0.829156     0.0010    -0.0002    -0.4576
  24  28   2   1     0.829156     0.0010    -0.0002    -0.4576
  24  15   2   1     0.829156     0.0010    -0.0002    -0.4576
  24  14   2   1     0.829156     0.0010    -0.0002    -0.4576
  24  11   2   1     0.829156     0.0010    -0.0002    -0.4576
  24  10   2   1     0.829156     0.0010    -0.0002    -0.4576
  24   8   2   1     0.829156     0.0010    -0.0002    -0.4576
  24   2   2   1     0.829156     0.0010    -0.0002    -0.4576
  24 425   2   2     0.866025     0.0005    -0.0001    -0.2342
  24 407   2   2     0.866025     0.0005    -0.0001    -0.4811
  24 118   2   2     0.866025     0.0005    -0.0001    -0.2342
  24 113   2   2     0.866025     0.0005    -0.0001    -0.4811
  24  45   2   2     0.866025     0.0005    -0.0001    -0.4811
  24  23   2   2     0.866025     0.0005    -0.0001    -0.2342
  24  22   2   2     0.866025     0.0005    -0.0001    -0.4811
  24 ***   2  bac     0.000000     0.0410     0.0220    -0.0054
 end of test on atom           24
  type:            1  U1 =    10.6346367168742     
  type:            2  U1 =    24.5548277808437     
 
  CHI_0 Matrix 
 
  -0.0907   0.0000   0.0024   0.0024   0.0000   0.0000   0.0000   0.0024
   0.0000   0.0000   0.0000   0.0000   0.0000  -0.0002   0.0000   0.0000
   0.0005   0.0005   0.0010   0.0000   0.0000   0.0010   0.0000   0.0000
   0.0000
   0.0000  -0.0907   0.0000  -0.0002  -0.0002   0.0000   0.0000   0.0024
   0.0000   0.0000   0.0000   0.0024   0.0024   0.0000   0.0000  -0.0002
   0.0000   0.0000   0.0005   0.0000   0.0010   0.0000   0.0010   0.0010
   0.0000
   0.0024   0.0000  -0.0907   0.0000   0.0024   0.0000   0.0000   0.0024
   0.0000   0.0000   0.0000   0.0000   0.0000   0.0000  -0.0002   0.0000
   0.0005   0.0000   0.0010   0.0005   0.0000   0.0010   0.0000   0.0000
   0.0000
   0.0024  -0.0002   0.0000  -0.0907   0.0000   0.0000   0.0024   0.0024
   0.0000   0.0000   0.0000   0.0000   0.0024   0.0024   0.0000   0.0000
   0.0000   0.0005   0.0010   0.0000   0.0005   0.0010   0.0000   0.0000
   0.0000
   0.0000  -0.0002   0.0024   0.0000  -0.0907   0.0024   0.0000   0.0024
   0.0000   0.0000   0.0000   0.0024   0.0000   0.0000   0.0024   0.0000
   0.0000   0.0000   0.0010   0.0005   0.0000   0.0010   0.0005   0.0000
   0.0024
   0.0000   0.0000   0.0000   0.0000   0.0024  -0.0907   0.0000   0.0000
   0.0000   0.0024   0.0000   0.0024   0.0000   0.0000  -0.0002   0.0000
   0.0000   0.0000   0.0000   0.0000   0.0000   0.0000   0.0005   0.0000
   0.0024
   0.0000   0.0000   0.0000   0.0024   0.0000   0.0000  -0.0907   0.0000
   0.0000   0.0000   0.0024   0.0000   0.0024  -0.0002   0.0000   0.0000
   0.0000   0.0000   0.0000   0.0000   0.0005   0.0000   0.0000   0.0000
   0.0000
   0.0024   0.0024   0.0024   0.0024   0.0024   0.0000   0.0000  -0.0907
  -0.0002   0.0000   0.0000   0.0024   0.0024   0.0024   0.0024   0.0000
   0.0010   0.0010   0.0005   0.0010   0.0010   0.0005   0.0010   0.0010
   0.0000
   0.0000   0.0000   0.0000   0.0000   0.0000   0.0000   0.0000  -0.0002
  -0.0907  -0.0002  -0.0002   0.0024   0.0024   0.0024   0.0024   0.0024
   0.0000   0.0000   0.0000   0.0000   0.0000   0.0010   0.0000   0.0005
   0.0000
   0.0000   0.0000   0.0000   0.0000   0.0000   0.0024   0.0000   0.0000
  -0.0002  -0.0907   0.0000   0.0024   0.0000   0.0000   0.0000   0.0024
   0.0000   0.0000   0.0000   0.0000   0.0000   0.0000   0.0010   0.0010
   0.0000
   0.0000   0.0000   0.0000   0.0000   0.0000   0.0000   0.0024   0.0000
  -0.0002   0.0000  -0.0907   0.0000   0.0024   0.0000   0.0000   0.0024
   0.0000   0.0000   0.0000   0.0000   0.0010   0.0000   0.0000   0.0010
   0.0000
   0.0000   0.0024   0.0000   0.0000   0.0024   0.0024   0.0000   0.0024
   0.0024   0.0024   0.0000  -0.0907   0.0024  -0.0002   0.0024   0.0024
   0.0000   0.0000   0.0010   0.0000   0.0000   0.0010   0.0005   0.0005
  -0.0002
   0.0000   0.0024   0.0000   0.0024   0.0000   0.0000   0.0024   0.0024
   0.0024   0.0000   0.0024   0.0024  -0.0907   0.0024  -0.0002   0.0024
   0.0000   0.0000   0.0010   0.0000   0.0005   0.0010   0.0000   0.0005
   0.0000
  -0.0002   0.0000   0.0000   0.0024   0.0000   0.0000  -0.0002   0.0024
   0.0024   0.0000   0.0000  -0.0002   0.0024  -0.0907   0.0024   0.0000
   0.0000   0.0010   0.0000   0.0000   0.0010   0.0005   0.0000   0.0010
   0.0000
   0.0000   0.0000  -0.0002   0.0000   0.0024  -0.0002   0.0000   0.0024
   0.0024   0.0000   0.0000   0.0024  -0.0002   0.0024  -0.0907   0.0000
   0.0000   0.0000   0.0000   0.0010   0.0000   0.0005   0.0010   0.0010
   0.0024
   0.0000  -0.0002   0.0000   0.0000   0.0000   0.0000   0.0000   0.0000
   0.0024   0.0024   0.0024   0.0024   0.0024   0.0000   0.0000  -0.0907
   0.0000   0.0000   0.0000   0.0000   0.0000   0.0000   0.0000   0.0005
   0.0000
   0.0005   0.0000   0.0005   0.0000   0.0000   0.0000   0.0000   0.0010
   0.0000   0.0000   0.0000   0.0000   0.0000   0.0000   0.0000   0.0000
  -0.0613   0.0005   0.0005   0.0005   0.0000   0.0004   0.0000   0.0000
   0.0000
   0.0005   0.0000   0.0000   0.0005   0.0000   0.0000   0.0000   0.0010
   0.0000   0.0000   0.0000   0.0000   0.0000   0.0010   0.0000   0.0000
   0.0005  -0.0613   0.0004   0.0000   0.0005   0.0005   0.0000   0.0000
   0.0000
   0.0010   0.0005   0.0010   0.0010   0.0010   0.0000   0.0000   0.0005
   0.0000   0.0000   0.0000   0.0010   0.0010   0.0000   0.0000   0.0000
   0.0005   0.0004  -0.0613   0.0004   0.0005   0.0005   0.0005   0.0004
   0.0000
   0.0000   0.0000   0.0005   0.0000   0.0005   0.0000   0.0000   0.0010
   0.0000   0.0000   0.0000   0.0000   0.0000   0.0000   0.0010   0.0000
   0.0005   0.0000   0.0004  -0.0613   0.0000   0.0005   0.0005   0.0000
   0.0010
   0.0000   0.0010   0.0000   0.0005   0.0000   0.0000   0.0005   0.0010
   0.0000   0.0000   0.0010   0.0000   0.0005   0.0010   0.0000   0.0000
   0.0000   0.0005   0.0005   0.0000  -0.0613   0.0004   0.0000   0.0005
   0.0000
   0.0010   0.0000   0.0010   0.0010   0.0010   0.0000   0.0000   0.0005
   0.0010   0.0000   0.0000   0.0010   0.0010   0.0005   0.0005   0.0000
   0.0004   0.0005   0.0005   0.0005   0.0004  -0.0613   0.0004   0.0005
   0.0000
   0.0000   0.0010   0.0000   0.0000   0.0005   0.0005   0.0000   0.0010
   0.0000   0.0010   0.0000   0.0005   0.0000   0.0000   0.0010   0.0000
   0.0000   0.0000   0.0005   0.0005   0.0000   0.0004  -0.0613   0.0005
   0.0010
   0.0000   0.0010   0.0000   0.0000   0.0000   0.0000   0.0000   0.0010
   0.0005   0.0010   0.0010   0.0005   0.0005   0.0010   0.0010   0.0005
   0.0000   0.0000   0.0004   0.0000   0.0005   0.0005   0.0005  -0.0613
   0.0000
   0.0000   0.0000   0.0000   0.0000   0.0024   0.0024   0.0000   0.0000
   0.0000   0.0000   0.0000  -0.0002   0.0000   0.0000   0.0024   0.0000
   0.0000   0.0000   0.0000   0.0010   0.0000   0.0000   0.0010   0.0000
  -0.0907
 
 
  CHI Matrix 
 
  -0.0463   0.0000   0.0002   0.0002   0.0000   0.0000   0.0000   0.0002
   0.0000   0.0000   0.0000   0.0000   0.0000  -0.0001   0.0000   0.0000
   0.0019   0.0019  -0.0002   0.0000   0.0000  -0.0002   0.0000   0.0000
   0.0000
   0.0000  -0.0463   0.0000  -0.0001  -0.0001   0.0000   0.0000   0.0002
   0.0000   0.0000   0.0000   0.0002   0.0002   0.0000   0.0000  -0.0001
   0.0000   0.0000   0.0019   0.0000  -0.0002   0.0000  -0.0002  -0.0002
   0.0000
   0.0002   0.0000  -0.0463   0.0000   0.0002   0.0000   0.0000   0.0002
   0.0000   0.0000   0.0000   0.0000   0.0000   0.0000  -0.0001   0.0000
   0.0019   0.0000  -0.0002   0.0019   0.0000  -0.0002   0.0000   0.0000
   0.0000
   0.0002  -0.0001   0.0000  -0.0463   0.0000   0.0000   0.0002   0.0002
   0.0000   0.0000   0.0000   0.0000   0.0002   0.0002   0.0000   0.0000
   0.0000   0.0019  -0.0002   0.0000   0.0019  -0.0002   0.0000   0.0000
   0.0000
   0.0000  -0.0001   0.0002   0.0000  -0.0463   0.0002   0.0000   0.0002
   0.0000   0.0000   0.0000   0.0002   0.0000   0.0000   0.0002   0.0000
   0.0000   0.0000  -0.0002   0.0019   0.0000  -0.0002   0.0019   0.0000
   0.0002
   0.0000   0.0000   0.0000   0.0000   0.0002  -0.0463   0.0000   0.0000
   0.0000   0.0002   0.0000   0.0002   0.0000   0.0000  -0.0001   0.0000
   0.0000   0.0000   0.0000   0.0000   0.0000   0.0000   0.0019   0.0000
   0.0002
   0.0000   0.0000   0.0000   0.0002   0.0000   0.0000  -0.0463   0.0000
   0.0000   0.0000   0.0002   0.0000   0.0002  -0.0001   0.0000   0.0000
   0.0000   0.0000   0.0000   0.0000   0.0019   0.0000   0.0000   0.0000
   0.0000
   0.0002   0.0002   0.0002   0.0002   0.0002   0.0000   0.0000  -0.0463
  -0.0001   0.0000   0.0000   0.0002   0.0002   0.0002   0.0002   0.0000
  -0.0002  -0.0002   0.0019  -0.0002  -0.0002   0.0019  -0.0002  -0.0002
   0.0000
   0.0000   0.0000   0.0000   0.0000   0.0000   0.0000   0.0000  -0.0001
  -0.0463  -0.0001  -0.0001   0.0002   0.0002   0.0002   0.0002   0.0002
   0.0000   0.0000   0.0000   0.0000   0.0000  -0.0002   0.0000   0.0019
   0.0000
   0.0000   0.0000   0.0000   0.0000   0.0000   0.0002   0.0000   0.0000
  -0.0001  -0.0463   0.0000   0.0002   0.0000   0.0000   0.0000   0.0002
   0.0000   0.0000   0.0000   0.0000   0.0000   0.0000  -0.0002  -0.0002
   0.0000
   0.0000   0.0000   0.0000   0.0000   0.0000   0.0000   0.0002   0.0000
  -0.0001   0.0000  -0.0463   0.0000   0.0002   0.0000   0.0000   0.0002
   0.0000   0.0000   0.0000   0.0000  -0.0002   0.0000   0.0000  -0.0002
   0.0000
   0.0000   0.0002   0.0000   0.0000   0.0002   0.0002   0.0000   0.0002
   0.0002   0.0002   0.0000  -0.0463   0.0002  -0.0001   0.0002   0.0002
   0.0000   0.0000  -0.0002   0.0000   0.0000  -0.0002   0.0019   0.0019
  -0.0001
   0.0000   0.0002   0.0000   0.0002   0.0000   0.0000   0.0002   0.0002
   0.0002   0.0000   0.0002   0.0002  -0.0463   0.0002  -0.0001   0.0002
   0.0000   0.0000  -0.0002   0.0000   0.0019  -0.0002   0.0000   0.0019
   0.0000
  -0.0001   0.0000   0.0000   0.0002   0.0000   0.0000  -0.0001   0.0002
   0.0002   0.0000   0.0000  -0.0001   0.0002  -0.0463   0.0002   0.0000
   0.0000  -0.0002   0.0000   0.0000  -0.0002   0.0019   0.0000  -0.0002
   0.0000
   0.0000   0.0000  -0.0001   0.0000   0.0002  -0.0001   0.0000   0.0002
   0.0002   0.0000   0.0000   0.0002  -0.0001   0.0002  -0.0463   0.0000
   0.0000   0.0000   0.0000  -0.0002   0.0000   0.0019  -0.0002  -0.0002
   0.0002
   0.0000  -0.0001   0.0000   0.0000   0.0000   0.0000   0.0000   0.0000
   0.0002   0.0002   0.0002   0.0002   0.0002   0.0000   0.0000  -0.0463
   0.0000   0.0000   0.0000   0.0000   0.0000   0.0000   0.0000   0.0019
   0.0000
   0.0019   0.0000   0.0019   0.0000   0.0000   0.0000   0.0000  -0.0002
   0.0000   0.0000   0.0000   0.0000   0.0000   0.0000   0.0000   0.0000
  -0.0247  -0.0001  -0.0001  -0.0001   0.0000  -0.0001   0.0000   0.0000
   0.0000
   0.0019   0.0000   0.0000   0.0019   0.0000   0.0000   0.0000  -0.0002
   0.0000   0.0000   0.0000   0.0000   0.0000  -0.0002   0.0000   0.0000
  -0.0001  -0.0247  -0.0001   0.0000  -0.0001  -0.0001   0.0000   0.0000
   0.0000
  -0.0002   0.0019  -0.0002  -0.0002  -0.0002   0.0000   0.0000   0.0019
   0.0000   0.0000   0.0000  -0.0002  -0.0002   0.0000   0.0000   0.0000
  -0.0001  -0.0001  -0.0247  -0.0001  -0.0001  -0.0001  -0.0001  -0.0001
   0.0000
   0.0000   0.0000   0.0019   0.0000   0.0019   0.0000   0.0000  -0.0002
   0.0000   0.0000   0.0000   0.0000   0.0000   0.0000  -0.0002   0.0000
  -0.0001   0.0000  -0.0001  -0.0247   0.0000  -0.0001  -0.0001   0.0000
  -0.0002
   0.0000  -0.0002   0.0000   0.0019   0.0000   0.0000   0.0019  -0.0002
   0.0000   0.0000  -0.0002   0.0000   0.0019  -0.0002   0.0000   0.0000
   0.0000  -0.0001  -0.0001   0.0000  -0.0247  -0.0001   0.0000  -0.0001
   0.0000
  -0.0002   0.0000  -0.0002  -0.0002  -0.0002   0.0000   0.0000   0.0019
  -0.0002   0.0000   0.0000  -0.0002  -0.0002   0.0019   0.0019   0.0000
  -0.0001  -0.0001  -0.0001  -0.0001  -0.0001  -0.0247  -0.0001  -0.0001
   0.0000
   0.0000  -0.0002   0.0000   0.0000   0.0019   0.0019   0.0000  -0.0002
   0.0000  -0.0002   0.0000   0.0019   0.0000   0.0000  -0.0002   0.0000
   0.0000   0.0000  -0.0001  -0.0001   0.0000  -0.0001  -0.0247  -0.0001
  -0.0002
   0.0000  -0.0002   0.0000   0.0000   0.0000   0.0000   0.0000  -0.0002
   0.0019  -0.0002  -0.0002   0.0019   0.0019  -0.0002  -0.0002   0.0019
   0.0000   0.0000  -0.0001   0.0000  -0.0001  -0.0001  -0.0001  -0.0247
   0.0000
   0.0000   0.0000   0.0000   0.0000   0.0002   0.0002   0.0000   0.0000
   0.0000   0.0000   0.0000  -0.0001   0.0000   0.0000   0.0002   0.0000
   0.0000   0.0000   0.0000  -0.0002   0.0000   0.0000  -0.0002   0.0000
  -0.0463
 
 
  CHI0^-1 - CHI^-1 Matrix 
 
   10.6346   -0.0324   -0.1456   -0.1456   -0.0216   -0.0029   -0.0116   -0.2546
   -0.0046   -0.0025   -0.0032   -0.0144   -0.0216   -0.0877   -0.0324   -0.0029
    1.5354    1.5354   -0.4576   -0.0207   -0.0207   -0.4576   -0.0169   -0.0169
   -0.0042
   -0.0324   10.6346   -0.0324   -0.0877   -0.0877   -0.0324   -0.0324   -0.1456
   -0.0324   -0.0216   -0.0216   -0.2546   -0.2546   -0.0216   -0.0216   -0.0877
   -0.0461   -0.0439    1.5354   -0.0439   -0.4576   -0.0207   -0.4576   -0.4576
   -0.0046
   -0.1456   -0.0324   10.6346   -0.0216   -0.1456   -0.0116   -0.0029   -0.2546
   -0.0046   -0.0032   -0.0025   -0.0216   -0.0144   -0.0324   -0.0877   -0.0029
    1.5354   -0.0207   -0.4576    1.5354   -0.0169   -0.4576   -0.0207   -0.0169
   -0.0324
   -0.1456   -0.0877   -0.0216   10.6346   -0.0144   -0.0029   -0.1456   -0.2546
   -0.0216   -0.0032   -0.0324   -0.0216   -0.1456   -0.2546   -0.0324   -0.0116
   -0.0207    1.5354   -0.4576   -0.0169    1.5354   -0.4576   -0.0169   -0.0207
   -0.0032
   -0.0216   -0.0877   -0.1456   -0.0144   10.6346   -0.1456   -0.0029   -0.2546
   -0.0216   -0.0324   -0.0032   -0.1456   -0.0216   -0.0324   -0.2546   -0.0116
   -0.0207   -0.0169   -0.4576    1.5354   -0.0169   -0.4576    1.5354   -0.0207
   -0.2546
   -0.0029   -0.0324   -0.0116   -0.0029   -0.1456   10.6346   -0.0021   -0.0324
   -0.0216   -0.2546   -0.0032   -0.1456   -0.0116   -0.0050   -0.0877   -0.0216
   -0.0106   -0.0102   -0.0461   -0.0207   -0.0106   -0.0439    1.5354   -0.0207
   -0.2546
   -0.0116   -0.0324   -0.0029   -0.1456   -0.0029   -0.0021   10.6346   -0.0324
   -0.0216   -0.0032   -0.2546   -0.0116   -0.1456   -0.0877   -0.0050   -0.0216
   -0.0106   -0.0207   -0.0461   -0.0102    1.5354   -0.0439   -0.0106   -0.0207
   -0.0018
   -0.2546   -0.1456   -0.2546   -0.2546   -0.2546   -0.0324   -0.0324   10.6346
   -0.0877   -0.0144   -0.0144   -0.2546   -0.2546   -0.1456   -0.1456   -0.0324
   -0.4576   -0.4576    1.5354   -0.4576   -0.4576    1.5354   -0.4576   -0.4576
   -0.0216
   -0.0046   -0.0324   -0.0046   -0.0216   -0.0216   -0.0216   -0.0216   -0.0877
   10.6346   -0.0877   -0.0877   -0.1456   -0.1456   -0.2546   -0.2546   -0.1456
   -0.0098   -0.0169   -0.0439   -0.0169   -0.0207   -0.4576   -0.0207    1.5354
   -0.0324
   -0.0025   -0.0216   -0.0032   -0.0032   -0.0324   -0.2546   -0.0032   -0.0144
   -0.0877   10.6346   -0.0144   -0.2546   -0.0324   -0.0046   -0.0216   -0.2546
   -0.0105   -0.0105   -0.0169   -0.0136   -0.0136   -0.0169   -0.4576   -0.4576
   -0.0216
   -0.0032   -0.0216   -0.0025   -0.0324   -0.0032   -0.0032   -0.2546   -0.0144
   -0.0877   -0.0144   10.6346   -0.0324   -0.2546   -0.0216   -0.0046   -0.2546
   -0.0105   -0.0136   -0.0169   -0.0105   -0.4576   -0.0169   -0.0136   -0.4576
   -0.0019
   -0.0144   -0.2546   -0.0216   -0.0216   -0.1456   -0.1456   -0.0116   -0.2546
   -0.1456   -0.2546   -0.0324   10.6346   -0.1456   -0.0877   -0.2546   -0.1456
   -0.0169   -0.0169   -0.4576   -0.0207   -0.0207   -0.4576    1.5354    1.5354
   -0.0877
   -0.0216   -0.2546   -0.0144   -0.1456   -0.0216   -0.0116   -0.1456   -0.2546
   -0.1456   -0.0324   -0.2546   -0.1456   10.6346   -0.2546   -0.0877   -0.1456
   -0.0169   -0.0207   -0.4576   -0.0169    1.5354   -0.4576   -0.0207    1.5354
   -0.0050
   -0.0877   -0.0216   -0.0324   -0.2546   -0.0324   -0.0050   -0.0877   -0.1456
   -0.2546   -0.0046   -0.0216   -0.0877   -0.2546   10.6346   -0.1456   -0.0324
   -0.0439   -0.4576   -0.0207   -0.0461   -0.4576    1.5354   -0.0439   -0.4576
   -0.0116
   -0.0324   -0.0216   -0.0877   -0.0324   -0.2546   -0.0877   -0.0050   -0.1456
   -0.2546   -0.0216   -0.0046   -0.2546   -0.0877   -0.1456   10.6346   -0.0324
   -0.0439   -0.0461   -0.0207   -0.4576   -0.0439    1.5354   -0.4576   -0.4576
   -0.1456
   -0.0029   -0.0877   -0.0029   -0.0116   -0.0116   -0.0216   -0.0216   -0.0324
   -0.1456   -0.2546   -0.2546   -0.1456   -0.1456   -0.0324   -0.0324   10.6346
   -0.0102   -0.0106   -0.0439   -0.0106   -0.0207   -0.0461   -0.0207    1.5354
   -0.0050
    1.5354   -0.0461    1.5354   -0.0207   -0.0207   -0.0106   -0.0106   -0.4576
   -0.0098   -0.0105   -0.0105   -0.0169   -0.0169   -0.0439   -0.0439   -0.0102
   24.5548   -0.2342   -0.4811   -0.2342   -0.0193   -0.4112   -0.0193   -0.0182
   -0.0136
    1.5354   -0.0439   -0.0207    1.5354   -0.0169   -0.0102   -0.0207   -0.4576
   -0.0169   -0.0105   -0.0136   -0.0169   -0.0207   -0.4576   -0.0461   -0.0106
   -0.2342   24.5548   -0.4112   -0.0193   -0.2342   -0.4811   -0.0182   -0.0193
   -0.0115
   -0.4576    1.5354   -0.4576   -0.4576   -0.4576   -0.0461   -0.0461    1.5354
   -0.0439   -0.0169   -0.0169   -0.4576   -0.4576   -0.0207   -0.0207   -0.0439
   -0.4811   -0.4112   24.5548   -0.4112   -0.4811   -0.2342   -0.4811   -0.4112
   -0.0169
   -0.0207   -0.0439    1.5354   -0.0169    1.5354   -0.0207   -0.0102   -0.4576
   -0.0169   -0.0136   -0.0105   -0.0207   -0.0169   -0.0461   -0.4576   -0.0106
   -0.2342   -0.0193   -0.4112   24.5548   -0.0182   -0.4811   -0.2342   -0.0193
   -0.4576
   -0.0207   -0.4576   -0.0169    1.5354   -0.0169   -0.0106    1.5354   -0.4576
   -0.0207   -0.0136   -0.4576   -0.0207    1.5354   -0.4576   -0.0439   -0.0207
   -0.0193   -0.2342   -0.4811   -0.0182   24.5548   -0.4112   -0.0193   -0.2342
   -0.0111
   -0.4576   -0.0207   -0.4576   -0.4576   -0.4576   -0.0439   -0.0439    1.5354
   -0.4576   -0.0169   -0.0169   -0.4576   -0.4576    1.5354    1.5354   -0.0461
   -0.4112   -0.4811   -0.2342   -0.4811   -0.4112   24.5548   -0.4112   -0.4811
   -0.0207
   -0.0169   -0.4576   -0.0207   -0.0169    1.5354    1.5354   -0.0106   -0.4576
   -0.0207   -0.4576   -0.0136    1.5354   -0.0207   -0.0439   -0.4576   -0.0207
   -0.0193   -0.0182   -0.4811   -0.2342   -0.0193   -0.4112   24.5548   -0.2342
   -0.4576
   -0.0169   -0.4576   -0.0169   -0.0207   -0.0207   -0.0207   -0.0207   -0.4576
    1.5354   -0.4576   -0.4576    1.5354    1.5354   -0.4576   -0.4576    1.5354
   -0.0182   -0.0193   -0.4112   -0.0193   -0.2342   -0.4811   -0.2342   24.5548
   -0.0439
   -0.0042   -0.0046   -0.0324   -0.0032   -0.2546   -0.2546   -0.0018   -0.0216
   -0.0324   -0.0216   -0.0019   -0.0877   -0.0050   -0.0116   -0.1456   -0.0050
   -0.0136   -0.0115   -0.0169   -0.4576   -0.0111   -0.0207   -0.4576   -0.0439
   10.6346
