 
  DISTANCES 
 
   0.0000   0.7071   0.7071   0.7071   0.7071   0.7071   1.0000   0.7071
   0.7071   0.7071   0.7071   1.0000   0.7071   1.0000   0.7071   0.7071
   0.4330   0.4330   0.8292   0.8292   0.8292   0.8292   0.8292   0.8292
   0.0000
   0.7071   0.0000   0.7071   1.0000   1.0000   0.7071   0.7071   0.7071
   0.7071   0.7071   0.7071   0.7071   0.7071   0.7071   0.7071   1.0000
   0.4330   0.8292   0.4330   0.8292   0.8292   0.8292   0.8292   0.8292
   0.0000
   0.7071   0.7071   0.0000   0.7071   0.7071   1.0000   0.7071   0.7071
   0.7071   0.7071   0.7071   0.7071   1.0000   0.7071   1.0000   0.7071
   0.4330   0.8292   0.8292   0.4330   0.8292   0.8292   0.8292   0.8292
   0.0000
   0.7071   1.0000   0.7071   0.0000   1.0000   0.7071   0.7071   0.7071
   0.7071   0.7071   0.7071   0.7071   0.7071   0.7071   0.7071   1.0000
   0.8292   0.4330   0.8292   0.8292   0.4330   0.8292   0.8292   0.8292
   0.0000
   0.7071   1.0000   0.7071   1.0000   0.0000   0.7071   0.7071   0.7071
   0.7071   0.7071   0.7071   0.7071   0.7071   0.7071   0.7071   1.0000
   0.8292   0.8292   0.8292   0.4330   0.8292   0.8292   0.4330   0.8292
   0.0000
   0.7071   0.7071   1.0000   0.7071   0.7071   0.0000   0.7071   0.7071
   0.7071   0.7071   0.7071   0.7071   1.0000   0.7071   1.0000   0.7071
   0.8292   0.8292   0.4330   0.8292   0.8292   0.8292   0.4330   0.8292
   0.0000
   1.0000   0.7071   0.7071   0.7071   0.7071   0.7071   0.0000   0.7071
   0.7071   0.7071   0.7071   1.0000   0.7071   1.0000   0.7071   0.7071
   0.8292   0.8292   0.4330   0.8292   0.4330   0.8292   0.8292   0.8292
   0.0000
   0.7071   0.7071   0.7071   0.7071   0.7071   0.7071   0.7071   0.0000
   1.0000   1.0000   1.0000   0.7071   0.7071   0.7071   0.7071   0.7071
   0.8292   0.8292   0.4330   0.8292   0.8292   0.4330   0.8292   0.8292
   0.0000
   0.7071   0.7071   0.7071   0.7071   0.7071   0.7071   0.7071   1.0000
   0.0000   1.0000   1.0000   0.7071   0.7071   0.7071   0.7071   0.7071
   0.4330   0.8292   0.8292   0.8292   0.8292   0.8292   0.8292   0.4330
   0.0000
   0.7071   0.7071   0.7071   0.7071   0.7071   0.7071   0.7071   1.0000
   1.0000   0.0000   1.0000   0.7071   0.7071   0.7071   0.7071   0.7071
   0.8292   0.8292   0.8292   0.4330   0.4330   0.8292   0.8292   0.8292
   0.0000
   0.7071   0.7071   0.7071   0.7071   0.7071   0.7071   0.7071   1.0000
   1.0000   1.0000   0.0000   0.7071   0.7071   0.7071   0.7071   0.7071
   0.8292   0.4330   0.8292   0.8292   0.8292   0.8292   0.4330   0.8292
   0.0000
   1.0000   0.7071   0.7071   0.7071   0.7071   0.7071   1.0000   0.7071
   0.7071   0.7071   0.7071   0.0000   0.7071   1.0000   0.7071   0.7071
   0.8292   0.8292   0.8292   0.8292   0.8292   0.8292   0.4330   0.4330
   0.0000
   0.7071   0.7071   1.0000   0.7071   0.7071   1.0000   0.7071   0.7071
   0.7071   0.7071   0.7071   0.7071   0.0000   0.7071   1.0000   0.7071
   0.8292   0.8292   0.8292   0.8292   0.4330   0.8292   0.8292   0.4330
   0.0000
   1.0000   0.7071   0.7071   0.7071   0.7071   0.7071   1.0000   0.7071
   0.7071   0.7071   0.7071   1.0000   0.7071   0.0000   0.7071   0.7071
   0.8292   0.8292   0.8292   0.4330   0.8292   0.4330   0.8292   0.8292
   0.0000
   0.7071   0.7071   1.0000   0.7071   0.7071   1.0000   0.7071   0.7071
   0.7071   0.7071   0.7071   0.7071   1.0000   0.7071   0.0000   0.7071
   0.8292   0.4330   0.8292   0.8292   0.8292   0.4330   0.8292   0.8292
   0.0000
   0.7071   1.0000   0.7071   1.0000   1.0000   0.7071   0.7071   0.7071
   0.7071   0.7071   0.7071   0.7071   0.7071   0.7071   0.7071   0.0000
   0.8292   0.8292   0.8292   0.8292   0.8292   0.4330   0.8292   0.4330
   0.0000
   0.4330   0.4330   0.4330   0.8292   0.8292   0.8292   0.8292   0.8292
   0.4330   0.8292   0.8292   0.8292   0.8292   0.8292   0.8292   0.8292
   0.0000   0.8660   0.8660   0.8660   1.0000   1.0000   1.0000   0.8660
   0.0000
   0.4330   0.8292   0.8292   0.4330   0.8292   0.8292   0.8292   0.8292
   0.8292   0.8292   0.4330   0.8292   0.8292   0.8292   0.4330   0.8292
   0.8660   0.0000   1.0000   1.0000   0.8660   0.8660   0.8660   1.0000
   0.0000
   0.8292   0.4330   0.8292   0.8292   0.8292   0.4330   0.4330   0.4330
   0.8292   0.8292   0.8292   0.8292   0.8292   0.8292   0.8292   0.8292
   0.8660   1.0000   0.0000   1.0000   0.8660   0.8660   0.8660   1.0000
   0.0000
   0.8292   0.8292   0.4330   0.8292   0.4330   0.8292   0.8292   0.8292
   0.8292   0.4330   0.8292   0.8292   0.8292   0.4330   0.8292   0.8292
   0.8660   1.0000   1.0000   0.0000   0.8660   0.8660   0.8660   1.0000
   0.0000
   0.8292   0.8292   0.8292   0.4330   0.8292   0.8292   0.4330   0.8292
   0.8292   0.4330   0.8292   0.8292   0.4330   0.8292   0.8292   0.8292
   1.0000   0.8660   0.8660   0.8660   0.0000   1.0000   1.0000   0.8660
   0.0000
   0.8292   0.8292   0.8292   0.8292   0.8292   0.8292   0.8292   0.4330
   0.8292   0.8292   0.8292   0.8292   0.8292   0.4330   0.4330   0.4330
   1.0000   0.8660   0.8660   0.8660   1.0000   0.0000   1.0000   0.8660
   0.0000
   0.8292   0.8292   0.8292   0.8292   0.4330   0.4330   0.8292   0.8292
   0.8292   0.8292   0.4330   0.4330   0.8292   0.8292   0.8292   0.8292
   1.0000   0.8660   0.8660   0.8660   1.0000   1.0000   0.0000   0.8660
   0.0000
   0.8292   0.8292   0.8292   0.8292   0.8292   0.8292   0.8292   0.8292
   0.4330   0.8292   0.8292   0.4330   0.4330   0.8292   0.8292   0.4330
   0.8660   1.0000   1.0000   1.0000   0.8660   0.8660   0.8660   0.0000
   0.0000
   0.7071   0.7071   0.7071   0.7071   0.7071   1.0000   0.7071   0.7071
   0.7071   0.7071   1.0000   0.7071   1.0000   0.7071   0.7071   0.4330
   0.4330   0.8292   0.8292   0.8292   0.8292   0.8292   0.8292   0.0000
   0.0000
 
 
  number of atoms in the primitive cell:          24          24
 
 
  CHI_0 Matrix 
 
  -0.0907   0.0024   0.0024   0.0024   0.0024   0.0024  -0.0005   0.0024
   0.0024   0.0024   0.0024  -0.0005   0.0024  -0.0005   0.0024   0.0024
   0.0005   0.0005   0.0010   0.0010   0.0010   0.0010   0.0010   0.0010
   0.0567
   0.0024  -0.0907   0.0024  -0.0005  -0.0005   0.0024   0.0024   0.0024
   0.0024   0.0024   0.0024   0.0024   0.0024   0.0024   0.0024  -0.0005
   0.0005   0.0010   0.0005   0.0010   0.0010   0.0010   0.0010   0.0010
   0.0567
   0.0024   0.0024  -0.0907   0.0024   0.0024  -0.0005   0.0024   0.0024
   0.0024   0.0024   0.0024   0.0024  -0.0005   0.0024  -0.0005   0.0024
   0.0005   0.0010   0.0010   0.0005   0.0010   0.0010   0.0010   0.0010
   0.0567
   0.0024  -0.0005   0.0024  -0.0907  -0.0005   0.0024   0.0024   0.0024
   0.0024   0.0024   0.0024   0.0024   0.0024   0.0024   0.0024  -0.0005
   0.0010   0.0005   0.0010   0.0010   0.0005   0.0010   0.0010   0.0010
   0.0567
   0.0024  -0.0005   0.0024  -0.0005  -0.0907   0.0024   0.0024   0.0024
   0.0024   0.0024   0.0024   0.0024   0.0024   0.0024   0.0024  -0.0005
   0.0010   0.0010   0.0010   0.0005   0.0010   0.0010   0.0005   0.0010
   0.0567
   0.0024   0.0024  -0.0005   0.0024   0.0024  -0.0907   0.0024   0.0024
   0.0024   0.0024   0.0024   0.0024  -0.0005   0.0024  -0.0005   0.0024
   0.0010   0.0010   0.0005   0.0010   0.0010   0.0010   0.0005   0.0010
   0.0567
  -0.0005   0.0024   0.0024   0.0024   0.0024   0.0024  -0.0907   0.0024
   0.0024   0.0024   0.0024  -0.0005   0.0024  -0.0005   0.0024   0.0024
   0.0010   0.0010   0.0005   0.0010   0.0005   0.0010   0.0010   0.0010
   0.0567
   0.0024   0.0024   0.0024   0.0024   0.0024   0.0024   0.0024  -0.0907
  -0.0005  -0.0005  -0.0005   0.0024   0.0024   0.0024   0.0024   0.0024
   0.0010   0.0010   0.0005   0.0010   0.0010   0.0005   0.0010   0.0010
   0.0567
   0.0024   0.0024   0.0024   0.0024   0.0024   0.0024   0.0024  -0.0005
  -0.0907  -0.0005  -0.0005   0.0024   0.0024   0.0024   0.0024   0.0024
   0.0005   0.0010   0.0010   0.0010   0.0010   0.0010   0.0010   0.0005
   0.0567
   0.0024   0.0024   0.0024   0.0024   0.0024   0.0024   0.0024  -0.0005
  -0.0005  -0.0907  -0.0005   0.0024   0.0024   0.0024   0.0024   0.0024
   0.0010   0.0010   0.0010   0.0005   0.0005   0.0010   0.0010   0.0010
   0.0567
   0.0024   0.0024   0.0024   0.0024   0.0024   0.0024   0.0024  -0.0005
  -0.0005  -0.0005  -0.0907   0.0024   0.0024   0.0024   0.0024   0.0024
   0.0010   0.0005   0.0010   0.0010   0.0010   0.0010   0.0005   0.0010
   0.0567
  -0.0005   0.0024   0.0024   0.0024   0.0024   0.0024  -0.0005   0.0024
   0.0024   0.0024   0.0024  -0.0907   0.0024  -0.0005   0.0024   0.0024
   0.0010   0.0010   0.0010   0.0010   0.0010   0.0010   0.0005   0.0005
   0.0567
   0.0024   0.0024  -0.0005   0.0024   0.0024  -0.0005   0.0024   0.0024
   0.0024   0.0024   0.0024   0.0024  -0.0907   0.0024  -0.0005   0.0024
   0.0010   0.0010   0.0010   0.0010   0.0005   0.0010   0.0010   0.0005
   0.0567
  -0.0005   0.0024   0.0024   0.0024   0.0024   0.0024  -0.0005   0.0024
   0.0024   0.0024   0.0024  -0.0005   0.0024  -0.0907   0.0024   0.0024
   0.0010   0.0010   0.0010   0.0005   0.0010   0.0005   0.0010   0.0010
   0.0567
   0.0024   0.0024  -0.0005   0.0024   0.0024  -0.0005   0.0024   0.0024
   0.0024   0.0024   0.0024   0.0024  -0.0005   0.0024  -0.0907   0.0024
   0.0010   0.0005   0.0010   0.0010   0.0010   0.0005   0.0010   0.0010
   0.0567
   0.0024  -0.0005   0.0024  -0.0005  -0.0005   0.0024   0.0024   0.0024
   0.0024   0.0024   0.0024   0.0024   0.0024   0.0024   0.0024  -0.0907
   0.0010   0.0010   0.0010   0.0010   0.0010   0.0005   0.0010   0.0005
   0.0567
   0.0005   0.0005   0.0005   0.0010   0.0010   0.0010   0.0010   0.0010
   0.0005   0.0010   0.0010   0.0010   0.0010   0.0010   0.0010   0.0010
  -0.0613   0.0010   0.0010   0.0010   0.0008   0.0008   0.0008   0.0010
   0.0410
   0.0005   0.0010   0.0010   0.0005   0.0010   0.0010   0.0010   0.0010
   0.0010   0.0010   0.0005   0.0010   0.0010   0.0010   0.0005   0.0010
   0.0010  -0.0613   0.0008   0.0008   0.0010   0.0010   0.0010   0.0008
   0.0410
   0.0010   0.0005   0.0010   0.0010   0.0010   0.0005   0.0005   0.0005
   0.0010   0.0010   0.0010   0.0010   0.0010   0.0010   0.0010   0.0010
   0.0010   0.0008  -0.0613   0.0008   0.0010   0.0010   0.0010   0.0008
   0.0410
   0.0010   0.0010   0.0005   0.0010   0.0005   0.0010   0.0010   0.0010
   0.0010   0.0005   0.0010   0.0010   0.0010   0.0005   0.0010   0.0010
   0.0010   0.0008   0.0008  -0.0613   0.0010   0.0010   0.0010   0.0008
   0.0410
   0.0010   0.0010   0.0010   0.0005   0.0010   0.0010   0.0005   0.0010
   0.0010   0.0005   0.0010   0.0010   0.0005   0.0010   0.0010   0.0010
   0.0008   0.0010   0.0010   0.0010  -0.0613   0.0008   0.0008   0.0010
   0.0410
   0.0010   0.0010   0.0010   0.0010   0.0010   0.0010   0.0010   0.0005
   0.0010   0.0010   0.0010   0.0010   0.0010   0.0005   0.0005   0.0005
   0.0008   0.0010   0.0010   0.0010   0.0008  -0.0613   0.0008   0.0010
   0.0410
   0.0010   0.0010   0.0010   0.0010   0.0005   0.0005   0.0010   0.0010
   0.0010   0.0010   0.0005   0.0005   0.0010   0.0010   0.0010   0.0010
   0.0008   0.0010   0.0010   0.0010   0.0008   0.0008  -0.0613   0.0010
   0.0410
   0.0010   0.0010   0.0010   0.0010   0.0010   0.0010   0.0010   0.0010
   0.0005   0.0010   0.0010   0.0005   0.0005   0.0010   0.0010   0.0005
   0.0010   0.0008   0.0008   0.0008   0.0010   0.0010   0.0010  -0.0613
   0.0410
   0.0567   0.0567   0.0567   0.0567   0.0567   0.0567   0.0567   0.0567
   0.0567   0.0567   0.0567   0.0567   0.0567   0.0567   0.0567   0.0567
   0.0410   0.0410   0.0410   0.0410   0.0410   0.0410   0.0410   0.0410
  -1.2360
 
 
  CHI Matrix 
 
  -0.0463   0.0002   0.0002   0.0002   0.0002   0.0002  -0.0002   0.0002
   0.0002   0.0002   0.0002  -0.0002   0.0002  -0.0002   0.0002   0.0002
   0.0019   0.0019  -0.0002  -0.0002  -0.0002  -0.0002  -0.0002  -0.0002
   0.0418
   0.0002  -0.0463   0.0002  -0.0002  -0.0002   0.0002   0.0002   0.0002
   0.0002   0.0002   0.0002   0.0002   0.0002   0.0002   0.0002  -0.0002
   0.0019  -0.0002   0.0019  -0.0002  -0.0002  -0.0002  -0.0002  -0.0002
   0.0418
   0.0002   0.0002  -0.0463   0.0002   0.0002  -0.0002   0.0002   0.0002
   0.0002   0.0002   0.0002   0.0002  -0.0002   0.0002  -0.0002   0.0002
   0.0019  -0.0002  -0.0002   0.0019  -0.0002  -0.0002  -0.0002  -0.0002
   0.0418
   0.0002  -0.0002   0.0002  -0.0463  -0.0002   0.0002   0.0002   0.0002
   0.0002   0.0002   0.0002   0.0002   0.0002   0.0002   0.0002  -0.0002
  -0.0002   0.0019  -0.0002  -0.0002   0.0019  -0.0002  -0.0002  -0.0002
   0.0418
   0.0002  -0.0002   0.0002  -0.0002  -0.0463   0.0002   0.0002   0.0002
   0.0002   0.0002   0.0002   0.0002   0.0002   0.0002   0.0002  -0.0002
  -0.0002  -0.0002  -0.0002   0.0019  -0.0002  -0.0002   0.0019  -0.0002
   0.0418
   0.0002   0.0002  -0.0002   0.0002   0.0002  -0.0463   0.0002   0.0002
   0.0002   0.0002   0.0002   0.0002  -0.0002   0.0002  -0.0002   0.0002
  -0.0002  -0.0002   0.0019  -0.0002  -0.0002  -0.0002   0.0019  -0.0002
   0.0418
  -0.0002   0.0002   0.0002   0.0002   0.0002   0.0002  -0.0463   0.0002
   0.0002   0.0002   0.0002  -0.0002   0.0002  -0.0002   0.0002   0.0002
  -0.0002  -0.0002   0.0019  -0.0002   0.0019  -0.0002  -0.0002  -0.0002
   0.0418
   0.0002   0.0002   0.0002   0.0002   0.0002   0.0002   0.0002  -0.0463
  -0.0002  -0.0002  -0.0002   0.0002   0.0002   0.0002   0.0002   0.0002
  -0.0002  -0.0002   0.0019  -0.0002  -0.0002   0.0019  -0.0002  -0.0002
   0.0418
   0.0002   0.0002   0.0002   0.0002   0.0002   0.0002   0.0002  -0.0002
  -0.0463  -0.0002  -0.0002   0.0002   0.0002   0.0002   0.0002   0.0002
   0.0019  -0.0002  -0.0002  -0.0002  -0.0002  -0.0002  -0.0002   0.0019
   0.0418
   0.0002   0.0002   0.0002   0.0002   0.0002   0.0002   0.0002  -0.0002
  -0.0002  -0.0463  -0.0002   0.0002   0.0002   0.0002   0.0002   0.0002
  -0.0002  -0.0002  -0.0002   0.0019   0.0019  -0.0002  -0.0002  -0.0002
   0.0418
   0.0002   0.0002   0.0002   0.0002   0.0002   0.0002   0.0002  -0.0002
  -0.0002  -0.0002  -0.0463   0.0002   0.0002   0.0002   0.0002   0.0002
  -0.0002   0.0019  -0.0002  -0.0002  -0.0002  -0.0002   0.0019  -0.0002
   0.0418
  -0.0002   0.0002   0.0002   0.0002   0.0002   0.0002  -0.0002   0.0002
   0.0002   0.0002   0.0002  -0.0463   0.0002  -0.0002   0.0002   0.0002
  -0.0002  -0.0002  -0.0002  -0.0002  -0.0002  -0.0002   0.0019   0.0019
   0.0418
   0.0002   0.0002  -0.0002   0.0002   0.0002  -0.0002   0.0002   0.0002
   0.0002   0.0002   0.0002   0.0002  -0.0463   0.0002  -0.0002   0.0002
  -0.0002  -0.0002  -0.0002  -0.0002   0.0019  -0.0002  -0.0002   0.0019
   0.0418
  -0.0002   0.0002   0.0002   0.0002   0.0002   0.0002  -0.0002   0.0002
   0.0002   0.0002   0.0002  -0.0002   0.0002  -0.0463   0.0002   0.0002
  -0.0002  -0.0002  -0.0002   0.0019  -0.0002   0.0019  -0.0002  -0.0002
   0.0418
   0.0002   0.0002  -0.0002   0.0002   0.0002  -0.0002   0.0002   0.0002
   0.0002   0.0002   0.0002   0.0002  -0.0002   0.0002  -0.0463   0.0002
  -0.0002   0.0019  -0.0002  -0.0002  -0.0002   0.0019  -0.0002  -0.0002
   0.0418
   0.0002  -0.0002   0.0002  -0.0002  -0.0002   0.0002   0.0002   0.0002
   0.0002   0.0002   0.0002   0.0002   0.0002   0.0002   0.0002  -0.0463
  -0.0002  -0.0002  -0.0002  -0.0002  -0.0002   0.0019  -0.0002   0.0019
   0.0418
   0.0019   0.0019   0.0019  -0.0002  -0.0002  -0.0002  -0.0002  -0.0002
   0.0019  -0.0002  -0.0002  -0.0002  -0.0002  -0.0002  -0.0002  -0.0002
  -0.0247  -0.0002  -0.0002  -0.0002  -0.0002  -0.0002  -0.0002  -0.0002
   0.0220
   0.0019  -0.0002  -0.0002   0.0019  -0.0002  -0.0002  -0.0002  -0.0002
  -0.0002  -0.0002   0.0019  -0.0002  -0.0002  -0.0002   0.0019  -0.0002
  -0.0002  -0.0247  -0.0002  -0.0002  -0.0002  -0.0002  -0.0002  -0.0002
   0.0220
  -0.0002   0.0019  -0.0002  -0.0002  -0.0002   0.0019   0.0019   0.0019
  -0.0002  -0.0002  -0.0002  -0.0002  -0.0002  -0.0002  -0.0002  -0.0002
  -0.0002  -0.0002  -0.0247  -0.0002  -0.0002  -0.0002  -0.0002  -0.0002
   0.0220
  -0.0002  -0.0002   0.0019  -0.0002   0.0019  -0.0002  -0.0002  -0.0002
  -0.0002   0.0019  -0.0002  -0.0002  -0.0002   0.0019  -0.0002  -0.0002
  -0.0002  -0.0002  -0.0002  -0.0247  -0.0002  -0.0002  -0.0002  -0.0002
   0.0220
  -0.0002  -0.0002  -0.0002   0.0019  -0.0002  -0.0002   0.0019  -0.0002
  -0.0002   0.0019  -0.0002  -0.0002   0.0019  -0.0002  -0.0002  -0.0002
  -0.0002  -0.0002  -0.0002  -0.0002  -0.0247  -0.0002  -0.0002  -0.0002
   0.0220
  -0.0002  -0.0002  -0.0002  -0.0002  -0.0002  -0.0002  -0.0002   0.0019
  -0.0002  -0.0002  -0.0002  -0.0002  -0.0002   0.0019   0.0019   0.0019
  -0.0002  -0.0002  -0.0002  -0.0002  -0.0002  -0.0247  -0.0002  -0.0002
   0.0220
  -0.0002  -0.0002  -0.0002  -0.0002   0.0019   0.0019  -0.0002  -0.0002
  -0.0002  -0.0002   0.0019   0.0019  -0.0002  -0.0002  -0.0002  -0.0002
  -0.0002  -0.0002  -0.0002  -0.0002  -0.0002  -0.0002  -0.0247  -0.0002
   0.0220
  -0.0002  -0.0002  -0.0002  -0.0002  -0.0002  -0.0002  -0.0002  -0.0002
   0.0019  -0.0002  -0.0002   0.0019   0.0019  -0.0002  -0.0002   0.0019
  -0.0002  -0.0002  -0.0002  -0.0002  -0.0002  -0.0002  -0.0002  -0.0247
   0.0220
   0.0418   0.0418   0.0418   0.0418   0.0418   0.0418   0.0418   0.0418
   0.0418   0.0418   0.0418   0.0418   0.0418   0.0418   0.0418   0.0418
   0.0220   0.0220   0.0220   0.0220   0.0220   0.0220   0.0220   0.0220
  -0.8440
 
 
  CHI0^-1 - CHI^-1 Matrix 
 
   10.4955   -0.3379   -0.3379   -0.3379   -0.4259   -0.4259   -0.3393   -0.4259
   -0.3379   -0.4259   -0.3379   -0.3393   -0.4259   -0.3393   -0.3379   -0.4259
    0.8738    0.8738   -1.1318   -1.1318   -1.1318   -1.1318   -1.1318   -1.1318
    0.1489
   -0.3379   10.4955   -0.3379   -0.3393   -0.3393   -0.3379   -0.3379   -0.3379
   -0.3379   -0.4259   -0.4259   -0.4259   -0.4259   -0.4259   -0.4259   -0.3393
    0.8738   -1.1318    0.8738   -1.1318   -1.1318   -1.1318   -1.1318   -1.1318
    0.1489
   -0.3379   -0.3379   10.4955   -0.4259   -0.3379   -0.3393   -0.4259   -0.4259
   -0.3379   -0.3379   -0.4259   -0.4259   -0.3393   -0.3379   -0.3393   -0.4259
    0.8738   -1.1318   -1.1318    0.8738   -1.1318   -1.1318   -1.1318   -1.1318
    0.1489
   -0.3379   -0.3393   -0.4259   10.4955   -0.3393   -0.4259   -0.3379   -0.4259
   -0.4259   -0.3379   -0.3379   -0.4259   -0.3379   -0.4259   -0.3379   -0.3393
   -1.1318    0.8738   -1.1318   -1.1318    0.8738   -1.1318   -1.1318   -1.1318
    0.1489
   -0.4259   -0.3393   -0.3379   -0.3393   10.4955   -0.3379   -0.4259   -0.4259
   -0.4259   -0.3379   -0.3379   -0.3379   -0.4259   -0.3379   -0.4259   -0.3393
   -1.1318   -1.1318   -1.1318    0.8738   -1.1318   -1.1318    0.8738   -1.1318
    0.1489
   -0.4259   -0.3379   -0.3393   -0.4259   -0.3379   10.4955   -0.3379   -0.3379
   -0.4259   -0.4259   -0.3379   -0.3379   -0.3393   -0.4259   -0.3393   -0.4259
   -1.1318   -1.1318    0.8738   -1.1318   -1.1318   -1.1318    0.8738   -1.1318
    0.1489
   -0.3393   -0.3379   -0.4259   -0.3379   -0.4259   -0.3379   10.4955   -0.3379
   -0.4259   -0.3379   -0.4259   -0.3393   -0.3379   -0.3393   -0.4259   -0.4259
   -1.1318   -1.1318    0.8738   -1.1318    0.8738   -1.1318   -1.1318   -1.1318
    0.1489
   -0.4259   -0.3379   -0.4259   -0.4259   -0.4259   -0.3379   -0.3379   10.4955
   -0.3393   -0.3393   -0.3393   -0.4259   -0.4259   -0.3379   -0.3379   -0.3379
   -1.1318   -1.1318    0.8738   -1.1318   -1.1318    0.8738   -1.1318   -1.1318
    0.1489
   -0.3379   -0.3379   -0.3379   -0.4259   -0.4259   -0.4259   -0.4259   -0.3393
   10.4955   -0.3393   -0.3393   -0.3379   -0.3379   -0.4259   -0.4259   -0.3379
    0.8738   -1.1318   -1.1318   -1.1318   -1.1318   -1.1318   -1.1318    0.8738
    0.1489
   -0.4259   -0.4259   -0.3379   -0.3379   -0.3379   -0.4259   -0.3379   -0.3393
   -0.3393   10.4955   -0.3393   -0.4259   -0.3379   -0.3379   -0.4259   -0.4259
   -1.1318   -1.1318   -1.1318    0.8738    0.8738   -1.1318   -1.1318   -1.1318
    0.1489
   -0.3379   -0.4259   -0.4259   -0.3379   -0.3379   -0.3379   -0.4259   -0.3393
   -0.3393   -0.3393   10.4955   -0.3379   -0.4259   -0.4259   -0.3379   -0.4259
   -1.1318    0.8738   -1.1318   -1.1318   -1.1318   -1.1318    0.8738   -1.1318
    0.1489
   -0.3393   -0.4259   -0.4259   -0.4259   -0.3379   -0.3379   -0.3393   -0.4259
   -0.3379   -0.4259   -0.3379   10.4955   -0.3379   -0.3393   -0.4259   -0.3379
   -1.1318   -1.1318   -1.1318   -1.1318   -1.1318   -1.1318    0.8738    0.8738
    0.1489
   -0.4259   -0.4259   -0.3393   -0.3379   -0.4259   -0.3393   -0.3379   -0.4259
   -0.3379   -0.3379   -0.4259   -0.3379   10.4955   -0.4259   -0.3393   -0.3379
   -1.1318   -1.1318   -1.1318   -1.1318    0.8738   -1.1318   -1.1318    0.8738
    0.1489
   -0.3393   -0.4259   -0.3379   -0.4259   -0.3379   -0.4259   -0.3393   -0.3379
   -0.4259   -0.3379   -0.4259   -0.3393   -0.4259   10.4955   -0.3379   -0.3379
   -1.1318   -1.1318   -1.1318    0.8738   -1.1318    0.8738   -1.1318   -1.1318
    0.1489
   -0.3379   -0.4259   -0.3393   -0.3379   -0.4259   -0.3393   -0.4259   -0.3379
   -0.4259   -0.4259   -0.3379   -0.4259   -0.3393   -0.3379   10.4955   -0.3379
   -1.1318    0.8738   -1.1318   -1.1318   -1.1318    0.8738   -1.1318   -1.1318
    0.1489
   -0.4259   -0.3393   -0.4259   -0.3393   -0.3393   -0.4259   -0.4259   -0.3379
   -0.3379   -0.4259   -0.4259   -0.3379   -0.3379   -0.3379   -0.3379   10.4955
   -1.1318   -1.1318   -1.1318   -1.1318   -1.1318    0.8738   -1.1318    0.8738
    0.1489
    0.8738    0.8738    0.8738   -1.1318   -1.1318   -1.1318   -1.1318   -1.1318
    0.8738   -1.1318   -1.1318   -1.1318   -1.1318   -1.1318   -1.1318   -1.1318
   23.4344   -1.8133   -1.8133   -1.8133   -1.9148   -1.9148   -1.9148   -1.8133
   -0.3498
    0.8738   -1.1318   -1.1318    0.8738   -1.1318   -1.1318   -1.1318   -1.1318
   -1.1318   -1.1318    0.8738   -1.1318   -1.1318   -1.1318    0.8738   -1.1318
   -1.8133   23.4344   -1.9148   -1.9148   -1.8133   -1.8133   -1.8133   -1.9148
   -0.3498
   -1.1318    0.8738   -1.1318   -1.1318   -1.1318    0.8738    0.8738    0.8738
   -1.1318   -1.1318   -1.1318   -1.1318   -1.1318   -1.1318   -1.1318   -1.1318
   -1.8133   -1.9148   23.4344   -1.9148   -1.8133   -1.8133   -1.8133   -1.9148
   -0.3498
   -1.1318   -1.1318    0.8738   -1.1318    0.8738   -1.1318   -1.1318   -1.1318
   -1.1318    0.8738   -1.1318   -1.1318   -1.1318    0.8738   -1.1318   -1.1318
   -1.8133   -1.9148   -1.9148   23.4344   -1.8133   -1.8133   -1.8133   -1.9148
   -0.3498
   -1.1318   -1.1318   -1.1318    0.8738   -1.1318   -1.1318    0.8738   -1.1318
   -1.1318    0.8738   -1.1318   -1.1318    0.8738   -1.1318   -1.1318   -1.1318
   -1.9148   -1.8133   -1.8133   -1.8133   23.4344   -1.9148   -1.9148   -1.8133
   -0.3498
   -1.1318   -1.1318   -1.1318   -1.1318   -1.1318   -1.1318   -1.1318    0.8738
   -1.1318   -1.1318   -1.1318   -1.1318   -1.1318    0.8738    0.8738    0.8738
   -1.9148   -1.8133   -1.8133   -1.8133   -1.9148   23.4344   -1.9148   -1.8133
   -0.3498
   -1.1318   -1.1318   -1.1318   -1.1318    0.8738    0.8738   -1.1318   -1.1318
   -1.1318   -1.1318    0.8738    0.8738   -1.1318   -1.1318   -1.1318   -1.1318
   -1.9148   -1.8133   -1.8133   -1.8133   -1.9148   -1.9148   23.4344   -1.8133
   -0.3498
   -1.1318   -1.1318   -1.1318   -1.1318   -1.1318   -1.1318   -1.1318   -1.1318
    0.8738   -1.1318   -1.1318    0.8738    0.8738   -1.1318   -1.1318    0.8738
   -1.8133   -1.9148   -1.9148   -1.9148   -1.8133   -1.8133   -1.8133   23.4344
   -0.3498
    0.1489    0.1489    0.1489    0.1489    0.1489    0.1489    0.1489    0.1489
    0.1489    0.1489    0.1489    0.1489    0.1489    0.1489    0.1489    0.1489
   -0.3498   -0.3498   -0.3498   -0.3498   -0.3498   -0.3498   -0.3498   -0.3498
    0.4161
  type:            1  U0 =    10.4955487511949     
  type:            2  U0 =    23.4344188543158     
 
 
  Sanity test and writing of response and interaction matrices 
 
  atom1  atom2  typ1  typ2  dist  chi_0  chi  int 
 
   1   1   1   1     0.000000    -0.0907    -0.0463    10.4955
   1  18   1   2     0.433013     0.0005     0.0019     0.8738
   1  17   1   2     0.433013     0.0005     0.0019     0.8738
   1  16   1   1     0.707107     0.0024     0.0002    -0.4259
   1  15   1   1     0.707107     0.0024     0.0002    -0.3379
   1  13   1   1     0.707107     0.0024     0.0002    -0.4259
   1  11   1   1     0.707107     0.0024     0.0002    -0.3379
   1  10   1   1     0.707107     0.0024     0.0002    -0.4259
   1   9   1   1     0.707107     0.0024     0.0002    -0.3379
   1   8   1   1     0.707107     0.0024     0.0002    -0.4259
   1   6   1   1     0.707107     0.0024     0.0002    -0.4259
   1   5   1   1     0.707107     0.0024     0.0002    -0.4259
   1   4   1   1     0.707107     0.0024     0.0002    -0.3379
   1   3   1   1     0.707107     0.0024     0.0002    -0.3379
   1   2   1   1     0.707107     0.0024     0.0002    -0.3379
   1  24   1   2     0.829156     0.0010    -0.0002    -1.1318
   1  23   1   2     0.829156     0.0010    -0.0002    -1.1318
   1  22   1   2     0.829156     0.0010    -0.0002    -1.1318
   1  21   1   2     0.829156     0.0010    -0.0002    -1.1318
   1  20   1   2     0.829156     0.0010    -0.0002    -1.1318
   1  19   1   2     0.829156     0.0010    -0.0002    -1.1318
   1  14   1   1     1.000000    -0.0005    -0.0002    -0.3393
   1  12   1   1     1.000000    -0.0005    -0.0002    -0.3393
   1   7   1   1     1.000000    -0.0005    -0.0002    -0.3393
   1  25   1  bac     0.000000     0.0567     0.0418     0.1489
 end of test on atom            1
   2   2   1   1     0.000000    -0.0907    -0.0463    10.4955
   2  19   1   2     0.433013     0.0005     0.0019     0.8738
   2  17   1   2     0.433013     0.0005     0.0019     0.8738
   2  15   1   1     0.707107     0.0024     0.0002    -0.4259
   2  14   1   1     0.707107     0.0024     0.0002    -0.4259
   2  13   1   1     0.707107     0.0024     0.0002    -0.4259
   2  12   1   1     0.707107     0.0024     0.0002    -0.4259
   2  11   1   1     0.707107     0.0024     0.0002    -0.4259
   2  10   1   1     0.707107     0.0024     0.0002    -0.4259
   2   9   1   1     0.707107     0.0024     0.0002    -0.3379
   2   8   1   1     0.707107     0.0024     0.0002    -0.3379
   2   7   1   1     0.707107     0.0024     0.0002    -0.3379
   2   6   1   1     0.707107     0.0024     0.0002    -0.3379
   2   3   1   1     0.707107     0.0024     0.0002    -0.3379
   2   1   1   1     0.707107     0.0024     0.0002    -0.3379
   2  24   1   2     0.829156     0.0010    -0.0002    -1.1318
   2  23   1   2     0.829156     0.0010    -0.0002    -1.1318
   2  22   1   2     0.829156     0.0010    -0.0002    -1.1318
   2  21   1   2     0.829156     0.0010    -0.0002    -1.1318
   2  20   1   2     0.829156     0.0010    -0.0002    -1.1318
   2  18   1   2     0.829156     0.0010    -0.0002    -1.1318
   2  16   1   1     1.000000    -0.0005    -0.0002    -0.3393
   2   5   1   1     1.000000    -0.0005    -0.0002    -0.3393
   2   4   1   1     1.000000    -0.0005    -0.0002    -0.3393
   2  25   1  bac     0.000000     0.0567     0.0418     0.1489
 end of test on atom            2
   3   3   1   1     0.000000    -0.0907    -0.0463    10.4955
   3  20   1   2     0.433013     0.0005     0.0019     0.8738
   3  17   1   2     0.433013     0.0005     0.0019     0.8738
   3  16   1   1     0.707107     0.0024     0.0002    -0.4259
   3  14   1   1     0.707107     0.0024     0.0002    -0.3379
   3  12   1   1     0.707107     0.0024     0.0002    -0.4259
   3  11   1   1     0.707107     0.0024     0.0002    -0.4259
   3  10   1   1     0.707107     0.0024     0.0002    -0.3379
   3   9   1   1     0.707107     0.0024     0.0002    -0.3379
   3   8   1   1     0.707107     0.0024     0.0002    -0.4259
   3   7   1   1     0.707107     0.0024     0.0002    -0.4259
   3   5   1   1     0.707107     0.0024     0.0002    -0.3379
   3   4   1   1     0.707107     0.0024     0.0002    -0.4259
   3   2   1   1     0.707107     0.0024     0.0002    -0.3379
   3   1   1   1     0.707107     0.0024     0.0002    -0.3379
   3  24   1   2     0.829156     0.0010    -0.0002    -1.1318
   3  23   1   2     0.829156     0.0010    -0.0002    -1.1318
   3  22   1   2     0.829156     0.0010    -0.0002    -1.1318
   3  21   1   2     0.829156     0.0010    -0.0002    -1.1318
   3  19   1   2     0.829156     0.0010    -0.0002    -1.1318
   3  18   1   2     0.829156     0.0010    -0.0002    -1.1318
   3  15   1   1     1.000000    -0.0005    -0.0002    -0.3393
   3  13   1   1     1.000000    -0.0005    -0.0002    -0.3393
   3   6   1   1     1.000000    -0.0005    -0.0002    -0.3393
   3  25   1  bac     0.000000     0.0567     0.0418     0.1489
 end of test on atom            3
   4   4   1   1     0.000000    -0.0907    -0.0463    10.4955
   4  21   1   2     0.433013     0.0005     0.0019     0.8738
   4  18   1   2     0.433013     0.0005     0.0019     0.8738
   4  15   1   1     0.707107     0.0024     0.0002    -0.3379
   4  14   1   1     0.707107     0.0024     0.0002    -0.4259
   4  13   1   1     0.707107     0.0024     0.0002    -0.3379
   4  12   1   1     0.707107     0.0024     0.0002    -0.4259
   4  11   1   1     0.707107     0.0024     0.0002    -0.3379
   4  10   1   1     0.707107     0.0024     0.0002    -0.3379
   4   9   1   1     0.707107     0.0024     0.0002    -0.4259
   4   8   1   1     0.707107     0.0024     0.0002    -0.4259
   4   7   1   1     0.707107     0.0024     0.0002    -0.3379
   4   6   1   1     0.707107     0.0024     0.0002    -0.4259
   4   3   1   1     0.707107     0.0024     0.0002    -0.4259
   4   1   1   1     0.707107     0.0024     0.0002    -0.3379
   4  24   1   2     0.829156     0.0010    -0.0002    -1.1318
   4  23   1   2     0.829156     0.0010    -0.0002    -1.1318
   4  22   1   2     0.829156     0.0010    -0.0002    -1.1318
   4  20   1   2     0.829156     0.0010    -0.0002    -1.1318
   4  19   1   2     0.829156     0.0010    -0.0002    -1.1318
   4  17   1   2     0.829156     0.0010    -0.0002    -1.1318
   4  16   1   1     1.000000    -0.0005    -0.0002    -0.3393
   4   5   1   1     1.000000    -0.0005    -0.0002    -0.3393
   4   2   1   1     1.000000    -0.0005    -0.0002    -0.3393
   4  25   1  bac     0.000000     0.0567     0.0418     0.1489
 end of test on atom            4
   5   5   1   1     0.000000    -0.0907    -0.0463    10.4955
   5  23   1   2     0.433013     0.0005     0.0019     0.8738
   5  20   1   2     0.433013     0.0005     0.0019     0.8738
   5  15   1   1     0.707107     0.0024     0.0002    -0.4259
   5  14   1   1     0.707107     0.0024     0.0002    -0.3379
   5  13   1   1     0.707107     0.0024     0.0002    -0.4259
   5  12   1   1     0.707107     0.0024     0.0002    -0.3379
   5  11   1   1     0.707107     0.0024     0.0002    -0.3379
   5  10   1   1     0.707107     0.0024     0.0002    -0.3379
   5   9   1   1     0.707107     0.0024     0.0002    -0.4259
   5   8   1   1     0.707107     0.0024     0.0002    -0.4259
   5   7   1   1     0.707107     0.0024     0.0002    -0.4259
   5   6   1   1     0.707107     0.0024     0.0002    -0.3379
   5   3   1   1     0.707107     0.0024     0.0002    -0.3379
   5   1   1   1     0.707107     0.0024     0.0002    -0.4259
   5  24   1   2     0.829156     0.0010    -0.0002    -1.1318
   5  22   1   2     0.829156     0.0010    -0.0002    -1.1318
   5  21   1   2     0.829156     0.0010    -0.0002    -1.1318
   5  19   1   2     0.829156     0.0010    -0.0002    -1.1318
   5  18   1   2     0.829156     0.0010    -0.0002    -1.1318
   5  17   1   2     0.829156     0.0010    -0.0002    -1.1318
   5  16   1   1     1.000000    -0.0005    -0.0002    -0.3393
   5   4   1   1     1.000000    -0.0005    -0.0002    -0.3393
   5   2   1   1     1.000000    -0.0005    -0.0002    -0.3393
   5  25   1  bac     0.000000     0.0567     0.0418     0.1489
 end of test on atom            5
   6   6   1   1     0.000000    -0.0907    -0.0463    10.4955
   6  23   1   2     0.433013     0.0005     0.0019     0.8738
   6  19   1   2     0.433013     0.0005     0.0019     0.8738
   6  16   1   1     0.707107     0.0024     0.0002    -0.4259
   6  14   1   1     0.707107     0.0024     0.0002    -0.4259
   6  12   1   1     0.707107     0.0024     0.0002    -0.3379
   6  11   1   1     0.707107     0.0024     0.0002    -0.3379
   6  10   1   1     0.707107     0.0024     0.0002    -0.4259
   6   9   1   1     0.707107     0.0024     0.0002    -0.4259
   6   8   1   1     0.707107     0.0024     0.0002    -0.3379
   6   7   1   1     0.707107     0.0024     0.0002    -0.3379
   6   5   1   1     0.707107     0.0024     0.0002    -0.3379
   6   4   1   1     0.707107     0.0024     0.0002    -0.4259
   6   2   1   1     0.707107     0.0024     0.0002    -0.3379
   6   1   1   1     0.707107     0.0024     0.0002    -0.4259
   6  24   1   2     0.829156     0.0010    -0.0002    -1.1318
   6  22   1   2     0.829156     0.0010    -0.0002    -1.1318
   6  21   1   2     0.829156     0.0010    -0.0002    -1.1318
   6  20   1   2     0.829156     0.0010    -0.0002    -1.1318
   6  18   1   2     0.829156     0.0010    -0.0002    -1.1318
   6  17   1   2     0.829156     0.0010    -0.0002    -1.1318
   6  15   1   1     1.000000    -0.0005    -0.0002    -0.3393
   6  13   1   1     1.000000    -0.0005    -0.0002    -0.3393
   6   3   1   1     1.000000    -0.0005    -0.0002    -0.3393
   6  25   1  bac     0.000000     0.0567     0.0418     0.1489
 end of test on atom            6
   7   7   1   1     0.000000    -0.0907    -0.0463    10.4955
   7  21   1   2     0.433013     0.0005     0.0019     0.8738
   7  19   1   2     0.433013     0.0005     0.0019     0.8738
   7  16   1   1     0.707107     0.0024     0.0002    -0.4259
   7  15   1   1     0.707107     0.0024     0.0002    -0.4259
   7  13   1   1     0.707107     0.0024     0.0002    -0.3379
   7  11   1   1     0.707107     0.0024     0.0002    -0.4259
   7  10   1   1     0.707107     0.0024     0.0002    -0.3379
   7   9   1   1     0.707107     0.0024     0.0002    -0.4259
   7   8   1   1     0.707107     0.0024     0.0002    -0.3379
   7   6   1   1     0.707107     0.0024     0.0002    -0.3379
   7   5   1   1     0.707107     0.0024     0.0002    -0.4259
   7   4   1   1     0.707107     0.0024     0.0002    -0.3379
   7   3   1   1     0.707107     0.0024     0.0002    -0.4259
   7   2   1   1     0.707107     0.0024     0.0002    -0.3379
   7  24   1   2     0.829156     0.0010    -0.0002    -1.1318
   7  23   1   2     0.829156     0.0010    -0.0002    -1.1318
   7  22   1   2     0.829156     0.0010    -0.0002    -1.1318
   7  20   1   2     0.829156     0.0010    -0.0002    -1.1318
   7  18   1   2     0.829156     0.0010    -0.0002    -1.1318
   7  17   1   2     0.829156     0.0010    -0.0002    -1.1318
   7  14   1   1     1.000000    -0.0005    -0.0002    -0.3393
   7  12   1   1     1.000000    -0.0005    -0.0002    -0.3393
   7   1   1   1     1.000000    -0.0005    -0.0002    -0.3393
   7  25   1  bac     0.000000     0.0567     0.0418     0.1489
 end of test on atom            7
   8   8   1   1     0.000000    -0.0907    -0.0463    10.4955
   8  22   1   2     0.433013     0.0005     0.0019     0.8738
   8  19   1   2     0.433013     0.0005     0.0019     0.8738
   8  16   1   1     0.707107     0.0024     0.0002    -0.3379
   8  15   1   1     0.707107     0.0024     0.0002    -0.3379
   8  14   1   1     0.707107     0.0024     0.0002    -0.3379
   8  13   1   1     0.707107     0.0024     0.0002    -0.4259
   8  12   1   1     0.707107     0.0024     0.0002    -0.4259
   8   7   1   1     0.707107     0.0024     0.0002    -0.3379
   8   6   1   1     0.707107     0.0024     0.0002    -0.3379
   8   5   1   1     0.707107     0.0024     0.0002    -0.4259
   8   4   1   1     0.707107     0.0024     0.0002    -0.4259
   8   3   1   1     0.707107     0.0024     0.0002    -0.4259
   8   2   1   1     0.707107     0.0024     0.0002    -0.3379
   8   1   1   1     0.707107     0.0024     0.0002    -0.4259
   8  24   1   2     0.829156     0.0010    -0.0002    -1.1318
   8  23   1   2     0.829156     0.0010    -0.0002    -1.1318
   8  21   1   2     0.829156     0.0010    -0.0002    -1.1318
   8  20   1   2     0.829156     0.0010    -0.0002    -1.1318
   8  18   1   2     0.829156     0.0010    -0.0002    -1.1318
   8  17   1   2     0.829156     0.0010    -0.0002    -1.1318
   8  11   1   1     1.000000    -0.0005    -0.0002    -0.3393
   8  10   1   1     1.000000    -0.0005    -0.0002    -0.3393
   8   9   1   1     1.000000    -0.0005    -0.0002    -0.3393
   8  25   1  bac     0.000000     0.0567     0.0418     0.1489
 end of test on atom            8
   9   9   1   1     0.000000    -0.0907    -0.0463    10.4955
   9  24   1   2     0.433013     0.0005     0.0019     0.8738
   9  17   1   2     0.433013     0.0005     0.0019     0.8738
   9  16   1   1     0.707107     0.0024     0.0002    -0.3379
   9  15   1   1     0.707107     0.0024     0.0002    -0.4259
   9  14   1   1     0.707107     0.0024     0.0002    -0.4259
   9  13   1   1     0.707107     0.0024     0.0002    -0.3379
   9  12   1   1     0.707107     0.0024     0.0002    -0.3379
   9   7   1   1     0.707107     0.0024     0.0002    -0.4259
   9   6   1   1     0.707107     0.0024     0.0002    -0.4259
   9   5   1   1     0.707107     0.0024     0.0002    -0.4259
   9   4   1   1     0.707107     0.0024     0.0002    -0.4259
   9   3   1   1     0.707107     0.0024     0.0002    -0.3379
   9   2   1   1     0.707107     0.0024     0.0002    -0.3379
   9   1   1   1     0.707107     0.0024     0.0002    -0.3379
   9  23   1   2     0.829156     0.0010    -0.0002    -1.1318
   9  22   1   2     0.829156     0.0010    -0.0002    -1.1318
   9  21   1   2     0.829156     0.0010    -0.0002    -1.1318
   9  20   1   2     0.829156     0.0010    -0.0002    -1.1318
   9  19   1   2     0.829156     0.0010    -0.0002    -1.1318
   9  18   1   2     0.829156     0.0010    -0.0002    -1.1318
   9  11   1   1     1.000000    -0.0005    -0.0002    -0.3393
   9  10   1   1     1.000000    -0.0005    -0.0002    -0.3393
   9   8   1   1     1.000000    -0.0005    -0.0002    -0.3393
   9  25   1  bac     0.000000     0.0567     0.0418     0.1489
 end of test on atom            9
  10  10   1   1     0.000000    -0.0907    -0.0463    10.4955
  10  21   1   2     0.433013     0.0005     0.0019     0.8738
  10  20   1   2     0.433013     0.0005     0.0019     0.8738
  10  16   1   1     0.707107     0.0024     0.0002    -0.4259
  10  15   1   1     0.707107     0.0024     0.0002    -0.4259
  10  14   1   1     0.707107     0.0024     0.0002    -0.3379
  10  13   1   1     0.707107     0.0024     0.0002    -0.3379
  10  12   1   1     0.707107     0.0024     0.0002    -0.4259
  10   7   1   1     0.707107     0.0024     0.0002    -0.3379
  10   6   1   1     0.707107     0.0024     0.0002    -0.4259
  10   5   1   1     0.707107     0.0024     0.0002    -0.3379
  10   4   1   1     0.707107     0.0024     0.0002    -0.3379
  10   3   1   1     0.707107     0.0024     0.0002    -0.3379
  10   2   1   1     0.707107     0.0024     0.0002    -0.4259
  10   1   1   1     0.707107     0.0024     0.0002    -0.4259
  10  24   1   2     0.829156     0.0010    -0.0002    -1.1318
  10  23   1   2     0.829156     0.0010    -0.0002    -1.1318
  10  22   1   2     0.829156     0.0010    -0.0002    -1.1318
  10  19   1   2     0.829156     0.0010    -0.0002    -1.1318
  10  18   1   2     0.829156     0.0010    -0.0002    -1.1318
  10  17   1   2     0.829156     0.0010    -0.0002    -1.1318
  10  11   1   1     1.000000    -0.0005    -0.0002    -0.3393
  10   9   1   1     1.000000    -0.0005    -0.0002    -0.3393
  10   8   1   1     1.000000    -0.0005    -0.0002    -0.3393
  10  25   1  bac     0.000000     0.0567     0.0418     0.1489
 end of test on atom           10
  11  11   1   1     0.000000    -0.0907    -0.0463    10.4955
  11  23   1   2     0.433013     0.0005     0.0019     0.8738
  11  18   1   2     0.433013     0.0005     0.0019     0.8738
  11  16   1   1     0.707107     0.0024     0.0002    -0.4259
  11  15   1   1     0.707107     0.0024     0.0002    -0.3379
  11  14   1   1     0.707107     0.0024     0.0002    -0.4259
  11  13   1   1     0.707107     0.0024     0.0002    -0.4259
  11  12   1   1     0.707107     0.0024     0.0002    -0.3379
  11   7   1   1     0.707107     0.0024     0.0002    -0.4259
  11   6   1   1     0.707107     0.0024     0.0002    -0.3379
  11   5   1   1     0.707107     0.0024     0.0002    -0.3379
  11   4   1   1     0.707107     0.0024     0.0002    -0.3379
  11   3   1   1     0.707107     0.0024     0.0002    -0.4259
  11   2   1   1     0.707107     0.0024     0.0002    -0.4259
  11   1   1   1     0.707107     0.0024     0.0002    -0.3379
  11  24   1   2     0.829156     0.0010    -0.0002    -1.1318
  11  22   1   2     0.829156     0.0010    -0.0002    -1.1318
  11  21   1   2     0.829156     0.0010    -0.0002    -1.1318
  11  20   1   2     0.829156     0.0010    -0.0002    -1.1318
  11  19   1   2     0.829156     0.0010    -0.0002    -1.1318
  11  17   1   2     0.829156     0.0010    -0.0002    -1.1318
  11  10   1   1     1.000000    -0.0005    -0.0002    -0.3393
  11   9   1   1     1.000000    -0.0005    -0.0002    -0.3393
  11   8   1   1     1.000000    -0.0005    -0.0002    -0.3393
  11  25   1  bac     0.000000     0.0567     0.0418     0.1489
 end of test on atom           11
  12  12   1   1     0.000000    -0.0907    -0.0463    10.4955
  12  24   1   2     0.433013     0.0005     0.0019     0.8738
  12  23   1   2     0.433013     0.0005     0.0019     0.8738
  12  16   1   1     0.707107     0.0024     0.0002    -0.3379
  12  15   1   1     0.707107     0.0024     0.0002    -0.4259
  12  13   1   1     0.707107     0.0024     0.0002    -0.3379
  12  11   1   1     0.707107     0.0024     0.0002    -0.3379
  12  10   1   1     0.707107     0.0024     0.0002    -0.4259
  12   9   1   1     0.707107     0.0024     0.0002    -0.3379
  12   8   1   1     0.707107     0.0024     0.0002    -0.4259
  12   6   1   1     0.707107     0.0024     0.0002    -0.3379
  12   5   1   1     0.707107     0.0024     0.0002    -0.3379
  12   4   1   1     0.707107     0.0024     0.0002    -0.4259
  12   3   1   1     0.707107     0.0024     0.0002    -0.4259
  12   2   1   1     0.707107     0.0024     0.0002    -0.4259
  12  22   1   2     0.829156     0.0010    -0.0002    -1.1318
  12  21   1   2     0.829156     0.0010    -0.0002    -1.1318
  12  20   1   2     0.829156     0.0010    -0.0002    -1.1318
  12  19   1   2     0.829156     0.0010    -0.0002    -1.1318
  12  18   1   2     0.829156     0.0010    -0.0002    -1.1318
  12  17   1   2     0.829156     0.0010    -0.0002    -1.1318
  12  14   1   1     1.000000    -0.0005    -0.0002    -0.3393
  12   7   1   1     1.000000    -0.0005    -0.0002    -0.3393
  12   1   1   1     1.000000    -0.0005    -0.0002    -0.3393
  12  25   1  bac     0.000000     0.0567     0.0418     0.1489
 end of test on atom           12
  13  13   1   1     0.000000    -0.0907    -0.0463    10.4955
  13  24   1   2     0.433013     0.0005     0.0019     0.8738
  13  21   1   2     0.433013     0.0005     0.0019     0.8738
  13  16   1   1     0.707107     0.0024     0.0002    -0.3379
  13  14   1   1     0.707107     0.0024     0.0002    -0.4259
  13  12   1   1     0.707107     0.0024     0.0002    -0.3379
  13  11   1   1     0.707107     0.0024     0.0002    -0.4259
  13  10   1   1     0.707107     0.0024     0.0002    -0.3379
  13   9   1   1     0.707107     0.0024     0.0002    -0.3379
  13   8   1   1     0.707107     0.0024     0.0002    -0.4259
  13   7   1   1     0.707107     0.0024     0.0002    -0.3379
  13   5   1   1     0.707107     0.0024     0.0002    -0.4259
  13   4   1   1     0.707107     0.0024     0.0002    -0.3379
  13   2   1   1     0.707107     0.0024     0.0002    -0.4259
  13   1   1   1     0.707107     0.0024     0.0002    -0.4259
  13  23   1   2     0.829156     0.0010    -0.0002    -1.1318
  13  22   1   2     0.829156     0.0010    -0.0002    -1.1318
  13  20   1   2     0.829156     0.0010    -0.0002    -1.1318
  13  19   1   2     0.829156     0.0010    -0.0002    -1.1318
  13  18   1   2     0.829156     0.0010    -0.0002    -1.1318
  13  17   1   2     0.829156     0.0010    -0.0002    -1.1318
  13  15   1   1     1.000000    -0.0005    -0.0002    -0.3393
  13   6   1   1     1.000000    -0.0005    -0.0002    -0.3393
  13   3   1   1     1.000000    -0.0005    -0.0002    -0.3393
  13  25   1  bac     0.000000     0.0567     0.0418     0.1489
 end of test on atom           13
  14  14   1   1     0.000000    -0.0907    -0.0463    10.4955
  14  22   1   2     0.433013     0.0005     0.0019     0.8738
  14  20   1   2     0.433013     0.0005     0.0019     0.8738
  14  16   1   1     0.707107     0.0024     0.0002    -0.3379
  14  15   1   1     0.707107     0.0024     0.0002    -0.3379
  14  13   1   1     0.707107     0.0024     0.0002    -0.4259
  14  11   1   1     0.707107     0.0024     0.0002    -0.4259
  14  10   1   1     0.707107     0.0024     0.0002    -0.3379
  14   9   1   1     0.707107     0.0024     0.0002    -0.4259
  14   8   1   1     0.707107     0.0024     0.0002    -0.3379
  14   6   1   1     0.707107     0.0024     0.0002    -0.4259
  14   5   1   1     0.707107     0.0024     0.0002    -0.3379
  14   4   1   1     0.707107     0.0024     0.0002    -0.4259
  14   3   1   1     0.707107     0.0024     0.0002    -0.3379
  14   2   1   1     0.707107     0.0024     0.0002    -0.4259
  14  24   1   2     0.829156     0.0010    -0.0002    -1.1318
  14  23   1   2     0.829156     0.0010    -0.0002    -1.1318
  14  21   1   2     0.829156     0.0010    -0.0002    -1.1318
  14  19   1   2     0.829156     0.0010    -0.0002    -1.1318
  14  18   1   2     0.829156     0.0010    -0.0002    -1.1318
  14  17   1   2     0.829156     0.0010    -0.0002    -1.1318
  14  12   1   1     1.000000    -0.0005    -0.0002    -0.3393
  14   7   1   1     1.000000    -0.0005    -0.0002    -0.3393
  14   1   1   1     1.000000    -0.0005    -0.0002    -0.3393
  14  25   1  bac     0.000000     0.0567     0.0418     0.1489
 end of test on atom           14
  15  15   1   1     0.000000    -0.0907    -0.0463    10.4955
  15  22   1   2     0.433013     0.0005     0.0019     0.8738
  15  18   1   2     0.433013     0.0005     0.0019     0.8738
  15  16   1   1     0.707107     0.0024     0.0002    -0.3379
  15  14   1   1     0.707107     0.0024     0.0002    -0.3379
  15  12   1   1     0.707107     0.0024     0.0002    -0.4259
  15  11   1   1     0.707107     0.0024     0.0002    -0.3379
  15  10   1   1     0.707107     0.0024     0.0002    -0.4259
  15   9   1   1     0.707107     0.0024     0.0002    -0.4259
  15   8   1   1     0.707107     0.0024     0.0002    -0.3379
  15   7   1   1     0.707107     0.0024     0.0002    -0.4259
  15   5   1   1     0.707107     0.0024     0.0002    -0.4259
  15   4   1   1     0.707107     0.0024     0.0002    -0.3379
  15   2   1   1     0.707107     0.0024     0.0002    -0.4259
  15   1   1   1     0.707107     0.0024     0.0002    -0.3379
  15  24   1   2     0.829156     0.0010    -0.0002    -1.1318
  15  23   1   2     0.829156     0.0010    -0.0002    -1.1318
  15  21   1   2     0.829156     0.0010    -0.0002    -1.1318
  15  20   1   2     0.829156     0.0010    -0.0002    -1.1318
  15  19   1   2     0.829156     0.0010    -0.0002    -1.1318
  15  17   1   2     0.829156     0.0010    -0.0002    -1.1318
  15  13   1   1     1.000000    -0.0005    -0.0002    -0.3393
  15   6   1   1     1.000000    -0.0005    -0.0002    -0.3393
  15   3   1   1     1.000000    -0.0005    -0.0002    -0.3393
  15  25   1  bac     0.000000     0.0567     0.0418     0.1489
 end of test on atom           15
  16  16   1   1     0.000000    -0.0907    -0.0463    10.4955
  16  24   1   2     0.433013     0.0005     0.0019     0.8738
  16  22   1   2     0.433013     0.0005     0.0019     0.8738
  16  15   1   1     0.707107     0.0024     0.0002    -0.3379
  16  14   1   1     0.707107     0.0024     0.0002    -0.3379
  16  13   1   1     0.707107     0.0024     0.0002    -0.3379
  16  12   1   1     0.707107     0.0024     0.0002    -0.3379
  16  11   1   1     0.707107     0.0024     0.0002    -0.4259
  16  10   1   1     0.707107     0.0024     0.0002    -0.4259
  16   9   1   1     0.707107     0.0024     0.0002    -0.3379
  16   8   1   1     0.707107     0.0024     0.0002    -0.3379
  16   7   1   1     0.707107     0.0024     0.0002    -0.4259
  16   6   1   1     0.707107     0.0024     0.0002    -0.4259
  16   3   1   1     0.707107     0.0024     0.0002    -0.4259
  16   1   1   1     0.707107     0.0024     0.0002    -0.4259
  16  23   1   2     0.829156     0.0010    -0.0002    -1.1318
  16  21   1   2     0.829156     0.0010    -0.0002    -1.1318
  16  20   1   2     0.829156     0.0010    -0.0002    -1.1318
  16  19   1   2     0.829156     0.0010    -0.0002    -1.1318
  16  18   1   2     0.829156     0.0010    -0.0002    -1.1318
  16  17   1   2     0.829156     0.0010    -0.0002    -1.1318
  16   5   1   1     1.000000    -0.0005    -0.0002    -0.3393
  16   4   1   1     1.000000    -0.0005    -0.0002    -0.3393
  16   2   1   1     1.000000    -0.0005    -0.0002    -0.3393
  16  25   1  bac     0.000000     0.0567     0.0418     0.1489
 end of test on atom           16
  17  17   2   2     0.000000    -0.0613    -0.0247    23.4344
  17   9   2   1     0.433013     0.0005     0.0019     0.8738
  17   3   2   1     0.433013     0.0005     0.0019     0.8738
  17   2   2   1     0.433013     0.0005     0.0019     0.8738
  17   1   2   1     0.433013     0.0005     0.0019     0.8738
  17  16   2   1     0.829156     0.0010    -0.0002    -1.1318
  17  15   2   1     0.829156     0.0010    -0.0002    -1.1318
  17  14   2   1     0.829156     0.0010    -0.0002    -1.1318
  17  13   2   1     0.829156     0.0010    -0.0002    -1.1318
  17  12   2   1     0.829156     0.0010    -0.0002    -1.1318
  17  11   2   1     0.829156     0.0010    -0.0002    -1.1318
  17  10   2   1     0.829156     0.0010    -0.0002    -1.1318
  17   8   2   1     0.829156     0.0010    -0.0002    -1.1318
  17   7   2   1     0.829156     0.0010    -0.0002    -1.1318
  17   6   2   1     0.829156     0.0010    -0.0002    -1.1318
  17   5   2   1     0.829156     0.0010    -0.0002    -1.1318
  17   4   2   1     0.829156     0.0010    -0.0002    -1.1318
  17  24   2   2     0.866025     0.0010    -0.0002    -1.8133
  17  20   2   2     0.866025     0.0010    -0.0002    -1.8133
  17  19   2   2     0.866025     0.0010    -0.0002    -1.8133
  17  18   2   2     0.866025     0.0010    -0.0002    -1.8133
  17  23   2   2     1.000000     0.0008    -0.0002    -1.9148
  17  22   2   2     1.000000     0.0008    -0.0002    -1.9148
  17  21   2   2     1.000000     0.0008    -0.0002    -1.9148
  17  25   2  bac     0.000000     0.0410     0.0220    -0.3498
 end of test on atom           17
  18  18   2   2     0.000000    -0.0613    -0.0247    23.4344
  18  15   2   1     0.433013     0.0005     0.0019     0.8738
  18  11   2   1     0.433013     0.0005     0.0019     0.8738
  18   4   2   1     0.433013     0.0005     0.0019     0.8738
  18   1   2   1     0.433013     0.0005     0.0019     0.8738
  18  16   2   1     0.829156     0.0010    -0.0002    -1.1318
  18  14   2   1     0.829156     0.0010    -0.0002    -1.1318
  18  13   2   1     0.829156     0.0010    -0.0002    -1.1318
  18  12   2   1     0.829156     0.0010    -0.0002    -1.1318
  18  10   2   1     0.829156     0.0010    -0.0002    -1.1318
  18   9   2   1     0.829156     0.0010    -0.0002    -1.1318
  18   8   2   1     0.829156     0.0010    -0.0002    -1.1318
  18   7   2   1     0.829156     0.0010    -0.0002    -1.1318
  18   6   2   1     0.829156     0.0010    -0.0002    -1.1318
  18   5   2   1     0.829156     0.0010    -0.0002    -1.1318
  18   3   2   1     0.829156     0.0010    -0.0002    -1.1318
  18   2   2   1     0.829156     0.0010    -0.0002    -1.1318
  18  23   2   2     0.866025     0.0010    -0.0002    -1.8133
  18  22   2   2     0.866025     0.0010    -0.0002    -1.8133
  18  21   2   2     0.866025     0.0010    -0.0002    -1.8133
  18  17   2   2     0.866025     0.0010    -0.0002    -1.8133
  18  24   2   2     1.000000     0.0008    -0.0002    -1.9148
  18  20   2   2     1.000000     0.0008    -0.0002    -1.9148
  18  19   2   2     1.000000     0.0008    -0.0002    -1.9148
  18  25   2  bac     0.000000     0.0410     0.0220    -0.3498
 end of test on atom           18
  19  19   2   2     0.000000    -0.0613    -0.0247    23.4344
  19   8   2   1     0.433013     0.0005     0.0019     0.8738
  19   7   2   1     0.433013     0.0005     0.0019     0.8738
  19   6   2   1     0.433013     0.0005     0.0019     0.8738
  19   2   2   1     0.433013     0.0005     0.0019     0.8738
  19  16   2   1     0.829156     0.0010    -0.0002    -1.1318
  19  15   2   1     0.829156     0.0010    -0.0002    -1.1318
  19  14   2   1     0.829156     0.0010    -0.0002    -1.1318
  19  13   2   1     0.829156     0.0010    -0.0002    -1.1318
  19  12   2   1     0.829156     0.0010    -0.0002    -1.1318
  19  11   2   1     0.829156     0.0010    -0.0002    -1.1318
  19  10   2   1     0.829156     0.0010    -0.0002    -1.1318
  19   9   2   1     0.829156     0.0010    -0.0002    -1.1318
  19   5   2   1     0.829156     0.0010    -0.0002    -1.1318
  19   4   2   1     0.829156     0.0010    -0.0002    -1.1318
  19   3   2   1     0.829156     0.0010    -0.0002    -1.1318
  19   1   2   1     0.829156     0.0010    -0.0002    -1.1318
  19  23   2   2     0.866025     0.0010    -0.0002    -1.8133
  19  22   2   2     0.866025     0.0010    -0.0002    -1.8133
  19  21   2   2     0.866025     0.0010    -0.0002    -1.8133
  19  17   2   2     0.866025     0.0010    -0.0002    -1.8133
  19  24   2   2     1.000000     0.0008    -0.0002    -1.9148
  19  20   2   2     1.000000     0.0008    -0.0002    -1.9148
  19  18   2   2     1.000000     0.0008    -0.0002    -1.9148
  19  25   2  bac     0.000000     0.0410     0.0220    -0.3498
 end of test on atom           19
  20  20   2   2     0.000000    -0.0613    -0.0247    23.4344
  20  14   2   1     0.433013     0.0005     0.0019     0.8738
  20  10   2   1     0.433013     0.0005     0.0019     0.8738
  20   5   2   1     0.433013     0.0005     0.0019     0.8738
  20   3   2   1     0.433013     0.0005     0.0019     0.8738
  20  16   2   1     0.829156     0.0010    -0.0002    -1.1318
  20  15   2   1     0.829156     0.0010    -0.0002    -1.1318
  20  13   2   1     0.829156     0.0010    -0.0002    -1.1318
  20  12   2   1     0.829156     0.0010    -0.0002    -1.1318
  20  11   2   1     0.829156     0.0010    -0.0002    -1.1318
  20   9   2   1     0.829156     0.0010    -0.0002    -1.1318
  20   8   2   1     0.829156     0.0010    -0.0002    -1.1318
  20   7   2   1     0.829156     0.0010    -0.0002    -1.1318
  20   6   2   1     0.829156     0.0010    -0.0002    -1.1318
  20   4   2   1     0.829156     0.0010    -0.0002    -1.1318
  20   2   2   1     0.829156     0.0010    -0.0002    -1.1318
  20   1   2   1     0.829156     0.0010    -0.0002    -1.1318
  20  23   2   2     0.866025     0.0010    -0.0002    -1.8133
  20  22   2   2     0.866025     0.0010    -0.0002    -1.8133
  20  21   2   2     0.866025     0.0010    -0.0002    -1.8133
  20  17   2   2     0.866025     0.0010    -0.0002    -1.8133
  20  24   2   2     1.000000     0.0008    -0.0002    -1.9148
  20  19   2   2     1.000000     0.0008    -0.0002    -1.9148
  20  18   2   2     1.000000     0.0008    -0.0002    -1.9148
  20  25   2  bac     0.000000     0.0410     0.0220    -0.3498
 end of test on atom           20
  21  21   2   2     0.000000    -0.0613    -0.0247    23.4344
  21  13   2   1     0.433013     0.0005     0.0019     0.8738
  21  10   2   1     0.433013     0.0005     0.0019     0.8738
  21   7   2   1     0.433013     0.0005     0.0019     0.8738
  21   4   2   1     0.433013     0.0005     0.0019     0.8738
  21  16   2   1     0.829156     0.0010    -0.0002    -1.1318
  21  15   2   1     0.829156     0.0010    -0.0002    -1.1318
  21  14   2   1     0.829156     0.0010    -0.0002    -1.1318
  21  12   2   1     0.829156     0.0010    -0.0002    -1.1318
  21  11   2   1     0.829156     0.0010    -0.0002    -1.1318
  21   9   2   1     0.829156     0.0010    -0.0002    -1.1318
  21   8   2   1     0.829156     0.0010    -0.0002    -1.1318
  21   6   2   1     0.829156     0.0010    -0.0002    -1.1318
  21   5   2   1     0.829156     0.0010    -0.0002    -1.1318
  21   3   2   1     0.829156     0.0010    -0.0002    -1.1318
  21   2   2   1     0.829156     0.0010    -0.0002    -1.1318
  21   1   2   1     0.829156     0.0010    -0.0002    -1.1318
  21  24   2   2     0.866025     0.0010    -0.0002    -1.8133
  21  20   2   2     0.866025     0.0010    -0.0002    -1.8133
  21  19   2   2     0.866025     0.0010    -0.0002    -1.8133
  21  18   2   2     0.866025     0.0010    -0.0002    -1.8133
  21  23   2   2     1.000000     0.0008    -0.0002    -1.9148
  21  22   2   2     1.000000     0.0008    -0.0002    -1.9148
  21  17   2   2     1.000000     0.0008    -0.0002    -1.9148
  21  25   2  bac     0.000000     0.0410     0.0220    -0.3498
 end of test on atom           21
  22  22   2   2     0.000000    -0.0613    -0.0247    23.4344
  22  16   2   1     0.433013     0.0005     0.0019     0.8738
  22  15   2   1     0.433013     0.0005     0.0019     0.8738
  22  14   2   1     0.433013     0.0005     0.0019     0.8738
  22   8   2   1     0.433013     0.0005     0.0019     0.8738
  22  13   2   1     0.829156     0.0010    -0.0002    -1.1318
  22  12   2   1     0.829156     0.0010    -0.0002    -1.1318
  22  11   2   1     0.829156     0.0010    -0.0002    -1.1318
  22  10   2   1     0.829156     0.0010    -0.0002    -1.1318
  22   9   2   1     0.829156     0.0010    -0.0002    -1.1318
  22   7   2   1     0.829156     0.0010    -0.0002    -1.1318
  22   6   2   1     0.829156     0.0010    -0.0002    -1.1318
  22   5   2   1     0.829156     0.0010    -0.0002    -1.1318
  22   4   2   1     0.829156     0.0010    -0.0002    -1.1318
  22   3   2   1     0.829156     0.0010    -0.0002    -1.1318
  22   2   2   1     0.829156     0.0010    -0.0002    -1.1318
  22   1   2   1     0.829156     0.0010    -0.0002    -1.1318
  22  24   2   2     0.866025     0.0010    -0.0002    -1.8133
  22  20   2   2     0.866025     0.0010    -0.0002    -1.8133
  22  19   2   2     0.866025     0.0010    -0.0002    -1.8133
  22  18   2   2     0.866025     0.0010    -0.0002    -1.8133
  22  23   2   2     1.000000     0.0008    -0.0002    -1.9148
  22  21   2   2     1.000000     0.0008    -0.0002    -1.9148
  22  17   2   2     1.000000     0.0008    -0.0002    -1.9148
  22  25   2  bac     0.000000     0.0410     0.0220    -0.3498
 end of test on atom           22
  23  23   2   2     0.000000    -0.0613    -0.0247    23.4344
  23  12   2   1     0.433013     0.0005     0.0019     0.8738
  23  11   2   1     0.433013     0.0005     0.0019     0.8738
  23   6   2   1     0.433013     0.0005     0.0019     0.8738
  23   5   2   1     0.433013     0.0005     0.0019     0.8738
  23  16   2   1     0.829156     0.0010    -0.0002    -1.1318
  23  15   2   1     0.829156     0.0010    -0.0002    -1.1318
  23  14   2   1     0.829156     0.0010    -0.0002    -1.1318
  23  13   2   1     0.829156     0.0010    -0.0002    -1.1318
  23  10   2   1     0.829156     0.0010    -0.0002    -1.1318
  23   9   2   1     0.829156     0.0010    -0.0002    -1.1318
  23   8   2   1     0.829156     0.0010    -0.0002    -1.1318
  23   7   2   1     0.829156     0.0010    -0.0002    -1.1318
  23   4   2   1     0.829156     0.0010    -0.0002    -1.1318
  23   3   2   1     0.829156     0.0010    -0.0002    -1.1318
  23   2   2   1     0.829156     0.0010    -0.0002    -1.1318
  23   1   2   1     0.829156     0.0010    -0.0002    -1.1318
  23  24   2   2     0.866025     0.0010    -0.0002    -1.8133
  23  20   2   2     0.866025     0.0010    -0.0002    -1.8133
  23  19   2   2     0.866025     0.0010    -0.0002    -1.8133
  23  18   2   2     0.866025     0.0010    -0.0002    -1.8133
  23  22   2   2     1.000000     0.0008    -0.0002    -1.9148
  23  21   2   2     1.000000     0.0008    -0.0002    -1.9148
  23  17   2   2     1.000000     0.0008    -0.0002    -1.9148
  23  25   2  bac     0.000000     0.0410     0.0220    -0.3498
 end of test on atom           23
  24  24   2   2     0.000000    -0.0613    -0.0247    23.4344
  24  16   2   1     0.433013     0.0005     0.0019     0.8738
  24  13   2   1     0.433013     0.0005     0.0019     0.8738
  24  12   2   1     0.433013     0.0005     0.0019     0.8738
  24   9   2   1     0.433013     0.0005     0.0019     0.8738
  24  15   2   1     0.829156     0.0010    -0.0002    -1.1318
  24  14   2   1     0.829156     0.0010    -0.0002    -1.1318
  24  11   2   1     0.829156     0.0010    -0.0002    -1.1318
  24  10   2   1     0.829156     0.0010    -0.0002    -1.1318
  24   8   2   1     0.829156     0.0010    -0.0002    -1.1318
  24   7   2   1     0.829156     0.0010    -0.0002    -1.1318
  24   6   2   1     0.829156     0.0010    -0.0002    -1.1318
  24   5   2   1     0.829156     0.0010    -0.0002    -1.1318
  24   4   2   1     0.829156     0.0010    -0.0002    -1.1318
  24   3   2   1     0.829156     0.0010    -0.0002    -1.1318
  24   2   2   1     0.829156     0.0010    -0.0002    -1.1318
  24   1   2   1     0.829156     0.0010    -0.0002    -1.1318
  24  23   2   2     0.866025     0.0010    -0.0002    -1.8133
  24  22   2   2     0.866025     0.0010    -0.0002    -1.8133
  24  21   2   2     0.866025     0.0010    -0.0002    -1.8133
  24  17   2   2     0.866025     0.0010    -0.0002    -1.8133
  24  20   2   2     1.000000     0.0008    -0.0002    -1.9148
  24  19   2   2     1.000000     0.0008    -0.0002    -1.9148
  24  18   2   2     1.000000     0.0008    -0.0002    -1.9148
  24  25   2  bac     0.000000     0.0410     0.0220    -0.3498
 end of test on atom           24
  type:            1  U1 =    10.4955487511949     
  type:            2  U1 =    23.4344188543158     
 
  CHI_0 Matrix 
 
  -0.0907   0.0024   0.0024   0.0024   0.0024   0.0024  -0.0005   0.0024
   0.0024   0.0024   0.0024  -0.0005   0.0024  -0.0005   0.0024   0.0024
   0.0005   0.0005   0.0010   0.0010   0.0010   0.0010   0.0010   0.0010
   0.0567
   0.0024  -0.0907   0.0024  -0.0005  -0.0005   0.0024   0.0024   0.0024
   0.0024   0.0024   0.0024   0.0024   0.0024   0.0024   0.0024  -0.0005
   0.0005   0.0010   0.0005   0.0010   0.0010   0.0010   0.0010   0.0010
   0.0567
   0.0024   0.0024  -0.0907   0.0024   0.0024  -0.0005   0.0024   0.0024
   0.0024   0.0024   0.0024   0.0024  -0.0005   0.0024  -0.0005   0.0024
   0.0005   0.0010   0.0010   0.0005   0.0010   0.0010   0.0010   0.0010
   0.0567
   0.0024  -0.0005   0.0024  -0.0907  -0.0005   0.0024   0.0024   0.0024
   0.0024   0.0024   0.0024   0.0024   0.0024   0.0024   0.0024  -0.0005
   0.0010   0.0005   0.0010   0.0010   0.0005   0.0010   0.0010   0.0010
   0.0567
   0.0024  -0.0005   0.0024  -0.0005  -0.0907   0.0024   0.0024   0.0024
   0.0024   0.0024   0.0024   0.0024   0.0024   0.0024   0.0024  -0.0005
   0.0010   0.0010   0.0010   0.0005   0.0010   0.0010   0.0005   0.0010
   0.0567
   0.0024   0.0024  -0.0005   0.0024   0.0024  -0.0907   0.0024   0.0024
   0.0024   0.0024   0.0024   0.0024  -0.0005   0.0024  -0.0005   0.0024
   0.0010   0.0010   0.0005   0.0010   0.0010   0.0010   0.0005   0.0010
   0.0567
  -0.0005   0.0024   0.0024   0.0024   0.0024   0.0024  -0.0907   0.0024
   0.0024   0.0024   0.0024  -0.0005   0.0024  -0.0005   0.0024   0.0024
   0.0010   0.0010   0.0005   0.0010   0.0005   0.0010   0.0010   0.0010
   0.0567
   0.0024   0.0024   0.0024   0.0024   0.0024   0.0024   0.0024  -0.0907
  -0.0005  -0.0005  -0.0005   0.0024   0.0024   0.0024   0.0024   0.0024
   0.0010   0.0010   0.0005   0.0010   0.0010   0.0005   0.0010   0.0010
   0.0567
   0.0024   0.0024   0.0024   0.0024   0.0024   0.0024   0.0024  -0.0005
  -0.0907  -0.0005  -0.0005   0.0024   0.0024   0.0024   0.0024   0.0024
   0.0005   0.0010   0.0010   0.0010   0.0010   0.0010   0.0010   0.0005
   0.0567
   0.0024   0.0024   0.0024   0.0024   0.0024   0.0024   0.0024  -0.0005
  -0.0005  -0.0907  -0.0005   0.0024   0.0024   0.0024   0.0024   0.0024
   0.0010   0.0010   0.0010   0.0005   0.0005   0.0010   0.0010   0.0010
   0.0567
   0.0024   0.0024   0.0024   0.0024   0.0024   0.0024   0.0024  -0.0005
  -0.0005  -0.0005  -0.0907   0.0024   0.0024   0.0024   0.0024   0.0024
   0.0010   0.0005   0.0010   0.0010   0.0010   0.0010   0.0005   0.0010
   0.0567
  -0.0005   0.0024   0.0024   0.0024   0.0024   0.0024  -0.0005   0.0024
   0.0024   0.0024   0.0024  -0.0907   0.0024  -0.0005   0.0024   0.0024
   0.0010   0.0010   0.0010   0.0010   0.0010   0.0010   0.0005   0.0005
   0.0567
   0.0024   0.0024  -0.0005   0.0024   0.0024  -0.0005   0.0024   0.0024
   0.0024   0.0024   0.0024   0.0024  -0.0907   0.0024  -0.0005   0.0024
   0.0010   0.0010   0.0010   0.0010   0.0005   0.0010   0.0010   0.0005
   0.0567
  -0.0005   0.0024   0.0024   0.0024   0.0024   0.0024  -0.0005   0.0024
   0.0024   0.0024   0.0024  -0.0005   0.0024  -0.0907   0.0024   0.0024
   0.0010   0.0010   0.0010   0.0005   0.0010   0.0005   0.0010   0.0010
   0.0567
   0.0024   0.0024  -0.0005   0.0024   0.0024  -0.0005   0.0024   0.0024
   0.0024   0.0024   0.0024   0.0024  -0.0005   0.0024  -0.0907   0.0024
   0.0010   0.0005   0.0010   0.0010   0.0010   0.0005   0.0010   0.0010
   0.0567
   0.0024  -0.0005   0.0024  -0.0005  -0.0005   0.0024   0.0024   0.0024
   0.0024   0.0024   0.0024   0.0024   0.0024   0.0024   0.0024  -0.0907
   0.0010   0.0010   0.0010   0.0010   0.0010   0.0005   0.0010   0.0005
   0.0567
   0.0005   0.0005   0.0005   0.0010   0.0010   0.0010   0.0010   0.0010
   0.0005   0.0010   0.0010   0.0010   0.0010   0.0010   0.0010   0.0010
  -0.0613   0.0010   0.0010   0.0010   0.0008   0.0008   0.0008   0.0010
   0.0410
   0.0005   0.0010   0.0010   0.0005   0.0010   0.0010   0.0010   0.0010
   0.0010   0.0010   0.0005   0.0010   0.0010   0.0010   0.0005   0.0010
   0.0010  -0.0613   0.0008   0.0008   0.0010   0.0010   0.0010   0.0008
   0.0410
   0.0010   0.0005   0.0010   0.0010   0.0010   0.0005   0.0005   0.0005
   0.0010   0.0010   0.0010   0.0010   0.0010   0.0010   0.0010   0.0010
   0.0010   0.0008  -0.0613   0.0008   0.0010   0.0010   0.0010   0.0008
   0.0410
   0.0010   0.0010   0.0005   0.0010   0.0005   0.0010   0.0010   0.0010
   0.0010   0.0005   0.0010   0.0010   0.0010   0.0005   0.0010   0.0010
   0.0010   0.0008   0.0008  -0.0613   0.0010   0.0010   0.0010   0.0008
   0.0410
   0.0010   0.0010   0.0010   0.0005   0.0010   0.0010   0.0005   0.0010
   0.0010   0.0005   0.0010   0.0010   0.0005   0.0010   0.0010   0.0010
   0.0008   0.0010   0.0010   0.0010  -0.0613   0.0008   0.0008   0.0010
   0.0410
   0.0010   0.0010   0.0010   0.0010   0.0010   0.0010   0.0010   0.0005
   0.0010   0.0010   0.0010   0.0010   0.0010   0.0005   0.0005   0.0005
   0.0008   0.0010   0.0010   0.0010   0.0008  -0.0613   0.0008   0.0010
   0.0410
   0.0010   0.0010   0.0010   0.0010   0.0005   0.0005   0.0010   0.0010
   0.0010   0.0010   0.0005   0.0005   0.0010   0.0010   0.0010   0.0010
   0.0008   0.0010   0.0010   0.0010   0.0008   0.0008  -0.0613   0.0010
   0.0410
   0.0010   0.0010   0.0010   0.0010   0.0010   0.0010   0.0010   0.0010
   0.0005   0.0010   0.0010   0.0005   0.0005   0.0010   0.0010   0.0005
   0.0010   0.0008   0.0008   0.0008   0.0010   0.0010   0.0010  -0.0613
   0.0410
   0.0567   0.0567   0.0567   0.0567   0.0567   0.0567   0.0567   0.0567
   0.0567   0.0567   0.0567   0.0567   0.0567   0.0567   0.0567   0.0567
   0.0410   0.0410   0.0410   0.0410   0.0410   0.0410   0.0410   0.0410
  -1.2360
 
 
  CHI Matrix 
 
  -0.0463   0.0002   0.0002   0.0002   0.0002   0.0002  -0.0002   0.0002
   0.0002   0.0002   0.0002  -0.0002   0.0002  -0.0002   0.0002   0.0002
   0.0019   0.0019  -0.0002  -0.0002  -0.0002  -0.0002  -0.0002  -0.0002
   0.0418
   0.0002  -0.0463   0.0002  -0.0002  -0.0002   0.0002   0.0002   0.0002
   0.0002   0.0002   0.0002   0.0002   0.0002   0.0002   0.0002  -0.0002
   0.0019  -0.0002   0.0019  -0.0002  -0.0002  -0.0002  -0.0002  -0.0002
   0.0418
   0.0002   0.0002  -0.0463   0.0002   0.0002  -0.0002   0.0002   0.0002
   0.0002   0.0002   0.0002   0.0002  -0.0002   0.0002  -0.0002   0.0002
   0.0019  -0.0002  -0.0002   0.0019  -0.0002  -0.0002  -0.0002  -0.0002
   0.0418
   0.0002  -0.0002   0.0002  -0.0463  -0.0002   0.0002   0.0002   0.0002
   0.0002   0.0002   0.0002   0.0002   0.0002   0.0002   0.0002  -0.0002
  -0.0002   0.0019  -0.0002  -0.0002   0.0019  -0.0002  -0.0002  -0.0002
   0.0418
   0.0002  -0.0002   0.0002  -0.0002  -0.0463   0.0002   0.0002   0.0002
   0.0002   0.0002   0.0002   0.0002   0.0002   0.0002   0.0002  -0.0002
  -0.0002  -0.0002  -0.0002   0.0019  -0.0002  -0.0002   0.0019  -0.0002
   0.0418
   0.0002   0.0002  -0.0002   0.0002   0.0002  -0.0463   0.0002   0.0002
   0.0002   0.0002   0.0002   0.0002  -0.0002   0.0002  -0.0002   0.0002
  -0.0002  -0.0002   0.0019  -0.0002  -0.0002  -0.0002   0.0019  -0.0002
   0.0418
  -0.0002   0.0002   0.0002   0.0002   0.0002   0.0002  -0.0463   0.0002
   0.0002   0.0002   0.0002  -0.0002   0.0002  -0.0002   0.0002   0.0002
  -0.0002  -0.0002   0.0019  -0.0002   0.0019  -0.0002  -0.0002  -0.0002
   0.0418
   0.0002   0.0002   0.0002   0.0002   0.0002   0.0002   0.0002  -0.0463
  -0.0002  -0.0002  -0.0002   0.0002   0.0002   0.0002   0.0002   0.0002
  -0.0002  -0.0002   0.0019  -0.0002  -0.0002   0.0019  -0.0002  -0.0002
   0.0418
   0.0002   0.0002   0.0002   0.0002   0.0002   0.0002   0.0002  -0.0002
  -0.0463  -0.0002  -0.0002   0.0002   0.0002   0.0002   0.0002   0.0002
   0.0019  -0.0002  -0.0002  -0.0002  -0.0002  -0.0002  -0.0002   0.0019
   0.0418
   0.0002   0.0002   0.0002   0.0002   0.0002   0.0002   0.0002  -0.0002
  -0.0002  -0.0463  -0.0002   0.0002   0.0002   0.0002   0.0002   0.0002
  -0.0002  -0.0002  -0.0002   0.0019   0.0019  -0.0002  -0.0002  -0.0002
   0.0418
   0.0002   0.0002   0.0002   0.0002   0.0002   0.0002   0.0002  -0.0002
  -0.0002  -0.0002  -0.0463   0.0002   0.0002   0.0002   0.0002   0.0002
  -0.0002   0.0019  -0.0002  -0.0002  -0.0002  -0.0002   0.0019  -0.0002
   0.0418
  -0.0002   0.0002   0.0002   0.0002   0.0002   0.0002  -0.0002   0.0002
   0.0002   0.0002   0.0002  -0.0463   0.0002  -0.0002   0.0002   0.0002
  -0.0002  -0.0002  -0.0002  -0.0002  -0.0002  -0.0002   0.0019   0.0019
   0.0418
   0.0002   0.0002  -0.0002   0.0002   0.0002  -0.0002   0.0002   0.0002
   0.0002   0.0002   0.0002   0.0002  -0.0463   0.0002  -0.0002   0.0002
  -0.0002  -0.0002  -0.0002  -0.0002   0.0019  -0.0002  -0.0002   0.0019
   0.0418
  -0.0002   0.0002   0.0002   0.0002   0.0002   0.0002  -0.0002   0.0002
   0.0002   0.0002   0.0002  -0.0002   0.0002  -0.0463   0.0002   0.0002
  -0.0002  -0.0002  -0.0002   0.0019  -0.0002   0.0019  -0.0002  -0.0002
   0.0418
   0.0002   0.0002  -0.0002   0.0002   0.0002  -0.0002   0.0002   0.0002
   0.0002   0.0002   0.0002   0.0002  -0.0002   0.0002  -0.0463   0.0002
  -0.0002   0.0019  -0.0002  -0.0002  -0.0002   0.0019  -0.0002  -0.0002
   0.0418
   0.0002  -0.0002   0.0002  -0.0002  -0.0002   0.0002   0.0002   0.0002
   0.0002   0.0002   0.0002   0.0002   0.0002   0.0002   0.0002  -0.0463
  -0.0002  -0.0002  -0.0002  -0.0002  -0.0002   0.0019  -0.0002   0.0019
   0.0418
   0.0019   0.0019   0.0019  -0.0002  -0.0002  -0.0002  -0.0002  -0.0002
   0.0019  -0.0002  -0.0002  -0.0002  -0.0002  -0.0002  -0.0002  -0.0002
  -0.0247  -0.0002  -0.0002  -0.0002  -0.0002  -0.0002  -0.0002  -0.0002
   0.0220
   0.0019  -0.0002  -0.0002   0.0019  -0.0002  -0.0002  -0.0002  -0.0002
  -0.0002  -0.0002   0.0019  -0.0002  -0.0002  -0.0002   0.0019  -0.0002
  -0.0002  -0.0247  -0.0002  -0.0002  -0.0002  -0.0002  -0.0002  -0.0002
   0.0220
  -0.0002   0.0019  -0.0002  -0.0002  -0.0002   0.0019   0.0019   0.0019
  -0.0002  -0.0002  -0.0002  -0.0002  -0.0002  -0.0002  -0.0002  -0.0002
  -0.0002  -0.0002  -0.0247  -0.0002  -0.0002  -0.0002  -0.0002  -0.0002
   0.0220
  -0.0002  -0.0002   0.0019  -0.0002   0.0019  -0.0002  -0.0002  -0.0002
  -0.0002   0.0019  -0.0002  -0.0002  -0.0002   0.0019  -0.0002  -0.0002
  -0.0002  -0.0002  -0.0002  -0.0247  -0.0002  -0.0002  -0.0002  -0.0002
   0.0220
  -0.0002  -0.0002  -0.0002   0.0019  -0.0002  -0.0002   0.0019  -0.0002
  -0.0002   0.0019  -0.0002  -0.0002   0.0019  -0.0002  -0.0002  -0.0002
  -0.0002  -0.0002  -0.0002  -0.0002  -0.0247  -0.0002  -0.0002  -0.0002
   0.0220
  -0.0002  -0.0002  -0.0002  -0.0002  -0.0002  -0.0002  -0.0002   0.0019
  -0.0002  -0.0002  -0.0002  -0.0002  -0.0002   0.0019   0.0019   0.0019
  -0.0002  -0.0002  -0.0002  -0.0002  -0.0002  -0.0247  -0.0002  -0.0002
   0.0220
  -0.0002  -0.0002  -0.0002  -0.0002   0.0019   0.0019  -0.0002  -0.0002
  -0.0002  -0.0002   0.0019   0.0019  -0.0002  -0.0002  -0.0002  -0.0002
  -0.0002  -0.0002  -0.0002  -0.0002  -0.0002  -0.0002  -0.0247  -0.0002
   0.0220
  -0.0002  -0.0002  -0.0002  -0.0002  -0.0002  -0.0002  -0.0002  -0.0002
   0.0019  -0.0002  -0.0002   0.0019   0.0019  -0.0002  -0.0002   0.0019
  -0.0002  -0.0002  -0.0002  -0.0002  -0.0002  -0.0002  -0.0002  -0.0247
   0.0220
   0.0418   0.0418   0.0418   0.0418   0.0418   0.0418   0.0418   0.0418
   0.0418   0.0418   0.0418   0.0418   0.0418   0.0418   0.0418   0.0418
   0.0220   0.0220   0.0220   0.0220   0.0220   0.0220   0.0220   0.0220
  -0.8440
 
 
  CHI0^-1 - CHI^-1 Matrix 
 
   10.4955   -0.3379   -0.3379   -0.3379   -0.4259   -0.4259   -0.3393   -0.4259
   -0.3379   -0.4259   -0.3379   -0.3393   -0.4259   -0.3393   -0.3379   -0.4259
    0.8738    0.8738   -1.1318   -1.1318   -1.1318   -1.1318   -1.1318   -1.1318
    0.1489
   -0.3379   10.4955   -0.3379   -0.3393   -0.3393   -0.3379   -0.3379   -0.3379
   -0.3379   -0.4259   -0.4259   -0.4259   -0.4259   -0.4259   -0.4259   -0.3393
    0.8738   -1.1318    0.8738   -1.1318   -1.1318   -1.1318   -1.1318   -1.1318
    0.1489
   -0.3379   -0.3379   10.4955   -0.4259   -0.3379   -0.3393   -0.4259   -0.4259
   -0.3379   -0.3379   -0.4259   -0.4259   -0.3393   -0.3379   -0.3393   -0.4259
    0.8738   -1.1318   -1.1318    0.8738   -1.1318   -1.1318   -1.1318   -1.1318
    0.1489
   -0.3379   -0.3393   -0.4259   10.4955   -0.3393   -0.4259   -0.3379   -0.4259
   -0.4259   -0.3379   -0.3379   -0.4259   -0.3379   -0.4259   -0.3379   -0.3393
   -1.1318    0.8738   -1.1318   -1.1318    0.8738   -1.1318   -1.1318   -1.1318
    0.1489
   -0.4259   -0.3393   -0.3379   -0.3393   10.4955   -0.3379   -0.4259   -0.4259
   -0.4259   -0.3379   -0.3379   -0.3379   -0.4259   -0.3379   -0.4259   -0.3393
   -1.1318   -1.1318   -1.1318    0.8738   -1.1318   -1.1318    0.8738   -1.1318
    0.1489
   -0.4259   -0.3379   -0.3393   -0.4259   -0.3379   10.4955   -0.3379   -0.3379
   -0.4259   -0.4259   -0.3379   -0.3379   -0.3393   -0.4259   -0.3393   -0.4259
   -1.1318   -1.1318    0.8738   -1.1318   -1.1318   -1.1318    0.8738   -1.1318
    0.1489
   -0.3393   -0.3379   -0.4259   -0.3379   -0.4259   -0.3379   10.4955   -0.3379
   -0.4259   -0.3379   -0.4259   -0.3393   -0.3379   -0.3393   -0.4259   -0.4259
   -1.1318   -1.1318    0.8738   -1.1318    0.8738   -1.1318   -1.1318   -1.1318
    0.1489
   -0.4259   -0.3379   -0.4259   -0.4259   -0.4259   -0.3379   -0.3379   10.4955
   -0.3393   -0.3393   -0.3393   -0.4259   -0.4259   -0.3379   -0.3379   -0.3379
   -1.1318   -1.1318    0.8738   -1.1318   -1.1318    0.8738   -1.1318   -1.1318
    0.1489
   -0.3379   -0.3379   -0.3379   -0.4259   -0.4259   -0.4259   -0.4259   -0.3393
   10.4955   -0.3393   -0.3393   -0.3379   -0.3379   -0.4259   -0.4259   -0.3379
    0.8738   -1.1318   -1.1318   -1.1318   -1.1318   -1.1318   -1.1318    0.8738
    0.1489
   -0.4259   -0.4259   -0.3379   -0.3379   -0.3379   -0.4259   -0.3379   -0.3393
   -0.3393   10.4955   -0.3393   -0.4259   -0.3379   -0.3379   -0.4259   -0.4259
   -1.1318   -1.1318   -1.1318    0.8738    0.8738   -1.1318   -1.1318   -1.1318
    0.1489
   -0.3379   -0.4259   -0.4259   -0.3379   -0.3379   -0.3379   -0.4259   -0.3393
   -0.3393   -0.3393   10.4955   -0.3379   -0.4259   -0.4259   -0.3379   -0.4259
   -1.1318    0.8738   -1.1318   -1.1318   -1.1318   -1.1318    0.8738   -1.1318
    0.1489
   -0.3393   -0.4259   -0.4259   -0.4259   -0.3379   -0.3379   -0.3393   -0.4259
   -0.3379   -0.4259   -0.3379   10.4955   -0.3379   -0.3393   -0.4259   -0.3379
   -1.1318   -1.1318   -1.1318   -1.1318   -1.1318   -1.1318    0.8738    0.8738
    0.1489
   -0.4259   -0.4259   -0.3393   -0.3379   -0.4259   -0.3393   -0.3379   -0.4259
   -0.3379   -0.3379   -0.4259   -0.3379   10.4955   -0.4259   -0.3393   -0.3379
   -1.1318   -1.1318   -1.1318   -1.1318    0.8738   -1.1318   -1.1318    0.8738
    0.1489
   -0.3393   -0.4259   -0.3379   -0.4259   -0.3379   -0.4259   -0.3393   -0.3379
   -0.4259   -0.3379   -0.4259   -0.3393   -0.4259   10.4955   -0.3379   -0.3379
   -1.1318   -1.1318   -1.1318    0.8738   -1.1318    0.8738   -1.1318   -1.1318
    0.1489
   -0.3379   -0.4259   -0.3393   -0.3379   -0.4259   -0.3393   -0.4259   -0.3379
   -0.4259   -0.4259   -0.3379   -0.4259   -0.3393   -0.3379   10.4955   -0.3379
   -1.1318    0.8738   -1.1318   -1.1318   -1.1318    0.8738   -1.1318   -1.1318
    0.1489
   -0.4259   -0.3393   -0.4259   -0.3393   -0.3393   -0.4259   -0.4259   -0.3379
   -0.3379   -0.4259   -0.4259   -0.3379   -0.3379   -0.3379   -0.3379   10.4955
   -1.1318   -1.1318   -1.1318   -1.1318   -1.1318    0.8738   -1.1318    0.8738
    0.1489
    0.8738    0.8738    0.8738   -1.1318   -1.1318   -1.1318   -1.1318   -1.1318
    0.8738   -1.1318   -1.1318   -1.1318   -1.1318   -1.1318   -1.1318   -1.1318
   23.4344   -1.8133   -1.8133   -1.8133   -1.9148   -1.9148   -1.9148   -1.8133
   -0.3498
    0.8738   -1.1318   -1.1318    0.8738   -1.1318   -1.1318   -1.1318   -1.1318
   -1.1318   -1.1318    0.8738   -1.1318   -1.1318   -1.1318    0.8738   -1.1318
   -1.8133   23.4344   -1.9148   -1.9148   -1.8133   -1.8133   -1.8133   -1.9148
   -0.3498
   -1.1318    0.8738   -1.1318   -1.1318   -1.1318    0.8738    0.8738    0.8738
   -1.1318   -1.1318   -1.1318   -1.1318   -1.1318   -1.1318   -1.1318   -1.1318
   -1.8133   -1.9148   23.4344   -1.9148   -1.8133   -1.8133   -1.8133   -1.9148
   -0.3498
   -1.1318   -1.1318    0.8738   -1.1318    0.8738   -1.1318   -1.1318   -1.1318
   -1.1318    0.8738   -1.1318   -1.1318   -1.1318    0.8738   -1.1318   -1.1318
   -1.8133   -1.9148   -1.9148   23.4344   -1.8133   -1.8133   -1.8133   -1.9148
   -0.3498
   -1.1318   -1.1318   -1.1318    0.8738   -1.1318   -1.1318    0.8738   -1.1318
   -1.1318    0.8738   -1.1318   -1.1318    0.8738   -1.1318   -1.1318   -1.1318
   -1.9148   -1.8133   -1.8133   -1.8133   23.4344   -1.9148   -1.9148   -1.8133
   -0.3498
   -1.1318   -1.1318   -1.1318   -1.1318   -1.1318   -1.1318   -1.1318    0.8738
   -1.1318   -1.1318   -1.1318   -1.1318   -1.1318    0.8738    0.8738    0.8738
   -1.9148   -1.8133   -1.8133   -1.8133   -1.9148   23.4344   -1.9148   -1.8133
   -0.3498
   -1.1318   -1.1318   -1.1318   -1.1318    0.8738    0.8738   -1.1318   -1.1318
   -1.1318   -1.1318    0.8738    0.8738   -1.1318   -1.1318   -1.1318   -1.1318
   -1.9148   -1.8133   -1.8133   -1.8133   -1.9148   -1.9148   23.4344   -1.8133
   -0.3498
   -1.1318   -1.1318   -1.1318   -1.1318   -1.1318   -1.1318   -1.1318   -1.1318
    0.8738   -1.1318   -1.1318    0.8738    0.8738   -1.1318   -1.1318    0.8738
   -1.8133   -1.9148   -1.9148   -1.9148   -1.8133   -1.8133   -1.8133   23.4344
   -0.3498
    0.1489    0.1489    0.1489    0.1489    0.1489    0.1489    0.1489    0.1489
    0.1489    0.1489    0.1489    0.1489    0.1489    0.1489    0.1489    0.1489
   -0.3498   -0.3498   -0.3498   -0.3498   -0.3498   -0.3498   -0.3498   -0.3498
    0.4161
