 
  DISTANCES 
 
   0.0000   0.7071   0.7071   0.7071   0.7071   0.7071   1.0000   0.7071
   0.7071   0.7071   0.7071   1.0000   0.7071   1.0000   0.7071   0.7071
   0.4330   0.4330   0.8292   0.8292   0.8292   0.8292   0.8292   0.8292
   0.0000
   0.7071   0.0000   0.7071   1.0000   1.0000   0.7071   0.7071   0.7071
   0.7071   0.7071   0.7071   0.7071   0.7071   0.7071   0.7071   1.0000
   0.4330   0.8292   0.4330   0.8292   0.8292   0.8292   0.8292   0.8292
   0.0000
   0.7071   0.7071   0.0000   0.7071   0.7071   1.0000   0.7071   0.7071
   0.7071   0.7071   0.7071   0.7071   1.0000   0.7071   1.0000   0.7071
   0.4330   0.8292   0.8292   0.4330   0.8292   0.8292   0.8292   0.8292
   0.0000
   0.7071   1.0000   0.7071   0.0000   1.0000   0.7071   0.7071   0.7071
   0.7071   0.7071   0.7071   0.7071   0.7071   0.7071   0.7071   1.0000
   0.8292   0.4330   0.8292   0.8292   0.4330   0.8292   0.8292   0.8292
   0.0000
   0.7071   1.0000   0.7071   1.0000   0.0000   0.7071   0.7071   0.7071
   0.7071   0.7071   0.7071   0.7071   0.7071   0.7071   0.7071   1.0000
   0.8292   0.8292   0.8292   0.4330   0.8292   0.8292   0.4330   0.8292
   0.0000
   0.7071   0.7071   1.0000   0.7071   0.7071   0.0000   0.7071   0.7071
   0.7071   0.7071   0.7071   0.7071   1.0000   0.7071   1.0000   0.7071
   0.8292   0.8292   0.4330   0.8292   0.8292   0.8292   0.4330   0.8292
   0.0000
   1.0000   0.7071   0.7071   0.7071   0.7071   0.7071   0.0000   0.7071
   0.7071   0.7071   0.7071   1.0000   0.7071   1.0000   0.7071   0.7071
   0.8292   0.8292   0.4330   0.8292   0.4330   0.8292   0.8292   0.8292
   0.0000
   0.7071   0.7071   0.7071   0.7071   0.7071   0.7071   0.7071   0.0000
   1.0000   1.0000   1.0000   0.7071   0.7071   0.7071   0.7071   0.7071
   0.8292   0.8292   0.4330   0.8292   0.8292   0.4330   0.8292   0.8292
   0.0000
   0.7071   0.7071   0.7071   0.7071   0.7071   0.7071   0.7071   1.0000
   0.0000   1.0000   1.0000   0.7071   0.7071   0.7071   0.7071   0.7071
   0.4330   0.8292   0.8292   0.8292   0.8292   0.8292   0.8292   0.4330
   0.0000
   0.7071   0.7071   0.7071   0.7071   0.7071   0.7071   0.7071   1.0000
   1.0000   0.0000   1.0000   0.7071   0.7071   0.7071   0.7071   0.7071
   0.8292   0.8292   0.8292   0.4330   0.4330   0.8292   0.8292   0.8292
   0.0000
   0.7071   0.7071   0.7071   0.7071   0.7071   0.7071   0.7071   1.0000
   1.0000   1.0000   0.0000   0.7071   0.7071   0.7071   0.7071   0.7071
   0.8292   0.4330   0.8292   0.8292   0.8292   0.8292   0.4330   0.8292
   0.0000
   1.0000   0.7071   0.7071   0.7071   0.7071   0.7071   1.0000   0.7071
   0.7071   0.7071   0.7071   0.0000   0.7071   1.0000   0.7071   0.7071
   0.8292   0.8292   0.8292   0.8292   0.8292   0.8292   0.4330   0.4330
   0.0000
   0.7071   0.7071   1.0000   0.7071   0.7071   1.0000   0.7071   0.7071
   0.7071   0.7071   0.7071   0.7071   0.0000   0.7071   1.0000   0.7071
   0.8292   0.8292   0.8292   0.8292   0.4330   0.8292   0.8292   0.4330
   0.0000
   1.0000   0.7071   0.7071   0.7071   0.7071   0.7071   1.0000   0.7071
   0.7071   0.7071   0.7071   1.0000   0.7071   0.0000   0.7071   0.7071
   0.8292   0.8292   0.8292   0.4330   0.8292   0.4330   0.8292   0.8292
   0.0000
   0.7071   0.7071   1.0000   0.7071   0.7071   1.0000   0.7071   0.7071
   0.7071   0.7071   0.7071   0.7071   1.0000   0.7071   0.0000   0.7071
   0.8292   0.4330   0.8292   0.8292   0.8292   0.4330   0.8292   0.8292
   0.0000
   0.7071   1.0000   0.7071   1.0000   1.0000   0.7071   0.7071   0.7071
   0.7071   0.7071   0.7071   0.7071   0.7071   0.7071   0.7071   0.0000
   0.8292   0.8292   0.8292   0.8292   0.8292   0.4330   0.8292   0.4330
   0.0000
   0.4330   0.4330   0.4330   0.8292   0.8292   0.8292   0.8292   0.8292
   0.4330   0.8292   0.8292   0.8292   0.8292   0.8292   0.8292   0.8292
   0.0000   0.8660   0.8660   0.8660   1.0000   1.0000   1.0000   0.8660
   0.0000
   0.4330   0.8292   0.8292   0.4330   0.8292   0.8292   0.8292   0.8292
   0.8292   0.8292   0.4330   0.8292   0.8292   0.8292   0.4330   0.8292
   0.8660   0.0000   1.0000   1.0000   0.8660   0.8660   0.8660   1.0000
   0.0000
   0.8292   0.4330   0.8292   0.8292   0.8292   0.4330   0.4330   0.4330
   0.8292   0.8292   0.8292   0.8292   0.8292   0.8292   0.8292   0.8292
   0.8660   1.0000   0.0000   1.0000   0.8660   0.8660   0.8660   1.0000
   0.0000
   0.8292   0.8292   0.4330   0.8292   0.4330   0.8292   0.8292   0.8292
   0.8292   0.4330   0.8292   0.8292   0.8292   0.4330   0.8292   0.8292
   0.8660   1.0000   1.0000   0.0000   0.8660   0.8660   0.8660   1.0000
   0.0000
   0.8292   0.8292   0.8292   0.4330   0.8292   0.8292   0.4330   0.8292
   0.8292   0.4330   0.8292   0.8292   0.4330   0.8292   0.8292   0.8292
   1.0000   0.8660   0.8660   0.8660   0.0000   1.0000   1.0000   0.8660
   0.0000
   0.8292   0.8292   0.8292   0.8292   0.8292   0.8292   0.8292   0.4330
   0.8292   0.8292   0.8292   0.8292   0.8292   0.4330   0.4330   0.4330
   1.0000   0.8660   0.8660   0.8660   1.0000   0.0000   1.0000   0.8660
   0.0000
   0.8292   0.8292   0.8292   0.8292   0.4330   0.4330   0.8292   0.8292
   0.8292   0.8292   0.4330   0.4330   0.8292   0.8292   0.8292   0.8292
   1.0000   0.8660   0.8660   0.8660   1.0000   1.0000   0.0000   0.8660
   0.0000
   0.8292   0.8292   0.8292   0.8292   0.8292   0.8292   0.8292   0.8292
   0.4330   0.8292   0.8292   0.4330   0.4330   0.8292   0.8292   0.4330
   0.8660   1.0000   1.0000   1.0000   0.8660   0.8660   0.8660   0.0000
   0.0000
   0.7071   0.7071   0.7071   0.7071   0.7071   1.0000   0.7071   0.7071
   0.7071   0.7071   1.0000   0.7071   1.0000   0.7071   0.7071   0.4330
   0.4330   0.8292   0.8292   0.8292   0.8292   0.8292   0.8292   0.0000
   0.0000
 
 
  number of atoms in the primitive cell:          24         192
 
 
  CHI_0 Matrix 
 
  -0.0907   0.0024   0.0024   0.0024   0.0024   0.0024  -0.0005   0.0024
   0.0024   0.0024   0.0024  -0.0005   0.0024  -0.0005   0.0024   0.0024
   0.0005   0.0005   0.0010   0.0010   0.0010   0.0010   0.0010   0.0010
   0.0567
   0.0024  -0.0907   0.0024  -0.0005  -0.0005   0.0024   0.0024   0.0024
   0.0024   0.0024   0.0024   0.0024   0.0024   0.0024   0.0024  -0.0005
   0.0005   0.0010   0.0005   0.0010   0.0010   0.0010   0.0010   0.0010
   0.0567
   0.0024   0.0024  -0.0907   0.0024   0.0024  -0.0005   0.0024   0.0024
   0.0024   0.0024   0.0024   0.0024  -0.0005   0.0024  -0.0005   0.0024
   0.0005   0.0010   0.0010   0.0005   0.0010   0.0010   0.0010   0.0010
   0.0567
   0.0024  -0.0005   0.0024  -0.0907  -0.0005   0.0024   0.0024   0.0024
   0.0024   0.0024   0.0024   0.0024   0.0024   0.0024   0.0024  -0.0005
   0.0010   0.0005   0.0010   0.0010   0.0005   0.0010   0.0010   0.0010
   0.0567
   0.0024  -0.0005   0.0024  -0.0005  -0.0907   0.0024   0.0024   0.0024
   0.0024   0.0024   0.0024   0.0024   0.0024   0.0024   0.0024  -0.0005
   0.0010   0.0010   0.0010   0.0005   0.0010   0.0010   0.0005   0.0010
   0.0567
   0.0024   0.0024  -0.0005   0.0024   0.0024  -0.0907   0.0024   0.0024
   0.0024   0.0024   0.0024   0.0024  -0.0005   0.0024  -0.0005   0.0024
   0.0010   0.0010   0.0005   0.0010   0.0010   0.0010   0.0005   0.0010
   0.0567
  -0.0005   0.0024   0.0024   0.0024   0.0024   0.0024  -0.0907   0.0024
   0.0024   0.0024   0.0024  -0.0005   0.0024  -0.0005   0.0024   0.0024
   0.0010   0.0010   0.0005   0.0010   0.0005   0.0010   0.0010   0.0010
   0.0567
   0.0024   0.0024   0.0024   0.0024   0.0024   0.0024   0.0024  -0.0907
  -0.0005  -0.0005  -0.0005   0.0024   0.0024   0.0024   0.0024   0.0024
   0.0010   0.0010   0.0005   0.0010   0.0010   0.0005   0.0010   0.0010
   0.0567
   0.0024   0.0024   0.0024   0.0024   0.0024   0.0024   0.0024  -0.0005
  -0.0907  -0.0005  -0.0005   0.0024   0.0024   0.0024   0.0024   0.0024
   0.0005   0.0010   0.0010   0.0010   0.0010   0.0010   0.0010   0.0005
   0.0567
   0.0024   0.0024   0.0024   0.0024   0.0024   0.0024   0.0024  -0.0005
  -0.0005  -0.0907  -0.0005   0.0024   0.0024   0.0024   0.0024   0.0024
   0.0010   0.0010   0.0010   0.0005   0.0005   0.0010   0.0010   0.0010
   0.0567
   0.0024   0.0024   0.0024   0.0024   0.0024   0.0024   0.0024  -0.0005
  -0.0005  -0.0005  -0.0907   0.0024   0.0024   0.0024   0.0024   0.0024
   0.0010   0.0005   0.0010   0.0010   0.0010   0.0010   0.0005   0.0010
   0.0567
  -0.0005   0.0024   0.0024   0.0024   0.0024   0.0024  -0.0005   0.0024
   0.0024   0.0024   0.0024  -0.0907   0.0024  -0.0005   0.0024   0.0024
   0.0010   0.0010   0.0010   0.0010   0.0010   0.0010   0.0005   0.0005
   0.0567
   0.0024   0.0024  -0.0005   0.0024   0.0024  -0.0005   0.0024   0.0024
   0.0024   0.0024   0.0024   0.0024  -0.0907   0.0024  -0.0005   0.0024
   0.0010   0.0010   0.0010   0.0010   0.0005   0.0010   0.0010   0.0005
   0.0567
  -0.0005   0.0024   0.0024   0.0024   0.0024   0.0024  -0.0005   0.0024
   0.0024   0.0024   0.0024  -0.0005   0.0024  -0.0907   0.0024   0.0024
   0.0010   0.0010   0.0010   0.0005   0.0010   0.0005   0.0010   0.0010
   0.0567
   0.0024   0.0024  -0.0005   0.0024   0.0024  -0.0005   0.0024   0.0024
   0.0024   0.0024   0.0024   0.0024  -0.0005   0.0024  -0.0907   0.0024
   0.0010   0.0005   0.0010   0.0010   0.0010   0.0005   0.0010   0.0010
   0.0567
   0.0024  -0.0005   0.0024  -0.0005  -0.0005   0.0024   0.0024   0.0024
   0.0024   0.0024   0.0024   0.0024   0.0024   0.0024   0.0024  -0.0907
   0.0010   0.0010   0.0010   0.0010   0.0010   0.0005   0.0010   0.0005
   0.0567
   0.0005   0.0005   0.0005   0.0010   0.0010   0.0010   0.0010   0.0010
   0.0005   0.0010   0.0010   0.0010   0.0010   0.0010   0.0010   0.0010
  -0.0613   0.0010   0.0010   0.0010   0.0008   0.0008   0.0008   0.0010
   0.0410
   0.0005   0.0010   0.0010   0.0005   0.0010   0.0010   0.0010   0.0010
   0.0010   0.0010   0.0005   0.0010   0.0010   0.0010   0.0005   0.0010
   0.0010  -0.0613   0.0008   0.0008   0.0010   0.0010   0.0010   0.0008
   0.0410
   0.0010   0.0005   0.0010   0.0010   0.0010   0.0005   0.0005   0.0005
   0.0010   0.0010   0.0010   0.0010   0.0010   0.0010   0.0010   0.0010
   0.0010   0.0008  -0.0613   0.0008   0.0010   0.0010   0.0010   0.0008
   0.0410
   0.0010   0.0010   0.0005   0.0010   0.0005   0.0010   0.0010   0.0010
   0.0010   0.0005   0.0010   0.0010   0.0010   0.0005   0.0010   0.0010
   0.0010   0.0008   0.0008  -0.0613   0.0010   0.0010   0.0010   0.0008
   0.0410
   0.0010   0.0010   0.0010   0.0005   0.0010   0.0010   0.0005   0.0010
   0.0010   0.0005   0.0010   0.0010   0.0005   0.0010   0.0010   0.0010
   0.0008   0.0010   0.0010   0.0010  -0.0613   0.0008   0.0008   0.0010
   0.0410
   0.0010   0.0010   0.0010   0.0010   0.0010   0.0010   0.0010   0.0005
   0.0010   0.0010   0.0010   0.0010   0.0010   0.0005   0.0005   0.0005
   0.0008   0.0010   0.0010   0.0010   0.0008  -0.0613   0.0008   0.0010
   0.0410
   0.0010   0.0010   0.0010   0.0010   0.0005   0.0005   0.0010   0.0010
   0.0010   0.0010   0.0005   0.0005   0.0010   0.0010   0.0010   0.0010
   0.0008   0.0010   0.0010   0.0010   0.0008   0.0008  -0.0613   0.0010
   0.0410
   0.0010   0.0010   0.0010   0.0010   0.0010   0.0010   0.0010   0.0010
   0.0005   0.0010   0.0010   0.0005   0.0005   0.0010   0.0010   0.0005
   0.0010   0.0008   0.0008   0.0008   0.0010   0.0010   0.0010  -0.0613
   0.0410
   0.0567   0.0567   0.0567   0.0567   0.0567   0.0567   0.0567   0.0567
   0.0567   0.0567   0.0567   0.0567   0.0567   0.0567   0.0567   0.0567
   0.0410   0.0410   0.0410   0.0410   0.0410   0.0410   0.0410   0.0410
  -1.2360
 
 
  CHI Matrix 
 
  -0.0463   0.0002   0.0002   0.0002   0.0002   0.0002  -0.0002   0.0002
   0.0002   0.0002   0.0002  -0.0002   0.0002  -0.0002   0.0002   0.0002
   0.0019   0.0019  -0.0002  -0.0002  -0.0002  -0.0002  -0.0002  -0.0002
   0.0418
   0.0002  -0.0463   0.0002  -0.0002  -0.0002   0.0002   0.0002   0.0002
   0.0002   0.0002   0.0002   0.0002   0.0002   0.0002   0.0002  -0.0002
   0.0019  -0.0002   0.0019  -0.0002  -0.0002  -0.0002  -0.0002  -0.0002
   0.0418
   0.0002   0.0002  -0.0463   0.0002   0.0002  -0.0002   0.0002   0.0002
   0.0002   0.0002   0.0002   0.0002  -0.0002   0.0002  -0.0002   0.0002
   0.0019  -0.0002  -0.0002   0.0019  -0.0002  -0.0002  -0.0002  -0.0002
   0.0418
   0.0002  -0.0002   0.0002  -0.0463  -0.0002   0.0002   0.0002   0.0002
   0.0002   0.0002   0.0002   0.0002   0.0002   0.0002   0.0002  -0.0002
  -0.0002   0.0019  -0.0002  -0.0002   0.0019  -0.0002  -0.0002  -0.0002
   0.0418
   0.0002  -0.0002   0.0002  -0.0002  -0.0463   0.0002   0.0002   0.0002
   0.0002   0.0002   0.0002   0.0002   0.0002   0.0002   0.0002  -0.0002
  -0.0002  -0.0002  -0.0002   0.0019  -0.0002  -0.0002   0.0019  -0.0002
   0.0418
   0.0002   0.0002  -0.0002   0.0002   0.0002  -0.0463   0.0002   0.0002
   0.0002   0.0002   0.0002   0.0002  -0.0002   0.0002  -0.0002   0.0002
  -0.0002  -0.0002   0.0019  -0.0002  -0.0002  -0.0002   0.0019  -0.0002
   0.0418
  -0.0002   0.0002   0.0002   0.0002   0.0002   0.0002  -0.0463   0.0002
   0.0002   0.0002   0.0002  -0.0002   0.0002  -0.0002   0.0002   0.0002
  -0.0002  -0.0002   0.0019  -0.0002   0.0019  -0.0002  -0.0002  -0.0002
   0.0418
   0.0002   0.0002   0.0002   0.0002   0.0002   0.0002   0.0002  -0.0463
  -0.0002  -0.0002  -0.0002   0.0002   0.0002   0.0002   0.0002   0.0002
  -0.0002  -0.0002   0.0019  -0.0002  -0.0002   0.0019  -0.0002  -0.0002
   0.0418
   0.0002   0.0002   0.0002   0.0002   0.0002   0.0002   0.0002  -0.0002
  -0.0463  -0.0002  -0.0002   0.0002   0.0002   0.0002   0.0002   0.0002
   0.0019  -0.0002  -0.0002  -0.0002  -0.0002  -0.0002  -0.0002   0.0019
   0.0418
   0.0002   0.0002   0.0002   0.0002   0.0002   0.0002   0.0002  -0.0002
  -0.0002  -0.0463  -0.0002   0.0002   0.0002   0.0002   0.0002   0.0002
  -0.0002  -0.0002  -0.0002   0.0019   0.0019  -0.0002  -0.0002  -0.0002
   0.0418
   0.0002   0.0002   0.0002   0.0002   0.0002   0.0002   0.0002  -0.0002
  -0.0002  -0.0002  -0.0463   0.0002   0.0002   0.0002   0.0002   0.0002
  -0.0002   0.0019  -0.0002  -0.0002  -0.0002  -0.0002   0.0019  -0.0002
   0.0418
  -0.0002   0.0002   0.0002   0.0002   0.0002   0.0002  -0.0002   0.0002
   0.0002   0.0002   0.0002  -0.0463   0.0002  -0.0002   0.0002   0.0002
  -0.0002  -0.0002  -0.0002  -0.0002  -0.0002  -0.0002   0.0019   0.0019
   0.0418
   0.0002   0.0002  -0.0002   0.0002   0.0002  -0.0002   0.0002   0.0002
   0.0002   0.0002   0.0002   0.0002  -0.0463   0.0002  -0.0002   0.0002
  -0.0002  -0.0002  -0.0002  -0.0002   0.0019  -0.0002  -0.0002   0.0019
   0.0418
  -0.0002   0.0002   0.0002   0.0002   0.0002   0.0002  -0.0002   0.0002
   0.0002   0.0002   0.0002  -0.0002   0.0002  -0.0463   0.0002   0.0002
  -0.0002  -0.0002  -0.0002   0.0019  -0.0002   0.0019  -0.0002  -0.0002
   0.0418
   0.0002   0.0002  -0.0002   0.0002   0.0002  -0.0002   0.0002   0.0002
   0.0002   0.0002   0.0002   0.0002  -0.0002   0.0002  -0.0463   0.0002
  -0.0002   0.0019  -0.0002  -0.0002  -0.0002   0.0019  -0.0002  -0.0002
   0.0418
   0.0002  -0.0002   0.0002  -0.0002  -0.0002   0.0002   0.0002   0.0002
   0.0002   0.0002   0.0002   0.0002   0.0002   0.0002   0.0002  -0.0463
  -0.0002  -0.0002  -0.0002  -0.0002  -0.0002   0.0019  -0.0002   0.0019
   0.0418
   0.0019   0.0019   0.0019  -0.0002  -0.0002  -0.0002  -0.0002  -0.0002
   0.0019  -0.0002  -0.0002  -0.0002  -0.0002  -0.0002  -0.0002  -0.0002
  -0.0247  -0.0002  -0.0002  -0.0002  -0.0002  -0.0002  -0.0002  -0.0002
   0.0220
   0.0019  -0.0002  -0.0002   0.0019  -0.0002  -0.0002  -0.0002  -0.0002
  -0.0002  -0.0002   0.0019  -0.0002  -0.0002  -0.0002   0.0019  -0.0002
  -0.0002  -0.0247  -0.0002  -0.0002  -0.0002  -0.0002  -0.0002  -0.0002
   0.0220
  -0.0002   0.0019  -0.0002  -0.0002  -0.0002   0.0019   0.0019   0.0019
  -0.0002  -0.0002  -0.0002  -0.0002  -0.0002  -0.0002  -0.0002  -0.0002
  -0.0002  -0.0002  -0.0247  -0.0002  -0.0002  -0.0002  -0.0002  -0.0002
   0.0220
  -0.0002  -0.0002   0.0019  -0.0002   0.0019  -0.0002  -0.0002  -0.0002
  -0.0002   0.0019  -0.0002  -0.0002  -0.0002   0.0019  -0.0002  -0.0002
  -0.0002  -0.0002  -0.0002  -0.0247  -0.0002  -0.0002  -0.0002  -0.0002
   0.0220
  -0.0002  -0.0002  -0.0002   0.0019  -0.0002  -0.0002   0.0019  -0.0002
  -0.0002   0.0019  -0.0002  -0.0002   0.0019  -0.0002  -0.0002  -0.0002
  -0.0002  -0.0002  -0.0002  -0.0002  -0.0247  -0.0002  -0.0002  -0.0002
   0.0220
  -0.0002  -0.0002  -0.0002  -0.0002  -0.0002  -0.0002  -0.0002   0.0019
  -0.0002  -0.0002  -0.0002  -0.0002  -0.0002   0.0019   0.0019   0.0019
  -0.0002  -0.0002  -0.0002  -0.0002  -0.0002  -0.0247  -0.0002  -0.0002
   0.0220
  -0.0002  -0.0002  -0.0002  -0.0002   0.0019   0.0019  -0.0002  -0.0002
  -0.0002  -0.0002   0.0019   0.0019  -0.0002  -0.0002  -0.0002  -0.0002
  -0.0002  -0.0002  -0.0002  -0.0002  -0.0002  -0.0002  -0.0247  -0.0002
   0.0220
  -0.0002  -0.0002  -0.0002  -0.0002  -0.0002  -0.0002  -0.0002  -0.0002
   0.0019  -0.0002  -0.0002   0.0019   0.0019  -0.0002  -0.0002   0.0019
  -0.0002  -0.0002  -0.0002  -0.0002  -0.0002  -0.0002  -0.0002  -0.0247
   0.0220
   0.0418   0.0418   0.0418   0.0418   0.0418   0.0418   0.0418   0.0418
   0.0418   0.0418   0.0418   0.0418   0.0418   0.0418   0.0418   0.0418
   0.0220   0.0220   0.0220   0.0220   0.0220   0.0220   0.0220   0.0220
  -0.8440
 
 
  CHI0^-1 - CHI^-1 Matrix 
 
   10.4955   -0.3379   -0.3379   -0.3379   -0.4259   -0.4259   -0.3393   -0.4259
   -0.3379   -0.4259   -0.3379   -0.3393   -0.4259   -0.3393   -0.3379   -0.4259
    0.8738    0.8738   -1.1318   -1.1318   -1.1318   -1.1318   -1.1318   -1.1318
    0.1489
   -0.3379   10.4955   -0.3379   -0.3393   -0.3393   -0.3379   -0.3379   -0.3379
   -0.3379   -0.4259   -0.4259   -0.4259   -0.4259   -0.4259   -0.4259   -0.3393
    0.8738   -1.1318    0.8738   -1.1318   -1.1318   -1.1318   -1.1318   -1.1318
    0.1489
   -0.3379   -0.3379   10.4955   -0.4259   -0.3379   -0.3393   -0.4259   -0.4259
   -0.3379   -0.3379   -0.4259   -0.4259   -0.3393   -0.3379   -0.3393   -0.4259
    0.8738   -1.1318   -1.1318    0.8738   -1.1318   -1.1318   -1.1318   -1.1318
    0.1489
   -0.3379   -0.3393   -0.4259   10.4955   -0.3393   -0.4259   -0.3379   -0.4259
   -0.4259   -0.3379   -0.3379   -0.4259   -0.3379   -0.4259   -0.3379   -0.3393
   -1.1318    0.8738   -1.1318   -1.1318    0.8738   -1.1318   -1.1318   -1.1318
    0.1489
   -0.4259   -0.3393   -0.3379   -0.3393   10.4955   -0.3379   -0.4259   -0.4259
   -0.4259   -0.3379   -0.3379   -0.3379   -0.4259   -0.3379   -0.4259   -0.3393
   -1.1318   -1.1318   -1.1318    0.8738   -1.1318   -1.1318    0.8738   -1.1318
    0.1489
   -0.4259   -0.3379   -0.3393   -0.4259   -0.3379   10.4955   -0.3379   -0.3379
   -0.4259   -0.4259   -0.3379   -0.3379   -0.3393   -0.4259   -0.3393   -0.4259
   -1.1318   -1.1318    0.8738   -1.1318   -1.1318   -1.1318    0.8738   -1.1318
    0.1489
   -0.3393   -0.3379   -0.4259   -0.3379   -0.4259   -0.3379   10.4955   -0.3379
   -0.4259   -0.3379   -0.4259   -0.3393   -0.3379   -0.3393   -0.4259   -0.4259
   -1.1318   -1.1318    0.8738   -1.1318    0.8738   -1.1318   -1.1318   -1.1318
    0.1489
   -0.4259   -0.3379   -0.4259   -0.4259   -0.4259   -0.3379   -0.3379   10.4955
   -0.3393   -0.3393   -0.3393   -0.4259   -0.4259   -0.3379   -0.3379   -0.3379
   -1.1318   -1.1318    0.8738   -1.1318   -1.1318    0.8738   -1.1318   -1.1318
    0.1489
   -0.3379   -0.3379   -0.3379   -0.4259   -0.4259   -0.4259   -0.4259   -0.3393
   10.4955   -0.3393   -0.3393   -0.3379   -0.3379   -0.4259   -0.4259   -0.3379
    0.8738   -1.1318   -1.1318   -1.1318   -1.1318   -1.1318   -1.1318    0.8738
    0.1489
   -0.4259   -0.4259   -0.3379   -0.3379   -0.3379   -0.4259   -0.3379   -0.3393
   -0.3393   10.4955   -0.3393   -0.4259   -0.3379   -0.3379   -0.4259   -0.4259
   -1.1318   -1.1318   -1.1318    0.8738    0.8738   -1.1318   -1.1318   -1.1318
    0.1489
   -0.3379   -0.4259   -0.4259   -0.3379   -0.3379   -0.3379   -0.4259   -0.3393
   -0.3393   -0.3393   10.4955   -0.3379   -0.4259   -0.4259   -0.3379   -0.4259
   -1.1318    0.8738   -1.1318   -1.1318   -1.1318   -1.1318    0.8738   -1.1318
    0.1489
   -0.3393   -0.4259   -0.4259   -0.4259   -0.3379   -0.3379   -0.3393   -0.4259
   -0.3379   -0.4259   -0.3379   10.4955   -0.3379   -0.3393   -0.4259   -0.3379
   -1.1318   -1.1318   -1.1318   -1.1318   -1.1318   -1.1318    0.8738    0.8738
    0.1489
   -0.4259   -0.4259   -0.3393   -0.3379   -0.4259   -0.3393   -0.3379   -0.4259
   -0.3379   -0.3379   -0.4259   -0.3379   10.4955   -0.4259   -0.3393   -0.3379
   -1.1318   -1.1318   -1.1318   -1.1318    0.8738   -1.1318   -1.1318    0.8738
    0.1489
   -0.3393   -0.4259   -0.3379   -0.4259   -0.3379   -0.4259   -0.3393   -0.3379
   -0.4259   -0.3379   -0.4259   -0.3393   -0.4259   10.4955   -0.3379   -0.3379
   -1.1318   -1.1318   -1.1318    0.8738   -1.1318    0.8738   -1.1318   -1.1318
    0.1489
   -0.3379   -0.4259   -0.3393   -0.3379   -0.4259   -0.3393   -0.4259   -0.3379
   -0.4259   -0.4259   -0.3379   -0.4259   -0.3393   -0.3379   10.4955   -0.3379
   -1.1318    0.8738   -1.1318   -1.1318   -1.1318    0.8738   -1.1318   -1.1318
    0.1489
   -0.4259   -0.3393   -0.4259   -0.3393   -0.3393   -0.4259   -0.4259   -0.3379
   -0.3379   -0.4259   -0.4259   -0.3379   -0.3379   -0.3379   -0.3379   10.4955
   -1.1318   -1.1318   -1.1318   -1.1318   -1.1318    0.8738   -1.1318    0.8738
    0.1489
    0.8738    0.8738    0.8738   -1.1318   -1.1318   -1.1318   -1.1318   -1.1318
    0.8738   -1.1318   -1.1318   -1.1318   -1.1318   -1.1318   -1.1318   -1.1318
   23.4344   -1.8133   -1.8133   -1.8133   -1.9148   -1.9148   -1.9148   -1.8133
   -0.3498
    0.8738   -1.1318   -1.1318    0.8738   -1.1318   -1.1318   -1.1318   -1.1318
   -1.1318   -1.1318    0.8738   -1.1318   -1.1318   -1.1318    0.8738   -1.1318
   -1.8133   23.4344   -1.9148   -1.9148   -1.8133   -1.8133   -1.8133   -1.9148
   -0.3498
   -1.1318    0.8738   -1.1318   -1.1318   -1.1318    0.8738    0.8738    0.8738
   -1.1318   -1.1318   -1.1318   -1.1318   -1.1318   -1.1318   -1.1318   -1.1318
   -1.8133   -1.9148   23.4344   -1.9148   -1.8133   -1.8133   -1.8133   -1.9148
   -0.3498
   -1.1318   -1.1318    0.8738   -1.1318    0.8738   -1.1318   -1.1318   -1.1318
   -1.1318    0.8738   -1.1318   -1.1318   -1.1318    0.8738   -1.1318   -1.1318
   -1.8133   -1.9148   -1.9148   23.4344   -1.8133   -1.8133   -1.8133   -1.9148
   -0.3498
   -1.1318   -1.1318   -1.1318    0.8738   -1.1318   -1.1318    0.8738   -1.1318
   -1.1318    0.8738   -1.1318   -1.1318    0.8738   -1.1318   -1.1318   -1.1318
   -1.9148   -1.8133   -1.8133   -1.8133   23.4344   -1.9148   -1.9148   -1.8133
   -0.3498
   -1.1318   -1.1318   -1.1318   -1.1318   -1.1318   -1.1318   -1.1318    0.8738
   -1.1318   -1.1318   -1.1318   -1.1318   -1.1318    0.8738    0.8738    0.8738
   -1.9148   -1.8133   -1.8133   -1.8133   -1.9148   23.4344   -1.9148   -1.8133
   -0.3498
   -1.1318   -1.1318   -1.1318   -1.1318    0.8738    0.8738   -1.1318   -1.1318
   -1.1318   -1.1318    0.8738    0.8738   -1.1318   -1.1318   -1.1318   -1.1318
   -1.9148   -1.8133   -1.8133   -1.8133   -1.9148   -1.9148   23.4344   -1.8133
   -0.3498
   -1.1318   -1.1318   -1.1318   -1.1318   -1.1318   -1.1318   -1.1318   -1.1318
    0.8738   -1.1318   -1.1318    0.8738    0.8738   -1.1318   -1.1318    0.8738
   -1.8133   -1.9148   -1.9148   -1.9148   -1.8133   -1.8133   -1.8133   23.4344
   -0.3498
    0.1489    0.1489    0.1489    0.1489    0.1489    0.1489    0.1489    0.1489
    0.1489    0.1489    0.1489    0.1489    0.1489    0.1489    0.1489    0.1489
   -0.3498   -0.3498   -0.3498   -0.3498   -0.3498   -0.3498   -0.3498   -0.3498
    0.4161
  type:            1  U0 =    10.4955487511949     
  type:            2  U0 =    23.4344188543158     
 
 
  Sanity test and writing of response and interaction matrices 
 
  atom1  atom2  typ1  typ2  dist  chi_0  chi  int 
 
   1   1   1   1     0.000000    -0.0907    -0.0463    10.6229
   1  18   1   2     0.433013     0.0005     0.0019     1.4672
   1  17   1   2     0.433013     0.0005     0.0019     1.4672
   1 129   1   1     0.707107     0.0024     0.0002    -0.1574
   1  82   1   1     0.707107     0.0024     0.0002    -0.2664
   1  64   1   1     0.707107     0.0024     0.0002    -0.2664
   1  61   1   1     0.707107     0.0024     0.0002    -0.2664
   1  59   1   1     0.707107     0.0024     0.0002    -0.1574
   1  50   1   1     0.707107     0.0024     0.0002    -0.1574
   1  39   1   1     0.707107     0.0024     0.0002    -0.1574
   1  30   1   1     0.707107     0.0024     0.0002    -0.2664
   1  29   1   1     0.707107     0.0024     0.0002    -0.2664
   1   8   1   1     0.707107     0.0024     0.0002    -0.2664
   1   4   1   1     0.707107     0.0024     0.0002    -0.1574
   1   3   1   1     0.707107     0.0024     0.0002    -0.1574
   1  72   1   2     0.829156     0.0010    -0.0002    -0.5259
   1  69   1   2     0.829156     0.0010    -0.0002    -0.5259
   1  47   1   2     0.829156     0.0010    -0.0002    -0.5259
   1  44   1   2     0.829156     0.0010    -0.0002    -0.5259
   1  22   1   2     0.829156     0.0010    -0.0002    -0.5259
   1  19   1   2     0.829156     0.0010    -0.0002    -0.5259
   1 134   1   1     1.000000    -0.0002    -0.0001    -0.0995
   1 103   1   1     1.000000    -0.0002    -0.0001    -0.0995
   1  60   1   1     1.000000    -0.0002    -0.0001    -0.0995
   1 193   1  bac     0.000000     0.0567     0.0418     0.0212
 end of test on atom            1
   2   2   1   1     0.000000    -0.0907    -0.0463    10.6229
   2  65   1   2     0.433013     0.0005     0.0019     1.4672
   2  19   1   2     0.433013     0.0005     0.0019     1.4672
   2 183   1   1     0.707107     0.0024     0.0002    -0.2664
   2 182   1   1     0.707107     0.0024     0.0002    -0.2664
   2 177   1   1     0.707107     0.0024     0.0002    -0.1574
   2 107   1   1     0.707107     0.0024     0.0002    -0.2664
   2 103   1   1     0.707107     0.0024     0.0002    -0.1574
   2  51   1   1     0.707107     0.0024     0.0002    -0.1574
   2  49   1   1     0.707107     0.0024     0.0002    -0.1574
   2  34   1   1     0.707107     0.0024     0.0002    -0.2664
   2  30   1   1     0.707107     0.0024     0.0002    -0.1574
   2  13   1   1     0.707107     0.0024     0.0002    -0.2664
   2  12   1   1     0.707107     0.0024     0.0002    -0.2664
   2   8   1   1     0.707107     0.0024     0.0002    -0.1574
   2 190   1   2     0.829156     0.0010    -0.0002    -0.5259
   2 162   1   2     0.829156     0.0010    -0.0002    -0.5259
   2  92   1   2     0.829156     0.0010    -0.0002    -0.5259
   2  24   1   2     0.829156     0.0010    -0.0002    -0.5259
   2  23   1   2     0.829156     0.0010    -0.0002    -0.5259
   2  21   1   2     0.829156     0.0010    -0.0002    -0.5259
   2 148   1   1     1.000000    -0.0002    -0.0001    -0.0995
   2 136   1   1     1.000000    -0.0002    -0.0001    -0.0995
   2  77   1   1     1.000000    -0.0002    -0.0001    -0.0995
   2 193   1  bac     0.000000     0.0567     0.0418     0.0212
 end of test on atom            2
   3   3   1   1     0.000000    -0.0907    -0.0463    10.6229
   3  20   1   2     0.433013     0.0005     0.0019     1.4672
   3  17   1   2     0.433013     0.0005     0.0019     1.4672
   3 155   1   1     0.707107     0.0024     0.0002    -0.2664
   3 129   1   1     0.707107     0.0024     0.0002    -0.1574
   3 110   1   1     0.707107     0.0024     0.0002    -0.1574
   3 103   1   1     0.707107     0.0024     0.0002    -0.2664
   3 100   1   1     0.707107     0.0024     0.0002    -0.2664
   3  64   1   1     0.707107     0.0024     0.0002    -0.2664
   3  60   1   1     0.707107     0.0024     0.0002    -0.2664
   3  58   1   1     0.707107     0.0024     0.0002    -0.1574
   3  50   1   1     0.707107     0.0024     0.0002    -0.1574
   3   8   1   1     0.707107     0.0024     0.0002    -0.2664
   3   5   1   1     0.707107     0.0024     0.0002    -0.1574
   3   1   1   1     0.707107     0.0024     0.0002    -0.1574
   3 117   1   2     0.829156     0.0010    -0.0002    -0.5259
   3 114   1   2     0.829156     0.0010    -0.0002    -0.5259
   3  72   1   2     0.829156     0.0010    -0.0002    -0.5259
   3  71   1   2     0.829156     0.0010    -0.0002    -0.5259
   3  22   1   2     0.829156     0.0010    -0.0002    -0.5259
   3  19   1   2     0.829156     0.0010    -0.0002    -0.5259
   3 135   1   1     1.000000    -0.0002    -0.0001    -0.0995
   3 109   1   1     1.000000    -0.0002    -0.0001    -0.0995
   3  61   1   1     1.000000    -0.0002    -0.0001    -0.0995
   3 193   1  bac     0.000000     0.0567     0.0418     0.0212
 end of test on atom            3
   4   4   1   1     0.000000    -0.0907    -0.0463    10.6229
   4  21   1   2     0.433013     0.0005     0.0019     1.4672
   4  18   1   2     0.433013     0.0005     0.0019     1.4672
   4  99   1   1     0.707107     0.0024     0.0002    -0.2664
   4  59   1   1     0.707107     0.0024     0.0002    -0.1574
   4  39   1   1     0.707107     0.0024     0.0002    -0.1574
   4  36   1   1     0.707107     0.0024     0.0002    -0.2664
   4  34   1   1     0.707107     0.0024     0.0002    -0.1574
   4  33   1   1     0.707107     0.0024     0.0002    -0.2664
   4  30   1   1     0.707107     0.0024     0.0002    -0.2664
   4  14   1   1     0.707107     0.0024     0.0002    -0.2664
   4  13   1   1     0.707107     0.0024     0.0002    -0.1574
   4   8   1   1     0.707107     0.0024     0.0002    -0.2664
   4   7   1   1     0.707107     0.0024     0.0002    -0.1574
   4   1   1   1     0.707107     0.0024     0.0002    -0.1574
   4 116   1   2     0.829156     0.0010    -0.0002    -0.5259
   4 113   1   2     0.829156     0.0010    -0.0002    -0.5259
   4  48   1   2     0.829156     0.0010    -0.0002    -0.5259
   4  47   1   2     0.829156     0.0010    -0.0002    -0.5259
   4  22   1   2     0.829156     0.0010    -0.0002    -0.5259
   4  19   1   2     0.829156     0.0010    -0.0002    -0.5259
   4 146   1   1     1.000000    -0.0002    -0.0001    -0.0995
   4 101   1   1     1.000000    -0.0002    -0.0001    -0.0995
   4  64   1   1     1.000000    -0.0002    -0.0001    -0.0995
   4 193   1  bac     0.000000     0.0567     0.0418     0.0212
 end of test on atom            4
   5   5   1   1     0.000000    -0.0907    -0.0463    10.6229
   5  23   1   2     0.433013     0.0005     0.0019     1.4672
   5  20   1   2     0.433013     0.0005     0.0019     1.4672
   5 110   1   1     0.707107     0.0024     0.0002    -0.1574
   5 109   1   1     0.707107     0.0024     0.0002    -0.2664
   5 107   1   1     0.707107     0.0024     0.0002    -0.1574
   5 105   1   1     0.707107     0.0024     0.0002    -0.2664
   5 103   1   1     0.707107     0.0024     0.0002    -0.2664
   5  58   1   1     0.707107     0.0024     0.0002    -0.1574
   5  25   1   1     0.707107     0.0024     0.0002    -0.2664
   5  15   1   1     0.707107     0.0024     0.0002    -0.2664
   5  12   1   1     0.707107     0.0024     0.0002    -0.1574
   5   8   1   1     0.707107     0.0024     0.0002    -0.2664
   5   6   1   1     0.707107     0.0024     0.0002    -0.1574
   5   3   1   1     0.707107     0.0024     0.0002    -0.1574
   5 120   1   2     0.829156     0.0010    -0.0002    -0.5259
   5 117   1   2     0.829156     0.0010    -0.0002    -0.5259
   5  42   1   2     0.829156     0.0010    -0.0002    -0.5259
   5  41   1   2     0.829156     0.0010    -0.0002    -0.5259
   5  22   1   2     0.829156     0.0010    -0.0002    -0.5259
   5  19   1   2     0.829156     0.0010    -0.0002    -0.5259
   5 112   1   1     1.000000    -0.0002    -0.0001    -0.0995
   5 100   1   1     1.000000    -0.0002    -0.0001    -0.0995
   5  74   1   1     1.000000    -0.0002    -0.0001    -0.0995
   5 193   1  bac     0.000000     0.0567     0.0418     0.0212
 end of test on atom            5
   6   6   1   1     0.000000    -0.0907    -0.0463    10.6229
   6  43   1   2     0.433013     0.0005     0.0019     1.4672
   6  23   1   2     0.433013     0.0005     0.0019     1.4672
   6 158   1   1     0.707107     0.0024     0.0002    -0.2664
   6 127   1   1     0.707107     0.0024     0.0002    -0.1574
   6 112   1   1     0.707107     0.0024     0.0002    -0.2664
   6 107   1   1     0.707107     0.0024     0.0002    -0.1574
   6 105   1   1     0.707107     0.0024     0.0002    -0.2664
   6  32   1   1     0.707107     0.0024     0.0002    -0.1574
   6  28   1   1     0.707107     0.0024     0.0002    -0.2664
   6  26   1   1     0.707107     0.0024     0.0002    -0.1574
   6  25   1   1     0.707107     0.0024     0.0002    -0.2664
   6  12   1   1     0.707107     0.0024     0.0002    -0.1574
   6  10   1   1     0.707107     0.0024     0.0002    -0.2664
   6   5   1   1     0.707107     0.0024     0.0002    -0.1574
   6 166   1   2     0.829156     0.0010    -0.0002    -0.5259
   6 120   1   2     0.829156     0.0010    -0.0002    -0.5259
   6  68   1   2     0.829156     0.0010    -0.0002    -0.5259
   6  45   1   2     0.829156     0.0010    -0.0002    -0.5259
   6  42   1   2     0.829156     0.0010    -0.0002    -0.5259
   6  41   1   2     0.829156     0.0010    -0.0002    -0.5259
   6 159   1   1     1.000000    -0.0002    -0.0001    -0.0995
   6 109   1   1     1.000000    -0.0002    -0.0001    -0.0995
   6  51   1   1     1.000000    -0.0002    -0.0001    -0.0995
   6 193   1  bac     0.000000     0.0567     0.0418     0.0212
 end of test on atom            6
   7   7   1   1     0.000000    -0.0907    -0.0463    10.6229
   7 115   1   2     0.433013     0.0005     0.0019     1.4672
   7  21   1   2     0.433013     0.0005     0.0019     1.4672
   7 126   1   1     0.707107     0.0024     0.0002    -0.1574
   7 104   1   1     0.707107     0.0024     0.0002    -0.1574
   7 101   1   1     0.707107     0.0024     0.0002    -0.2664
   7  99   1   1     0.707107     0.0024     0.0002    -0.2664
   7  98   1   1     0.707107     0.0024     0.0002    -0.1574
   7  87   1   1     0.707107     0.0024     0.0002    -0.2664
   7  40   1   1     0.707107     0.0024     0.0002    -0.2664
   7  34   1   1     0.707107     0.0024     0.0002    -0.1574
   7  33   1   1     0.707107     0.0024     0.0002    -0.2664
   7  13   1   1     0.707107     0.0024     0.0002    -0.1574
   7  11   1   1     0.707107     0.0024     0.0002    -0.2664
   7   4   1   1     0.707107     0.0024     0.0002    -0.1574
   7 119   1   2     0.829156     0.0010    -0.0002    -0.5259
   7 116   1   2     0.829156     0.0010    -0.0002    -0.5259
   7 113   1   2     0.829156     0.0010    -0.0002    -0.5259
   7  94   1   2     0.829156     0.0010    -0.0002    -0.5259
   7  66   1   2     0.829156     0.0010    -0.0002    -0.5259
   7  48   1   2     0.829156     0.0010    -0.0002    -0.5259
   7 108   1   1     1.000000    -0.0002    -0.0001    -0.0995
   7  97   1   1     1.000000    -0.0002    -0.0001    -0.0995
   7  86   1   1     1.000000    -0.0002    -0.0001    -0.0995
   7 193   1  bac     0.000000     0.0567     0.0418     0.0212
 end of test on atom            7
   8   8   1   1     0.000000    -0.0907    -0.0463    10.6229
   8  22   1   2     0.433013     0.0005     0.0019     1.4672
   8  19   1   2     0.433013     0.0005     0.0019     1.4672
   8 103   1   1     0.707107     0.0024     0.0002    -0.1574
   8  64   1   1     0.707107     0.0024     0.0002    -0.1574
   8  30   1   1     0.707107     0.0024     0.0002    -0.1574
   8  15   1   1     0.707107     0.0024     0.0002    -0.1574
   8  14   1   1     0.707107     0.0024     0.0002    -0.1574
   8  13   1   1     0.707107     0.0024     0.0002    -0.2664
   8  12   1   1     0.707107     0.0024     0.0002    -0.2664
   8   5   1   1     0.707107     0.0024     0.0002    -0.2664
   8   4   1   1     0.707107     0.0024     0.0002    -0.2664
   8   3   1   1     0.707107     0.0024     0.0002    -0.2664
   8   2   1   1     0.707107     0.0024     0.0002    -0.1574
   8   1   1   1     0.707107     0.0024     0.0002    -0.2664
   8  24   1   2     0.829156     0.0010    -0.0002    -0.5259
   8  23   1   2     0.829156     0.0010    -0.0002    -0.5259
   8  21   1   2     0.829156     0.0010    -0.0002    -0.5259
   8  20   1   2     0.829156     0.0010    -0.0002    -0.5259
   8  18   1   2     0.829156     0.0010    -0.0002    -0.5259
   8  17   1   2     0.829156     0.0010    -0.0002    -0.5259
   8 129   1   1     1.000000    -0.0002    -0.0001    -0.0995
   8 107   1   1     1.000000    -0.0002    -0.0001    -0.0995
   8  59   1   1     1.000000    -0.0002    -0.0001    -0.0995
   8 193   1  bac     0.000000     0.0567     0.0418     0.0212
 end of test on atom            8
   9   9   1   1     0.000000    -0.0907    -0.0463    10.6229
   9 137   1   2     0.433013     0.0005     0.0019     1.4672
   9  24   1   2     0.433013     0.0005     0.0019     1.4672
   9 170   1   1     0.707107     0.0024     0.0002    -0.1574
   9 123   1   1     0.707107     0.0024     0.0002    -0.1574
   9 121   1   1     0.707107     0.0024     0.0002    -0.1574
   9 102   1   1     0.707107     0.0024     0.0002    -0.2664
   9 101   1   1     0.707107     0.0024     0.0002    -0.2664
   9  31   1   1     0.707107     0.0024     0.0002    -0.2664
   9  28   1   1     0.707107     0.0024     0.0002    -0.2664
   9  16   1   1     0.707107     0.0024     0.0002    -0.1574
   9  15   1   1     0.707107     0.0024     0.0002    -0.2664
   9  14   1   1     0.707107     0.0024     0.0002    -0.2664
   9  13   1   1     0.707107     0.0024     0.0002    -0.1574
   9  12   1   1     0.707107     0.0024     0.0002    -0.1574
   9 139   1   2     0.829156     0.0010    -0.0002    -0.5259
   9 119   1   2     0.829156     0.0010    -0.0002    -0.5259
   9 116   1   2     0.829156     0.0010    -0.0002    -0.5259
   9  45   1   2     0.829156     0.0010    -0.0002    -0.5259
   9  42   1   2     0.829156     0.0010    -0.0002    -0.5259
   9  22   1   2     0.829156     0.0010    -0.0002    -0.5259
   9 154   1   1     1.000000    -0.0002    -0.0001    -0.0995
   9 128   1   1     1.000000    -0.0002    -0.0001    -0.0995
   9  83   1   1     1.000000    -0.0002    -0.0001    -0.0995
   9 193   1  bac     0.000000     0.0567     0.0418     0.0212
 end of test on atom            9
  10  10   1   1     0.000000    -0.0907    -0.0463    10.6229
  10  68   1   2     0.433013     0.0005     0.0019     1.4672
  10  45   1   2     0.433013     0.0005     0.0019     1.4672
  10 158   1   1     0.707107     0.0024     0.0002    -0.1574
  10  73   1   1     0.707107     0.0024     0.0002    -0.2664
  10  63   1   1     0.707107     0.0024     0.0002    -0.2664
  10  53   1   1     0.707107     0.0024     0.0002    -0.1574
  10  51   1   1     0.707107     0.0024     0.0002    -0.1574
  10  37   1   1     0.707107     0.0024     0.0002    -0.1574
  10  31   1   1     0.707107     0.0024     0.0002    -0.1574
  10  28   1   1     0.707107     0.0024     0.0002    -0.1574
  10  26   1   1     0.707107     0.0024     0.0002    -0.2664
  10  16   1   1     0.707107     0.0024     0.0002    -0.2664
  10  12   1   1     0.707107     0.0024     0.0002    -0.2664
  10   6   1   1     0.707107     0.0024     0.0002    -0.2664
  10  90   1   2     0.829156     0.0010    -0.0002    -0.5259
  10  89   1   2     0.829156     0.0010    -0.0002    -0.5259
  10  70   1   2     0.829156     0.0010    -0.0002    -0.5259
  10  43   1   2     0.829156     0.0010    -0.0002    -0.5259
  10  24   1   2     0.829156     0.0010    -0.0002    -0.5259
  10  23   1   2     0.829156     0.0010    -0.0002    -0.5259
  10 153   1   1     1.000000    -0.0002    -0.0001    -0.0995
  10 107   1   1     1.000000    -0.0002    -0.0001    -0.0995
  10  56   1   1     1.000000    -0.0002    -0.0001    -0.0995
  10 193   1  bac     0.000000     0.0567     0.0418     0.0212
 end of test on atom           10
  11  11   1   1     0.000000    -0.0907    -0.0463    10.6229
  11 119   1   2     0.433013     0.0005     0.0019     1.4672
  11  66   1   2     0.433013     0.0005     0.0019     1.4672
  11 147   1   1     0.707107     0.0024     0.0002    -0.2664
  11 108   1   1     0.707107     0.0024     0.0002    -0.1574
  11 102   1   1     0.707107     0.0024     0.0002    -0.1574
  11 101   1   1     0.707107     0.0024     0.0002    -0.1574
  11  98   1   1     0.707107     0.0024     0.0002    -0.2664
  11  87   1   1     0.707107     0.0024     0.0002    -0.1574
  11  62   1   1     0.707107     0.0024     0.0002    -0.2664
  11  52   1   1     0.707107     0.0024     0.0002    -0.1574
  11  49   1   1     0.707107     0.0024     0.0002    -0.1574
  11  16   1   1     0.707107     0.0024     0.0002    -0.2664
  11  13   1   1     0.707107     0.0024     0.0002    -0.2664
  11   7   1   1     0.707107     0.0024     0.0002    -0.2664
  11 164   1   2     0.829156     0.0010    -0.0002    -0.5259
  11 161   1   2     0.829156     0.0010    -0.0002    -0.5259
  11 115   1   2     0.829156     0.0010    -0.0002    -0.5259
  11  70   1   2     0.829156     0.0010    -0.0002    -0.5259
  11  24   1   2     0.829156     0.0010    -0.0002    -0.5259
  11  21   1   2     0.829156     0.0010    -0.0002    -0.5259
  11 106   1   1     1.000000    -0.0002    -0.0001    -0.0995
  11 104   1   1     1.000000    -0.0002    -0.0001    -0.0995
  11  81   1   1     1.000000    -0.0002    -0.0001    -0.0995
  11 193   1  bac     0.000000     0.0567     0.0418     0.0212
 end of test on atom           11
  12  12   1   1     0.000000    -0.0907    -0.0463    10.6229
  12  24   1   2     0.433013     0.0005     0.0019     1.4672
  12  23   1   2     0.433013     0.0005     0.0019     1.4672
  12 107   1   1     0.707107     0.0024     0.0002    -0.1574
  12  51   1   1     0.707107     0.0024     0.0002    -0.2664
  12  28   1   1     0.707107     0.0024     0.0002    -0.2664
  12  16   1   1     0.707107     0.0024     0.0002    -0.1574
  12  15   1   1     0.707107     0.0024     0.0002    -0.2664
  12  13   1   1     0.707107     0.0024     0.0002    -0.1574
  12  10   1   1     0.707107     0.0024     0.0002    -0.2664
  12   9   1   1     0.707107     0.0024     0.0002    -0.1574
  12   8   1   1     0.707107     0.0024     0.0002    -0.2664
  12   6   1   1     0.707107     0.0024     0.0002    -0.1574
  12   5   1   1     0.707107     0.0024     0.0002    -0.1574
  12   2   1   1     0.707107     0.0024     0.0002    -0.2664
  12  68   1   2     0.829156     0.0010    -0.0002    -0.5259
  12  65   1   2     0.829156     0.0010    -0.0002    -0.5259
  12  45   1   2     0.829156     0.0010    -0.0002    -0.5259
  12  42   1   2     0.829156     0.0010    -0.0002    -0.5259
  12  22   1   2     0.829156     0.0010    -0.0002    -0.5259
  12  19   1   2     0.829156     0.0010    -0.0002    -0.5259
  12 158   1   1     1.000000    -0.0002    -0.0001    -0.0995
  12 103   1   1     1.000000    -0.0002    -0.0001    -0.0995
  12  49   1   1     1.000000    -0.0002    -0.0001    -0.0995
  12 193   1  bac     0.000000     0.0567     0.0418     0.0212
 end of test on atom           12
  13  13   1   1     0.000000    -0.0907    -0.0463    10.6229
  13  24   1   2     0.433013     0.0005     0.0019     1.4672
  13  21   1   2     0.433013     0.0005     0.0019     1.4672
  13 101   1   1     0.707107     0.0024     0.0002    -0.2664
  13  49   1   1     0.707107     0.0024     0.0002    -0.2664
  13  34   1   1     0.707107     0.0024     0.0002    -0.1574
  13  16   1   1     0.707107     0.0024     0.0002    -0.1574
  13  14   1   1     0.707107     0.0024     0.0002    -0.2664
  13  12   1   1     0.707107     0.0024     0.0002    -0.1574
  13  11   1   1     0.707107     0.0024     0.0002    -0.2664
  13   9   1   1     0.707107     0.0024     0.0002    -0.1574
  13   8   1   1     0.707107     0.0024     0.0002    -0.2664
  13   7   1   1     0.707107     0.0024     0.0002    -0.1574
  13   4   1   1     0.707107     0.0024     0.0002    -0.1574
  13   2   1   1     0.707107     0.0024     0.0002    -0.2664
  13 119   1   2     0.829156     0.0010    -0.0002    -0.5259
  13 116   1   2     0.829156     0.0010    -0.0002    -0.5259
  13  66   1   2     0.829156     0.0010    -0.0002    -0.5259
  13  65   1   2     0.829156     0.0010    -0.0002    -0.5259
  13  22   1   2     0.829156     0.0010    -0.0002    -0.5259
  13  19   1   2     0.829156     0.0010    -0.0002    -0.5259
  13 102   1   1     1.000000    -0.0002    -0.0001    -0.0995
  13  99   1   1     1.000000    -0.0002    -0.0001    -0.0995
  13  87   1   1     1.000000    -0.0002    -0.0001    -0.0995
  13 193   1  bac     0.000000     0.0567     0.0418     0.0212
 end of test on atom           13
  14  14   1   1     0.000000    -0.0907    -0.0463    10.6229
  14 116   1   2     0.433013     0.0005     0.0019     1.4672
  14  22   1   2     0.433013     0.0005     0.0019     1.4672
  14 170   1   1     0.707107     0.0024     0.0002    -0.2664
  14 154   1   1     0.707107     0.0024     0.0002    -0.1574
  14 150   1   1     0.707107     0.0024     0.0002    -0.2664
  14 101   1   1     0.707107     0.0024     0.0002    -0.1574
  14  99   1   1     0.707107     0.0024     0.0002    -0.1574
  14  64   1   1     0.707107     0.0024     0.0002    -0.1574
  14  59   1   1     0.707107     0.0024     0.0002    -0.2664
  14  15   1   1     0.707107     0.0024     0.0002    -0.1574
  14  13   1   1     0.707107     0.0024     0.0002    -0.2664
  14   9   1   1     0.707107     0.0024     0.0002    -0.2664
  14   8   1   1     0.707107     0.0024     0.0002    -0.1574
  14   4   1   1     0.707107     0.0024     0.0002    -0.2664
  14 187   1   2     0.829156     0.0010    -0.0002    -0.5259
  14 167   1   2     0.829156     0.0010    -0.0002    -0.5259
  14 137   1   2     0.829156     0.0010    -0.0002    -0.5259
  14  24   1   2     0.829156     0.0010    -0.0002    -0.5259
  14  21   1   2     0.829156     0.0010    -0.0002    -0.5259
  14  18   1   2     0.829156     0.0010    -0.0002    -0.5259
  14 156   1   1     1.000000    -0.0002    -0.0001    -0.0995
  14 121   1   1     1.000000    -0.0002    -0.0001    -0.0995
  14  79   1   1     1.000000    -0.0002    -0.0001    -0.0995
  14 193   1  bac     0.000000     0.0567     0.0418     0.0212
 end of test on atom           14
  15  15   1   1     0.000000    -0.0907    -0.0463    10.6229
  15  42   1   2     0.433013     0.0005     0.0019     1.4672
  15  22   1   2     0.433013     0.0005     0.0019     1.4672
  15 170   1   1     0.707107     0.0024     0.0002    -0.2664
  15  83   1   1     0.707107     0.0024     0.0002    -0.1574
  15  79   1   1     0.707107     0.0024     0.0002    -0.2664
  15  64   1   1     0.707107     0.0024     0.0002    -0.1574
  15  58   1   1     0.707107     0.0024     0.0002    -0.2664
  15  28   1   1     0.707107     0.0024     0.0002    -0.1574
  15  25   1   1     0.707107     0.0024     0.0002    -0.1574
  15  14   1   1     0.707107     0.0024     0.0002    -0.1574
  15  12   1   1     0.707107     0.0024     0.0002    -0.2664
  15   9   1   1     0.707107     0.0024     0.0002    -0.2664
  15   8   1   1     0.707107     0.0024     0.0002    -0.1574
  15   5   1   1     0.707107     0.0024     0.0002    -0.2664
  15 187   1   2     0.829156     0.0010    -0.0002    -0.5259
  15 137   1   2     0.829156     0.0010    -0.0002    -0.5259
  15  93   1   2     0.829156     0.0010    -0.0002    -0.5259
  15  24   1   2     0.829156     0.0010    -0.0002    -0.5259
  15  23   1   2     0.829156     0.0010    -0.0002    -0.5259
  15  20   1   2     0.829156     0.0010    -0.0002    -0.5259
  15 150   1   1     1.000000    -0.0002    -0.0001    -0.0995
  15 123   1   1     1.000000    -0.0002    -0.0001    -0.0995
  15  85   1   1     1.000000    -0.0002    -0.0001    -0.0995
  15 193   1  bac     0.000000     0.0567     0.0418     0.0212
 end of test on atom           15
  16  16   1   1     0.000000    -0.0907    -0.0463    10.6229
  16  70   1   2     0.433013     0.0005     0.0019     1.4672
  16  24   1   2     0.433013     0.0005     0.0019     1.4672
  16 102   1   1     0.707107     0.0024     0.0002    -0.2664
  16  63   1   1     0.707107     0.0024     0.0002    -0.1574
  16  62   1   1     0.707107     0.0024     0.0002    -0.1574
  16  56   1   1     0.707107     0.0024     0.0002    -0.1574
  16  51   1   1     0.707107     0.0024     0.0002    -0.2664
  16  49   1   1     0.707107     0.0024     0.0002    -0.2664
  16  31   1   1     0.707107     0.0024     0.0002    -0.2664
  16  13   1   1     0.707107     0.0024     0.0002    -0.1574
  16  12   1   1     0.707107     0.0024     0.0002    -0.1574
  16  11   1   1     0.707107     0.0024     0.0002    -0.2664
  16  10   1   1     0.707107     0.0024     0.0002    -0.2664
  16   9   1   1     0.707107     0.0024     0.0002    -0.1574
  16 139   1   2     0.829156     0.0010    -0.0002    -0.5259
  16 119   1   2     0.829156     0.0010    -0.0002    -0.5259
  16  68   1   2     0.829156     0.0010    -0.0002    -0.5259
  16  66   1   2     0.829156     0.0010    -0.0002    -0.5259
  16  65   1   2     0.829156     0.0010    -0.0002    -0.5259
  16  45   1   2     0.829156     0.0010    -0.0002    -0.5259
  16 122   1   1     1.000000    -0.0002    -0.0001    -0.0995
  16 101   1   1     1.000000    -0.0002    -0.0001    -0.0995
  16  53   1   1     1.000000    -0.0002    -0.0001    -0.0995
  16 193   1  bac     0.000000     0.0567     0.0418     0.0212
 end of test on atom           16
  17  17   2   2     0.000000    -0.0613    -0.0247    24.4301
  17 129   2   1     0.433013     0.0005     0.0019     1.4672
  17  50   2   1     0.433013     0.0005     0.0019     1.4672
  17   3   2   1     0.433013     0.0005     0.0019     1.4672
  17   1   2   1     0.433013     0.0005     0.0019     1.4672
  17 155   2   1     0.829156     0.0010    -0.0002    -0.5259
  17 135   2   1     0.829156     0.0010    -0.0002    -0.5259
  17 134   2   1     0.829156     0.0010    -0.0002    -0.5259
  17 103   2   1     0.829156     0.0010    -0.0002    -0.5259
  17 100   2   1     0.829156     0.0010    -0.0002    -0.5259
  17  82   2   1     0.829156     0.0010    -0.0002    -0.5259
  17  64   2   1     0.829156     0.0010    -0.0002    -0.5259
  17  61   2   1     0.829156     0.0010    -0.0002    -0.5259
  17  60   2   1     0.829156     0.0010    -0.0002    -0.5259
  17  30   2   1     0.829156     0.0010    -0.0002    -0.5259
  17  29   2   1     0.829156     0.0010    -0.0002    -0.5259
  17   8   2   1     0.829156     0.0010    -0.0002    -0.5259
  17 144   2   2     0.866025     0.0005    -0.0001    -0.3590
  17 114   2   2     0.866025     0.0005    -0.0001    -0.6059
  17  72   2   2     0.866025     0.0005    -0.0001    -0.6059
  17  67   2   2     0.866025     0.0005    -0.0001    -0.3590
  17  44   2   2     0.866025     0.0005    -0.0001    -0.6059
  17  20   2   2     0.866025     0.0005    -0.0001    -0.3590
  17  19   2   2     0.866025     0.0005    -0.0001    -0.6059
  17 193   2  bac     0.000000     0.0410     0.0220    -0.0433
 end of test on atom           17
  18  18   2   2     0.000000    -0.0613    -0.0247    24.4301
  18  59   2   1     0.433013     0.0005     0.0019     1.4672
  18  39   2   1     0.433013     0.0005     0.0019     1.4672
  18   4   2   1     0.433013     0.0005     0.0019     1.4672
  18   1   2   1     0.433013     0.0005     0.0019     1.4672
  18 146   2   1     0.829156     0.0010    -0.0002    -0.5259
  18  99   2   1     0.829156     0.0010    -0.0002    -0.5259
  18  82   2   1     0.829156     0.0010    -0.0002    -0.5259
  18  64   2   1     0.829156     0.0010    -0.0002    -0.5259
  18  61   2   1     0.829156     0.0010    -0.0002    -0.5259
  18  55   2   1     0.829156     0.0010    -0.0002    -0.5259
  18  36   2   1     0.829156     0.0010    -0.0002    -0.5259
  18  33   2   1     0.829156     0.0010    -0.0002    -0.5259
  18  30   2   1     0.829156     0.0010    -0.0002    -0.5259
  18  29   2   1     0.829156     0.0010    -0.0002    -0.5259
  18  14   2   1     0.829156     0.0010    -0.0002    -0.5259
  18   8   2   1     0.829156     0.0010    -0.0002    -0.5259
  18 167   2   2     0.866025     0.0005    -0.0001    -0.3590
  18 113   2   2     0.866025     0.0005    -0.0001    -0.6059
  18  69   2   2     0.866025     0.0005    -0.0001    -0.6059
  18  47   2   2     0.866025     0.0005    -0.0001    -0.6059
  18  46   2   2     0.866025     0.0005    -0.0001    -0.3590
  18  22   2   2     0.866025     0.0005    -0.0001    -0.6059
  18  21   2   2     0.866025     0.0005    -0.0001    -0.3590
  18 193   2  bac     0.000000     0.0410     0.0220    -0.0433
 end of test on atom           18
  19  19   2   2     0.000000    -0.0613    -0.0247    24.4301
  19 103   2   1     0.433013     0.0005     0.0019     1.4672
  19  30   2   1     0.433013     0.0005     0.0019     1.4672
  19   8   2   1     0.433013     0.0005     0.0019     1.4672
  19   2   2   1     0.433013     0.0005     0.0019     1.4672
  19 183   2   1     0.829156     0.0010    -0.0002    -0.5259
  19 182   2   1     0.829156     0.0010    -0.0002    -0.5259
  19 136   2   1     0.829156     0.0010    -0.0002    -0.5259
  19 129   2   1     0.829156     0.0010    -0.0002    -0.5259
  19 107   2   1     0.829156     0.0010    -0.0002    -0.5259
  19  34   2   1     0.829156     0.0010    -0.0002    -0.5259
  19  13   2   1     0.829156     0.0010    -0.0002    -0.5259
  19  12   2   1     0.829156     0.0010    -0.0002    -0.5259
  19   5   2   1     0.829156     0.0010    -0.0002    -0.5259
  19   4   2   1     0.829156     0.0010    -0.0002    -0.5259
  19   3   2   1     0.829156     0.0010    -0.0002    -0.5259
  19   1   2   1     0.829156     0.0010    -0.0002    -0.5259
  19 190   2   2     0.866025     0.0005    -0.0001    -0.6059
  19 117   2   2     0.866025     0.0005    -0.0001    -0.3590
  19  65   2   2     0.866025     0.0005    -0.0001    -0.3590
  19  47   2   2     0.866025     0.0005    -0.0001    -0.3590
  19  23   2   2     0.866025     0.0005    -0.0001    -0.6059
  19  22   2   2     0.866025     0.0005    -0.0001    -0.3590
  19  21   2   2     0.866025     0.0005    -0.0001    -0.6059
  19 193   2  bac     0.000000     0.0410     0.0220    -0.0433
 end of test on atom           19
  20  20   2   2     0.000000    -0.0613    -0.0247    24.4301
  20 110   2   1     0.433013     0.0005     0.0019     1.4672
  20  58   2   1     0.433013     0.0005     0.0019     1.4672
  20   5   2   1     0.433013     0.0005     0.0019     1.4672
  20   3   2   1     0.433013     0.0005     0.0019     1.4672
  20 155   2   1     0.829156     0.0010    -0.0002    -0.5259
  20 109   2   1     0.829156     0.0010    -0.0002    -0.5259
  20 105   2   1     0.829156     0.0010    -0.0002    -0.5259
  20 103   2   1     0.829156     0.0010    -0.0002    -0.5259
  20 100   2   1     0.829156     0.0010    -0.0002    -0.5259
  20  74   2   1     0.829156     0.0010    -0.0002    -0.5259
  20  64   2   1     0.829156     0.0010    -0.0002    -0.5259
  20  60   2   1     0.829156     0.0010    -0.0002    -0.5259
  20  54   2   1     0.829156     0.0010    -0.0002    -0.5259
  20  25   2   1     0.829156     0.0010    -0.0002    -0.5259
  20  15   2   1     0.829156     0.0010    -0.0002    -0.5259
  20   8   2   1     0.829156     0.0010    -0.0002    -0.5259
  20 118   2   2     0.866025     0.0005    -0.0001    -0.3590
  20 117   2   2     0.866025     0.0005    -0.0001    -0.6059
  20  93   2   2     0.866025     0.0005    -0.0001    -0.3590
  20  71   2   2     0.866025     0.0005    -0.0001    -0.6059
  20  41   2   2     0.866025     0.0005    -0.0001    -0.6059
  20  23   2   2     0.866025     0.0005    -0.0001    -0.3590
  20  22   2   2     0.866025     0.0005    -0.0001    -0.6059
  20 193   2  bac     0.000000     0.0410     0.0220    -0.0433
 end of test on atom           20
  21  21   2   2     0.000000    -0.0613    -0.0247    24.4301
  21  34   2   1     0.433013     0.0005     0.0019     1.4672
  21  13   2   1     0.433013     0.0005     0.0019     1.4672
  21   7   2   1     0.433013     0.0005     0.0019     1.4672
  21   4   2   1     0.433013     0.0005     0.0019     1.4672
  21 101   2   1     0.829156     0.0010    -0.0002    -0.5259
  21  99   2   1     0.829156     0.0010    -0.0002    -0.5259
  21  87   2   1     0.829156     0.0010    -0.0002    -0.5259
  21  49   2   1     0.829156     0.0010    -0.0002    -0.5259
  21  40   2   1     0.829156     0.0010    -0.0002    -0.5259
  21  36   2   1     0.829156     0.0010    -0.0002    -0.5259
  21  33   2   1     0.829156     0.0010    -0.0002    -0.5259
  21  30   2   1     0.829156     0.0010    -0.0002    -0.5259
  21  14   2   1     0.829156     0.0010    -0.0002    -0.5259
  21  11   2   1     0.829156     0.0010    -0.0002    -0.5259
  21   8   2   1     0.829156     0.0010    -0.0002    -0.5259
  21   2   2   1     0.829156     0.0010    -0.0002    -0.5259
  21 116   2   2     0.866025     0.0005    -0.0001    -0.6059
  21 115   2   2     0.866025     0.0005    -0.0001    -0.3590
  21  92   2   2     0.866025     0.0005    -0.0001    -0.3590
  21  66   2   2     0.866025     0.0005    -0.0001    -0.6059
  21  48   2   2     0.866025     0.0005    -0.0001    -0.6059
  21  24   2   2     0.866025     0.0005    -0.0001    -0.3590
  21  19   2   2     0.866025     0.0005    -0.0001    -0.6059
  21 193   2  bac     0.000000     0.0410     0.0220    -0.0433
 end of test on atom           21
  22  22   2   2     0.000000    -0.0613    -0.0247    24.4301
  22  64   2   1     0.433013     0.0005     0.0019     1.4672
  22  15   2   1     0.433013     0.0005     0.0019     1.4672
  22  14   2   1     0.433013     0.0005     0.0019     1.4672
  22   8   2   1     0.433013     0.0005     0.0019     1.4672
  22 170   2   1     0.829156     0.0010    -0.0002    -0.5259
  22 150   2   1     0.829156     0.0010    -0.0002    -0.5259
  22  79   2   1     0.829156     0.0010    -0.0002    -0.5259
  22  59   2   1     0.829156     0.0010    -0.0002    -0.5259
  22  58   2   1     0.829156     0.0010    -0.0002    -0.5259
  22  13   2   1     0.829156     0.0010    -0.0002    -0.5259
  22  12   2   1     0.829156     0.0010    -0.0002    -0.5259
  22   9   2   1     0.829156     0.0010    -0.0002    -0.5259
  22   5   2   1     0.829156     0.0010    -0.0002    -0.5259
  22   4   2   1     0.829156     0.0010    -0.0002    -0.5259
  22   3   2   1     0.829156     0.0010    -0.0002    -0.5259
  22   1   2   1     0.829156     0.0010    -0.0002    -0.5259
  22 187   2   2     0.866025     0.0005    -0.0001    -0.6059
  22 116   2   2     0.866025     0.0005    -0.0001    -0.3590
  22  72   2   2     0.866025     0.0005    -0.0001    -0.3590
  22  42   2   2     0.866025     0.0005    -0.0001    -0.3590
  22  24   2   2     0.866025     0.0005    -0.0001    -0.6059
  22  20   2   2     0.866025     0.0005    -0.0001    -0.6059
  22  19   2   2     0.866025     0.0005    -0.0001    -0.3590
  22 193   2  bac     0.000000     0.0410     0.0220    -0.0433
 end of test on atom           22
  23  23   2   2     0.000000    -0.0613    -0.0247    24.4301
  23 107   2   1     0.433013     0.0005     0.0019     1.4672
  23  12   2   1     0.433013     0.0005     0.0019     1.4672
  23   6   2   1     0.433013     0.0005     0.0019     1.4672
  23   5   2   1     0.433013     0.0005     0.0019     1.4672
  23 158   2   1     0.829156     0.0010    -0.0002    -0.5259
  23 112   2   1     0.829156     0.0010    -0.0002    -0.5259
  23 109   2   1     0.829156     0.0010    -0.0002    -0.5259
  23 105   2   1     0.829156     0.0010    -0.0002    -0.5259
  23 103   2   1     0.829156     0.0010    -0.0002    -0.5259
  23  51   2   1     0.829156     0.0010    -0.0002    -0.5259
  23  28   2   1     0.829156     0.0010    -0.0002    -0.5259
  23  25   2   1     0.829156     0.0010    -0.0002    -0.5259
  23  15   2   1     0.829156     0.0010    -0.0002    -0.5259
  23  10   2   1     0.829156     0.0010    -0.0002    -0.5259
  23   8   2   1     0.829156     0.0010    -0.0002    -0.5259
  23   2   2   1     0.829156     0.0010    -0.0002    -0.5259
  23 162   2   2     0.866025     0.0005    -0.0001    -0.3590
  23 120   2   2     0.866025     0.0005    -0.0001    -0.6059
  23  68   2   2     0.866025     0.0005    -0.0001    -0.6059
  23  43   2   2     0.866025     0.0005    -0.0001    -0.3590
  23  42   2   2     0.866025     0.0005    -0.0001    -0.6059
  23  24   2   2     0.866025     0.0005    -0.0001    -0.3590
  23  20   2   2     0.866025     0.0005    -0.0001    -0.3590
  23 193   2  bac     0.000000     0.0410     0.0220    -0.0433
 end of test on atom           23
  24  24   2   2     0.000000    -0.0613    -0.0247    24.4301
  24  16   2   1     0.433013     0.0005     0.0019     1.4672
  24  13   2   1     0.433013     0.0005     0.0019     1.4672
  24  12   2   1     0.433013     0.0005     0.0019     1.4672
  24   9   2   1     0.433013     0.0005     0.0019     1.4672
  24 102   2   1     0.829156     0.0010    -0.0002    -0.5259
  24 101   2   1     0.829156     0.0010    -0.0002    -0.5259
  24  51   2   1     0.829156     0.0010    -0.0002    -0.5259
  24  49   2   1     0.829156     0.0010    -0.0002    -0.5259
  24  31   2   1     0.829156     0.0010    -0.0002    -0.5259
  24  28   2   1     0.829156     0.0010    -0.0002    -0.5259
  24  15   2   1     0.829156     0.0010    -0.0002    -0.5259
  24  14   2   1     0.829156     0.0010    -0.0002    -0.5259
  24  11   2   1     0.829156     0.0010    -0.0002    -0.5259
  24  10   2   1     0.829156     0.0010    -0.0002    -0.5259
  24   8   2   1     0.829156     0.0010    -0.0002    -0.5259
  24   2   2   1     0.829156     0.0010    -0.0002    -0.5259
  24 137   2   2     0.866025     0.0005    -0.0001    -0.3590
  24 119   2   2     0.866025     0.0005    -0.0001    -0.6059
  24  70   2   2     0.866025     0.0005    -0.0001    -0.3590
  24  65   2   2     0.866025     0.0005    -0.0001    -0.6059
  24  45   2   2     0.866025     0.0005    -0.0001    -0.6059
  24  23   2   2     0.866025     0.0005    -0.0001    -0.3590
  24  22   2   2     0.866025     0.0005    -0.0001    -0.6059
  24 193   2  bac     0.000000     0.0410     0.0220    -0.0433
 end of test on atom           24
  type:            1  U1 =    10.6228831751847     
  type:            2  U1 =    24.4301122700794     
 
  CHI_0 Matrix 
 
  -0.0907   0.0000   0.0024   0.0024   0.0000   0.0000   0.0000   0.0024
   0.0000   0.0000   0.0000   0.0000   0.0000  -0.0002   0.0000   0.0000
   0.0005   0.0005   0.0010   0.0000   0.0000   0.0010   0.0000   0.0000
   0.0000
   0.0000  -0.0907   0.0000  -0.0002  -0.0002   0.0000   0.0000   0.0024
   0.0000   0.0000   0.0000   0.0024   0.0024   0.0000   0.0000  -0.0002
   0.0000   0.0000   0.0005   0.0000   0.0010   0.0000   0.0010   0.0010
   0.0000
   0.0024   0.0000  -0.0907   0.0000   0.0024   0.0000   0.0000   0.0024
   0.0000   0.0000   0.0000   0.0000   0.0000   0.0000  -0.0002   0.0000
   0.0005   0.0000   0.0010   0.0005   0.0000   0.0010   0.0000   0.0000
   0.0000
   0.0024  -0.0002   0.0000  -0.0907   0.0000   0.0000   0.0024   0.0024
   0.0000   0.0000   0.0000   0.0000   0.0024   0.0024   0.0000   0.0000
   0.0000   0.0005   0.0010   0.0000   0.0005   0.0010   0.0000   0.0000
   0.0000
   0.0000  -0.0002   0.0024   0.0000  -0.0907   0.0024   0.0000   0.0024
   0.0000   0.0000   0.0000   0.0024   0.0000   0.0000   0.0024   0.0000
   0.0000   0.0000   0.0010   0.0005   0.0000   0.0010   0.0005   0.0000
   0.0024
   0.0000   0.0000   0.0000   0.0000   0.0024  -0.0907   0.0000   0.0000
   0.0000   0.0024   0.0000   0.0024   0.0000   0.0000  -0.0002   0.0000
   0.0000   0.0000   0.0000   0.0000   0.0000   0.0000   0.0005   0.0000
   0.0024
   0.0000   0.0000   0.0000   0.0024   0.0000   0.0000  -0.0907   0.0000
   0.0000   0.0000   0.0024   0.0000   0.0024  -0.0002   0.0000   0.0000
   0.0000   0.0000   0.0000   0.0000   0.0005   0.0000   0.0000   0.0000
   0.0000
   0.0024   0.0024   0.0024   0.0024   0.0024   0.0000   0.0000  -0.0907
  -0.0002   0.0000   0.0000   0.0024   0.0024   0.0024   0.0024   0.0000
   0.0010   0.0010   0.0005   0.0010   0.0010   0.0005   0.0010   0.0010
   0.0000
   0.0000   0.0000   0.0000   0.0000   0.0000   0.0000   0.0000  -0.0002
  -0.0907  -0.0002  -0.0002   0.0024   0.0024   0.0024   0.0024   0.0024
   0.0000   0.0000   0.0000   0.0000   0.0000   0.0010   0.0000   0.0005
   0.0000
   0.0000   0.0000   0.0000   0.0000   0.0000   0.0024   0.0000   0.0000
  -0.0002  -0.0907   0.0000   0.0024   0.0000   0.0000   0.0000   0.0024
   0.0000   0.0000   0.0000   0.0000   0.0000   0.0000   0.0010   0.0010
   0.0000
   0.0000   0.0000   0.0000   0.0000   0.0000   0.0000   0.0024   0.0000
  -0.0002   0.0000  -0.0907   0.0000   0.0024   0.0000   0.0000   0.0024
   0.0000   0.0000   0.0000   0.0000   0.0010   0.0000   0.0000   0.0010
   0.0000
   0.0000   0.0024   0.0000   0.0000   0.0024   0.0024   0.0000   0.0024
   0.0024   0.0024   0.0000  -0.0907   0.0024  -0.0002   0.0024   0.0024
   0.0000   0.0000   0.0010   0.0000   0.0000   0.0010   0.0005   0.0005
  -0.0002
   0.0000   0.0024   0.0000   0.0024   0.0000   0.0000   0.0024   0.0024
   0.0024   0.0000   0.0024   0.0024  -0.0907   0.0024  -0.0002   0.0024
   0.0000   0.0000   0.0010   0.0000   0.0005   0.0010   0.0000   0.0005
   0.0000
  -0.0002   0.0000   0.0000   0.0024   0.0000   0.0000  -0.0002   0.0024
   0.0024   0.0000   0.0000  -0.0002   0.0024  -0.0907   0.0024   0.0000
   0.0000   0.0010   0.0000   0.0000   0.0010   0.0005   0.0000   0.0010
   0.0000
   0.0000   0.0000  -0.0002   0.0000   0.0024  -0.0002   0.0000   0.0024
   0.0024   0.0000   0.0000   0.0024  -0.0002   0.0024  -0.0907   0.0000
   0.0000   0.0000   0.0000   0.0010   0.0000   0.0005   0.0010   0.0010
   0.0024
   0.0000  -0.0002   0.0000   0.0000   0.0000   0.0000   0.0000   0.0000
   0.0024   0.0024   0.0024   0.0024   0.0024   0.0000   0.0000  -0.0907
   0.0000   0.0000   0.0000   0.0000   0.0000   0.0000   0.0000   0.0005
   0.0000
   0.0005   0.0000   0.0005   0.0000   0.0000   0.0000   0.0000   0.0010
   0.0000   0.0000   0.0000   0.0000   0.0000   0.0000   0.0000   0.0000
  -0.0613   0.0005   0.0005   0.0005   0.0000   0.0004   0.0000   0.0000
   0.0000
   0.0005   0.0000   0.0000   0.0005   0.0000   0.0000   0.0000   0.0010
   0.0000   0.0000   0.0000   0.0000   0.0000   0.0010   0.0000   0.0000
   0.0005  -0.0613   0.0004   0.0000   0.0005   0.0005   0.0000   0.0000
   0.0000
   0.0010   0.0005   0.0010   0.0010   0.0010   0.0000   0.0000   0.0005
   0.0000   0.0000   0.0000   0.0010   0.0010   0.0000   0.0000   0.0000
   0.0005   0.0004  -0.0613   0.0004   0.0005   0.0005   0.0005   0.0004
   0.0000
   0.0000   0.0000   0.0005   0.0000   0.0005   0.0000   0.0000   0.0010
   0.0000   0.0000   0.0000   0.0000   0.0000   0.0000   0.0010   0.0000
   0.0005   0.0000   0.0004  -0.0613   0.0000   0.0005   0.0005   0.0000
   0.0010
   0.0000   0.0010   0.0000   0.0005   0.0000   0.0000   0.0005   0.0010
   0.0000   0.0000   0.0010   0.0000   0.0005   0.0010   0.0000   0.0000
   0.0000   0.0005   0.0005   0.0000  -0.0613   0.0004   0.0000   0.0005
   0.0000
   0.0010   0.0000   0.0010   0.0010   0.0010   0.0000   0.0000   0.0005
   0.0010   0.0000   0.0000   0.0010   0.0010   0.0005   0.0005   0.0000
   0.0004   0.0005   0.0005   0.0005   0.0004  -0.0613   0.0004   0.0005
   0.0000
   0.0000   0.0010   0.0000   0.0000   0.0005   0.0005   0.0000   0.0010
   0.0000   0.0010   0.0000   0.0005   0.0000   0.0000   0.0010   0.0000
   0.0000   0.0000   0.0005   0.0005   0.0000   0.0004  -0.0613   0.0005
   0.0010
   0.0000   0.0010   0.0000   0.0000   0.0000   0.0000   0.0000   0.0010
   0.0005   0.0010   0.0010   0.0005   0.0005   0.0010   0.0010   0.0005
   0.0000   0.0000   0.0004   0.0000   0.0005   0.0005   0.0005  -0.0613
   0.0000
   0.0000   0.0000   0.0000   0.0000   0.0024   0.0024   0.0000   0.0000
   0.0000   0.0000   0.0000  -0.0002   0.0000   0.0000   0.0024   0.0000
   0.0000   0.0000   0.0000   0.0010   0.0000   0.0000   0.0010   0.0000
  -0.0907
 
 
  CHI Matrix 
 
  -0.0463   0.0000   0.0002   0.0002   0.0000   0.0000   0.0000   0.0002
   0.0000   0.0000   0.0000   0.0000   0.0000  -0.0001   0.0000   0.0000
   0.0019   0.0019  -0.0002   0.0000   0.0000  -0.0002   0.0000   0.0000
   0.0000
   0.0000  -0.0463   0.0000  -0.0001  -0.0001   0.0000   0.0000   0.0002
   0.0000   0.0000   0.0000   0.0002   0.0002   0.0000   0.0000  -0.0001
   0.0000   0.0000   0.0019   0.0000  -0.0002   0.0000  -0.0002  -0.0002
   0.0000
   0.0002   0.0000  -0.0463   0.0000   0.0002   0.0000   0.0000   0.0002
   0.0000   0.0000   0.0000   0.0000   0.0000   0.0000  -0.0001   0.0000
   0.0019   0.0000  -0.0002   0.0019   0.0000  -0.0002   0.0000   0.0000
   0.0000
   0.0002  -0.0001   0.0000  -0.0463   0.0000   0.0000   0.0002   0.0002
   0.0000   0.0000   0.0000   0.0000   0.0002   0.0002   0.0000   0.0000
   0.0000   0.0019  -0.0002   0.0000   0.0019  -0.0002   0.0000   0.0000
   0.0000
   0.0000  -0.0001   0.0002   0.0000  -0.0463   0.0002   0.0000   0.0002
   0.0000   0.0000   0.0000   0.0002   0.0000   0.0000   0.0002   0.0000
   0.0000   0.0000  -0.0002   0.0019   0.0000  -0.0002   0.0019   0.0000
   0.0002
   0.0000   0.0000   0.0000   0.0000   0.0002  -0.0463   0.0000   0.0000
   0.0000   0.0002   0.0000   0.0002   0.0000   0.0000  -0.0001   0.0000
   0.0000   0.0000   0.0000   0.0000   0.0000   0.0000   0.0019   0.0000
   0.0002
   0.0000   0.0000   0.0000   0.0002   0.0000   0.0000  -0.0463   0.0000
   0.0000   0.0000   0.0002   0.0000   0.0002  -0.0001   0.0000   0.0000
   0.0000   0.0000   0.0000   0.0000   0.0019   0.0000   0.0000   0.0000
   0.0000
   0.0002   0.0002   0.0002   0.0002   0.0002   0.0000   0.0000  -0.0463
  -0.0001   0.0000   0.0000   0.0002   0.0002   0.0002   0.0002   0.0000
  -0.0002  -0.0002   0.0019  -0.0002  -0.0002   0.0019  -0.0002  -0.0002
   0.0000
   0.0000   0.0000   0.0000   0.0000   0.0000   0.0000   0.0000  -0.0001
  -0.0463  -0.0001  -0.0001   0.0002   0.0002   0.0002   0.0002   0.0002
   0.0000   0.0000   0.0000   0.0000   0.0000  -0.0002   0.0000   0.0019
   0.0000
   0.0000   0.0000   0.0000   0.0000   0.0000   0.0002   0.0000   0.0000
  -0.0001  -0.0463   0.0000   0.0002   0.0000   0.0000   0.0000   0.0002
   0.0000   0.0000   0.0000   0.0000   0.0000   0.0000  -0.0002  -0.0002
   0.0000
   0.0000   0.0000   0.0000   0.0000   0.0000   0.0000   0.0002   0.0000
  -0.0001   0.0000  -0.0463   0.0000   0.0002   0.0000   0.0000   0.0002
   0.0000   0.0000   0.0000   0.0000  -0.0002   0.0000   0.0000  -0.0002
   0.0000
   0.0000   0.0002   0.0000   0.0000   0.0002   0.0002   0.0000   0.0002
   0.0002   0.0002   0.0000  -0.0463   0.0002  -0.0001   0.0002   0.0002
   0.0000   0.0000  -0.0002   0.0000   0.0000  -0.0002   0.0019   0.0019
  -0.0001
   0.0000   0.0002   0.0000   0.0002   0.0000   0.0000   0.0002   0.0002
   0.0002   0.0000   0.0002   0.0002  -0.0463   0.0002  -0.0001   0.0002
   0.0000   0.0000  -0.0002   0.0000   0.0019  -0.0002   0.0000   0.0019
   0.0000
  -0.0001   0.0000   0.0000   0.0002   0.0000   0.0000  -0.0001   0.0002
   0.0002   0.0000   0.0000  -0.0001   0.0002  -0.0463   0.0002   0.0000
   0.0000  -0.0002   0.0000   0.0000  -0.0002   0.0019   0.0000  -0.0002
   0.0000
   0.0000   0.0000  -0.0001   0.0000   0.0002  -0.0001   0.0000   0.0002
   0.0002   0.0000   0.0000   0.0002  -0.0001   0.0002  -0.0463   0.0000
   0.0000   0.0000   0.0000  -0.0002   0.0000   0.0019  -0.0002  -0.0002
   0.0002
   0.0000  -0.0001   0.0000   0.0000   0.0000   0.0000   0.0000   0.0000
   0.0002   0.0002   0.0002   0.0002   0.0002   0.0000   0.0000  -0.0463
   0.0000   0.0000   0.0000   0.0000   0.0000   0.0000   0.0000   0.0019
   0.0000
   0.0019   0.0000   0.0019   0.0000   0.0000   0.0000   0.0000  -0.0002
   0.0000   0.0000   0.0000   0.0000   0.0000   0.0000   0.0000   0.0000
  -0.0247  -0.0001  -0.0001  -0.0001   0.0000  -0.0001   0.0000   0.0000
   0.0000
   0.0019   0.0000   0.0000   0.0019   0.0000   0.0000   0.0000  -0.0002
   0.0000   0.0000   0.0000   0.0000   0.0000  -0.0002   0.0000   0.0000
  -0.0001  -0.0247  -0.0001   0.0000  -0.0001  -0.0001   0.0000   0.0000
   0.0000
  -0.0002   0.0019  -0.0002  -0.0002  -0.0002   0.0000   0.0000   0.0019
   0.0000   0.0000   0.0000  -0.0002  -0.0002   0.0000   0.0000   0.0000
  -0.0001  -0.0001  -0.0247  -0.0001  -0.0001  -0.0001  -0.0001  -0.0001
   0.0000
   0.0000   0.0000   0.0019   0.0000   0.0019   0.0000   0.0000  -0.0002
   0.0000   0.0000   0.0000   0.0000   0.0000   0.0000  -0.0002   0.0000
  -0.0001   0.0000  -0.0001  -0.0247   0.0000  -0.0001  -0.0001   0.0000
  -0.0002
   0.0000  -0.0002   0.0000   0.0019   0.0000   0.0000   0.0019  -0.0002
   0.0000   0.0000  -0.0002   0.0000   0.0019  -0.0002   0.0000   0.0000
   0.0000  -0.0001  -0.0001   0.0000  -0.0247  -0.0001   0.0000  -0.0001
   0.0000
  -0.0002   0.0000  -0.0002  -0.0002  -0.0002   0.0000   0.0000   0.0019
  -0.0002   0.0000   0.0000  -0.0002  -0.0002   0.0019   0.0019   0.0000
  -0.0001  -0.0001  -0.0001  -0.0001  -0.0001  -0.0247  -0.0001  -0.0001
   0.0000
   0.0000  -0.0002   0.0000   0.0000   0.0019   0.0019   0.0000  -0.0002
   0.0000  -0.0002   0.0000   0.0019   0.0000   0.0000  -0.0002   0.0000
   0.0000   0.0000  -0.0001  -0.0001   0.0000  -0.0001  -0.0247  -0.0001
  -0.0002
   0.0000  -0.0002   0.0000   0.0000   0.0000   0.0000   0.0000  -0.0002
   0.0019  -0.0002  -0.0002   0.0019   0.0019  -0.0002  -0.0002   0.0019
   0.0000   0.0000  -0.0001   0.0000  -0.0001  -0.0001  -0.0001  -0.0247
   0.0000
   0.0000   0.0000   0.0000   0.0000   0.0002   0.0002   0.0000   0.0000
   0.0000   0.0000   0.0000  -0.0001   0.0000   0.0000   0.0002   0.0000
   0.0000   0.0000   0.0000  -0.0002   0.0000   0.0000  -0.0002   0.0000
  -0.0463
 
 
  CHI0^-1 - CHI^-1 Matrix 
 
   10.6229   -0.0443   -0.1574   -0.1574   -0.0336   -0.0159   -0.0236   -0.2664
   -0.0165   -0.0151   -0.0166   -0.0264   -0.0336   -0.0995   -0.0443   -0.0159
    1.4672    1.4672   -0.5259   -0.0891   -0.0891   -0.5259   -0.0855   -0.0855
   -0.0185
   -0.0443   10.6229   -0.0443   -0.0995   -0.0995   -0.0443   -0.0443   -0.1574
   -0.0443   -0.0336   -0.0336   -0.2664   -0.2664   -0.0336   -0.0336   -0.0995
   -0.1148   -0.1124    1.4672   -0.1124   -0.5259   -0.0891   -0.5259   -0.5259
   -0.0165
   -0.1574   -0.0443   10.6229   -0.0336   -0.1574   -0.0236   -0.0159   -0.2664
   -0.0165   -0.0166   -0.0151   -0.0336   -0.0264   -0.0443   -0.0995   -0.0159
    1.4672   -0.0891   -0.5259    1.4672   -0.0855   -0.5259   -0.0891   -0.0855
   -0.0443
   -0.1574   -0.0995   -0.0336   10.6229   -0.0264   -0.0159   -0.1574   -0.2664
   -0.0336   -0.0166   -0.0443   -0.0336   -0.1574   -0.2664   -0.0443   -0.0236
   -0.0891    1.4672   -0.5259   -0.0855    1.4672   -0.5259   -0.0855   -0.0891
   -0.0166
   -0.0336   -0.0995   -0.1574   -0.0264   10.6229   -0.1574   -0.0159   -0.2664
   -0.0336   -0.0443   -0.0166   -0.1574   -0.0336   -0.0443   -0.2664   -0.0236
   -0.0891   -0.0855   -0.5259    1.4672   -0.0855   -0.5259    1.4672   -0.0891
   -0.2664
   -0.0159   -0.0443   -0.0236   -0.0159   -0.1574   10.6229   -0.0143   -0.0443
   -0.0336   -0.2664   -0.0166   -0.1574   -0.0236   -0.0170   -0.0995   -0.0336
   -0.0794   -0.0794   -0.1148   -0.0891   -0.0794   -0.1124    1.4672   -0.0891
   -0.2664
   -0.0236   -0.0443   -0.0159   -0.1574   -0.0159   -0.0143   10.6229   -0.0443
   -0.0336   -0.0166   -0.2664   -0.0236   -0.1574   -0.0995   -0.0170   -0.0336
   -0.0794   -0.0891   -0.1148   -0.0794    1.4672   -0.1124   -0.0794   -0.0891
   -0.0145
   -0.2664   -0.1574   -0.2664   -0.2664   -0.2664   -0.0443   -0.0443   10.6229
   -0.0995   -0.0264   -0.0264   -0.2664   -0.2664   -0.1574   -0.1574   -0.0443
   -0.5259   -0.5259    1.4672   -0.5259   -0.5259    1.4672   -0.5259   -0.5259
   -0.0336
   -0.0165   -0.0443   -0.0165   -0.0336   -0.0336   -0.0336   -0.0336   -0.0995
   10.6229   -0.0995   -0.0995   -0.1574   -0.1574   -0.2664   -0.2664   -0.1574
   -0.0782   -0.0855   -0.1124   -0.0855   -0.0891   -0.5259   -0.0891    1.4672
   -0.0443
   -0.0151   -0.0336   -0.0166   -0.0166   -0.0443   -0.2664   -0.0166   -0.0264
   -0.0995   10.6229   -0.0264   -0.2664   -0.0443   -0.0165   -0.0336   -0.2664
   -0.0805   -0.0805   -0.0855   -0.0835   -0.0835   -0.0855   -0.5259   -0.5259
   -0.0336
   -0.0166   -0.0336   -0.0151   -0.0443   -0.0166   -0.0166   -0.2664   -0.0264
   -0.0995   -0.0264   10.6229   -0.0443   -0.2664   -0.0336   -0.0165   -0.2664
   -0.0805   -0.0835   -0.0855   -0.0805   -0.5259   -0.0855   -0.0835   -0.5259
   -0.0143
   -0.0264   -0.2664   -0.0336   -0.0336   -0.1574   -0.1574   -0.0236   -0.2664
   -0.1574   -0.2664   -0.0443   10.6229   -0.1574   -0.0995   -0.2664   -0.1574
   -0.0855   -0.0855   -0.5259   -0.0891   -0.0891   -0.5259    1.4672    1.4672
   -0.0995
   -0.0336   -0.2664   -0.0264   -0.1574   -0.0336   -0.0236   -0.1574   -0.2664
   -0.1574   -0.0443   -0.2664   -0.1574   10.6229   -0.2664   -0.0995   -0.1574
   -0.0855   -0.0891   -0.5259   -0.0855    1.4672   -0.5259   -0.0891    1.4672
   -0.0170
   -0.0995   -0.0336   -0.0443   -0.2664   -0.0443   -0.0170   -0.0995   -0.1574
   -0.2664   -0.0165   -0.0336   -0.0995   -0.2664   10.6229   -0.1574   -0.0443
   -0.1124   -0.5259   -0.0891   -0.1148   -0.5259    1.4672   -0.1124   -0.5259
   -0.0236
   -0.0443   -0.0336   -0.0995   -0.0443   -0.2664   -0.0995   -0.0170   -0.1574
   -0.2664   -0.0336   -0.0165   -0.2664   -0.0995   -0.1574   10.6229   -0.0443
   -0.1124   -0.1148   -0.0891   -0.5259   -0.1124    1.4672   -0.5259   -0.5259
   -0.1574
   -0.0159   -0.0995   -0.0159   -0.0236   -0.0236   -0.0336   -0.0336   -0.0443
   -0.1574   -0.2664   -0.2664   -0.1574   -0.1574   -0.0443   -0.0443   10.6229
   -0.0794   -0.0794   -0.1124   -0.0794   -0.0891   -0.1148   -0.0891    1.4672
   -0.0170
    1.4672   -0.1148    1.4672   -0.0891   -0.0891   -0.0794   -0.0794   -0.5259
   -0.0782   -0.0805   -0.0805   -0.0855   -0.0855   -0.1124   -0.1124   -0.0794
   24.4301   -0.3590   -0.6059   -0.3590   -0.1443   -0.5360   -0.1443   -0.1435
   -0.0835
    1.4672   -0.1124   -0.0891    1.4672   -0.0855   -0.0794   -0.0891   -0.5259
   -0.0855   -0.0805   -0.0835   -0.0855   -0.0891   -0.5259   -0.1148   -0.0794
   -0.3590   24.4301   -0.5360   -0.1443   -0.3590   -0.6059   -0.1435   -0.1443
   -0.0835
   -0.5259    1.4672   -0.5259   -0.5259   -0.5259   -0.1148   -0.1148    1.4672
   -0.1124   -0.0855   -0.0855   -0.5259   -0.5259   -0.0891   -0.0891   -0.1124
   -0.6059   -0.5360   24.4301   -0.5360   -0.6059   -0.3590   -0.6059   -0.5360
   -0.0855
   -0.0891   -0.1124    1.4672   -0.0855    1.4672   -0.0891   -0.0794   -0.5259
   -0.0855   -0.0835   -0.0805   -0.0891   -0.0855   -0.1148   -0.5259   -0.0794
   -0.3590   -0.1443   -0.5360   24.4301   -0.1435   -0.6059   -0.3590   -0.1443
   -0.5259
   -0.0891   -0.5259   -0.0855    1.4672   -0.0855   -0.0794    1.4672   -0.5259
   -0.0891   -0.0835   -0.5259   -0.0891    1.4672   -0.5259   -0.1124   -0.0891
   -0.1443   -0.3590   -0.6059   -0.1435   24.4301   -0.5360   -0.1443   -0.3590
   -0.0805
   -0.5259   -0.0891   -0.5259   -0.5259   -0.5259   -0.1124   -0.1124    1.4672
   -0.5259   -0.0855   -0.0855   -0.5259   -0.5259    1.4672    1.4672   -0.1148
   -0.5360   -0.6059   -0.3590   -0.6059   -0.5360   24.4301   -0.5360   -0.6059
   -0.0891
   -0.0855   -0.5259   -0.0891   -0.0855    1.4672    1.4672   -0.0794   -0.5259
   -0.0891   -0.5259   -0.0835    1.4672   -0.0891   -0.1124   -0.5259   -0.0891
   -0.1443   -0.1435   -0.6059   -0.3590   -0.1443   -0.5360   24.4301   -0.3590
   -0.5259
   -0.0855   -0.5259   -0.0855   -0.0891   -0.0891   -0.0891   -0.0891   -0.5259
    1.4672   -0.5259   -0.5259    1.4672    1.4672   -0.5259   -0.5259    1.4672
   -0.1435   -0.1443   -0.5360   -0.1443   -0.3590   -0.6059   -0.3590   24.4301
   -0.1124
   -0.0185   -0.0165   -0.0443   -0.0166   -0.2664   -0.2664   -0.0145   -0.0336
   -0.0443   -0.0336   -0.0143   -0.0995   -0.0170   -0.0236   -0.1574   -0.0170
   -0.0835   -0.0835   -0.0855   -0.5259   -0.0805   -0.0891   -0.5259   -0.1124
   10.6229
