 
  DISTANCES 
 
   0.0000   0.7071   0.7071   0.7071   0.7071   0.7071   1.0000   0.7071
   0.7071   0.7071   0.7071   1.0000   0.7071   1.0000   0.7071   0.7071
   0.4330   0.4330   0.8292   0.8292   0.8292   0.8292   0.8292   0.8292
   0.0000
   0.7071   0.0000   0.7071   1.0000   1.0000   0.7071   0.7071   0.7071
   0.7071   0.7071   0.7071   0.7071   0.7071   0.7071   0.7071   1.0000
   0.4330   0.8292   0.4330   0.8292   0.8292   0.8292   0.8292   0.8292
   0.0000
   0.7071   0.7071   0.0000   0.7071   0.7071   1.0000   0.7071   0.7071
   0.7071   0.7071   0.7071   0.7071   1.0000   0.7071   1.0000   0.7071
   0.4330   0.8292   0.8292   0.4330   0.8292   0.8292   0.8292   0.8292
   0.0000
   0.7071   1.0000   0.7071   0.0000   1.0000   0.7071   0.7071   0.7071
   0.7071   0.7071   0.7071   0.7071   0.7071   0.7071   0.7071   1.0000
   0.8292   0.4330   0.8292   0.8292   0.4330   0.8292   0.8292   0.8292
   0.0000
   0.7071   1.0000   0.7071   1.0000   0.0000   0.7071   0.7071   0.7071
   0.7071   0.7071   0.7071   0.7071   0.7071   0.7071   0.7071   1.0000
   0.8292   0.8292   0.8292   0.4330   0.8292   0.8292   0.4330   0.8292
   0.0000
   0.7071   0.7071   1.0000   0.7071   0.7071   0.0000   0.7071   0.7071
   0.7071   0.7071   0.7071   0.7071   1.0000   0.7071   1.0000   0.7071
   0.8292   0.8292   0.4330   0.8292   0.8292   0.8292   0.4330   0.8292
   0.0000
   1.0000   0.7071   0.7071   0.7071   0.7071   0.7071   0.0000   0.7071
   0.7071   0.7071   0.7071   1.0000   0.7071   1.0000   0.7071   0.7071
   0.8292   0.8292   0.4330   0.8292   0.4330   0.8292   0.8292   0.8292
   0.0000
   0.7071   0.7071   0.7071   0.7071   0.7071   0.7071   0.7071   0.0000
   1.0000   1.0000   1.0000   0.7071   0.7071   0.7071   0.7071   0.7071
   0.8292   0.8292   0.4330   0.8292   0.8292   0.4330   0.8292   0.8292
   0.0000
   0.7071   0.7071   0.7071   0.7071   0.7071   0.7071   0.7071   1.0000
   0.0000   1.0000   1.0000   0.7071   0.7071   0.7071   0.7071   0.7071
   0.4330   0.8292   0.8292   0.8292   0.8292   0.8292   0.8292   0.4330
   0.0000
   0.7071   0.7071   0.7071   0.7071   0.7071   0.7071   0.7071   1.0000
   1.0000   0.0000   1.0000   0.7071   0.7071   0.7071   0.7071   0.7071
   0.8292   0.8292   0.8292   0.4330   0.4330   0.8292   0.8292   0.8292
   0.0000
   0.7071   0.7071   0.7071   0.7071   0.7071   0.7071   0.7071   1.0000
   1.0000   1.0000   0.0000   0.7071   0.7071   0.7071   0.7071   0.7071
   0.8292   0.4330   0.8292   0.8292   0.8292   0.8292   0.4330   0.8292
   0.0000
   1.0000   0.7071   0.7071   0.7071   0.7071   0.7071   1.0000   0.7071
   0.7071   0.7071   0.7071   0.0000   0.7071   1.0000   0.7071   0.7071
   0.8292   0.8292   0.8292   0.8292   0.8292   0.8292   0.4330   0.4330
   0.0000
   0.7071   0.7071   1.0000   0.7071   0.7071   1.0000   0.7071   0.7071
   0.7071   0.7071   0.7071   0.7071   0.0000   0.7071   1.0000   0.7071
   0.8292   0.8292   0.8292   0.8292   0.4330   0.8292   0.8292   0.4330
   0.0000
   1.0000   0.7071   0.7071   0.7071   0.7071   0.7071   1.0000   0.7071
   0.7071   0.7071   0.7071   1.0000   0.7071   0.0000   0.7071   0.7071
   0.8292   0.8292   0.8292   0.4330   0.8292   0.4330   0.8292   0.8292
   0.0000
   0.7071   0.7071   1.0000   0.7071   0.7071   1.0000   0.7071   0.7071
   0.7071   0.7071   0.7071   0.7071   1.0000   0.7071   0.0000   0.7071
   0.8292   0.4330   0.8292   0.8292   0.8292   0.4330   0.8292   0.8292
   0.0000
   0.7071   1.0000   0.7071   1.0000   1.0000   0.7071   0.7071   0.7071
   0.7071   0.7071   0.7071   0.7071   0.7071   0.7071   0.7071   0.0000
   0.8292   0.8292   0.8292   0.8292   0.8292   0.4330   0.8292   0.4330
   0.0000
   0.4330   0.4330   0.4330   0.8292   0.8292   0.8292   0.8292   0.8292
   0.4330   0.8292   0.8292   0.8292   0.8292   0.8292   0.8292   0.8292
   0.0000   0.8660   0.8660   0.8660   1.0000   1.0000   1.0000   0.8660
   0.0000
   0.4330   0.8292   0.8292   0.4330   0.8292   0.8292   0.8292   0.8292
   0.8292   0.8292   0.4330   0.8292   0.8292   0.8292   0.4330   0.8292
   0.8660   0.0000   1.0000   1.0000   0.8660   0.8660   0.8660   1.0000
   0.0000
   0.8292   0.4330   0.8292   0.8292   0.8292   0.4330   0.4330   0.4330
   0.8292   0.8292   0.8292   0.8292   0.8292   0.8292   0.8292   0.8292
   0.8660   1.0000   0.0000   1.0000   0.8660   0.8660   0.8660   1.0000
   0.0000
   0.8292   0.8292   0.4330   0.8292   0.4330   0.8292   0.8292   0.8292
   0.8292   0.4330   0.8292   0.8292   0.8292   0.4330   0.8292   0.8292
   0.8660   1.0000   1.0000   0.0000   0.8660   0.8660   0.8660   1.0000
   0.0000
   0.8292   0.8292   0.8292   0.4330   0.8292   0.8292   0.4330   0.8292
   0.8292   0.4330   0.8292   0.8292   0.4330   0.8292   0.8292   0.8292
   1.0000   0.8660   0.8660   0.8660   0.0000   1.0000   1.0000   0.8660
   0.0000
   0.8292   0.8292   0.8292   0.8292   0.8292   0.8292   0.8292   0.4330
   0.8292   0.8292   0.8292   0.8292   0.8292   0.4330   0.4330   0.4330
   1.0000   0.8660   0.8660   0.8660   1.0000   0.0000   1.0000   0.8660
   0.0000
   0.8292   0.8292   0.8292   0.8292   0.4330   0.4330   0.8292   0.8292
   0.8292   0.8292   0.4330   0.4330   0.8292   0.8292   0.8292   0.8292
   1.0000   0.8660   0.8660   0.8660   1.0000   1.0000   0.0000   0.8660
   0.0000
   0.8292   0.8292   0.8292   0.8292   0.8292   0.8292   0.8292   0.8292
   0.4330   0.8292   0.8292   0.4330   0.4330   0.8292   0.8292   0.4330
   0.8660   1.0000   1.0000   1.0000   0.8660   0.8660   0.8660   0.0000
   0.0000
   0.7071   0.7071   0.7071   0.7071   0.7071   1.0000   0.7071   0.7071
   0.7071   0.7071   1.0000   0.7071   1.0000   0.7071   0.7071   0.4330
   0.4330   0.8292   0.8292   0.8292   0.8292   0.8292   0.8292   0.0000
   0.0000
 
 
  number of atoms in the primitive cell:          24         648
 
 
  CHI_0 Matrix 
 
  -0.0907   0.0024   0.0024   0.0024   0.0024   0.0024  -0.0005   0.0024
   0.0024   0.0024   0.0024  -0.0005   0.0024  -0.0005   0.0024   0.0024
   0.0005   0.0005   0.0010   0.0010   0.0010   0.0010   0.0010   0.0010
   0.0567
   0.0024  -0.0907   0.0024  -0.0005  -0.0005   0.0024   0.0024   0.0024
   0.0024   0.0024   0.0024   0.0024   0.0024   0.0024   0.0024  -0.0005
   0.0005   0.0010   0.0005   0.0010   0.0010   0.0010   0.0010   0.0010
   0.0567
   0.0024   0.0024  -0.0907   0.0024   0.0024  -0.0005   0.0024   0.0024
   0.0024   0.0024   0.0024   0.0024  -0.0005   0.0024  -0.0005   0.0024
   0.0005   0.0010   0.0010   0.0005   0.0010   0.0010   0.0010   0.0010
   0.0567
   0.0024  -0.0005   0.0024  -0.0907  -0.0005   0.0024   0.0024   0.0024
   0.0024   0.0024   0.0024   0.0024   0.0024   0.0024   0.0024  -0.0005
   0.0010   0.0005   0.0010   0.0010   0.0005   0.0010   0.0010   0.0010
   0.0567
   0.0024  -0.0005   0.0024  -0.0005  -0.0907   0.0024   0.0024   0.0024
   0.0024   0.0024   0.0024   0.0024   0.0024   0.0024   0.0024  -0.0005
   0.0010   0.0010   0.0010   0.0005   0.0010   0.0010   0.0005   0.0010
   0.0567
   0.0024   0.0024  -0.0005   0.0024   0.0024  -0.0907   0.0024   0.0024
   0.0024   0.0024   0.0024   0.0024  -0.0005   0.0024  -0.0005   0.0024
   0.0010   0.0010   0.0005   0.0010   0.0010   0.0010   0.0005   0.0010
   0.0567
  -0.0005   0.0024   0.0024   0.0024   0.0024   0.0024  -0.0907   0.0024
   0.0024   0.0024   0.0024  -0.0005   0.0024  -0.0005   0.0024   0.0024
   0.0010   0.0010   0.0005   0.0010   0.0005   0.0010   0.0010   0.0010
   0.0567
   0.0024   0.0024   0.0024   0.0024   0.0024   0.0024   0.0024  -0.0907
  -0.0005  -0.0005  -0.0005   0.0024   0.0024   0.0024   0.0024   0.0024
   0.0010   0.0010   0.0005   0.0010   0.0010   0.0005   0.0010   0.0010
   0.0567
   0.0024   0.0024   0.0024   0.0024   0.0024   0.0024   0.0024  -0.0005
  -0.0907  -0.0005  -0.0005   0.0024   0.0024   0.0024   0.0024   0.0024
   0.0005   0.0010   0.0010   0.0010   0.0010   0.0010   0.0010   0.0005
   0.0567
   0.0024   0.0024   0.0024   0.0024   0.0024   0.0024   0.0024  -0.0005
  -0.0005  -0.0907  -0.0005   0.0024   0.0024   0.0024   0.0024   0.0024
   0.0010   0.0010   0.0010   0.0005   0.0005   0.0010   0.0010   0.0010
   0.0567
   0.0024   0.0024   0.0024   0.0024   0.0024   0.0024   0.0024  -0.0005
  -0.0005  -0.0005  -0.0907   0.0024   0.0024   0.0024   0.0024   0.0024
   0.0010   0.0005   0.0010   0.0010   0.0010   0.0010   0.0005   0.0010
   0.0567
  -0.0005   0.0024   0.0024   0.0024   0.0024   0.0024  -0.0005   0.0024
   0.0024   0.0024   0.0024  -0.0907   0.0024  -0.0005   0.0024   0.0024
   0.0010   0.0010   0.0010   0.0010   0.0010   0.0010   0.0005   0.0005
   0.0567
   0.0024   0.0024  -0.0005   0.0024   0.0024  -0.0005   0.0024   0.0024
   0.0024   0.0024   0.0024   0.0024  -0.0907   0.0024  -0.0005   0.0024
   0.0010   0.0010   0.0010   0.0010   0.0005   0.0010   0.0010   0.0005
   0.0567
  -0.0005   0.0024   0.0024   0.0024   0.0024   0.0024  -0.0005   0.0024
   0.0024   0.0024   0.0024  -0.0005   0.0024  -0.0907   0.0024   0.0024
   0.0010   0.0010   0.0010   0.0005   0.0010   0.0005   0.0010   0.0010
   0.0567
   0.0024   0.0024  -0.0005   0.0024   0.0024  -0.0005   0.0024   0.0024
   0.0024   0.0024   0.0024   0.0024  -0.0005   0.0024  -0.0907   0.0024
   0.0010   0.0005   0.0010   0.0010   0.0010   0.0005   0.0010   0.0010
   0.0567
   0.0024  -0.0005   0.0024  -0.0005  -0.0005   0.0024   0.0024   0.0024
   0.0024   0.0024   0.0024   0.0024   0.0024   0.0024   0.0024  -0.0907
   0.0010   0.0010   0.0010   0.0010   0.0010   0.0005   0.0010   0.0005
   0.0567
   0.0005   0.0005   0.0005   0.0010   0.0010   0.0010   0.0010   0.0010
   0.0005   0.0010   0.0010   0.0010   0.0010   0.0010   0.0010   0.0010
  -0.0613   0.0010   0.0010   0.0010   0.0008   0.0008   0.0008   0.0010
   0.0410
   0.0005   0.0010   0.0010   0.0005   0.0010   0.0010   0.0010   0.0010
   0.0010   0.0010   0.0005   0.0010   0.0010   0.0010   0.0005   0.0010
   0.0010  -0.0613   0.0008   0.0008   0.0010   0.0010   0.0010   0.0008
   0.0410
   0.0010   0.0005   0.0010   0.0010   0.0010   0.0005   0.0005   0.0005
   0.0010   0.0010   0.0010   0.0010   0.0010   0.0010   0.0010   0.0010
   0.0010   0.0008  -0.0613   0.0008   0.0010   0.0010   0.0010   0.0008
   0.0410
   0.0010   0.0010   0.0005   0.0010   0.0005   0.0010   0.0010   0.0010
   0.0010   0.0005   0.0010   0.0010   0.0010   0.0005   0.0010   0.0010
   0.0010   0.0008   0.0008  -0.0613   0.0010   0.0010   0.0010   0.0008
   0.0410
   0.0010   0.0010   0.0010   0.0005   0.0010   0.0010   0.0005   0.0010
   0.0010   0.0005   0.0010   0.0010   0.0005   0.0010   0.0010   0.0010
   0.0008   0.0010   0.0010   0.0010  -0.0613   0.0008   0.0008   0.0010
   0.0410
   0.0010   0.0010   0.0010   0.0010   0.0010   0.0010   0.0010   0.0005
   0.0010   0.0010   0.0010   0.0010   0.0010   0.0005   0.0005   0.0005
   0.0008   0.0010   0.0010   0.0010   0.0008  -0.0613   0.0008   0.0010
   0.0410
   0.0010   0.0010   0.0010   0.0010   0.0005   0.0005   0.0010   0.0010
   0.0010   0.0010   0.0005   0.0005   0.0010   0.0010   0.0010   0.0010
   0.0008   0.0010   0.0010   0.0010   0.0008   0.0008  -0.0613   0.0010
   0.0410
   0.0010   0.0010   0.0010   0.0010   0.0010   0.0010   0.0010   0.0010
   0.0005   0.0010   0.0010   0.0005   0.0005   0.0010   0.0010   0.0005
   0.0010   0.0008   0.0008   0.0008   0.0010   0.0010   0.0010  -0.0613
   0.0410
   0.0567   0.0567   0.0567   0.0567   0.0567   0.0567   0.0567   0.0567
   0.0567   0.0567   0.0567   0.0567   0.0567   0.0567   0.0567   0.0567
   0.0410   0.0410   0.0410   0.0410   0.0410   0.0410   0.0410   0.0410
  -1.2360
 
 
  CHI Matrix 
 
  -0.0463   0.0002   0.0002   0.0002   0.0002   0.0002  -0.0002   0.0002
   0.0002   0.0002   0.0002  -0.0002   0.0002  -0.0002   0.0002   0.0002
   0.0019   0.0019  -0.0002  -0.0002  -0.0002  -0.0002  -0.0002  -0.0002
   0.0418
   0.0002  -0.0463   0.0002  -0.0002  -0.0002   0.0002   0.0002   0.0002
   0.0002   0.0002   0.0002   0.0002   0.0002   0.0002   0.0002  -0.0002
   0.0019  -0.0002   0.0019  -0.0002  -0.0002  -0.0002  -0.0002  -0.0002
   0.0418
   0.0002   0.0002  -0.0463   0.0002   0.0002  -0.0002   0.0002   0.0002
   0.0002   0.0002   0.0002   0.0002  -0.0002   0.0002  -0.0002   0.0002
   0.0019  -0.0002  -0.0002   0.0019  -0.0002  -0.0002  -0.0002  -0.0002
   0.0418
   0.0002  -0.0002   0.0002  -0.0463  -0.0002   0.0002   0.0002   0.0002
   0.0002   0.0002   0.0002   0.0002   0.0002   0.0002   0.0002  -0.0002
  -0.0002   0.0019  -0.0002  -0.0002   0.0019  -0.0002  -0.0002  -0.0002
   0.0418
   0.0002  -0.0002   0.0002  -0.0002  -0.0463   0.0002   0.0002   0.0002
   0.0002   0.0002   0.0002   0.0002   0.0002   0.0002   0.0002  -0.0002
  -0.0002  -0.0002  -0.0002   0.0019  -0.0002  -0.0002   0.0019  -0.0002
   0.0418
   0.0002   0.0002  -0.0002   0.0002   0.0002  -0.0463   0.0002   0.0002
   0.0002   0.0002   0.0002   0.0002  -0.0002   0.0002  -0.0002   0.0002
  -0.0002  -0.0002   0.0019  -0.0002  -0.0002  -0.0002   0.0019  -0.0002
   0.0418
  -0.0002   0.0002   0.0002   0.0002   0.0002   0.0002  -0.0463   0.0002
   0.0002   0.0002   0.0002  -0.0002   0.0002  -0.0002   0.0002   0.0002
  -0.0002  -0.0002   0.0019  -0.0002   0.0019  -0.0002  -0.0002  -0.0002
   0.0418
   0.0002   0.0002   0.0002   0.0002   0.0002   0.0002   0.0002  -0.0463
  -0.0002  -0.0002  -0.0002   0.0002   0.0002   0.0002   0.0002   0.0002
  -0.0002  -0.0002   0.0019  -0.0002  -0.0002   0.0019  -0.0002  -0.0002
   0.0418
   0.0002   0.0002   0.0002   0.0002   0.0002   0.0002   0.0002  -0.0002
  -0.0463  -0.0002  -0.0002   0.0002   0.0002   0.0002   0.0002   0.0002
   0.0019  -0.0002  -0.0002  -0.0002  -0.0002  -0.0002  -0.0002   0.0019
   0.0418
   0.0002   0.0002   0.0002   0.0002   0.0002   0.0002   0.0002  -0.0002
  -0.0002  -0.0463  -0.0002   0.0002   0.0002   0.0002   0.0002   0.0002
  -0.0002  -0.0002  -0.0002   0.0019   0.0019  -0.0002  -0.0002  -0.0002
   0.0418
   0.0002   0.0002   0.0002   0.0002   0.0002   0.0002   0.0002  -0.0002
  -0.0002  -0.0002  -0.0463   0.0002   0.0002   0.0002   0.0002   0.0002
  -0.0002   0.0019  -0.0002  -0.0002  -0.0002  -0.0002   0.0019  -0.0002
   0.0418
  -0.0002   0.0002   0.0002   0.0002   0.0002   0.0002  -0.0002   0.0002
   0.0002   0.0002   0.0002  -0.0463   0.0002  -0.0002   0.0002   0.0002
  -0.0002  -0.0002  -0.0002  -0.0002  -0.0002  -0.0002   0.0019   0.0019
   0.0418
   0.0002   0.0002  -0.0002   0.0002   0.0002  -0.0002   0.0002   0.0002
   0.0002   0.0002   0.0002   0.0002  -0.0463   0.0002  -0.0002   0.0002
  -0.0002  -0.0002  -0.0002  -0.0002   0.0019  -0.0002  -0.0002   0.0019
   0.0418
  -0.0002   0.0002   0.0002   0.0002   0.0002   0.0002  -0.0002   0.0002
   0.0002   0.0002   0.0002  -0.0002   0.0002  -0.0463   0.0002   0.0002
  -0.0002  -0.0002  -0.0002   0.0019  -0.0002   0.0019  -0.0002  -0.0002
   0.0418
   0.0002   0.0002  -0.0002   0.0002   0.0002  -0.0002   0.0002   0.0002
   0.0002   0.0002   0.0002   0.0002  -0.0002   0.0002  -0.0463   0.0002
  -0.0002   0.0019  -0.0002  -0.0002  -0.0002   0.0019  -0.0002  -0.0002
   0.0418
   0.0002  -0.0002   0.0002  -0.0002  -0.0002   0.0002   0.0002   0.0002
   0.0002   0.0002   0.0002   0.0002   0.0002   0.0002   0.0002  -0.0463
  -0.0002  -0.0002  -0.0002  -0.0002  -0.0002   0.0019  -0.0002   0.0019
   0.0418
   0.0019   0.0019   0.0019  -0.0002  -0.0002  -0.0002  -0.0002  -0.0002
   0.0019  -0.0002  -0.0002  -0.0002  -0.0002  -0.0002  -0.0002  -0.0002
  -0.0247  -0.0002  -0.0002  -0.0002  -0.0002  -0.0002  -0.0002  -0.0002
   0.0220
   0.0019  -0.0002  -0.0002   0.0019  -0.0002  -0.0002  -0.0002  -0.0002
  -0.0002  -0.0002   0.0019  -0.0002  -0.0002  -0.0002   0.0019  -0.0002
  -0.0002  -0.0247  -0.0002  -0.0002  -0.0002  -0.0002  -0.0002  -0.0002
   0.0220
  -0.0002   0.0019  -0.0002  -0.0002  -0.0002   0.0019   0.0019   0.0019
  -0.0002  -0.0002  -0.0002  -0.0002  -0.0002  -0.0002  -0.0002  -0.0002
  -0.0002  -0.0002  -0.0247  -0.0002  -0.0002  -0.0002  -0.0002  -0.0002
   0.0220
  -0.0002  -0.0002   0.0019  -0.0002   0.0019  -0.0002  -0.0002  -0.0002
  -0.0002   0.0019  -0.0002  -0.0002  -0.0002   0.0019  -0.0002  -0.0002
  -0.0002  -0.0002  -0.0002  -0.0247  -0.0002  -0.0002  -0.0002  -0.0002
   0.0220
  -0.0002  -0.0002  -0.0002   0.0019  -0.0002  -0.0002   0.0019  -0.0002
  -0.0002   0.0019  -0.0002  -0.0002   0.0019  -0.0002  -0.0002  -0.0002
  -0.0002  -0.0002  -0.0002  -0.0002  -0.0247  -0.0002  -0.0002  -0.0002
   0.0220
  -0.0002  -0.0002  -0.0002  -0.0002  -0.0002  -0.0002  -0.0002   0.0019
  -0.0002  -0.0002  -0.0002  -0.0002  -0.0002   0.0019   0.0019   0.0019
  -0.0002  -0.0002  -0.0002  -0.0002  -0.0002  -0.0247  -0.0002  -0.0002
   0.0220
  -0.0002  -0.0002  -0.0002  -0.0002   0.0019   0.0019  -0.0002  -0.0002
  -0.0002  -0.0002   0.0019   0.0019  -0.0002  -0.0002  -0.0002  -0.0002
  -0.0002  -0.0002  -0.0002  -0.0002  -0.0002  -0.0002  -0.0247  -0.0002
   0.0220
  -0.0002  -0.0002  -0.0002  -0.0002  -0.0002  -0.0002  -0.0002  -0.0002
   0.0019  -0.0002  -0.0002   0.0019   0.0019  -0.0002  -0.0002   0.0019
  -0.0002  -0.0002  -0.0002  -0.0002  -0.0002  -0.0002  -0.0002  -0.0247
   0.0220
   0.0418   0.0418   0.0418   0.0418   0.0418   0.0418   0.0418   0.0418
   0.0418   0.0418   0.0418   0.0418   0.0418   0.0418   0.0418   0.0418
   0.0220   0.0220   0.0220   0.0220   0.0220   0.0220   0.0220   0.0220
  -0.8440
 
 
  CHI0^-1 - CHI^-1 Matrix 
 
   10.4955   -0.3379   -0.3379   -0.3379   -0.4259   -0.4259   -0.3393   -0.4259
   -0.3379   -0.4259   -0.3379   -0.3393   -0.4259   -0.3393   -0.3379   -0.4259
    0.8738    0.8738   -1.1318   -1.1318   -1.1318   -1.1318   -1.1318   -1.1318
    0.1489
   -0.3379   10.4955   -0.3379   -0.3393   -0.3393   -0.3379   -0.3379   -0.3379
   -0.3379   -0.4259   -0.4259   -0.4259   -0.4259   -0.4259   -0.4259   -0.3393
    0.8738   -1.1318    0.8738   -1.1318   -1.1318   -1.1318   -1.1318   -1.1318
    0.1489
   -0.3379   -0.3379   10.4955   -0.4259   -0.3379   -0.3393   -0.4259   -0.4259
   -0.3379   -0.3379   -0.4259   -0.4259   -0.3393   -0.3379   -0.3393   -0.4259
    0.8738   -1.1318   -1.1318    0.8738   -1.1318   -1.1318   -1.1318   -1.1318
    0.1489
   -0.3379   -0.3393   -0.4259   10.4955   -0.3393   -0.4259   -0.3379   -0.4259
   -0.4259   -0.3379   -0.3379   -0.4259   -0.3379   -0.4259   -0.3379   -0.3393
   -1.1318    0.8738   -1.1318   -1.1318    0.8738   -1.1318   -1.1318   -1.1318
    0.1489
   -0.4259   -0.3393   -0.3379   -0.3393   10.4955   -0.3379   -0.4259   -0.4259
   -0.4259   -0.3379   -0.3379   -0.3379   -0.4259   -0.3379   -0.4259   -0.3393
   -1.1318   -1.1318   -1.1318    0.8738   -1.1318   -1.1318    0.8738   -1.1318
    0.1489
   -0.4259   -0.3379   -0.3393   -0.4259   -0.3379   10.4955   -0.3379   -0.3379
   -0.4259   -0.4259   -0.3379   -0.3379   -0.3393   -0.4259   -0.3393   -0.4259
   -1.1318   -1.1318    0.8738   -1.1318   -1.1318   -1.1318    0.8738   -1.1318
    0.1489
   -0.3393   -0.3379   -0.4259   -0.3379   -0.4259   -0.3379   10.4955   -0.3379
   -0.4259   -0.3379   -0.4259   -0.3393   -0.3379   -0.3393   -0.4259   -0.4259
   -1.1318   -1.1318    0.8738   -1.1318    0.8738   -1.1318   -1.1318   -1.1318
    0.1489
   -0.4259   -0.3379   -0.4259   -0.4259   -0.4259   -0.3379   -0.3379   10.4955
   -0.3393   -0.3393   -0.3393   -0.4259   -0.4259   -0.3379   -0.3379   -0.3379
   -1.1318   -1.1318    0.8738   -1.1318   -1.1318    0.8738   -1.1318   -1.1318
    0.1489
   -0.3379   -0.3379   -0.3379   -0.4259   -0.4259   -0.4259   -0.4259   -0.3393
   10.4955   -0.3393   -0.3393   -0.3379   -0.3379   -0.4259   -0.4259   -0.3379
    0.8738   -1.1318   -1.1318   -1.1318   -1.1318   -1.1318   -1.1318    0.8738
    0.1489
   -0.4259   -0.4259   -0.3379   -0.3379   -0.3379   -0.4259   -0.3379   -0.3393
   -0.3393   10.4955   -0.3393   -0.4259   -0.3379   -0.3379   -0.4259   -0.4259
   -1.1318   -1.1318   -1.1318    0.8738    0.8738   -1.1318   -1.1318   -1.1318
    0.1489
   -0.3379   -0.4259   -0.4259   -0.3379   -0.3379   -0.3379   -0.4259   -0.3393
   -0.3393   -0.3393   10.4955   -0.3379   -0.4259   -0.4259   -0.3379   -0.4259
   -1.1318    0.8738   -1.1318   -1.1318   -1.1318   -1.1318    0.8738   -1.1318
    0.1489
   -0.3393   -0.4259   -0.4259   -0.4259   -0.3379   -0.3379   -0.3393   -0.4259
   -0.3379   -0.4259   -0.3379   10.4955   -0.3379   -0.3393   -0.4259   -0.3379
   -1.1318   -1.1318   -1.1318   -1.1318   -1.1318   -1.1318    0.8738    0.8738
    0.1489
   -0.4259   -0.4259   -0.3393   -0.3379   -0.4259   -0.3393   -0.3379   -0.4259
   -0.3379   -0.3379   -0.4259   -0.3379   10.4955   -0.4259   -0.3393   -0.3379
   -1.1318   -1.1318   -1.1318   -1.1318    0.8738   -1.1318   -1.1318    0.8738
    0.1489
   -0.3393   -0.4259   -0.3379   -0.4259   -0.3379   -0.4259   -0.3393   -0.3379
   -0.4259   -0.3379   -0.4259   -0.3393   -0.4259   10.4955   -0.3379   -0.3379
   -1.1318   -1.1318   -1.1318    0.8738   -1.1318    0.8738   -1.1318   -1.1318
    0.1489
   -0.3379   -0.4259   -0.3393   -0.3379   -0.4259   -0.3393   -0.4259   -0.3379
   -0.4259   -0.4259   -0.3379   -0.4259   -0.3393   -0.3379   10.4955   -0.3379
   -1.1318    0.8738   -1.1318   -1.1318   -1.1318    0.8738   -1.1318   -1.1318
    0.1489
   -0.4259   -0.3393   -0.4259   -0.3393   -0.3393   -0.4259   -0.4259   -0.3379
   -0.3379   -0.4259   -0.4259   -0.3379   -0.3379   -0.3379   -0.3379   10.4955
   -1.1318   -1.1318   -1.1318   -1.1318   -1.1318    0.8738   -1.1318    0.8738
    0.1489
    0.8738    0.8738    0.8738   -1.1318   -1.1318   -1.1318   -1.1318   -1.1318
    0.8738   -1.1318   -1.1318   -1.1318   -1.1318   -1.1318   -1.1318   -1.1318
   23.4344   -1.8133   -1.8133   -1.8133   -1.9148   -1.9148   -1.9148   -1.8133
   -0.3498
    0.8738   -1.1318   -1.1318    0.8738   -1.1318   -1.1318   -1.1318   -1.1318
   -1.1318   -1.1318    0.8738   -1.1318   -1.1318   -1.1318    0.8738   -1.1318
   -1.8133   23.4344   -1.9148   -1.9148   -1.8133   -1.8133   -1.8133   -1.9148
   -0.3498
   -1.1318    0.8738   -1.1318   -1.1318   -1.1318    0.8738    0.8738    0.8738
   -1.1318   -1.1318   -1.1318   -1.1318   -1.1318   -1.1318   -1.1318   -1.1318
   -1.8133   -1.9148   23.4344   -1.9148   -1.8133   -1.8133   -1.8133   -1.9148
   -0.3498
   -1.1318   -1.1318    0.8738   -1.1318    0.8738   -1.1318   -1.1318   -1.1318
   -1.1318    0.8738   -1.1318   -1.1318   -1.1318    0.8738   -1.1318   -1.1318
   -1.8133   -1.9148   -1.9148   23.4344   -1.8133   -1.8133   -1.8133   -1.9148
   -0.3498
   -1.1318   -1.1318   -1.1318    0.8738   -1.1318   -1.1318    0.8738   -1.1318
   -1.1318    0.8738   -1.1318   -1.1318    0.8738   -1.1318   -1.1318   -1.1318
   -1.9148   -1.8133   -1.8133   -1.8133   23.4344   -1.9148   -1.9148   -1.8133
   -0.3498
   -1.1318   -1.1318   -1.1318   -1.1318   -1.1318   -1.1318   -1.1318    0.8738
   -1.1318   -1.1318   -1.1318   -1.1318   -1.1318    0.8738    0.8738    0.8738
   -1.9148   -1.8133   -1.8133   -1.8133   -1.9148   23.4344   -1.9148   -1.8133
   -0.3498
   -1.1318   -1.1318   -1.1318   -1.1318    0.8738    0.8738   -1.1318   -1.1318
   -1.1318   -1.1318    0.8738    0.8738   -1.1318   -1.1318   -1.1318   -1.1318
   -1.9148   -1.8133   -1.8133   -1.8133   -1.9148   -1.9148   23.4344   -1.8133
   -0.3498
   -1.1318   -1.1318   -1.1318   -1.1318   -1.1318   -1.1318   -1.1318   -1.1318
    0.8738   -1.1318   -1.1318    0.8738    0.8738   -1.1318   -1.1318    0.8738
   -1.8133   -1.9148   -1.9148   -1.9148   -1.8133   -1.8133   -1.8133   23.4344
   -0.3498
    0.1489    0.1489    0.1489    0.1489    0.1489    0.1489    0.1489    0.1489
    0.1489    0.1489    0.1489    0.1489    0.1489    0.1489    0.1489    0.1489
   -0.3498   -0.3498   -0.3498   -0.3498   -0.3498   -0.3498   -0.3498   -0.3498
    0.4161
  type:            1  U0 =    10.4955487511949     
  type:            2  U0 =    23.4344188543158     
 
 
  Sanity test and writing of response and interaction matrices 
 
  atom1  atom2  typ1  typ2  dist  chi_0  chi  int 
 
   1   1   1   1     0.000000    -0.0907    -0.0463    10.6324
   1  18   1   2     0.433013     0.0005     0.0019     1.5220
   1  17   1   2     0.433013     0.0005     0.0019     1.5220
   1 489   1   1     0.707107     0.0024     0.0002    -0.1479
   1 202   1   1     0.707107     0.0024     0.0002    -0.2569
   1 160   1   1     0.707107     0.0024     0.0002    -0.2569
   1 157   1   1     0.707107     0.0024     0.0002    -0.2569
   1 155   1   1     0.707107     0.0024     0.0002    -0.1479
   1 146   1   1     0.707107     0.0024     0.0002    -0.1479
   1  63   1   1     0.707107     0.0024     0.0002    -0.1479
   1  54   1   1     0.707107     0.0024     0.0002    -0.2569
   1  53   1   1     0.707107     0.0024     0.0002    -0.2569
   1   8   1   1     0.707107     0.0024     0.0002    -0.2569
   1   4   1   1     0.707107     0.0024     0.0002    -0.1479
   1   3   1   1     0.707107     0.0024     0.0002    -0.1479
   1 168   1   2     0.829156     0.0010    -0.0002    -0.4709
   1 165   1   2     0.829156     0.0010    -0.0002    -0.4709
   1  71   1   2     0.829156     0.0010    -0.0002    -0.4709
   1  68   1   2     0.829156     0.0010    -0.0002    -0.4709
   1  22   1   2     0.829156     0.0010    -0.0002    -0.4709
   1  19   1   2     0.829156     0.0010    -0.0002    -0.4709
   1 494   1   1     1.000000    -0.0002    -0.0001    -0.0900
   1 439   1   1     1.000000    -0.0002    -0.0001    -0.0900
   1 156   1   1     1.000000    -0.0002    -0.0001    -0.0900
   1 649   1  bac     0.000000     0.0567     0.0418     0.0064
 end of test on atom            1
   2   2   1   1     0.000000    -0.0907    -0.0463    10.6324
   2  89   1   2     0.433013     0.0005     0.0019     1.5220
   2  19   1   2     0.433013     0.0005     0.0019     1.5220
   2 567   1   1     0.707107     0.0024     0.0002    -0.2569
   2 566   1   1     0.707107     0.0024     0.0002    -0.2569
   2 561   1   1     0.707107     0.0024     0.0002    -0.1479
   2 443   1   1     0.707107     0.0024     0.0002    -0.2569
   2 439   1   1     0.707107     0.0024     0.0002    -0.1479
   2  75   1   1     0.707107     0.0024     0.0002    -0.1479
   2  73   1   1     0.707107     0.0024     0.0002    -0.1479
   2  58   1   1     0.707107     0.0024     0.0002    -0.2569
   2  54   1   1     0.707107     0.0024     0.0002    -0.1479
   2  13   1   1     0.707107     0.0024     0.0002    -0.2569
   2  12   1   1     0.707107     0.0024     0.0002    -0.2569
   2   8   1   1     0.707107     0.0024     0.0002    -0.1479
   2 574   1   2     0.829156     0.0010    -0.0002    -0.4709
   2 522   1   2     0.829156     0.0010    -0.0002    -0.4709
   2 140   1   2     0.829156     0.0010    -0.0002    -0.4709
   2  24   1   2     0.829156     0.0010    -0.0002    -0.4709
   2  23   1   2     0.829156     0.0010    -0.0002    -0.4709
   2  21   1   2     0.829156     0.0010    -0.0002    -0.4709
   2 508   1   1     1.000000    -0.0002    -0.0001    -0.0900
   2 496   1   1     1.000000    -0.0002    -0.0001    -0.0900
   2 125   1   1     1.000000    -0.0002    -0.0001    -0.0900
   2 649   1  bac     0.000000     0.0567     0.0418     0.0064
 end of test on atom            2
   3   3   1   1     0.000000    -0.0907    -0.0463    10.6324
   3  20   1   2     0.433013     0.0005     0.0019     1.5220
   3  17   1   2     0.433013     0.0005     0.0019     1.5220
   3 587   1   1     0.707107     0.0024     0.0002    -0.2569
   3 489   1   1     0.707107     0.0024     0.0002    -0.1479
   3 446   1   1     0.707107     0.0024     0.0002    -0.1479
   3 439   1   1     0.707107     0.0024     0.0002    -0.2569
   3 436   1   1     0.707107     0.0024     0.0002    -0.2569
   3 160   1   1     0.707107     0.0024     0.0002    -0.2569
   3 156   1   1     0.707107     0.0024     0.0002    -0.2569
   3 154   1   1     0.707107     0.0024     0.0002    -0.1479
   3 146   1   1     0.707107     0.0024     0.0002    -0.1479
   3   8   1   1     0.707107     0.0024     0.0002    -0.2569
   3   5   1   1     0.707107     0.0024     0.0002    -0.1479
   3   1   1   1     0.707107     0.0024     0.0002    -0.1479
   3 453   1   2     0.829156     0.0010    -0.0002    -0.4709
   3 450   1   2     0.829156     0.0010    -0.0002    -0.4709
   3 168   1   2     0.829156     0.0010    -0.0002    -0.4709
   3 167   1   2     0.829156     0.0010    -0.0002    -0.4709
   3  22   1   2     0.829156     0.0010    -0.0002    -0.4709
   3  19   1   2     0.829156     0.0010    -0.0002    -0.4709
   3 495   1   1     1.000000    -0.0002    -0.0001    -0.0900
   3 445   1   1     1.000000    -0.0002    -0.0001    -0.0900
   3 157   1   1     1.000000    -0.0002    -0.0001    -0.0900
   3 649   1  bac     0.000000     0.0567     0.0418     0.0064
 end of test on atom            3
   4   4   1   1     0.000000    -0.0907    -0.0463    10.6324
   4  21   1   2     0.433013     0.0005     0.0019     1.5220
   4  18   1   2     0.433013     0.0005     0.0019     1.5220
   4 219   1   1     0.707107     0.0024     0.0002    -0.2569
   4 155   1   1     0.707107     0.0024     0.0002    -0.1479
   4  63   1   1     0.707107     0.0024     0.0002    -0.1479
   4  60   1   1     0.707107     0.0024     0.0002    -0.2569
   4  58   1   1     0.707107     0.0024     0.0002    -0.1479
   4  57   1   1     0.707107     0.0024     0.0002    -0.2569
   4  54   1   1     0.707107     0.0024     0.0002    -0.2569
   4  14   1   1     0.707107     0.0024     0.0002    -0.2569
   4  13   1   1     0.707107     0.0024     0.0002    -0.1479
   4   8   1   1     0.707107     0.0024     0.0002    -0.2569
   4   7   1   1     0.707107     0.0024     0.0002    -0.1479
   4   1   1   1     0.707107     0.0024     0.0002    -0.1479
   4 236   1   2     0.829156     0.0010    -0.0002    -0.4709
   4 233   1   2     0.829156     0.0010    -0.0002    -0.4709
   4  72   1   2     0.829156     0.0010    -0.0002    -0.4709
   4  71   1   2     0.829156     0.0010    -0.0002    -0.4709
   4  22   1   2     0.829156     0.0010    -0.0002    -0.4709
   4  19   1   2     0.829156     0.0010    -0.0002    -0.4709
   4 362   1   1     1.000000    -0.0002    -0.0001    -0.0900
   4 221   1   1     1.000000    -0.0002    -0.0001    -0.0900
   4 160   1   1     1.000000    -0.0002    -0.0001    -0.0900
   4 649   1  bac     0.000000     0.0567     0.0418     0.0064
 end of test on atom            4
   5   5   1   1     0.000000    -0.0907    -0.0463    10.6324
   5  23   1   2     0.433013     0.0005     0.0019     1.5220
   5  20   1   2     0.433013     0.0005     0.0019     1.5220
   5 446   1   1     0.707107     0.0024     0.0002    -0.1479
   5 445   1   1     0.707107     0.0024     0.0002    -0.2569
   5 443   1   1     0.707107     0.0024     0.0002    -0.1479
   5 441   1   1     0.707107     0.0024     0.0002    -0.2569
   5 439   1   1     0.707107     0.0024     0.0002    -0.2569
   5 154   1   1     0.707107     0.0024     0.0002    -0.1479
   5  25   1   1     0.707107     0.0024     0.0002    -0.2569
   5  15   1   1     0.707107     0.0024     0.0002    -0.2569
   5  12   1   1     0.707107     0.0024     0.0002    -0.1479
   5   8   1   1     0.707107     0.0024     0.0002    -0.2569
   5   6   1   1     0.707107     0.0024     0.0002    -0.1479
   5   3   1   1     0.707107     0.0024     0.0002    -0.1479
   5 456   1   2     0.829156     0.0010    -0.0002    -0.4709
   5 453   1   2     0.829156     0.0010    -0.0002    -0.4709
   5  42   1   2     0.829156     0.0010    -0.0002    -0.4709
   5  41   1   2     0.829156     0.0010    -0.0002    -0.4709
   5  22   1   2     0.829156     0.0010    -0.0002    -0.4709
   5  19   1   2     0.829156     0.0010    -0.0002    -0.4709
   5 448   1   1     1.000000    -0.0002    -0.0001    -0.0900
   5 436   1   1     1.000000    -0.0002    -0.0001    -0.0900
   5 170   1   1     1.000000    -0.0002    -0.0001    -0.0900
   5 649   1  bac     0.000000     0.0567     0.0418     0.0064
 end of test on atom            5
   6   6   1   1     0.000000    -0.0907    -0.0463    10.6324
   6  43   1   2     0.433013     0.0005     0.0019     1.5220
   6  23   1   2     0.433013     0.0005     0.0019     1.5220
   6 518   1   1     0.707107     0.0024     0.0002    -0.2569
   6 463   1   1     0.707107     0.0024     0.0002    -0.1479
   6 448   1   1     0.707107     0.0024     0.0002    -0.2569
   6 443   1   1     0.707107     0.0024     0.0002    -0.1479
   6 441   1   1     0.707107     0.0024     0.0002    -0.2569
   6  32   1   1     0.707107     0.0024     0.0002    -0.1479
   6  28   1   1     0.707107     0.0024     0.0002    -0.2569
   6  26   1   1     0.707107     0.0024     0.0002    -0.1479
   6  25   1   1     0.707107     0.0024     0.0002    -0.2569
   6  12   1   1     0.707107     0.0024     0.0002    -0.1479
   6  10   1   1     0.707107     0.0024     0.0002    -0.2569
   6   5   1   1     0.707107     0.0024     0.0002    -0.1479
   6 526   1   2     0.829156     0.0010    -0.0002    -0.4709
   6 456   1   2     0.829156     0.0010    -0.0002    -0.4709
   6  92   1   2     0.829156     0.0010    -0.0002    -0.4709
   6  45   1   2     0.829156     0.0010    -0.0002    -0.4709
   6  42   1   2     0.829156     0.0010    -0.0002    -0.4709
   6  41   1   2     0.829156     0.0010    -0.0002    -0.4709
   6 519   1   1     1.000000    -0.0002    -0.0001    -0.0900
   6 445   1   1     1.000000    -0.0002    -0.0001    -0.0900
   6  75   1   1     1.000000    -0.0002    -0.0001    -0.0900
   6 649   1  bac     0.000000     0.0567     0.0418     0.0064
 end of test on atom            6
   7   7   1   1     0.000000    -0.0907    -0.0463    10.6324
   7 235   1   2     0.433013     0.0005     0.0019     1.5220
   7  21   1   2     0.433013     0.0005     0.0019     1.5220
   7 270   1   1     0.707107     0.0024     0.0002    -0.1479
   7 224   1   1     0.707107     0.0024     0.0002    -0.1479
   7 221   1   1     0.707107     0.0024     0.0002    -0.2569
   7 219   1   1     0.707107     0.0024     0.0002    -0.2569
   7 218   1   1     0.707107     0.0024     0.0002    -0.1479
   7 135   1   1     0.707107     0.0024     0.0002    -0.2569
   7  64   1   1     0.707107     0.0024     0.0002    -0.2569
   7  58   1   1     0.707107     0.0024     0.0002    -0.1479
   7  57   1   1     0.707107     0.0024     0.0002    -0.2569
   7  13   1   1     0.707107     0.0024     0.0002    -0.1479
   7  11   1   1     0.707107     0.0024     0.0002    -0.2569
   7   4   1   1     0.707107     0.0024     0.0002    -0.1479
   7 239   1   2     0.829156     0.0010    -0.0002    -0.4709
   7 236   1   2     0.829156     0.0010    -0.0002    -0.4709
   7 233   1   2     0.829156     0.0010    -0.0002    -0.4709
   7 142   1   2     0.829156     0.0010    -0.0002    -0.4709
   7  90   1   2     0.829156     0.0010    -0.0002    -0.4709
   7  72   1   2     0.829156     0.0010    -0.0002    -0.4709
   7 228   1   1     1.000000    -0.0002    -0.0001    -0.0900
   7 217   1   1     1.000000    -0.0002    -0.0001    -0.0900
   7 134   1   1     1.000000    -0.0002    -0.0001    -0.0900
   7 649   1  bac     0.000000     0.0567     0.0418     0.0064
 end of test on atom            7
   8   8   1   1     0.000000    -0.0907    -0.0463    10.6324
   8  22   1   2     0.433013     0.0005     0.0019     1.5220
   8  19   1   2     0.433013     0.0005     0.0019     1.5220
   8 439   1   1     0.707107     0.0024     0.0002    -0.1479
   8 160   1   1     0.707107     0.0024     0.0002    -0.1479
   8  54   1   1     0.707107     0.0024     0.0002    -0.1479
   8  15   1   1     0.707107     0.0024     0.0002    -0.1479
   8  14   1   1     0.707107     0.0024     0.0002    -0.1479
   8  13   1   1     0.707107     0.0024     0.0002    -0.2569
   8  12   1   1     0.707107     0.0024     0.0002    -0.2569
   8   5   1   1     0.707107     0.0024     0.0002    -0.2569
   8   4   1   1     0.707107     0.0024     0.0002    -0.2569
   8   3   1   1     0.707107     0.0024     0.0002    -0.2569
   8   2   1   1     0.707107     0.0024     0.0002    -0.1479
   8   1   1   1     0.707107     0.0024     0.0002    -0.2569
   8  24   1   2     0.829156     0.0010    -0.0002    -0.4709
   8  23   1   2     0.829156     0.0010    -0.0002    -0.4709
   8  21   1   2     0.829156     0.0010    -0.0002    -0.4709
   8  20   1   2     0.829156     0.0010    -0.0002    -0.4709
   8  18   1   2     0.829156     0.0010    -0.0002    -0.4709
   8  17   1   2     0.829156     0.0010    -0.0002    -0.4709
   8 489   1   1     1.000000    -0.0002    -0.0001    -0.0900
   8 443   1   1     1.000000    -0.0002    -0.0001    -0.0900
   8 155   1   1     1.000000    -0.0002    -0.0001    -0.0900
   8 649   1  bac     0.000000     0.0567     0.0418     0.0064
 end of test on atom            8
   9   9   1   1     0.000000    -0.0907    -0.0463    10.6324
   9 257   1   2     0.433013     0.0005     0.0019     1.5220
   9  24   1   2     0.433013     0.0005     0.0019     1.5220
   9 386   1   1     0.707107     0.0024     0.0002    -0.1479
   9 243   1   1     0.707107     0.0024     0.0002    -0.1479
   9 241   1   1     0.707107     0.0024     0.0002    -0.1479
   9 222   1   1     0.707107     0.0024     0.0002    -0.2569
   9 221   1   1     0.707107     0.0024     0.0002    -0.2569
   9  31   1   1     0.707107     0.0024     0.0002    -0.2569
   9  28   1   1     0.707107     0.0024     0.0002    -0.2569
   9  16   1   1     0.707107     0.0024     0.0002    -0.1479
   9  15   1   1     0.707107     0.0024     0.0002    -0.2569
   9  14   1   1     0.707107     0.0024     0.0002    -0.2569
   9  13   1   1     0.707107     0.0024     0.0002    -0.1479
   9  12   1   1     0.707107     0.0024     0.0002    -0.1479
   9 259   1   2     0.829156     0.0010    -0.0002    -0.4709
   9 239   1   2     0.829156     0.0010    -0.0002    -0.4709
   9 236   1   2     0.829156     0.0010    -0.0002    -0.4709
   9  45   1   2     0.829156     0.0010    -0.0002    -0.4709
   9  42   1   2     0.829156     0.0010    -0.0002    -0.4709
   9  22   1   2     0.829156     0.0010    -0.0002    -0.4709
   9 370   1   1     1.000000    -0.0002    -0.0001    -0.0900
   9 248   1   1     1.000000    -0.0002    -0.0001    -0.0900
   9 179   1   1     1.000000    -0.0002    -0.0001    -0.0900
   9 649   1  bac     0.000000     0.0567     0.0418     0.0064
 end of test on atom            9
  10  10   1   1     0.000000    -0.0907    -0.0463    10.6324
  10  92   1   2     0.433013     0.0005     0.0019     1.5220
  10  45   1   2     0.433013     0.0005     0.0019     1.5220
  10 518   1   1     0.707107     0.0024     0.0002    -0.1479
  10  97   1   1     0.707107     0.0024     0.0002    -0.2569
  10  87   1   1     0.707107     0.0024     0.0002    -0.2569
  10  77   1   1     0.707107     0.0024     0.0002    -0.1479
  10  75   1   1     0.707107     0.0024     0.0002    -0.1479
  10  37   1   1     0.707107     0.0024     0.0002    -0.1479
  10  31   1   1     0.707107     0.0024     0.0002    -0.1479
  10  28   1   1     0.707107     0.0024     0.0002    -0.1479
  10  26   1   1     0.707107     0.0024     0.0002    -0.2569
  10  16   1   1     0.707107     0.0024     0.0002    -0.2569
  10  12   1   1     0.707107     0.0024     0.0002    -0.2569
  10   6   1   1     0.707107     0.0024     0.0002    -0.2569
  10 114   1   2     0.829156     0.0010    -0.0002    -0.4709
  10 113   1   2     0.829156     0.0010    -0.0002    -0.4709
  10  94   1   2     0.829156     0.0010    -0.0002    -0.4709
  10  43   1   2     0.829156     0.0010    -0.0002    -0.4709
  10  24   1   2     0.829156     0.0010    -0.0002    -0.4709
  10  23   1   2     0.829156     0.0010    -0.0002    -0.4709
  10 513   1   1     1.000000    -0.0002    -0.0001    -0.0900
  10 443   1   1     1.000000    -0.0002    -0.0001    -0.0900
  10  80   1   1     1.000000    -0.0002    -0.0001    -0.0900
  10 649   1  bac     0.000000     0.0567     0.0418     0.0064
 end of test on atom           10
  11  11   1   1     0.000000    -0.0907    -0.0463    10.6324
  11 239   1   2     0.433013     0.0005     0.0019     1.5220
  11  90   1   2     0.433013     0.0005     0.0019     1.5220
  11 291   1   1     0.707107     0.0024     0.0002    -0.2569
  11 228   1   1     0.707107     0.0024     0.0002    -0.1479
  11 222   1   1     0.707107     0.0024     0.0002    -0.1479
  11 221   1   1     0.707107     0.0024     0.0002    -0.1479
  11 218   1   1     0.707107     0.0024     0.0002    -0.2569
  11 135   1   1     0.707107     0.0024     0.0002    -0.1479
  11  86   1   1     0.707107     0.0024     0.0002    -0.2569
  11  76   1   1     0.707107     0.0024     0.0002    -0.1479
  11  73   1   1     0.707107     0.0024     0.0002    -0.1479
  11  16   1   1     0.707107     0.0024     0.0002    -0.2569
  11  13   1   1     0.707107     0.0024     0.0002    -0.2569
  11   7   1   1     0.707107     0.0024     0.0002    -0.2569
  11 308   1   2     0.829156     0.0010    -0.0002    -0.4709
  11 305   1   2     0.829156     0.0010    -0.0002    -0.4709
  11 235   1   2     0.829156     0.0010    -0.0002    -0.4709
  11  94   1   2     0.829156     0.0010    -0.0002    -0.4709
  11  24   1   2     0.829156     0.0010    -0.0002    -0.4709
  11  21   1   2     0.829156     0.0010    -0.0002    -0.4709
  11 226   1   1     1.000000    -0.0002    -0.0001    -0.0900
  11 224   1   1     1.000000    -0.0002    -0.0001    -0.0900
  11 129   1   1     1.000000    -0.0002    -0.0001    -0.0900
  11 649   1  bac     0.000000     0.0567     0.0418     0.0064
 end of test on atom           11
  12  12   1   1     0.000000    -0.0907    -0.0463    10.6324
  12  24   1   2     0.433013     0.0005     0.0019     1.5220
  12  23   1   2     0.433013     0.0005     0.0019     1.5220
  12 443   1   1     0.707107     0.0024     0.0002    -0.1479
  12  75   1   1     0.707107     0.0024     0.0002    -0.2569
  12  28   1   1     0.707107     0.0024     0.0002    -0.2569
  12  16   1   1     0.707107     0.0024     0.0002    -0.1479
  12  15   1   1     0.707107     0.0024     0.0002    -0.2569
  12  13   1   1     0.707107     0.0024     0.0002    -0.1479
  12  10   1   1     0.707107     0.0024     0.0002    -0.2569
  12   9   1   1     0.707107     0.0024     0.0002    -0.1479
  12   8   1   1     0.707107     0.0024     0.0002    -0.2569
  12   6   1   1     0.707107     0.0024     0.0002    -0.1479
  12   5   1   1     0.707107     0.0024     0.0002    -0.1479
  12   2   1   1     0.707107     0.0024     0.0002    -0.2569
  12  92   1   2     0.829156     0.0010    -0.0002    -0.4709
  12  89   1   2     0.829156     0.0010    -0.0002    -0.4709
  12  45   1   2     0.829156     0.0010    -0.0002    -0.4709
  12  42   1   2     0.829156     0.0010    -0.0002    -0.4709
  12  22   1   2     0.829156     0.0010    -0.0002    -0.4709
  12  19   1   2     0.829156     0.0010    -0.0002    -0.4709
  12 518   1   1     1.000000    -0.0002    -0.0001    -0.0900
  12 439   1   1     1.000000    -0.0002    -0.0001    -0.0900
  12  73   1   1     1.000000    -0.0002    -0.0001    -0.0900
  12 649   1  bac     0.000000     0.0567     0.0418     0.0064
 end of test on atom           12
  13  13   1   1     0.000000    -0.0907    -0.0463    10.6324
  13  24   1   2     0.433013     0.0005     0.0019     1.5220
  13  21   1   2     0.433013     0.0005     0.0019     1.5220
  13 221   1   1     0.707107     0.0024     0.0002    -0.2569
  13  73   1   1     0.707107     0.0024     0.0002    -0.2569
  13  58   1   1     0.707107     0.0024     0.0002    -0.1479
  13  16   1   1     0.707107     0.0024     0.0002    -0.1479
  13  14   1   1     0.707107     0.0024     0.0002    -0.2569
  13  12   1   1     0.707107     0.0024     0.0002    -0.1479
  13  11   1   1     0.707107     0.0024     0.0002    -0.2569
  13   9   1   1     0.707107     0.0024     0.0002    -0.1479
  13   8   1   1     0.707107     0.0024     0.0002    -0.2569
  13   7   1   1     0.707107     0.0024     0.0002    -0.1479
  13   4   1   1     0.707107     0.0024     0.0002    -0.1479
  13   2   1   1     0.707107     0.0024     0.0002    -0.2569
  13 239   1   2     0.829156     0.0010    -0.0002    -0.4709
  13 236   1   2     0.829156     0.0010    -0.0002    -0.4709
  13  90   1   2     0.829156     0.0010    -0.0002    -0.4709
  13  89   1   2     0.829156     0.0010    -0.0002    -0.4709
  13  22   1   2     0.829156     0.0010    -0.0002    -0.4709
  13  19   1   2     0.829156     0.0010    -0.0002    -0.4709
  13 222   1   1     1.000000    -0.0002    -0.0001    -0.0900
  13 219   1   1     1.000000    -0.0002    -0.0001    -0.0900
  13 135   1   1     1.000000    -0.0002    -0.0001    -0.0900
  13 649   1  bac     0.000000     0.0567     0.0418     0.0064
 end of test on atom           13
  14  14   1   1     0.000000    -0.0907    -0.0463    10.6324
  14 236   1   2     0.433013     0.0005     0.0019     1.5220
  14  22   1   2     0.433013     0.0005     0.0019     1.5220
  14 386   1   1     0.707107     0.0024     0.0002    -0.2569
  14 370   1   1     0.707107     0.0024     0.0002    -0.1479
  14 366   1   1     0.707107     0.0024     0.0002    -0.2569
  14 221   1   1     0.707107     0.0024     0.0002    -0.1479
  14 219   1   1     0.707107     0.0024     0.0002    -0.1479
  14 160   1   1     0.707107     0.0024     0.0002    -0.1479
  14 155   1   1     0.707107     0.0024     0.0002    -0.2569
  14  15   1   1     0.707107     0.0024     0.0002    -0.1479
  14  13   1   1     0.707107     0.0024     0.0002    -0.2569
  14   9   1   1     0.707107     0.0024     0.0002    -0.2569
  14   8   1   1     0.707107     0.0024     0.0002    -0.1479
  14   4   1   1     0.707107     0.0024     0.0002    -0.2569
  14 403   1   2     0.829156     0.0010    -0.0002    -0.4709
  14 383   1   2     0.829156     0.0010    -0.0002    -0.4709
  14 257   1   2     0.829156     0.0010    -0.0002    -0.4709
  14  24   1   2     0.829156     0.0010    -0.0002    -0.4709
  14  21   1   2     0.829156     0.0010    -0.0002    -0.4709
  14  18   1   2     0.829156     0.0010    -0.0002    -0.4709
  14 372   1   1     1.000000    -0.0002    -0.0001    -0.0900
  14 241   1   1     1.000000    -0.0002    -0.0001    -0.0900
  14 175   1   1     1.000000    -0.0002    -0.0001    -0.0900
  14 649   1  bac     0.000000     0.0567     0.0418     0.0064
 end of test on atom           14
  15  15   1   1     0.000000    -0.0907    -0.0463    10.6324
  15  42   1   2     0.433013     0.0005     0.0019     1.5220
  15  22   1   2     0.433013     0.0005     0.0019     1.5220
  15 386   1   1     0.707107     0.0024     0.0002    -0.2569
  15 179   1   1     0.707107     0.0024     0.0002    -0.1479
  15 175   1   1     0.707107     0.0024     0.0002    -0.2569
  15 160   1   1     0.707107     0.0024     0.0002    -0.1479
  15 154   1   1     0.707107     0.0024     0.0002    -0.2569
  15  28   1   1     0.707107     0.0024     0.0002    -0.1479
  15  25   1   1     0.707107     0.0024     0.0002    -0.1479
  15  14   1   1     0.707107     0.0024     0.0002    -0.1479
  15  12   1   1     0.707107     0.0024     0.0002    -0.2569
  15   9   1   1     0.707107     0.0024     0.0002    -0.2569
  15   8   1   1     0.707107     0.0024     0.0002    -0.1479
  15   5   1   1     0.707107     0.0024     0.0002    -0.2569
  15 403   1   2     0.829156     0.0010    -0.0002    -0.4709
  15 257   1   2     0.829156     0.0010    -0.0002    -0.4709
  15 189   1   2     0.829156     0.0010    -0.0002    -0.4709
  15  24   1   2     0.829156     0.0010    -0.0002    -0.4709
  15  23   1   2     0.829156     0.0010    -0.0002    -0.4709
  15  20   1   2     0.829156     0.0010    -0.0002    -0.4709
  15 366   1   1     1.000000    -0.0002    -0.0001    -0.0900
  15 243   1   1     1.000000    -0.0002    -0.0001    -0.0900
  15 181   1   1     1.000000    -0.0002    -0.0001    -0.0900
  15 649   1  bac     0.000000     0.0567     0.0418     0.0064
 end of test on atom           15
  16  16   1   1     0.000000    -0.0907    -0.0463    10.6324
  16  94   1   2     0.433013     0.0005     0.0019     1.5220
  16  24   1   2     0.433013     0.0005     0.0019     1.5220
  16 222   1   1     0.707107     0.0024     0.0002    -0.2569
  16  87   1   1     0.707107     0.0024     0.0002    -0.1479
  16  86   1   1     0.707107     0.0024     0.0002    -0.1479
  16  80   1   1     0.707107     0.0024     0.0002    -0.1479
  16  75   1   1     0.707107     0.0024     0.0002    -0.2569
  16  73   1   1     0.707107     0.0024     0.0002    -0.2569
  16  31   1   1     0.707107     0.0024     0.0002    -0.2569
  16  13   1   1     0.707107     0.0024     0.0002    -0.1479
  16  12   1   1     0.707107     0.0024     0.0002    -0.1479
  16  11   1   1     0.707107     0.0024     0.0002    -0.2569
  16  10   1   1     0.707107     0.0024     0.0002    -0.2569
  16   9   1   1     0.707107     0.0024     0.0002    -0.1479
  16 259   1   2     0.829156     0.0010    -0.0002    -0.4709
  16 239   1   2     0.829156     0.0010    -0.0002    -0.4709
  16  92   1   2     0.829156     0.0010    -0.0002    -0.4709
  16  90   1   2     0.829156     0.0010    -0.0002    -0.4709
  16  89   1   2     0.829156     0.0010    -0.0002    -0.4709
  16  45   1   2     0.829156     0.0010    -0.0002    -0.4709
  16 242   1   1     1.000000    -0.0002    -0.0001    -0.0900
  16 221   1   1     1.000000    -0.0002    -0.0001    -0.0900
  16  77   1   1     1.000000    -0.0002    -0.0001    -0.0900
  16 649   1  bac     0.000000     0.0567     0.0418     0.0064
 end of test on atom           16
  17  17   2   2     0.000000    -0.0613    -0.0247    24.5304
  17 489   2   1     0.433013     0.0005     0.0019     1.5220
  17 146   2   1     0.433013     0.0005     0.0019     1.5220
  17   3   2   1     0.433013     0.0005     0.0019     1.5220
  17   1   2   1     0.433013     0.0005     0.0019     1.5220
  17 587   2   1     0.829156     0.0010    -0.0002    -0.4709
  17 495   2   1     0.829156     0.0010    -0.0002    -0.4709
  17 494   2   1     0.829156     0.0010    -0.0002    -0.4709
  17 439   2   1     0.829156     0.0010    -0.0002    -0.4709
  17 436   2   1     0.829156     0.0010    -0.0002    -0.4709
  17 202   2   1     0.829156     0.0010    -0.0002    -0.4709
  17 160   2   1     0.829156     0.0010    -0.0002    -0.4709
  17 157   2   1     0.829156     0.0010    -0.0002    -0.4709
  17 156   2   1     0.829156     0.0010    -0.0002    -0.4709
  17  54   2   1     0.829156     0.0010    -0.0002    -0.4709
  17  53   2   1     0.829156     0.0010    -0.0002    -0.4709
  17   8   2   1     0.829156     0.0010    -0.0002    -0.4709
  17 504   2   2     0.866025     0.0005    -0.0001    -0.2586
  17 450   2   2     0.866025     0.0005    -0.0001    -0.5055
  17 168   2   2     0.866025     0.0005    -0.0001    -0.5055
  17 163   2   2     0.866025     0.0005    -0.0001    -0.2586
  17  68   2   2     0.866025     0.0005    -0.0001    -0.5055
  17  20   2   2     0.866025     0.0005    -0.0001    -0.2586
  17  19   2   2     0.866025     0.0005    -0.0001    -0.5055
  17 649   2  bac     0.000000     0.0410     0.0220    -0.0128
 end of test on atom           17
  18  18   2   2     0.000000    -0.0613    -0.0247    24.5304
  18 155   2   1     0.433013     0.0005     0.0019     1.5220
  18  63   2   1     0.433013     0.0005     0.0019     1.5220
  18   4   2   1     0.433013     0.0005     0.0019     1.5220
  18   1   2   1     0.433013     0.0005     0.0019     1.5220
  18 362   2   1     0.829156     0.0010    -0.0002    -0.4709
  18 219   2   1     0.829156     0.0010    -0.0002    -0.4709
  18 202   2   1     0.829156     0.0010    -0.0002    -0.4709
  18 160   2   1     0.829156     0.0010    -0.0002    -0.4709
  18 157   2   1     0.829156     0.0010    -0.0002    -0.4709
  18 151   2   1     0.829156     0.0010    -0.0002    -0.4709
  18  60   2   1     0.829156     0.0010    -0.0002    -0.4709
  18  57   2   1     0.829156     0.0010    -0.0002    -0.4709
  18  54   2   1     0.829156     0.0010    -0.0002    -0.4709
  18  53   2   1     0.829156     0.0010    -0.0002    -0.4709
  18  14   2   1     0.829156     0.0010    -0.0002    -0.4709
  18   8   2   1     0.829156     0.0010    -0.0002    -0.4709
  18 383   2   2     0.866025     0.0005    -0.0001    -0.2586
  18 233   2   2     0.866025     0.0005    -0.0001    -0.5055
  18 165   2   2     0.866025     0.0005    -0.0001    -0.5055
  18  71   2   2     0.866025     0.0005    -0.0001    -0.5055
  18  70   2   2     0.866025     0.0005    -0.0001    -0.2586
  18  22   2   2     0.866025     0.0005    -0.0001    -0.5055
  18  21   2   2     0.866025     0.0005    -0.0001    -0.2586
  18 649   2  bac     0.000000     0.0410     0.0220    -0.0128
 end of test on atom           18
  19  19   2   2     0.000000    -0.0613    -0.0247    24.5304
  19 439   2   1     0.433013     0.0005     0.0019     1.5220
  19  54   2   1     0.433013     0.0005     0.0019     1.5220
  19   8   2   1     0.433013     0.0005     0.0019     1.5220
  19   2   2   1     0.433013     0.0005     0.0019     1.5220
  19 567   2   1     0.829156     0.0010    -0.0002    -0.4709
  19 566   2   1     0.829156     0.0010    -0.0002    -0.4709
  19 496   2   1     0.829156     0.0010    -0.0002    -0.4709
  19 489   2   1     0.829156     0.0010    -0.0002    -0.4709
  19 443   2   1     0.829156     0.0010    -0.0002    -0.4709
  19  58   2   1     0.829156     0.0010    -0.0002    -0.4709
  19  13   2   1     0.829156     0.0010    -0.0002    -0.4709
  19  12   2   1     0.829156     0.0010    -0.0002    -0.4709
  19   5   2   1     0.829156     0.0010    -0.0002    -0.4709
  19   4   2   1     0.829156     0.0010    -0.0002    -0.4709
  19   3   2   1     0.829156     0.0010    -0.0002    -0.4709
  19   1   2   1     0.829156     0.0010    -0.0002    -0.4709
  19 574   2   2     0.866025     0.0005    -0.0001    -0.5055
  19 453   2   2     0.866025     0.0005    -0.0001    -0.2586
  19  89   2   2     0.866025     0.0005    -0.0001    -0.2586
  19  71   2   2     0.866025     0.0005    -0.0001    -0.2586
  19  23   2   2     0.866025     0.0005    -0.0001    -0.5055
  19  22   2   2     0.866025     0.0005    -0.0001    -0.2586
  19  21   2   2     0.866025     0.0005    -0.0001    -0.5055
  19 649   2  bac     0.000000     0.0410     0.0220    -0.0128
 end of test on atom           19
  20  20   2   2     0.000000    -0.0613    -0.0247    24.5304
  20 446   2   1     0.433013     0.0005     0.0019     1.5220
  20 154   2   1     0.433013     0.0005     0.0019     1.5220
  20   5   2   1     0.433013     0.0005     0.0019     1.5220
  20   3   2   1     0.433013     0.0005     0.0019     1.5220
  20 587   2   1     0.829156     0.0010    -0.0002    -0.4709
  20 445   2   1     0.829156     0.0010    -0.0002    -0.4709
  20 441   2   1     0.829156     0.0010    -0.0002    -0.4709
  20 439   2   1     0.829156     0.0010    -0.0002    -0.4709
  20 436   2   1     0.829156     0.0010    -0.0002    -0.4709
  20 170   2   1     0.829156     0.0010    -0.0002    -0.4709
  20 160   2   1     0.829156     0.0010    -0.0002    -0.4709
  20 156   2   1     0.829156     0.0010    -0.0002    -0.4709
  20 150   2   1     0.829156     0.0010    -0.0002    -0.4709
  20  25   2   1     0.829156     0.0010    -0.0002    -0.4709
  20  15   2   1     0.829156     0.0010    -0.0002    -0.4709
  20   8   2   1     0.829156     0.0010    -0.0002    -0.4709
  20 454   2   2     0.866025     0.0005    -0.0001    -0.2586
  20 453   2   2     0.866025     0.0005    -0.0001    -0.5055
  20 189   2   2     0.866025     0.0005    -0.0001    -0.2586
  20 167   2   2     0.866025     0.0005    -0.0001    -0.5055
  20  41   2   2     0.866025     0.0005    -0.0001    -0.5055
  20  23   2   2     0.866025     0.0005    -0.0001    -0.2586
  20  22   2   2     0.866025     0.0005    -0.0001    -0.5055
  20 649   2  bac     0.000000     0.0410     0.0220    -0.0128
 end of test on atom           20
  21  21   2   2     0.000000    -0.0613    -0.0247    24.5304
  21  58   2   1     0.433013     0.0005     0.0019     1.5220
  21  13   2   1     0.433013     0.0005     0.0019     1.5220
  21   7   2   1     0.433013     0.0005     0.0019     1.5220
  21   4   2   1     0.433013     0.0005     0.0019     1.5220
  21 221   2   1     0.829156     0.0010    -0.0002    -0.4709
  21 219   2   1     0.829156     0.0010    -0.0002    -0.4709
  21 135   2   1     0.829156     0.0010    -0.0002    -0.4709
  21  73   2   1     0.829156     0.0010    -0.0002    -0.4709
  21  64   2   1     0.829156     0.0010    -0.0002    -0.4709
  21  60   2   1     0.829156     0.0010    -0.0002    -0.4709
  21  57   2   1     0.829156     0.0010    -0.0002    -0.4709
  21  54   2   1     0.829156     0.0010    -0.0002    -0.4709
  21  14   2   1     0.829156     0.0010    -0.0002    -0.4709
  21  11   2   1     0.829156     0.0010    -0.0002    -0.4709
  21   8   2   1     0.829156     0.0010    -0.0002    -0.4709
  21   2   2   1     0.829156     0.0010    -0.0002    -0.4709
  21 236   2   2     0.866025     0.0005    -0.0001    -0.5055
  21 235   2   2     0.866025     0.0005    -0.0001    -0.2586
  21 140   2   2     0.866025     0.0005    -0.0001    -0.2586
  21  90   2   2     0.866025     0.0005    -0.0001    -0.5055
  21  72   2   2     0.866025     0.0005    -0.0001    -0.5055
  21  24   2   2     0.866025     0.0005    -0.0001    -0.2586
  21  19   2   2     0.866025     0.0005    -0.0001    -0.5055
  21 649   2  bac     0.000000     0.0410     0.0220    -0.0128
 end of test on atom           21
  22  22   2   2     0.000000    -0.0613    -0.0247    24.5304
  22 160   2   1     0.433013     0.0005     0.0019     1.5220
  22  15   2   1     0.433013     0.0005     0.0019     1.5220
  22  14   2   1     0.433013     0.0005     0.0019     1.5220
  22   8   2   1     0.433013     0.0005     0.0019     1.5220
  22 386   2   1     0.829156     0.0010    -0.0002    -0.4709
  22 366   2   1     0.829156     0.0010    -0.0002    -0.4709
  22 175   2   1     0.829156     0.0010    -0.0002    -0.4709
  22 155   2   1     0.829156     0.0010    -0.0002    -0.4709
  22 154   2   1     0.829156     0.0010    -0.0002    -0.4709
  22  13   2   1     0.829156     0.0010    -0.0002    -0.4709
  22  12   2   1     0.829156     0.0010    -0.0002    -0.4709
  22   9   2   1     0.829156     0.0010    -0.0002    -0.4709
  22   5   2   1     0.829156     0.0010    -0.0002    -0.4709
  22   4   2   1     0.829156     0.0010    -0.0002    -0.4709
  22   3   2   1     0.829156     0.0010    -0.0002    -0.4709
  22   1   2   1     0.829156     0.0010    -0.0002    -0.4709
  22 403   2   2     0.866025     0.0005    -0.0001    -0.5055
  22 236   2   2     0.866025     0.0005    -0.0001    -0.2586
  22 168   2   2     0.866025     0.0005    -0.0001    -0.2586
  22  42   2   2     0.866025     0.0005    -0.0001    -0.2586
  22  24   2   2     0.866025     0.0005    -0.0001    -0.5055
  22  20   2   2     0.866025     0.0005    -0.0001    -0.5055
  22  19   2   2     0.866025     0.0005    -0.0001    -0.2586
  22 649   2  bac     0.000000     0.0410     0.0220    -0.0128
 end of test on atom           22
  23  23   2   2     0.000000    -0.0613    -0.0247    24.5304
  23 443   2   1     0.433013     0.0005     0.0019     1.5220
  23  12   2   1     0.433013     0.0005     0.0019     1.5220
  23   6   2   1     0.433013     0.0005     0.0019     1.5220
  23   5   2   1     0.433013     0.0005     0.0019     1.5220
  23 518   2   1     0.829156     0.0010    -0.0002    -0.4709
  23 448   2   1     0.829156     0.0010    -0.0002    -0.4709
  23 445   2   1     0.829156     0.0010    -0.0002    -0.4709
  23 441   2   1     0.829156     0.0010    -0.0002    -0.4709
  23 439   2   1     0.829156     0.0010    -0.0002    -0.4709
  23  75   2   1     0.829156     0.0010    -0.0002    -0.4709
  23  28   2   1     0.829156     0.0010    -0.0002    -0.4709
  23  25   2   1     0.829156     0.0010    -0.0002    -0.4709
  23  15   2   1     0.829156     0.0010    -0.0002    -0.4709
  23  10   2   1     0.829156     0.0010    -0.0002    -0.4709
  23   8   2   1     0.829156     0.0010    -0.0002    -0.4709
  23   2   2   1     0.829156     0.0010    -0.0002    -0.4709
  23 522   2   2     0.866025     0.0005    -0.0001    -0.2586
  23 456   2   2     0.866025     0.0005    -0.0001    -0.5055
  23  92   2   2     0.866025     0.0005    -0.0001    -0.5055
  23  43   2   2     0.866025     0.0005    -0.0001    -0.2586
  23  42   2   2     0.866025     0.0005    -0.0001    -0.5055
  23  24   2   2     0.866025     0.0005    -0.0001    -0.2586
  23  20   2   2     0.866025     0.0005    -0.0001    -0.2586
  23 649   2  bac     0.000000     0.0410     0.0220    -0.0128
 end of test on atom           23
  24  24   2   2     0.000000    -0.0613    -0.0247    24.5304
  24  16   2   1     0.433013     0.0005     0.0019     1.5220
  24  13   2   1     0.433013     0.0005     0.0019     1.5220
  24  12   2   1     0.433013     0.0005     0.0019     1.5220
  24   9   2   1     0.433013     0.0005     0.0019     1.5220
  24 222   2   1     0.829156     0.0010    -0.0002    -0.4709
  24 221   2   1     0.829156     0.0010    -0.0002    -0.4709
  24  75   2   1     0.829156     0.0010    -0.0002    -0.4709
  24  73   2   1     0.829156     0.0010    -0.0002    -0.4709
  24  31   2   1     0.829156     0.0010    -0.0002    -0.4709
  24  28   2   1     0.829156     0.0010    -0.0002    -0.4709
  24  15   2   1     0.829156     0.0010    -0.0002    -0.4709
  24  14   2   1     0.829156     0.0010    -0.0002    -0.4709
  24  11   2   1     0.829156     0.0010    -0.0002    -0.4709
  24  10   2   1     0.829156     0.0010    -0.0002    -0.4709
  24   8   2   1     0.829156     0.0010    -0.0002    -0.4709
  24   2   2   1     0.829156     0.0010    -0.0002    -0.4709
  24 257   2   2     0.866025     0.0005    -0.0001    -0.2586
  24 239   2   2     0.866025     0.0005    -0.0001    -0.5055
  24  94   2   2     0.866025     0.0005    -0.0001    -0.2586
  24  89   2   2     0.866025     0.0005    -0.0001    -0.5055
  24  45   2   2     0.866025     0.0005    -0.0001    -0.5055
  24  23   2   2     0.866025     0.0005    -0.0001    -0.2586
  24  22   2   2     0.866025     0.0005    -0.0001    -0.5055
  24 649   2  bac     0.000000     0.0410     0.0220    -0.0128
 end of test on atom           24
  type:            1  U1 =    10.6323663211565     
  type:            2  U1 =    24.5303634829571     
 
  CHI_0 Matrix 
 
  -0.0907   0.0000   0.0024   0.0024   0.0000   0.0000   0.0000   0.0024
   0.0000   0.0000   0.0000   0.0000   0.0000  -0.0002   0.0000   0.0000
   0.0005   0.0005   0.0010   0.0000   0.0000   0.0010   0.0000   0.0000
   0.0000
   0.0000  -0.0907   0.0000  -0.0002  -0.0002   0.0000   0.0000   0.0024
   0.0000   0.0000   0.0000   0.0024   0.0024   0.0000   0.0000  -0.0002
   0.0000   0.0000   0.0005   0.0000   0.0010   0.0000   0.0010   0.0010
   0.0000
   0.0024   0.0000  -0.0907   0.0000   0.0024   0.0000   0.0000   0.0024
   0.0000   0.0000   0.0000   0.0000   0.0000   0.0000  -0.0002   0.0000
   0.0005   0.0000   0.0010   0.0005   0.0000   0.0010   0.0000   0.0000
   0.0000
   0.0024  -0.0002   0.0000  -0.0907   0.0000   0.0000   0.0024   0.0024
   0.0000   0.0000   0.0000   0.0000   0.0024   0.0024   0.0000   0.0000
   0.0000   0.0005   0.0010   0.0000   0.0005   0.0010   0.0000   0.0000
   0.0000
   0.0000  -0.0002   0.0024   0.0000  -0.0907   0.0024   0.0000   0.0024
   0.0000   0.0000   0.0000   0.0024   0.0000   0.0000   0.0024   0.0000
   0.0000   0.0000   0.0010   0.0005   0.0000   0.0010   0.0005   0.0000
   0.0024
   0.0000   0.0000   0.0000   0.0000   0.0024  -0.0907   0.0000   0.0000
   0.0000   0.0024   0.0000   0.0024   0.0000   0.0000  -0.0002   0.0000
   0.0000   0.0000   0.0000   0.0000   0.0000   0.0000   0.0005   0.0000
   0.0024
   0.0000   0.0000   0.0000   0.0024   0.0000   0.0000  -0.0907   0.0000
   0.0000   0.0000   0.0024   0.0000   0.0024  -0.0002   0.0000   0.0000
   0.0000   0.0000   0.0000   0.0000   0.0005   0.0000   0.0000   0.0000
   0.0000
   0.0024   0.0024   0.0024   0.0024   0.0024   0.0000   0.0000  -0.0907
  -0.0002   0.0000   0.0000   0.0024   0.0024   0.0024   0.0024   0.0000
   0.0010   0.0010   0.0005   0.0010   0.0010   0.0005   0.0010   0.0010
   0.0000
   0.0000   0.0000   0.0000   0.0000   0.0000   0.0000   0.0000  -0.0002
  -0.0907  -0.0002  -0.0002   0.0024   0.0024   0.0024   0.0024   0.0024
   0.0000   0.0000   0.0000   0.0000   0.0000   0.0010   0.0000   0.0005
   0.0000
   0.0000   0.0000   0.0000   0.0000   0.0000   0.0024   0.0000   0.0000
  -0.0002  -0.0907   0.0000   0.0024   0.0000   0.0000   0.0000   0.0024
   0.0000   0.0000   0.0000   0.0000   0.0000   0.0000   0.0010   0.0010
   0.0000
   0.0000   0.0000   0.0000   0.0000   0.0000   0.0000   0.0024   0.0000
  -0.0002   0.0000  -0.0907   0.0000   0.0024   0.0000   0.0000   0.0024
   0.0000   0.0000   0.0000   0.0000   0.0010   0.0000   0.0000   0.0010
   0.0000
   0.0000   0.0024   0.0000   0.0000   0.0024   0.0024   0.0000   0.0024
   0.0024   0.0024   0.0000  -0.0907   0.0024  -0.0002   0.0024   0.0024
   0.0000   0.0000   0.0010   0.0000   0.0000   0.0010   0.0005   0.0005
  -0.0002
   0.0000   0.0024   0.0000   0.0024   0.0000   0.0000   0.0024   0.0024
   0.0024   0.0000   0.0024   0.0024  -0.0907   0.0024  -0.0002   0.0024
   0.0000   0.0000   0.0010   0.0000   0.0005   0.0010   0.0000   0.0005
   0.0000
  -0.0002   0.0000   0.0000   0.0024   0.0000   0.0000  -0.0002   0.0024
   0.0024   0.0000   0.0000  -0.0002   0.0024  -0.0907   0.0024   0.0000
   0.0000   0.0010   0.0000   0.0000   0.0010   0.0005   0.0000   0.0010
   0.0000
   0.0000   0.0000  -0.0002   0.0000   0.0024  -0.0002   0.0000   0.0024
   0.0024   0.0000   0.0000   0.0024  -0.0002   0.0024  -0.0907   0.0000
   0.0000   0.0000   0.0000   0.0010   0.0000   0.0005   0.0010   0.0010
   0.0024
   0.0000  -0.0002   0.0000   0.0000   0.0000   0.0000   0.0000   0.0000
   0.0024   0.0024   0.0024   0.0024   0.0024   0.0000   0.0000  -0.0907
   0.0000   0.0000   0.0000   0.0000   0.0000   0.0000   0.0000   0.0005
   0.0000
   0.0005   0.0000   0.0005   0.0000   0.0000   0.0000   0.0000   0.0010
   0.0000   0.0000   0.0000   0.0000   0.0000   0.0000   0.0000   0.0000
  -0.0613   0.0005   0.0005   0.0005   0.0000   0.0004   0.0000   0.0000
   0.0000
   0.0005   0.0000   0.0000   0.0005   0.0000   0.0000   0.0000   0.0010
   0.0000   0.0000   0.0000   0.0000   0.0000   0.0010   0.0000   0.0000
   0.0005  -0.0613   0.0004   0.0000   0.0005   0.0005   0.0000   0.0000
   0.0000
   0.0010   0.0005   0.0010   0.0010   0.0010   0.0000   0.0000   0.0005
   0.0000   0.0000   0.0000   0.0010   0.0010   0.0000   0.0000   0.0000
   0.0005   0.0004  -0.0613   0.0004   0.0005   0.0005   0.0005   0.0004
   0.0000
   0.0000   0.0000   0.0005   0.0000   0.0005   0.0000   0.0000   0.0010
   0.0000   0.0000   0.0000   0.0000   0.0000   0.0000   0.0010   0.0000
   0.0005   0.0000   0.0004  -0.0613   0.0000   0.0005   0.0005   0.0000
   0.0010
   0.0000   0.0010   0.0000   0.0005   0.0000   0.0000   0.0005   0.0010
   0.0000   0.0000   0.0010   0.0000   0.0005   0.0010   0.0000   0.0000
   0.0000   0.0005   0.0005   0.0000  -0.0613   0.0004   0.0000   0.0005
   0.0000
   0.0010   0.0000   0.0010   0.0010   0.0010   0.0000   0.0000   0.0005
   0.0010   0.0000   0.0000   0.0010   0.0010   0.0005   0.0005   0.0000
   0.0004   0.0005   0.0005   0.0005   0.0004  -0.0613   0.0004   0.0005
   0.0000
   0.0000   0.0010   0.0000   0.0000   0.0005   0.0005   0.0000   0.0010
   0.0000   0.0010   0.0000   0.0005   0.0000   0.0000   0.0010   0.0000
   0.0000   0.0000   0.0005   0.0005   0.0000   0.0004  -0.0613   0.0005
   0.0010
   0.0000   0.0010   0.0000   0.0000   0.0000   0.0000   0.0000   0.0010
   0.0005   0.0010   0.0010   0.0005   0.0005   0.0010   0.0010   0.0005
   0.0000   0.0000   0.0004   0.0000   0.0005   0.0005   0.0005  -0.0613
   0.0000
   0.0000   0.0000   0.0000   0.0000   0.0024   0.0024   0.0000   0.0000
   0.0000   0.0000   0.0000  -0.0002   0.0000   0.0000   0.0024   0.0000
   0.0000   0.0000   0.0000   0.0010   0.0000   0.0000   0.0010   0.0000
  -0.0907
 
 
  CHI Matrix 
 
  -0.0463   0.0000   0.0002   0.0002   0.0000   0.0000   0.0000   0.0002
   0.0000   0.0000   0.0000   0.0000   0.0000  -0.0001   0.0000   0.0000
   0.0019   0.0019  -0.0002   0.0000   0.0000  -0.0002   0.0000   0.0000
   0.0000
   0.0000  -0.0463   0.0000  -0.0001  -0.0001   0.0000   0.0000   0.0002
   0.0000   0.0000   0.0000   0.0002   0.0002   0.0000   0.0000  -0.0001
   0.0000   0.0000   0.0019   0.0000  -0.0002   0.0000  -0.0002  -0.0002
   0.0000
   0.0002   0.0000  -0.0463   0.0000   0.0002   0.0000   0.0000   0.0002
   0.0000   0.0000   0.0000   0.0000   0.0000   0.0000  -0.0001   0.0000
   0.0019   0.0000  -0.0002   0.0019   0.0000  -0.0002   0.0000   0.0000
   0.0000
   0.0002  -0.0001   0.0000  -0.0463   0.0000   0.0000   0.0002   0.0002
   0.0000   0.0000   0.0000   0.0000   0.0002   0.0002   0.0000   0.0000
   0.0000   0.0019  -0.0002   0.0000   0.0019  -0.0002   0.0000   0.0000
   0.0000
   0.0000  -0.0001   0.0002   0.0000  -0.0463   0.0002   0.0000   0.0002
   0.0000   0.0000   0.0000   0.0002   0.0000   0.0000   0.0002   0.0000
   0.0000   0.0000  -0.0002   0.0019   0.0000  -0.0002   0.0019   0.0000
   0.0002
   0.0000   0.0000   0.0000   0.0000   0.0002  -0.0463   0.0000   0.0000
   0.0000   0.0002   0.0000   0.0002   0.0000   0.0000  -0.0001   0.0000
   0.0000   0.0000   0.0000   0.0000   0.0000   0.0000   0.0019   0.0000
   0.0002
   0.0000   0.0000   0.0000   0.0002   0.0000   0.0000  -0.0463   0.0000
   0.0000   0.0000   0.0002   0.0000   0.0002  -0.0001   0.0000   0.0000
   0.0000   0.0000   0.0000   0.0000   0.0019   0.0000   0.0000   0.0000
   0.0000
   0.0002   0.0002   0.0002   0.0002   0.0002   0.0000   0.0000  -0.0463
  -0.0001   0.0000   0.0000   0.0002   0.0002   0.0002   0.0002   0.0000
  -0.0002  -0.0002   0.0019  -0.0002  -0.0002   0.0019  -0.0002  -0.0002
   0.0000
   0.0000   0.0000   0.0000   0.0000   0.0000   0.0000   0.0000  -0.0001
  -0.0463  -0.0001  -0.0001   0.0002   0.0002   0.0002   0.0002   0.0002
   0.0000   0.0000   0.0000   0.0000   0.0000  -0.0002   0.0000   0.0019
   0.0000
   0.0000   0.0000   0.0000   0.0000   0.0000   0.0002   0.0000   0.0000
  -0.0001  -0.0463   0.0000   0.0002   0.0000   0.0000   0.0000   0.0002
   0.0000   0.0000   0.0000   0.0000   0.0000   0.0000  -0.0002  -0.0002
   0.0000
   0.0000   0.0000   0.0000   0.0000   0.0000   0.0000   0.0002   0.0000
  -0.0001   0.0000  -0.0463   0.0000   0.0002   0.0000   0.0000   0.0002
   0.0000   0.0000   0.0000   0.0000  -0.0002   0.0000   0.0000  -0.0002
   0.0000
   0.0000   0.0002   0.0000   0.0000   0.0002   0.0002   0.0000   0.0002
   0.0002   0.0002   0.0000  -0.0463   0.0002  -0.0001   0.0002   0.0002
   0.0000   0.0000  -0.0002   0.0000   0.0000  -0.0002   0.0019   0.0019
  -0.0001
   0.0000   0.0002   0.0000   0.0002   0.0000   0.0000   0.0002   0.0002
   0.0002   0.0000   0.0002   0.0002  -0.0463   0.0002  -0.0001   0.0002
   0.0000   0.0000  -0.0002   0.0000   0.0019  -0.0002   0.0000   0.0019
   0.0000
  -0.0001   0.0000   0.0000   0.0002   0.0000   0.0000  -0.0001   0.0002
   0.0002   0.0000   0.0000  -0.0001   0.0002  -0.0463   0.0002   0.0000
   0.0000  -0.0002   0.0000   0.0000  -0.0002   0.0019   0.0000  -0.0002
   0.0000
   0.0000   0.0000  -0.0001   0.0000   0.0002  -0.0001   0.0000   0.0002
   0.0002   0.0000   0.0000   0.0002  -0.0001   0.0002  -0.0463   0.0000
   0.0000   0.0000   0.0000  -0.0002   0.0000   0.0019  -0.0002  -0.0002
   0.0002
   0.0000  -0.0001   0.0000   0.0000   0.0000   0.0000   0.0000   0.0000
   0.0002   0.0002   0.0002   0.0002   0.0002   0.0000   0.0000  -0.0463
   0.0000   0.0000   0.0000   0.0000   0.0000   0.0000   0.0000   0.0019
   0.0000
   0.0019   0.0000   0.0019   0.0000   0.0000   0.0000   0.0000  -0.0002
   0.0000   0.0000   0.0000   0.0000   0.0000   0.0000   0.0000   0.0000
  -0.0247  -0.0001  -0.0001  -0.0001   0.0000  -0.0001   0.0000   0.0000
   0.0000
   0.0019   0.0000   0.0000   0.0019   0.0000   0.0000   0.0000  -0.0002
   0.0000   0.0000   0.0000   0.0000   0.0000  -0.0002   0.0000   0.0000
  -0.0001  -0.0247  -0.0001   0.0000  -0.0001  -0.0001   0.0000   0.0000
   0.0000
  -0.0002   0.0019  -0.0002  -0.0002  -0.0002   0.0000   0.0000   0.0019
   0.0000   0.0000   0.0000  -0.0002  -0.0002   0.0000   0.0000   0.0000
  -0.0001  -0.0001  -0.0247  -0.0001  -0.0001  -0.0001  -0.0001  -0.0001
   0.0000
   0.0000   0.0000   0.0019   0.0000   0.0019   0.0000   0.0000  -0.0002
   0.0000   0.0000   0.0000   0.0000   0.0000   0.0000  -0.0002   0.0000
  -0.0001   0.0000  -0.0001  -0.0247   0.0000  -0.0001  -0.0001   0.0000
  -0.0002
   0.0000  -0.0002   0.0000   0.0019   0.0000   0.0000   0.0019  -0.0002
   0.0000   0.0000  -0.0002   0.0000   0.0019  -0.0002   0.0000   0.0000
   0.0000  -0.0001  -0.0001   0.0000  -0.0247  -0.0001   0.0000  -0.0001
   0.0000
  -0.0002   0.0000  -0.0002  -0.0002  -0.0002   0.0000   0.0000   0.0019
  -0.0002   0.0000   0.0000  -0.0002  -0.0002   0.0019   0.0019   0.0000
  -0.0001  -0.0001  -0.0001  -0.0001  -0.0001  -0.0247  -0.0001  -0.0001
   0.0000
   0.0000  -0.0002   0.0000   0.0000   0.0019   0.0019   0.0000  -0.0002
   0.0000  -0.0002   0.0000   0.0019   0.0000   0.0000  -0.0002   0.0000
   0.0000   0.0000  -0.0001  -0.0001   0.0000  -0.0001  -0.0247  -0.0001
  -0.0002
   0.0000  -0.0002   0.0000   0.0000   0.0000   0.0000   0.0000  -0.0002
   0.0019  -0.0002  -0.0002   0.0019   0.0019  -0.0002  -0.0002   0.0019
   0.0000   0.0000  -0.0001   0.0000  -0.0001  -0.0001  -0.0001  -0.0247
   0.0000
   0.0000   0.0000   0.0000   0.0000   0.0002   0.0002   0.0000   0.0000
   0.0000   0.0000   0.0000  -0.0001   0.0000   0.0000   0.0002   0.0000
   0.0000   0.0000   0.0000  -0.0002   0.0000   0.0000  -0.0002   0.0000
  -0.0463
 
 
  CHI0^-1 - CHI^-1 Matrix 
 
   10.6324   -0.0346   -0.1479   -0.1479   -0.0239   -0.0051   -0.0139   -0.2569
   -0.0068   -0.0048   -0.0055   -0.0166   -0.0239   -0.0900   -0.0346   -0.0051
    1.5220    1.5220   -0.4709   -0.0341   -0.0341   -0.4709   -0.0303   -0.0303
   -0.0065
   -0.0346   10.6324   -0.0346   -0.0900   -0.0900   -0.0346   -0.0346   -0.1479
   -0.0346   -0.0239   -0.0239   -0.2569   -0.2569   -0.0239   -0.0239   -0.0900
   -0.0595   -0.0573    1.5220   -0.0573   -0.4709   -0.0341   -0.4709   -0.4709
   -0.0068
   -0.1479   -0.0346   10.6324   -0.0239   -0.1479   -0.0139   -0.0051   -0.2569
   -0.0068   -0.0055   -0.0048   -0.0239   -0.0166   -0.0346   -0.0900   -0.0051
    1.5220   -0.0341   -0.4709    1.5220   -0.0303   -0.4709   -0.0341   -0.0303
   -0.0346
   -0.1479   -0.0900   -0.0239   10.6324   -0.0166   -0.0051   -0.1479   -0.2569
   -0.0239   -0.0055   -0.0346   -0.0239   -0.1479   -0.2569   -0.0346   -0.0139
   -0.0341    1.5220   -0.4709   -0.0303    1.5220   -0.4709   -0.0303   -0.0341
   -0.0055
   -0.0239   -0.0900   -0.1479   -0.0166   10.6324   -0.1479   -0.0051   -0.2569
   -0.0239   -0.0346   -0.0055   -0.1479   -0.0239   -0.0346   -0.2569   -0.0139
   -0.0341   -0.0303   -0.4709    1.5220   -0.0303   -0.4709    1.5220   -0.0341
   -0.2569
   -0.0051   -0.0346   -0.0139   -0.0051   -0.1479   10.6324   -0.0044   -0.0346
   -0.0239   -0.2569   -0.0055   -0.1479   -0.0139   -0.0073   -0.0900   -0.0239
   -0.0240   -0.0235   -0.0595   -0.0341   -0.0240   -0.0573    1.5220   -0.0341
   -0.2569
   -0.0139   -0.0346   -0.0051   -0.1479   -0.0051   -0.0044   10.6324   -0.0346
   -0.0239   -0.0055   -0.2569   -0.0139   -0.1479   -0.0900   -0.0073   -0.0239
   -0.0240   -0.0341   -0.0595   -0.0235    1.5220   -0.0573   -0.0240   -0.0341
   -0.0041
   -0.2569   -0.1479   -0.2569   -0.2569   -0.2569   -0.0346   -0.0346   10.6324
   -0.0900   -0.0166   -0.0166   -0.2569   -0.2569   -0.1479   -0.1479   -0.0346
   -0.4709   -0.4709    1.5220   -0.4709   -0.4709    1.5220   -0.4709   -0.4709
   -0.0239
   -0.0068   -0.0346   -0.0068   -0.0239   -0.0239   -0.0239   -0.0239   -0.0900
   10.6324   -0.0900   -0.0900   -0.1479   -0.1479   -0.2569   -0.2569   -0.1479
   -0.0232   -0.0303   -0.0573   -0.0303   -0.0341   -0.4709   -0.0341    1.5220
   -0.0346
   -0.0048   -0.0239   -0.0055   -0.0055   -0.0346   -0.2569   -0.0055   -0.0166
   -0.0900   10.6324   -0.0166   -0.2569   -0.0346   -0.0068   -0.0239   -0.2569
   -0.0239   -0.0239   -0.0303   -0.0269   -0.0269   -0.0303   -0.4709   -0.4709
   -0.0239
   -0.0055   -0.0239   -0.0048   -0.0346   -0.0055   -0.0055   -0.2569   -0.0166
   -0.0900   -0.0166   10.6324   -0.0346   -0.2569   -0.0239   -0.0068   -0.2569
   -0.0239   -0.0269   -0.0303   -0.0239   -0.4709   -0.0303   -0.0269   -0.4709
   -0.0041
   -0.0166   -0.2569   -0.0239   -0.0239   -0.1479   -0.1479   -0.0139   -0.2569
   -0.1479   -0.2569   -0.0346   10.6324   -0.1479   -0.0900   -0.2569   -0.1479
   -0.0303   -0.0303   -0.4709   -0.0341   -0.0341   -0.4709    1.5220    1.5220
   -0.0900
   -0.0239   -0.2569   -0.0166   -0.1479   -0.0239   -0.0139   -0.1479   -0.2569
   -0.1479   -0.0346   -0.2569   -0.1479   10.6324   -0.2569   -0.0900   -0.1479
   -0.0303   -0.0341   -0.4709   -0.0303    1.5220   -0.4709   -0.0341    1.5220
   -0.0073
   -0.0900   -0.0239   -0.0346   -0.2569   -0.0346   -0.0073   -0.0900   -0.1479
   -0.2569   -0.0068   -0.0239   -0.0900   -0.2569   10.6324   -0.1479   -0.0346
   -0.0573   -0.4709   -0.0341   -0.0595   -0.4709    1.5220   -0.0573   -0.4709
   -0.0139
   -0.0346   -0.0239   -0.0900   -0.0346   -0.2569   -0.0900   -0.0073   -0.1479
   -0.2569   -0.0239   -0.0068   -0.2569   -0.0900   -0.1479   10.6324   -0.0346
   -0.0573   -0.0595   -0.0341   -0.4709   -0.0573    1.5220   -0.4709   -0.4709
   -0.1479
   -0.0051   -0.0900   -0.0051   -0.0139   -0.0139   -0.0239   -0.0239   -0.0346
   -0.1479   -0.2569   -0.2569   -0.1479   -0.1479   -0.0346   -0.0346   10.6324
   -0.0235   -0.0240   -0.0573   -0.0240   -0.0341   -0.0595   -0.0341    1.5220
   -0.0073
    1.5220   -0.0595    1.5220   -0.0341   -0.0341   -0.0240   -0.0240   -0.4709
   -0.0232   -0.0239   -0.0239   -0.0303   -0.0303   -0.0573   -0.0573   -0.0235
   24.5304   -0.2586   -0.5055   -0.2586   -0.0437   -0.4356   -0.0437   -0.0427
   -0.0269
    1.5220   -0.0573   -0.0341    1.5220   -0.0303   -0.0235   -0.0341   -0.4709
   -0.0303   -0.0239   -0.0269   -0.0303   -0.0341   -0.4709   -0.0595   -0.0240
   -0.2586   24.5304   -0.4356   -0.0437   -0.2586   -0.5055   -0.0427   -0.0437
   -0.0248
   -0.4709    1.5220   -0.4709   -0.4709   -0.4709   -0.0595   -0.0595    1.5220
   -0.0573   -0.0303   -0.0303   -0.4709   -0.4709   -0.0341   -0.0341   -0.0573
   -0.5055   -0.4356   24.5304   -0.4356   -0.5055   -0.2586   -0.5055   -0.4356
   -0.0303
   -0.0341   -0.0573    1.5220   -0.0303    1.5220   -0.0341   -0.0235   -0.4709
   -0.0303   -0.0269   -0.0239   -0.0341   -0.0303   -0.0595   -0.4709   -0.0240
   -0.2586   -0.0437   -0.4356   24.5304   -0.0427   -0.5055   -0.2586   -0.0437
   -0.4709
   -0.0341   -0.4709   -0.0303    1.5220   -0.0303   -0.0240    1.5220   -0.4709
   -0.0341   -0.0269   -0.4709   -0.0341    1.5220   -0.4709   -0.0573   -0.0341
   -0.0437   -0.2586   -0.5055   -0.0427   24.5304   -0.4356   -0.0437   -0.2586
   -0.0245
   -0.4709   -0.0341   -0.4709   -0.4709   -0.4709   -0.0573   -0.0573    1.5220
   -0.4709   -0.0303   -0.0303   -0.4709   -0.4709    1.5220    1.5220   -0.0595
   -0.4356   -0.5055   -0.2586   -0.5055   -0.4356   24.5304   -0.4356   -0.5055
   -0.0341
   -0.0303   -0.4709   -0.0341   -0.0303    1.5220    1.5220   -0.0240   -0.4709
   -0.0341   -0.4709   -0.0269    1.5220   -0.0341   -0.0573   -0.4709   -0.0341
   -0.0437   -0.0427   -0.5055   -0.2586   -0.0437   -0.4356   24.5304   -0.2586
   -0.4709
   -0.0303   -0.4709   -0.0303   -0.0341   -0.0341   -0.0341   -0.0341   -0.4709
    1.5220   -0.4709   -0.4709    1.5220    1.5220   -0.4709   -0.4709    1.5220
   -0.0427   -0.0437   -0.4356   -0.0437   -0.2586   -0.5055   -0.2586   24.5304
   -0.0573
   -0.0065   -0.0068   -0.0346   -0.0055   -0.2569   -0.2569   -0.0041   -0.0239
   -0.0346   -0.0239   -0.0041   -0.0900   -0.0073   -0.0139   -0.1479   -0.0073
   -0.0269   -0.0248   -0.0303   -0.4709   -0.0245   -0.0341   -0.4709   -0.0573
   10.6324
